#
# There is insufficient memory for the Java Runtime Environment to continue.
# Native memory allocation (mmap) failed to map 50331648 bytes for G1 virtual space
# Possible reasons:
#   The system is out of physical RAM or swap space
#   The process is running with CompressedOops enabled, and the Java Heap may be blocking the growth of the native heap
# Possible solutions:
#   Reduce memory load on the system
#   Increase physical memory or swap space
#   Check if swap backing store is full
#   Decrease Java heap size (-Xmx/-Xms)
#   Decrease number of Java threads
#   Decrease Java thread stack sizes (-Xss)
#   Set larger code cache with -XX:ReservedCodeCacheSize=
#   JVM is running with Unscaled Compressed Oops mode in which the Java heap is
#     placed in the first 4GB address space. The Java Heap base address is the
#     maximum limit for the native heap growth. Please use -XX:HeapBaseMinAddress
#     to set the Java Heap base and to place the Java Heap above 4GB virtual address.
# This output file may be truncated or incomplete.
#
#  Out of Memory Error (os_windows.cpp:3769), pid=20172, tid=23104
#
# JRE version: OpenJDK Runtime Environment (17.0.6) (build 17.0.6+0-b2043.56-10027231)
# Java VM: OpenJDK 64-Bit Server VM (17.0.6+0-b2043.56-10027231, mixed mode, tiered, compressed oops, compressed class ptrs, g1 gc, windows-amd64)
# No core dump will be written. Minidumps are not enabled by default on client versions of Windows
#

---------------  S U M M A R Y ------------

Command Line: --add-opens=java.base/java.util=ALL-UNNAMED --add-opens=java.base/java.lang=ALL-UNNAMED --add-opens=java.base/java.lang.invoke=ALL-UNNAMED --add-opens=java.prefs/java.util.prefs=ALL-UNNAMED --add-opens=java.base/java.nio.charset=ALL-UNNAMED --add-opens=java.base/java.net=ALL-UNNAMED --add-opens=java.base/java.util.concurrent.atomic=ALL-UNNAMED -Xmx2048m -Dfile.encoding=UTF-8 -Duser.country=FR -Duser.language=fr -Duser.variant org.gradle.launcher.daemon.bootstrap.GradleDaemon 8.0

Host: Intel(R) Core(TM) i7-8565U CPU @ 1.80GHz, 8 cores, 15G,  Windows 11 , 64 bit Build 22621 (10.0.22621.2428)
Time: Sun Nov  5 08:29:28 2023 Maroc (heure d64 bit Build 22621 (10.0.22621.2428) elapsed time: 11.923054 seconds (0d 0h 0m 11s)

---------------  T H R E A D  ---------------

Current thread (0x0000020f7f847260):  VMThread "VM Thread" [stack: 0x000000822a500000,0x000000822a600000] [id=23104]

Stack: [0x000000822a500000,0x000000822a600000]
Native frames: (J=compiled Java code, j=interpreted, Vv=VM code, C=native code)
V  [jvm.dll+0x683c9a]
V  [jvm.dll+0x8427a4]
V  [jvm.dll+0x843f9e]
V  [jvm.dll+0x844603]
V  [jvm.dll+0x249b75]
V  [jvm.dll+0x680b69]
V  [jvm.dll+0x67505a]
V  [jvm.dll+0x309acb]
V  [jvm.dll+0x310f86]
V  [jvm.dll+0x3608ee]
V  [jvm.dll+0x360b1f]
V  [jvm.dll+0x2dfbf8]
V  [jvm.dll+0x2ddec4]
V  [jvm.dll+0x2dd4cc]
V  [jvm.dll+0x322261]
V  [jvm.dll+0x848ccb]
V  [jvm.dll+0x849a04]
V  [jvm.dll+0x849f1d]
V  [jvm.dll+0x84a2f4]
V  [jvm.dll+0x84a3c0]
V  [jvm.dll+0x7f274a]
V  [jvm.dll+0x682ad5]
C  [ucrtbase.dll+0x29363]
C  [KERNEL32.DLL+0x1257d]
C  [ntdll.dll+0x5aa78]

VM_Operation (0x00000082331fbcc0): G1TryInitiateConcMark, mode: safepoint, requested by thread 0x0000020f080d8d80


---------------  P R O C E S S  ---------------

Threads class SMR info:
_java_thread_list=0x0000020f0c3fb850, length=137, elements={
0x0000020f679cbba0, 0x0000020f7f891040, 0x0000020f7f891cc0, 0x0000020f7f8d8100,
0x0000020f7f8d90c0, 0x0000020f7f8dbf80, 0x0000020f7f8dc930, 0x0000020f7f8dd6c0,
0x0000020f7f8de160, 0x0000020f7f8ec070, 0x0000020f7fa72dd0, 0x0000020f7fa83f10,
0x0000020f02dd97a0, 0x0000020f02ddbe20, 0x0000020f02dd9c70, 0x0000020f02ddafb0,
0x0000020f02dd92d0, 0x0000020f02dd8930, 0x0000020f02dd8e00, 0x0000020f02dda140,
0x0000020f02ddb480, 0x0000020f02ddb950, 0x0000020f02ddc2f0, 0x0000020f054d61b0,
0x0000020f054d74f0, 0x0000020f054dc1f0, 0x0000020f054d91d0, 0x0000020f054d8360,
0x0000020f054dd530, 0x0000020f054d6680, 0x0000020f054d96a0, 0x0000020f054d7e90,
0x0000020f054dbd20, 0x0000020f054d9b70, 0x0000020f054d6b50, 0x0000020f054da9e0,
0x0000020f054daeb0, 0x0000020f054dda00, 0x0000020f054d7020, 0x0000020f054dc6c0,
0x0000020f054db380, 0x0000020f054d79c0, 0x0000020f054db850, 0x0000020f054dcb90,
0x0000020f07f45dc0, 0x0000020f07f40bf0, 0x0000020f07f41590, 0x0000020f07f410c0,
0x0000020f07f43740, 0x0000020f07f40250, 0x0000020f07f42da0, 0x0000020f07f475d0,
0x0000020f07f41a60, 0x0000020f07f428d0, 0x0000020f07f41f30, 0x0000020f07f40720,
0x0000020f07f46290, 0x0000020f07f46c30, 0x0000020f07f44a80, 0x0000020f07f44f50,
0x0000020f07f43270, 0x0000020f07f42400, 0x0000020f07f445b0, 0x0000020f07f43c10,
0x0000020f07f46760, 0x0000020f07f440e0, 0x0000020f07f45420, 0x0000020f07f47100,
0x0000020f07f458f0, 0x0000020f07f3fd80, 0x0000020f07ed6360, 0x0000020f07ed4680,
0x0000020f07ed54f0, 0x0000020f07ed9380, 0x0000020f07ed7b70, 0x0000020f07ed5020,
0x0000020f07ed3340, 0x0000020f07ed9850, 0x0000020f07ed59c0, 0x0000020f07ed29a0,
0x0000020f07ed76a0, 0x0000020f07ed8eb0, 0x0000020f07ed5e90, 0x0000020f07ed71d0,
0x0000020f07ed6d00, 0x0000020f07ed89e0, 0x0000020f07ed4b50, 0x0000020f07ed8040,
0x0000020f07ed6830, 0x0000020f07ed9d20, 0x0000020f07ed41b0, 0x0000020f07ed24d0,
0x0000020f07ed2e70, 0x0000020f07ed8510, 0x0000020f07ed3810, 0x0000020f07ed3ce0,
0x0000020f09ce7220, 0x0000020f09ce8a30, 0x0000020f09ce9d70, 0x0000020f09ce8090,
0x0000020f09cea240, 0x0000020f09ce3390, 0x0000020f09ce8f00, 0x0000020f09ce8560,
0x0000020f09cea710, 0x0000020f09ceabe0, 0x0000020f09ce46d0, 0x0000020f09ce4ba0,
0x0000020f09ce3860, 0x0000020f09ce98a0, 0x0000020f09ce93d0, 0x0000020f09ce6880,
0x0000020f09ce4200, 0x0000020f09ce3d30, 0x0000020f09ce5070, 0x0000020f09ce5540,
0x0000020f09ce5a10, 0x0000020f09ce5ee0, 0x0000020f09ce63b0, 0x0000020f09ce6d50,
0x0000020f09ce76f0, 0x0000020f09ce7bc0, 0x0000020f080dd0e0, 0x0000020f080dc270,
0x0000020f080db8d0, 0x0000020f080daa60, 0x0000020f7fb57030, 0x0000020f03763a60,
0x0000020f080d6bd0, 0x0000020f080d7f10, 0x0000020f080d88b0, 0x0000020f080d8d80,
0x0000020f080db400, 0x0000020f080da590, 0x0000020f080d83e0, 0x0000020f080dbda0,
0x0000020f080d9250
}

Java Threads: ( => current thread )
  0x0000020f679cbba0 JavaThread "main" [_thread_blocked, id=1696, stack(0x0000008229f00000,0x000000822a000000)]
  0x0000020f7f891040 JavaThread "Reference Handler" daemon [_thread_blocked, id=20236, stack(0x000000822a600000,0x000000822a700000)]
  0x0000020f7f891cc0 JavaThread "Finalizer" daemon [_thread_blocked, id=21300, stack(0x000000822a700000,0x000000822a800000)]
  0x0000020f7f8d8100 JavaThread "Signal Dispatcher" daemon [_thread_blocked, id=25672, stack(0x000000822a800000,0x000000822a900000)]
  0x0000020f7f8d90c0 JavaThread "Attach Listener" daemon [_thread_blocked, id=17428, stack(0x000000822a900000,0x000000822aa00000)]
  0x0000020f7f8dbf80 JavaThread "Service Thread" daemon [_thread_blocked, id=26484, stack(0x000000822aa00000,0x000000822ab00000)]
  0x0000020f7f8dc930 JavaThread "Monitor Deflation Thread" daemon [_thread_blocked, id=22864, stack(0x000000822ab00000,0x000000822ac00000)]
  0x0000020f7f8dd6c0 JavaThread "C2 CompilerThread0" daemon [_thread_blocked, id=21748, stack(0x000000822ac00000,0x000000822ad00000)]
  0x0000020f7f8de160 JavaThread "C1 CompilerThread0" daemon [_thread_blocked, id=11012, stack(0x000000822ad00000,0x000000822ae00000)]
  0x0000020f7f8ec070 JavaThread "Sweeper thread" daemon [_thread_blocked, id=11664, stack(0x000000822ae00000,0x000000822af00000)]
  0x0000020f7fa72dd0 JavaThread "Common-Cleaner" daemon [_thread_blocked, id=18576, stack(0x000000822af00000,0x000000822b000000)]
  0x0000020f7fa83f10 JavaThread "Notification Thread" daemon [_thread_blocked, id=25880, stack(0x000000822b000000,0x000000822b100000)]
  0x0000020f02dd97a0 JavaThread "Daemon health stats" [_thread_blocked, id=23992, stack(0x000000822b900000,0x000000822ba00000)]
  0x0000020f02ddbe20 JavaThread "Incoming local TCP Connector on port 57656" [_thread_in_native, id=22360, stack(0x000000822b300000,0x000000822b400000)]
  0x0000020f02dd9c70 JavaThread "Daemon periodic checks" [_thread_blocked, id=23964, stack(0x000000822ba00000,0x000000822bb00000)]
  0x0000020f02ddafb0 JavaThread "Daemon" [_thread_blocked, id=25976, stack(0x000000822bb00000,0x000000822bc00000)]
  0x0000020f02dd92d0 JavaThread "Handler for socket connection from /127.0.0.1:57656 to /127.0.0.1:57657" [_thread_in_native, id=8220, stack(0x000000822bc00000,0x000000822bd00000)]
  0x0000020f02dd8930 JavaThread "Cancel handler" [_thread_blocked, id=18012, stack(0x000000822bd00000,0x000000822be00000)]
  0x0000020f02dd8e00 JavaThread "Daemon worker" [_thread_blocked, id=17680, stack(0x000000822be00000,0x000000822bf00000)]
  0x0000020f02dda140 JavaThread "Asynchronous log dispatcher for DefaultDaemonConnection: socket connection from /127.0.0.1:57656 to /127.0.0.1:57657" [_thread_blocked, id=26100, stack(0x000000822bf00000,0x000000822c000000)]
  0x0000020f02ddb480 JavaThread "Stdin handler" [_thread_blocked, id=26456, stack(0x000000822c000000,0x000000822c100000)]
  0x0000020f02ddb950 JavaThread "Daemon client event forwarder" [_thread_blocked, id=24412, stack(0x000000822c100000,0x000000822c200000)]
  0x0000020f02ddc2f0 JavaThread "Cache worker for journal cache (C:\Users\hachem safae\.gradle\caches\journal-1)" [_thread_blocked, id=18984, stack(0x000000822c500000,0x000000822c600000)]
  0x0000020f054d61b0 JavaThread "File lock request listener" [_thread_in_native, id=23028, stack(0x000000822c600000,0x000000822c700000)]
  0x0000020f054d74f0 JavaThread "Cache worker for file hash cache (C:\Users\hachem safae\.gradle\caches\8.0\fileHashes)" [_thread_blocked, id=24704, stack(0x000000822c700000,0x000000822c800000)]
  0x0000020f054dc1f0 JavaThread "File watcher server" daemon [_thread_blocked, id=25560, stack(0x000000822c900000,0x000000822ca00000)]
  0x0000020f054d91d0 JavaThread "File watcher consumer" daemon [_thread_blocked, id=21260, stack(0x000000822ca00000,0x000000822cb00000)]
  0x0000020f054d8360 JavaThread "Cache worker for checksums cache (D:\App_Android studio\projet_inscription\.gradle\8.0\checksums)" [_thread_blocked, id=20256, stack(0x000000822cb00000,0x000000822cc00000)]
  0x0000020f054dd530 JavaThread "Cache worker for cache directory md-rule (C:\Users\hachem safae\.gradle\caches\8.0\md-rule)" [_thread_blocked, id=24424, stack(0x000000822cc00000,0x000000822cd00000)]
  0x0000020f054d6680 JavaThread "Cache worker for file content cache (C:\Users\hachem safae\.gradle\caches\8.0\fileContent)" [_thread_blocked, id=26488, stack(0x000000822cd00000,0x000000822ce00000)]
  0x0000020f054d96a0 JavaThread "Cache worker for file hash cache (D:\App_Android studio\projet_inscription\.gradle\8.0\fileHashes)" [_thread_blocked, id=16780, stack(0x000000822ce00000,0x000000822cf00000)]
  0x0000020f054d7e90 JavaThread "Cache worker for cache directory md-supplier (C:\Users\hachem safae\.gradle\caches\8.0\md-supplier)" [_thread_blocked, id=23384, stack(0x000000822cf00000,0x000000822d000000)]
  0x0000020f054dbd20 JavaThread "Cache worker for execution history cache (C:\Users\hachem safae\.gradle\caches\8.0\executionHistory)" [_thread_blocked, id=8612, stack(0x000000822d000000,0x000000822d100000)]
  0x0000020f054d9b70 JavaThread "jar transforms" [_thread_blocked, id=23928, stack(0x000000822d100000,0x000000822d200000)]
  0x0000020f054d6b50 JavaThread "jar transforms Thread 2" [_thread_blocked, id=14340, stack(0x000000822d200000,0x000000822d300000)]
  0x0000020f054da9e0 JavaThread "Cache worker for kotlin-dsl (C:\Users\hachem safae\.gradle\caches\8.0\kotlin-dsl)" [_thread_blocked, id=24652, stack(0x000000822d300000,0x000000822d400000)]
  0x0000020f054daeb0 JavaThread "jar transforms Thread 3" [_thread_blocked, id=25908, stack(0x000000822d400000,0x000000822d500000)]
  0x0000020f054dda00 JavaThread "jar transforms Thread 4" [_thread_blocked, id=21248, stack(0x000000822d500000,0x000000822d600000)]
  0x0000020f054d7020 JavaThread "Cache worker for dependencies-accessors (D:\App_Android studio\projet_inscription\.gradle\8.0\dependencies-accessors)" [_thread_blocked, id=2568, stack(0x000000822d600000,0x000000822d700000)]
  0x0000020f054dc6c0 JavaThread "Cache worker for Build Output Cleanup Cache (D:\App_Android studio\projet_inscription\.gradle\buildOutputCleanup)" [_thread_blocked, id=16656, stack(0x000000822d700000,0x000000822d800000)]
  0x0000020f054db380 JavaThread "jar transforms Thread 5" [_thread_blocked, id=25180, stack(0x000000822d800000,0x000000822d900000)]
  0x0000020f054d79c0 JavaThread "Unconstrained build operations" [_thread_blocked, id=11172, stack(0x000000822d900000,0x000000822da00000)]
  0x0000020f054db850 JavaThread "Unconstrained build operations Thread 2" [_thread_blocked, id=26500, stack(0x000000822da00000,0x000000822db00000)]
  0x0000020f054dcb90 JavaThread "Unconstrained build operations Thread 3" [_thread_blocked, id=24352, stack(0x000000822db00000,0x000000822dc00000)]
  0x0000020f07f45dc0 JavaThread "Unconstrained build operations Thread 4" [_thread_blocked, id=23572, stack(0x000000822dc00000,0x000000822dd00000)]
  0x0000020f07f40bf0 JavaThread "Unconstrained build operations Thread 5" [_thread_blocked, id=26068, stack(0x000000822dd00000,0x000000822de00000)]
  0x0000020f07f41590 JavaThread "Unconstrained build operations Thread 6" [_thread_blocked, id=8896, stack(0x000000822de00000,0x000000822df00000)]
  0x0000020f07f410c0 JavaThread "Unconstrained build operations Thread 7" [_thread_blocked, id=21520, stack(0x000000822df00000,0x000000822e000000)]
  0x0000020f07f43740 JavaThread "Unconstrained build operations Thread 8" [_thread_blocked, id=19724, stack(0x000000822e000000,0x000000822e100000)]
  0x0000020f07f40250 JavaThread "Unconstrained build operations Thread 9" [_thread_blocked, id=8336, stack(0x000000822e100000,0x000000822e200000)]
  0x0000020f07f42da0 JavaThread "Unconstrained build operations Thread 10" [_thread_blocked, id=25348, stack(0x000000822e200000,0x000000822e300000)]
  0x0000020f07f475d0 JavaThread "Unconstrained build operations Thread 11" [_thread_blocked, id=11452, stack(0x000000822e300000,0x000000822e400000)]
  0x0000020f07f41a60 JavaThread "Unconstrained build operations Thread 12" [_thread_blocked, id=25912, stack(0x000000822e400000,0x000000822e500000)]
  0x0000020f07f428d0 JavaThread "Unconstrained build operations Thread 13" [_thread_blocked, id=24988, stack(0x000000822e500000,0x000000822e600000)]
  0x0000020f07f41f30 JavaThread "Unconstrained build operations Thread 14" [_thread_blocked, id=20452, stack(0x000000822e600000,0x000000822e700000)]
  0x0000020f07f40720 JavaThread "Unconstrained build operations Thread 15" [_thread_blocked, id=10224, stack(0x000000822e700000,0x000000822e800000)]
  0x0000020f07f46290 JavaThread "Unconstrained build operations Thread 16" [_thread_blocked, id=5004, stack(0x000000822e800000,0x000000822e900000)]
  0x0000020f07f46c30 JavaThread "Unconstrained build operations Thread 17" [_thread_blocked, id=1616, stack(0x000000822e900000,0x000000822ea00000)]
  0x0000020f07f44a80 JavaThread "Unconstrained build operations Thread 18" [_thread_blocked, id=2292, stack(0x000000822ea00000,0x000000822eb00000)]
  0x0000020f07f44f50 JavaThread "Unconstrained build operations Thread 19" [_thread_blocked, id=18696, stack(0x000000822eb00000,0x000000822ec00000)]
  0x0000020f07f43270 JavaThread "Unconstrained build operations Thread 20" [_thread_blocked, id=21376, stack(0x000000822ec00000,0x000000822ed00000)]
  0x0000020f07f42400 JavaThread "Unconstrained build operations Thread 21" [_thread_blocked, id=9308, stack(0x000000822ed00000,0x000000822ee00000)]
  0x0000020f07f445b0 JavaThread "Unconstrained build operations Thread 22" [_thread_blocked, id=10248, stack(0x000000822ee00000,0x000000822ef00000)]
  0x0000020f07f43c10 JavaThread "Unconstrained build operations Thread 23" [_thread_blocked, id=17880, stack(0x000000822ef00000,0x000000822f000000)]
  0x0000020f07f46760 JavaThread "Unconstrained build operations Thread 24" [_thread_blocked, id=10236, stack(0x000000822f000000,0x000000822f100000)]
  0x0000020f07f440e0 JavaThread "Unconstrained build operations Thread 25" [_thread_blocked, id=17656, stack(0x000000822f100000,0x000000822f200000)]
  0x0000020f07f45420 JavaThread "Unconstrained build operations Thread 26" [_thread_blocked, id=4036, stack(0x000000822f200000,0x000000822f300000)]
  0x0000020f07f47100 JavaThread "Unconstrained build operations Thread 27" [_thread_blocked, id=23612, stack(0x000000822f300000,0x000000822f400000)]
  0x0000020f07f458f0 JavaThread "Unconstrained build operations Thread 28" [_thread_blocked, id=17972, stack(0x000000822f400000,0x000000822f500000)]
  0x0000020f07f3fd80 JavaThread "Unconstrained build operations Thread 29" [_thread_blocked, id=18896, stack(0x000000822f500000,0x000000822f600000)]
  0x0000020f07ed6360 JavaThread "Unconstrained build operations Thread 30" [_thread_blocked, id=19436, stack(0x000000822f600000,0x000000822f700000)]
  0x0000020f07ed4680 JavaThread "Unconstrained build operations Thread 31" [_thread_blocked, id=25652, stack(0x000000822f700000,0x000000822f800000)]
  0x0000020f07ed54f0 JavaThread "Unconstrained build operations Thread 32" [_thread_blocked, id=24396, stack(0x000000822f800000,0x000000822f900000)]
  0x0000020f07ed9380 JavaThread "Unconstrained build operations Thread 33" [_thread_blocked, id=26156, stack(0x000000822f900000,0x000000822fa00000)]
  0x0000020f07ed7b70 JavaThread "Unconstrained build operations Thread 34" [_thread_blocked, id=8700, stack(0x000000822fa00000,0x000000822fb00000)]
  0x0000020f07ed5020 JavaThread "Unconstrained build operations Thread 35" [_thread_blocked, id=9220, stack(0x000000822fb00000,0x000000822fc00000)]
  0x0000020f07ed3340 JavaThread "Unconstrained build operations Thread 36" [_thread_blocked, id=21348, stack(0x000000822fc00000,0x000000822fd00000)]
  0x0000020f07ed9850 JavaThread "Unconstrained build operations Thread 37" [_thread_blocked, id=19000, stack(0x000000822fd00000,0x000000822fe00000)]
  0x0000020f07ed59c0 JavaThread "Unconstrained build operations Thread 38" [_thread_blocked, id=2136, stack(0x000000822fe00000,0x000000822ff00000)]
  0x0000020f07ed29a0 JavaThread "Unconstrained build operations Thread 39" [_thread_blocked, id=7996, stack(0x000000822ff00000,0x0000008230000000)]
  0x0000020f07ed76a0 JavaThread "Unconstrained build operations Thread 40" [_thread_blocked, id=10816, stack(0x0000008230000000,0x0000008230100000)]
  0x0000020f07ed8eb0 JavaThread "Unconstrained build operations Thread 41" [_thread_blocked, id=3568, stack(0x0000008230100000,0x0000008230200000)]
  0x0000020f07ed5e90 JavaThread "Unconstrained build operations Thread 42" [_thread_blocked, id=8836, stack(0x0000008230200000,0x0000008230300000)]
  0x0000020f07ed71d0 JavaThread "Unconstrained build operations Thread 43" [_thread_blocked, id=2176, stack(0x0000008230300000,0x0000008230400000)]
  0x0000020f07ed6d00 JavaThread "Unconstrained build operations Thread 44" [_thread_blocked, id=3948, stack(0x0000008230400000,0x0000008230500000)]
  0x0000020f07ed89e0 JavaThread "Unconstrained build operations Thread 45" [_thread_blocked, id=26396, stack(0x0000008230500000,0x0000008230600000)]
  0x0000020f07ed4b50 JavaThread "Unconstrained build operations Thread 46" [_thread_blocked, id=24944, stack(0x0000008230600000,0x0000008230700000)]
  0x0000020f07ed8040 JavaThread "Unconstrained build operations Thread 47" [_thread_blocked, id=16060, stack(0x0000008230700000,0x0000008230800000)]
  0x0000020f07ed6830 JavaThread "Unconstrained build operations Thread 48" [_thread_blocked, id=4320, stack(0x0000008230800000,0x0000008230900000)]
  0x0000020f07ed9d20 JavaThread "Unconstrained build operations Thread 49" [_thread_blocked, id=16904, stack(0x0000008230900000,0x0000008230a00000)]
  0x0000020f07ed41b0 JavaThread "Unconstrained build operations Thread 50" [_thread_blocked, id=26568, stack(0x0000008230a00000,0x0000008230b00000)]
  0x0000020f07ed24d0 JavaThread "Unconstrained build operations Thread 51" [_thread_blocked, id=21704, stack(0x0000008230b00000,0x0000008230c00000)]
  0x0000020f07ed2e70 JavaThread "Unconstrained build operations Thread 52" [_thread_blocked, id=20316, stack(0x0000008230c00000,0x0000008230d00000)]
  0x0000020f07ed8510 JavaThread "Unconstrained build operations Thread 53" [_thread_blocked, id=4476, stack(0x0000008230d00000,0x0000008230e00000)]
  0x0000020f07ed3810 JavaThread "Unconstrained build operations Thread 54" [_thread_blocked, id=4068, stack(0x0000008230e00000,0x0000008230f00000)]
  0x0000020f07ed3ce0 JavaThread "Unconstrained build operations Thread 55" [_thread_blocked, id=25660, stack(0x0000008230f00000,0x0000008231000000)]
  0x0000020f09ce7220 JavaThread "Unconstrained build operations Thread 56" [_thread_blocked, id=23192, stack(0x0000008231000000,0x0000008231100000)]
  0x0000020f09ce8a30 JavaThread "Unconstrained build operations Thread 57" [_thread_blocked, id=21276, stack(0x0000008231100000,0x0000008231200000)]
  0x0000020f09ce9d70 JavaThread "Unconstrained build operations Thread 58" [_thread_blocked, id=17416, stack(0x0000008231200000,0x0000008231300000)]
  0x0000020f09ce8090 JavaThread "Unconstrained build operations Thread 59" [_thread_blocked, id=328, stack(0x0000008231300000,0x0000008231400000)]
  0x0000020f09cea240 JavaThread "Unconstrained build operations Thread 60" [_thread_blocked, id=11912, stack(0x0000008231400000,0x0000008231500000)]
  0x0000020f09ce3390 JavaThread "Unconstrained build operations Thread 61" [_thread_blocked, id=3876, stack(0x0000008231500000,0x0000008231600000)]
  0x0000020f09ce8f00 JavaThread "Unconstrained build operations Thread 62" [_thread_blocked, id=16200, stack(0x0000008231600000,0x0000008231700000)]
  0x0000020f09ce8560 JavaThread "Unconstrained build operations Thread 63" [_thread_blocked, id=7488, stack(0x0000008231700000,0x0000008231800000)]
  0x0000020f09cea710 JavaThread "Unconstrained build operations Thread 64" [_thread_blocked, id=23032, stack(0x0000008231800000,0x0000008231900000)]
  0x0000020f09ceabe0 JavaThread "Unconstrained build operations Thread 65" [_thread_blocked, id=23020, stack(0x0000008231900000,0x0000008231a00000)]
  0x0000020f09ce46d0 JavaThread "Unconstrained build operations Thread 66" [_thread_blocked, id=7536, stack(0x0000008231a00000,0x0000008231b00000)]
  0x0000020f09ce4ba0 JavaThread "Unconstrained build operations Thread 67" [_thread_blocked, id=5700, stack(0x0000008231b00000,0x0000008231c00000)]
  0x0000020f09ce3860 JavaThread "Unconstrained build operations Thread 68" [_thread_blocked, id=18728, stack(0x0000008231c00000,0x0000008231d00000)]
  0x0000020f09ce98a0 JavaThread "Unconstrained build operations Thread 69" [_thread_blocked, id=18556, stack(0x0000008231d00000,0x0000008231e00000)]
  0x0000020f09ce93d0 JavaThread "Unconstrained build operations Thread 70" [_thread_blocked, id=892, stack(0x0000008231e00000,0x0000008231f00000)]
  0x0000020f09ce6880 JavaThread "Unconstrained build operations Thread 71" [_thread_blocked, id=23648, stack(0x0000008231f00000,0x0000008232000000)]
  0x0000020f09ce4200 JavaThread "Unconstrained build operations Thread 72" [_thread_blocked, id=15452, stack(0x0000008232000000,0x0000008232100000)]
  0x0000020f09ce3d30 JavaThread "Unconstrained build operations Thread 73" [_thread_blocked, id=17336, stack(0x0000008232100000,0x0000008232200000)]
  0x0000020f09ce5070 JavaThread "Unconstrained build operations Thread 74" [_thread_blocked, id=26180, stack(0x0000008232200000,0x0000008232300000)]
  0x0000020f09ce5540 JavaThread "Unconstrained build operations Thread 75" [_thread_blocked, id=17560, stack(0x0000008232300000,0x0000008232400000)]
  0x0000020f09ce5a10 JavaThread "Unconstrained build operations Thread 76" [_thread_blocked, id=24292, stack(0x0000008232400000,0x0000008232500000)]
  0x0000020f09ce5ee0 JavaThread "Unconstrained build operations Thread 77" [_thread_blocked, id=16888, stack(0x0000008232500000,0x0000008232600000)]
  0x0000020f09ce63b0 JavaThread "Unconstrained build operations Thread 78" [_thread_blocked, id=19888, stack(0x0000008232600000,0x0000008232700000)]
  0x0000020f09ce6d50 JavaThread "Unconstrained build operations Thread 79" [_thread_blocked, id=4224, stack(0x0000008232700000,0x0000008232800000)]
  0x0000020f09ce76f0 JavaThread "Unconstrained build operations Thread 80" [_thread_blocked, id=21524, stack(0x0000008232800000,0x0000008232900000)]
  0x0000020f09ce7bc0 JavaThread "jar transforms Thread 6" [_thread_blocked, id=13484, stack(0x0000008232900000,0x0000008232a00000)]
  0x0000020f080dd0e0 JavaThread "jar transforms Thread 7" [_thread_blocked, id=7932, stack(0x0000008232a00000,0x0000008232b00000)]
  0x0000020f080dc270 JavaThread "jar transforms Thread 8" [_thread_blocked, id=12688, stack(0x0000008232b00000,0x0000008232c00000)]
  0x0000020f080db8d0 JavaThread "build event listener" [_thread_blocked, id=4408, stack(0x0000008232c00000,0x0000008232d00000)]
  0x0000020f080daa60 JavaThread "Memory manager" [_thread_blocked, id=25664, stack(0x0000008232d00000,0x0000008232e00000)]
  0x0000020f7fb57030 JavaThread "C2 CompilerThread1" daemon [_thread_in_native, id=22968, stack(0x000000822b200000,0x000000822b300000)]
  0x0000020f03763a60 JavaThread "C2 CompilerThread2" daemon [_thread_blocked, id=24608, stack(0x000000822c800000,0x000000822c900000)]
  0x0000020f080d6bd0 JavaThread "included builds" [_thread_blocked, id=17100, stack(0x0000008232e00000,0x0000008232f00000)]
  0x0000020f080d7f10 JavaThread "Execution worker" [_thread_blocked, id=22712, stack(0x0000008232f00000,0x0000008233000000)]
  0x0000020f080d88b0 JavaThread "Execution worker Thread 2" [_thread_blocked, id=1528, stack(0x0000008233000000,0x0000008233100000)]
  0x0000020f080d8d80 JavaThread "Execution worker Thread 3" [_thread_blocked, id=19360, stack(0x0000008233100000,0x0000008233200000)]
  0x0000020f080db400 JavaThread "Execution worker Thread 4" [_thread_blocked, id=19264, stack(0x0000008233200000,0x0000008233300000)]
  0x0000020f080da590 JavaThread "Execution worker Thread 5" [_thread_blocked, id=21408, stack(0x0000008233300000,0x0000008233400000)]
  0x0000020f080d83e0 JavaThread "Execution worker Thread 6" [_thread_blocked, id=21020, stack(0x0000008233400000,0x0000008233500000)]
  0x0000020f080dbda0 JavaThread "Execution worker Thread 7" [_thread_blocked, id=20300, stack(0x0000008233500000,0x0000008233600000)]
  0x0000020f080d9250 JavaThread "Cache worker for execution history cache (D:\App_Android studio\projet_inscription\.gradle\8.0\executionHistory)" [_thread_blocked, id=23204, stack(0x0000008233600000,0x0000008233700000)]

Other Threads:
=>0x0000020f7f847260 VMThread "VM Thread" [stack: 0x000000822a500000,0x000000822a600000] [id=23104]
  0x0000020f67a4f5c0 WatcherThread [stack: 0x000000822b100000,0x000000822b200000] [id=23144]
  0x0000020f67a27c60 GCTaskThread "GC Thread#0" [stack: 0x000000822a000000,0x000000822a100000] [id=25956]
  0x0000020f034719f0 GCTaskThread "GC Thread#1" [stack: 0x000000822b400000,0x000000822b500000] [id=23380]
  0x0000020f0371b6d0 GCTaskThread "GC Thread#2" [stack: 0x000000822b500000,0x000000822b600000] [id=17824]
  0x0000020f0371b980 GCTaskThread "GC Thread#3" [stack: 0x000000822b600000,0x000000822b700000] [id=23912]
  0x0000020f0371bc30 GCTaskThread "GC Thread#4" [stack: 0x000000822b700000,0x000000822b800000] [id=26424]
  0x0000020f0371bee0 GCTaskThread "GC Thread#5" [stack: 0x000000822b800000,0x000000822b900000] [id=3024]
  0x0000020f03cf2800 GCTaskThread "GC Thread#6" [stack: 0x000000822c200000,0x000000822c300000] [id=22004]
  0x0000020f03cf2ab0 GCTaskThread "GC Thread#7" [stack: 0x000000822c300000,0x000000822c400000] [id=24588]
  0x0000020f67a38ba0 ConcurrentGCThread "G1 Main Marker" [stack: 0x000000822a100000,0x000000822a200000] [id=16072]
  0x0000020f67a39d50 ConcurrentGCThread "G1 Conc#0" [stack: 0x000000822a200000,0x000000822a300000] [id=18976]
  0x0000020f0522f5f0 ConcurrentGCThread "G1 Conc#1" [stack: 0x000000822c400000,0x000000822c500000] [id=4304]
  0x0000020f7f6da1b0 ConcurrentGCThread "G1 Refine#0" [stack: 0x000000822a300000,0x000000822a400000] [id=24812]
  0x0000020f7f6da9e0 ConcurrentGCThread "G1 Service" [stack: 0x000000822a400000,0x000000822a500000] [id=25200]

Threads with active compile tasks:
C2 CompilerThread0    11950 10735       4       org.gradle.internal.snapshot.ChildMap$Entry::handleAncestorDescendantOrExactMatch (110 bytes)
C2 CompilerThread1    11950 10675       4       org.gradle.internal.serialize.kryo.StringDeduplicatingKryoBackedEncoder::writeNullableString (114 bytes)
C2 CompilerThread2    11950 10765       4       org.gradle.internal.snapshot.VfsRelativePath::normalizeRoot (50 bytes)

VM state: at safepoint (normal execution)

VM Mutex/Monitor currently owned by a thread:  ([mutex/lock_event])
[0x0000020f679c6b00] Threads_lock - owner thread: 0x0000020f7f847260
[0x0000020f679c67a0] Heap_lock - owner thread: 0x0000020f080d8d80

Heap address: 0x0000000080000000, size: 2048 MB, Compressed Oops mode: 32-bit

CDS archive(s) not mapped
Compressed class space mapped at: 0x0000000100000000-0x0000000140000000, reserved size: 1073741824
Narrow klass base: 0x0000000000000000, Narrow klass shift: 3, Narrow klass range: 0x140000000

GC Precious Log:
 CPUs: 8 total, 8 available
 Memory: 16194M
 Large Page Support: Disabled
 NUMA Support: Disabled
 Compressed Oops: Enabled (32-bit)
 Heap Region Size: 1M
 Heap Min Capacity: 8M
 Heap Initial Capacity: 254M
 Heap Max Capacity: 2G
 Pre-touch: Disabled
 Parallel Workers: 8
 Concurrent Workers: 2
 Concurrent Refinement Workers: 8
 Periodic GC: Disabled

Heap:
 garbage-first heap   total 166912K, used 85657K [0x0000000080000000, 0x0000000100000000)
  region size 1024K, 2 young (2048K), 2 survivors (2048K)
 Metaspace       used 91058K, committed 91712K, reserved 1130496K
  class space    used 12505K, committed 12800K, reserved 1048576K

Heap Regions: E=young(eden), S=young(survivor), O=old, HS=humongous(starts), HC=humongous(continues), CS=collection set, F=free, OA=open archive, CA=closed archive, TAMS=top-at-mark-start (previous, next)
|   0|0x0000000080000000, 0x0000000080100000, 0x0000000080100000|100%|HS|  |TAMS 0x0000000080100000, 0x0000000080100000| Complete 
|   1|0x0000000080100000, 0x0000000080200000, 0x0000000080200000|100%|HC|  |TAMS 0x0000000080200000, 0x0000000080200000| Complete 
|   2|0x0000000080200000, 0x0000000080300000, 0x0000000080300000|100%|HC|  |TAMS 0x0000000080300000, 0x0000000080300000| Complete 
|   3|0x0000000080300000, 0x0000000080400000, 0x0000000080400000|100%|HC|  |TAMS 0x0000000080400000, 0x0000000080400000| Complete 
|   4|0x0000000080400000, 0x0000000080500000, 0x0000000080500000|100%| O|  |TAMS 0x0000000080500000, 0x0000000080500000| Untracked 
|   5|0x0000000080500000, 0x0000000080600000, 0x0000000080600000|100%| O|  |TAMS 0x0000000080600000, 0x0000000080600000| Untracked 
|   6|0x0000000080600000, 0x0000000080700000, 0x0000000080700000|100%| O|  |TAMS 0x0000000080700000, 0x0000000080700000| Untracked 
|   7|0x0000000080700000, 0x0000000080800000, 0x0000000080800000|100%| O|  |TAMS 0x0000000080800000, 0x0000000080800000| Untracked 
|   8|0x0000000080800000, 0x0000000080900000, 0x0000000080900000|100%| O|  |TAMS 0x0000000080900000, 0x0000000080900000| Untracked 
|   9|0x0000000080900000, 0x0000000080a00000, 0x0000000080a00000|100%| O|  |TAMS 0x0000000080a00000, 0x0000000080a00000| Untracked 
|  10|0x0000000080a00000, 0x0000000080b00000, 0x0000000080b00000|100%| O|  |TAMS 0x0000000080b00000, 0x0000000080b00000| Untracked 
|  11|0x0000000080b00000, 0x0000000080c00000, 0x0000000080c00000|100%| O|  |TAMS 0x0000000080b00000, 0x0000000080c00000| Untracked 
|  12|0x0000000080c00000, 0x0000000080d00000, 0x0000000080d00000|100%| O|  |TAMS 0x0000000080d00000, 0x0000000080d00000| Untracked 
|  13|0x0000000080d00000, 0x0000000080e00000, 0x0000000080e00000|100%| O|  |TAMS 0x0000000080e00000, 0x0000000080e00000| Untracked 
|  14|0x0000000080e00000, 0x0000000080f00000, 0x0000000080f00000|100%| O|  |TAMS 0x0000000080f00000, 0x0000000080f00000| Untracked 
|  15|0x0000000080f00000, 0x0000000081000000, 0x0000000081000000|100%| O|  |TAMS 0x0000000081000000, 0x0000000081000000| Untracked 
|  16|0x0000000081000000, 0x0000000081100000, 0x0000000081100000|100%| O|  |TAMS 0x0000000081100000, 0x0000000081100000| Untracked 
|  17|0x0000000081100000, 0x0000000081200000, 0x0000000081200000|100%| O|  |TAMS 0x0000000081200000, 0x0000000081200000| Untracked 
|  18|0x0000000081200000, 0x0000000081300000, 0x0000000081300000|100%| O|  |TAMS 0x0000000081300000, 0x0000000081300000| Untracked 
|  19|0x0000000081300000, 0x0000000081400000, 0x0000000081400000|100%| O|  |TAMS 0x0000000081400000, 0x0000000081400000| Untracked 
|  20|0x0000000081400000, 0x0000000081500000, 0x0000000081500000|100%| O|  |TAMS 0x0000000081500000, 0x0000000081500000| Untracked 
|  21|0x0000000081500000, 0x0000000081600000, 0x0000000081600000|100%| O|  |TAMS 0x0000000081600000, 0x0000000081600000| Untracked 
|  22|0x0000000081600000, 0x0000000081700000, 0x0000000081700000|100%| O|  |TAMS 0x0000000081700000, 0x0000000081700000| Untracked 
|  23|0x0000000081700000, 0x0000000081800000, 0x0000000081800000|100%| O|  |TAMS 0x0000000081700000, 0x0000000081800000| Untracked 
|  24|0x0000000081800000, 0x0000000081900000, 0x0000000081900000|100%| O|  |TAMS 0x0000000081900000, 0x0000000081900000| Untracked 
|  25|0x0000000081900000, 0x0000000081a00000, 0x0000000081a00000|100%| O|  |TAMS 0x0000000081a00000, 0x0000000081a00000| Untracked 
|  26|0x0000000081a00000, 0x0000000081b00000, 0x0000000081b00000|100%| O|  |TAMS 0x0000000081b00000, 0x0000000081b00000| Untracked 
|  27|0x0000000081b00000, 0x0000000081c00000, 0x0000000081c00000|100%| O|  |TAMS 0x0000000081c00000, 0x0000000081c00000| Untracked 
|  28|0x0000000081c00000, 0x0000000081d00000, 0x0000000081d00000|100%| O|  |TAMS 0x0000000081d00000, 0x0000000081d00000| Untracked 
|  29|0x0000000081d00000, 0x0000000081e00000, 0x0000000081e00000|100%| O|  |TAMS 0x0000000081e00000, 0x0000000081e00000| Untracked 
|  30|0x0000000081e00000, 0x0000000081f00000, 0x0000000081f00000|100%| O|  |TAMS 0x0000000081f00000, 0x0000000081f00000| Untracked 
|  31|0x0000000081f00000, 0x0000000082000000, 0x0000000082000000|100%| O|  |TAMS 0x0000000082000000, 0x0000000082000000| Untracked 
|  32|0x0000000082000000, 0x0000000082100000, 0x0000000082100000|100%| O|  |TAMS 0x0000000082100000, 0x0000000082100000| Untracked 
|  33|0x0000000082100000, 0x0000000082200000, 0x0000000082200000|100%|HS|  |TAMS 0x0000000082200000, 0x0000000082200000| Complete 
|  34|0x0000000082200000, 0x0000000082300000, 0x0000000082300000|100%|HS|  |TAMS 0x0000000082300000, 0x0000000082300000| Complete 
|  35|0x0000000082300000, 0x0000000082400000, 0x0000000082400000|100%|HS|  |TAMS 0x0000000082400000, 0x0000000082400000| Complete 
|  36|0x0000000082400000, 0x0000000082500000, 0x0000000082500000|100%| O|  |TAMS 0x0000000082500000, 0x0000000082500000| Untracked 
|  37|0x0000000082500000, 0x0000000082600000, 0x0000000082600000|100%| O|  |TAMS 0x0000000082600000, 0x0000000082600000| Untracked 
|  38|0x0000000082600000, 0x0000000082700000, 0x0000000082700000|100%| O|  |TAMS 0x0000000082700000, 0x0000000082700000| Untracked 
|  39|0x0000000082700000, 0x0000000082800000, 0x0000000082800000|100%| O|  |TAMS 0x0000000082800000, 0x0000000082800000| Untracked 
|  40|0x0000000082800000, 0x0000000082900000, 0x0000000082900000|100%| O|  |TAMS 0x0000000082900000, 0x0000000082900000| Untracked 
|  41|0x0000000082900000, 0x0000000082a00000, 0x0000000082a00000|100%| O|  |TAMS 0x0000000082a00000, 0x0000000082a00000| Untracked 
|  42|0x0000000082a00000, 0x0000000082b00000, 0x0000000082b00000|100%| O|  |TAMS 0x0000000082b00000, 0x0000000082b00000| Untracked 
|  43|0x0000000082b00000, 0x0000000082c00000, 0x0000000082c00000|100%| O|  |TAMS 0x0000000082c00000, 0x0000000082c00000| Untracked 
|  44|0x0000000082c00000, 0x0000000082d00000, 0x0000000082d00000|100%| O|  |TAMS 0x0000000082d00000, 0x0000000082d00000| Untracked 
|  45|0x0000000082d00000, 0x0000000082e00000, 0x0000000082e00000|100%| O|  |TAMS 0x0000000082e00000, 0x0000000082e00000| Untracked 
|  46|0x0000000082e00000, 0x0000000082f00000, 0x0000000082f00000|100%| O|  |TAMS 0x0000000082f00000, 0x0000000082f00000| Untracked 
|  47|0x0000000082f00000, 0x0000000083000000, 0x0000000083000000|100%| O|  |TAMS 0x0000000083000000, 0x0000000083000000| Untracked 
|  48|0x0000000083000000, 0x0000000083100000, 0x0000000083100000|100%| O|  |TAMS 0x0000000083100000, 0x0000000083100000| Untracked 
|  49|0x0000000083100000, 0x0000000083200000, 0x0000000083200000|100%| O|  |TAMS 0x0000000083200000, 0x0000000083200000| Untracked 
|  50|0x0000000083200000, 0x0000000083300000, 0x0000000083300000|100%| O|  |TAMS 0x0000000083300000, 0x0000000083300000| Untracked 
|  51|0x0000000083300000, 0x0000000083400000, 0x0000000083400000|100%| O|  |TAMS 0x0000000083400000, 0x0000000083400000| Untracked 
|  52|0x0000000083400000, 0x0000000083500000, 0x0000000083500000|100%| O|  |TAMS 0x0000000083406e00, 0x0000000083500000| Untracked 
|  53|0x0000000083500000, 0x0000000083600000, 0x0000000083600000|100%| O|  |TAMS 0x0000000083500000, 0x0000000083600000| Untracked 
|  54|0x0000000083600000, 0x0000000083700000, 0x0000000083700000|100%| O|  |TAMS 0x0000000083600000, 0x0000000083700000| Untracked 
|  55|0x0000000083700000, 0x0000000083800000, 0x0000000083800000|100%| O|  |TAMS 0x0000000083700000, 0x0000000083800000| Untracked 
|  56|0x0000000083800000, 0x0000000083900000, 0x0000000083900000|100%| O|  |TAMS 0x0000000083800000, 0x0000000083900000| Untracked 
|  57|0x0000000083900000, 0x0000000083a00000, 0x0000000083a00000|100%| O|  |TAMS 0x0000000083900000, 0x0000000083a00000| Untracked 
|  58|0x0000000083a00000, 0x0000000083b00000, 0x0000000083b00000|100%| O|  |TAMS 0x0000000083a00000, 0x0000000083b00000| Untracked 
|  59|0x0000000083b00000, 0x0000000083c00000, 0x0000000083c00000|100%| O|  |TAMS 0x0000000083b00000, 0x0000000083c00000| Untracked 
|  60|0x0000000083c00000, 0x0000000083d00000, 0x0000000083d00000|100%| O|  |TAMS 0x0000000083c00000, 0x0000000083d00000| Untracked 
|  61|0x0000000083d00000, 0x0000000083e00000, 0x0000000083e00000|100%| O|  |TAMS 0x0000000083d00000, 0x0000000083e00000| Untracked 
|  62|0x0000000083e00000, 0x0000000083f00000, 0x0000000083f00000|100%| O|  |TAMS 0x0000000083e00000, 0x0000000083f00000| Untracked 
|  63|0x0000000083f00000, 0x0000000084000000, 0x0000000084000000|100%| O|  |TAMS 0x0000000083f00000, 0x0000000084000000| Untracked 
|  64|0x0000000084000000, 0x0000000084100000, 0x0000000084100000|100%| O|  |TAMS 0x0000000084000000, 0x0000000084100000| Untracked 
|  65|0x0000000084100000, 0x0000000084200000, 0x0000000084200000|100%| O|  |TAMS 0x0000000084100000, 0x0000000084200000| Untracked 
|  66|0x0000000084200000, 0x0000000084300000, 0x0000000084300000|100%| O|  |TAMS 0x0000000084200000, 0x0000000084300000| Untracked 
|  67|0x0000000084300000, 0x0000000084400000, 0x0000000084400000|100%| O|  |TAMS 0x0000000084300000, 0x0000000084400000| Untracked 
|  68|0x0000000084400000, 0x0000000084500000, 0x0000000084500000|100%| O|  |TAMS 0x0000000084400000, 0x0000000084500000| Untracked 
|  69|0x0000000084500000, 0x0000000084600000, 0x0000000084600000|100%| O|  |TAMS 0x0000000084500000, 0x0000000084600000| Untracked 
|  70|0x0000000084600000, 0x0000000084700000, 0x0000000084700000|100%| O|  |TAMS 0x0000000084600000, 0x0000000084700000| Untracked 
|  71|0x0000000084700000, 0x0000000084800000, 0x0000000084800000|100%| O|  |TAMS 0x0000000084700000, 0x0000000084800000| Untracked 
|  72|0x0000000084800000, 0x0000000084900000, 0x0000000084900000|100%| O|  |TAMS 0x0000000084800000, 0x0000000084900000| Untracked 
|  73|0x0000000084900000, 0x0000000084a00000, 0x0000000084a00000|100%| O|  |TAMS 0x0000000084900000, 0x0000000084a00000| Untracked 
|  74|0x0000000084a00000, 0x0000000084b00000, 0x0000000084b00000|100%| O|  |TAMS 0x0000000084a00000, 0x0000000084b00000| Untracked 
|  75|0x0000000084b00000, 0x0000000084c00000, 0x0000000084c00000|100%| O|  |TAMS 0x0000000084b00000, 0x0000000084c00000| Untracked 
|  76|0x0000000084c00000, 0x0000000084d00000, 0x0000000084d00000|100%| O|  |TAMS 0x0000000084c00000, 0x0000000084d00000| Untracked 
|  77|0x0000000084d00000, 0x0000000084e00000, 0x0000000084e00000|100%| O|  |TAMS 0x0000000084d00000, 0x0000000084d32a00| Untracked 
|  78|0x0000000084e00000, 0x0000000084f00000, 0x0000000084f00000|100%| O|  |TAMS 0x0000000084e00000, 0x0000000084e00000| Untracked 
|  79|0x0000000084f00000, 0x0000000085000000, 0x0000000085000000|100%| O|  |TAMS 0x0000000084f00000, 0x0000000084f00000| Untracked 
|  80|0x0000000085000000, 0x0000000085100000, 0x0000000085100000|100%| O|  |TAMS 0x0000000085000000, 0x0000000085000000| Untracked 
|  81|0x0000000085100000, 0x0000000085200000, 0x0000000085200000|100%| O|  |TAMS 0x0000000085100000, 0x0000000085100000| Untracked 
|  82|0x0000000085200000, 0x000000008521da00, 0x0000000085300000| 11%| O|  |TAMS 0x0000000085200000, 0x0000000085200000| Untracked 
|  83|0x0000000085300000, 0x0000000085300000, 0x0000000085400000|  0%| F|  |TAMS 0x0000000085300000, 0x0000000085300000| Untracked 
|  84|0x0000000085400000, 0x0000000085400000, 0x0000000085500000|  0%| F|  |TAMS 0x0000000085400000, 0x0000000085400000| Untracked 
|  85|0x0000000085500000, 0x0000000085500000, 0x0000000085600000|  0%| F|  |TAMS 0x0000000085500000, 0x0000000085500000| Untracked 
|  86|0x0000000085600000, 0x0000000085600000, 0x0000000085700000|  0%| F|  |TAMS 0x0000000085600000, 0x0000000085600000| Untracked 
|  87|0x0000000085700000, 0x0000000085700000, 0x0000000085800000|  0%| F|  |TAMS 0x0000000085700000, 0x0000000085700000| Untracked 
|  88|0x0000000085800000, 0x0000000085800000, 0x0000000085900000|  0%| F|  |TAMS 0x0000000085800000, 0x0000000085800000| Untracked 
|  89|0x0000000085900000, 0x0000000085900000, 0x0000000085a00000|  0%| F|  |TAMS 0x0000000085900000, 0x0000000085900000| Untracked 
|  90|0x0000000085a00000, 0x0000000085a00000, 0x0000000085b00000|  0%| F|  |TAMS 0x0000000085a00000, 0x0000000085a00000| Untracked 
|  91|0x0000000085b00000, 0x0000000085b00000, 0x0000000085c00000|  0%| F|  |TAMS 0x0000000085b00000, 0x0000000085b00000| Untracked 
|  92|0x0000000085c00000, 0x0000000085c00000, 0x0000000085d00000|  0%| F|  |TAMS 0x0000000085c00000, 0x0000000085c00000| Untracked 
|  93|0x0000000085d00000, 0x0000000085d00000, 0x0000000085e00000|  0%| F|  |TAMS 0x0000000085d00000, 0x0000000085d00000| Untracked 
|  94|0x0000000085e00000, 0x0000000085e00000, 0x0000000085f00000|  0%| F|  |TAMS 0x0000000085e00000, 0x0000000085e00000| Untracked 
|  95|0x0000000085f00000, 0x0000000085f00000, 0x0000000086000000|  0%| F|  |TAMS 0x0000000085f00000, 0x0000000085f00000| Untracked 
|  96|0x0000000086000000, 0x0000000086000000, 0x0000000086100000|  0%| F|  |TAMS 0x0000000086000000, 0x0000000086000000| Untracked 
|  97|0x0000000086100000, 0x0000000086100000, 0x0000000086200000|  0%| F|  |TAMS 0x0000000086100000, 0x0000000086100000| Untracked 
|  98|0x0000000086200000, 0x0000000086200000, 0x0000000086300000|  0%| F|  |TAMS 0x0000000086200000, 0x0000000086200000| Untracked 
|  99|0x0000000086300000, 0x0000000086300000, 0x0000000086400000|  0%| F|  |TAMS 0x0000000086300000, 0x0000000086300000| Untracked 
| 100|0x0000000086400000, 0x0000000086400000, 0x0000000086500000|  0%| F|  |TAMS 0x0000000086400000, 0x0000000086400000| Untracked 
| 101|0x0000000086500000, 0x0000000086500000, 0x0000000086600000|  0%| F|  |TAMS 0x0000000086500000, 0x0000000086500000| Untracked 
| 102|0x0000000086600000, 0x0000000086600000, 0x0000000086700000|  0%| F|  |TAMS 0x0000000086600000, 0x0000000086600000| Untracked 
| 103|0x0000000086700000, 0x0000000086700000, 0x0000000086800000|  0%| F|  |TAMS 0x0000000086700000, 0x0000000086700000| Untracked 
| 104|0x0000000086800000, 0x0000000086800000, 0x0000000086900000|  0%| F|  |TAMS 0x0000000086800000, 0x0000000086800000| Untracked 
| 105|0x0000000086900000, 0x0000000086900000, 0x0000000086a00000|  0%| F|  |TAMS 0x0000000086900000, 0x0000000086900000| Untracked 
| 106|0x0000000086a00000, 0x0000000086a00000, 0x0000000086b00000|  0%| F|  |TAMS 0x0000000086a00000, 0x0000000086a00000| Untracked 
| 107|0x0000000086b00000, 0x0000000086b00000, 0x0000000086c00000|  0%| F|  |TAMS 0x0000000086b00000, 0x0000000086b00000| Untracked 
| 108|0x0000000086c00000, 0x0000000086c00000, 0x0000000086d00000|  0%| F|  |TAMS 0x0000000086c00000, 0x0000000086c00000| Untracked 
| 109|0x0000000086d00000, 0x0000000086d00000, 0x0000000086e00000|  0%| F|  |TAMS 0x0000000086d00000, 0x0000000086d00000| Untracked 
| 110|0x0000000086e00000, 0x0000000086e00000, 0x0000000086f00000|  0%| F|  |TAMS 0x0000000086e00000, 0x0000000086e00000| Untracked 
| 111|0x0000000086f00000, 0x0000000086f00000, 0x0000000087000000|  0%| F|  |TAMS 0x0000000086f00000, 0x0000000086f00000| Untracked 
| 112|0x0000000087000000, 0x0000000087000000, 0x0000000087100000|  0%| F|  |TAMS 0x0000000087000000, 0x0000000087000000| Untracked 
| 113|0x0000000087100000, 0x0000000087100000, 0x0000000087200000|  0%| F|  |TAMS 0x0000000087100000, 0x0000000087100000| Untracked 
| 114|0x0000000087200000, 0x0000000087200000, 0x0000000087300000|  0%| F|  |TAMS 0x0000000087200000, 0x0000000087200000| Untracked 
| 115|0x0000000087300000, 0x0000000087300000, 0x0000000087400000|  0%| F|  |TAMS 0x0000000087300000, 0x0000000087300000| Untracked 
| 116|0x0000000087400000, 0x0000000087400000, 0x0000000087500000|  0%| F|  |TAMS 0x0000000087400000, 0x0000000087400000| Untracked 
| 117|0x0000000087500000, 0x0000000087500000, 0x0000000087600000|  0%| F|  |TAMS 0x0000000087500000, 0x0000000087500000| Untracked 
| 118|0x0000000087600000, 0x0000000087600000, 0x0000000087700000|  0%| F|  |TAMS 0x0000000087600000, 0x0000000087600000| Untracked 
| 119|0x0000000087700000, 0x0000000087700000, 0x0000000087800000|  0%| F|  |TAMS 0x0000000087700000, 0x0000000087700000| Untracked 
| 120|0x0000000087800000, 0x0000000087800000, 0x0000000087900000|  0%| F|  |TAMS 0x0000000087800000, 0x0000000087800000| Untracked 
| 121|0x0000000087900000, 0x0000000087900000, 0x0000000087a00000|  0%| F|  |TAMS 0x0000000087900000, 0x0000000087900000| Untracked 
| 122|0x0000000087a00000, 0x0000000087a00000, 0x0000000087b00000|  0%| F|  |TAMS 0x0000000087a00000, 0x0000000087a00000| Untracked 
| 123|0x0000000087b00000, 0x0000000087b00000, 0x0000000087c00000|  0%| F|  |TAMS 0x0000000087b00000, 0x0000000087b00000| Untracked 
| 124|0x0000000087c00000, 0x0000000087c00000, 0x0000000087d00000|  0%| F|  |TAMS 0x0000000087c00000, 0x0000000087c00000| Untracked 
| 125|0x0000000087d00000, 0x0000000087d00000, 0x0000000087e00000|  0%| F|  |TAMS 0x0000000087d00000, 0x0000000087d00000| Untracked 
| 126|0x0000000087e00000, 0x0000000087e00000, 0x0000000087f00000|  0%| F|  |TAMS 0x0000000087e00000, 0x0000000087e00000| Untracked 
| 127|0x0000000087f00000, 0x0000000087f00000, 0x0000000088000000|  0%| F|  |TAMS 0x0000000087f00000, 0x0000000087f00000| Untracked 
| 128|0x0000000088000000, 0x0000000088000000, 0x0000000088100000|  0%| F|  |TAMS 0x0000000088000000, 0x0000000088000000| Untracked 
| 129|0x0000000088100000, 0x0000000088100000, 0x0000000088200000|  0%| F|  |TAMS 0x0000000088100000, 0x0000000088100000| Untracked 
| 130|0x0000000088200000, 0x0000000088200000, 0x0000000088300000|  0%| F|  |TAMS 0x0000000088200000, 0x0000000088200000| Untracked 
| 131|0x0000000088300000, 0x0000000088300000, 0x0000000088400000|  0%| F|  |TAMS 0x0000000088300000, 0x0000000088300000| Untracked 
| 132|0x0000000088400000, 0x0000000088400000, 0x0000000088500000|  0%| F|  |TAMS 0x0000000088400000, 0x0000000088400000| Untracked 
| 133|0x0000000088500000, 0x0000000088500000, 0x0000000088600000|  0%| F|  |TAMS 0x0000000088500000, 0x0000000088500000| Untracked 
| 134|0x0000000088600000, 0x0000000088600000, 0x0000000088700000|  0%| F|  |TAMS 0x0000000088600000, 0x0000000088600000| Untracked 
| 135|0x0000000088700000, 0x0000000088700000, 0x0000000088800000|  0%| F|  |TAMS 0x0000000088700000, 0x0000000088700000| Untracked 
| 136|0x0000000088800000, 0x0000000088800000, 0x0000000088900000|  0%| F|  |TAMS 0x0000000088800000, 0x0000000088800000| Untracked 
| 137|0x0000000088900000, 0x0000000088900000, 0x0000000088a00000|  0%| F|  |TAMS 0x0000000088900000, 0x0000000088900000| Untracked 
| 138|0x0000000088a00000, 0x0000000088a00000, 0x0000000088b00000|  0%| F|  |TAMS 0x0000000088a00000, 0x0000000088a00000| Untracked 
| 139|0x0000000088b00000, 0x0000000088b00000, 0x0000000088c00000|  0%| F|  |TAMS 0x0000000088b00000, 0x0000000088b00000| Untracked 
| 140|0x0000000088c00000, 0x0000000088c00000, 0x0000000088d00000|  0%| F|  |TAMS 0x0000000088c00000, 0x0000000088c00000| Untracked 
| 141|0x0000000088d00000, 0x0000000088d00000, 0x0000000088e00000|  0%| F|  |TAMS 0x0000000088d00000, 0x0000000088d00000| Untracked 
| 142|0x0000000088e00000, 0x0000000088e00000, 0x0000000088f00000|  0%| F|  |TAMS 0x0000000088e00000, 0x0000000088e00000| Untracked 
| 143|0x0000000088f00000, 0x0000000088f00000, 0x0000000089000000|  0%| F|  |TAMS 0x0000000088f00000, 0x0000000088f00000| Untracked 
| 144|0x0000000089000000, 0x0000000089000000, 0x0000000089100000|  0%| F|  |TAMS 0x0000000089000000, 0x0000000089000000| Untracked 
| 145|0x0000000089100000, 0x0000000089100000, 0x0000000089200000|  0%| F|  |TAMS 0x0000000089100000, 0x0000000089100000| Untracked 
| 146|0x0000000089200000, 0x0000000089200000, 0x0000000089300000|  0%| F|  |TAMS 0x0000000089200000, 0x0000000089200000| Untracked 
| 147|0x0000000089300000, 0x0000000089300000, 0x0000000089400000|  0%| F|  |TAMS 0x0000000089300000, 0x0000000089300000| Untracked 
| 148|0x0000000089400000, 0x0000000089400000, 0x0000000089500000|  0%| F|  |TAMS 0x0000000089400000, 0x0000000089400000| Untracked 
| 149|0x0000000089500000, 0x0000000089588ba0, 0x0000000089600000| 53%| S|CS|TAMS 0x0000000089500000, 0x0000000089500000| Complete 
| 150|0x0000000089600000, 0x0000000089700000, 0x0000000089700000|100%| S|CS|TAMS 0x0000000089600000, 0x0000000089600000| Complete 
| 151|0x0000000089700000, 0x0000000089700000, 0x0000000089800000|  0%| F|  |TAMS 0x0000000089700000, 0x0000000089700000| Untracked 
| 152|0x0000000089800000, 0x0000000089800000, 0x0000000089900000|  0%| F|  |TAMS 0x0000000089800000, 0x0000000089800000| Untracked 
| 201|0x000000008c900000, 0x000000008c900000, 0x000000008ca00000|  0%| F|  |TAMS 0x000000008c900000, 0x000000008c900000| Untracked 
| 202|0x000000008ca00000, 0x000000008ca00000, 0x000000008cb00000|  0%| F|  |TAMS 0x000000008ca00000, 0x000000008ca00000| Untracked 
| 203|0x000000008cb00000, 0x000000008cb00000, 0x000000008cc00000|  0%| F|  |TAMS 0x000000008cb00000, 0x000000008cb00000| Untracked 
| 204|0x000000008cc00000, 0x000000008cc00000, 0x000000008cd00000|  0%| F|  |TAMS 0x000000008cc00000, 0x000000008cc00000| Untracked 
| 205|0x000000008cd00000, 0x000000008cd00000, 0x000000008ce00000|  0%| F|  |TAMS 0x000000008cd00000, 0x000000008cd00000| Untracked 
| 206|0x000000008ce00000, 0x000000008ce00000, 0x000000008cf00000|  0%| F|  |TAMS 0x000000008ce00000, 0x000000008ce00000| Untracked 
| 207|0x000000008cf00000, 0x000000008cf00000, 0x000000008d000000|  0%| F|  |TAMS 0x000000008cf00000, 0x000000008cf00000| Untracked 
| 208|0x000000008d000000, 0x000000008d000000, 0x000000008d100000|  0%| F|  |TAMS 0x000000008d000000, 0x000000008d000000| Untracked 
| 209|0x000000008d100000, 0x000000008d100000, 0x000000008d200000|  0%| F|  |TAMS 0x000000008d100000, 0x000000008d100000| Untracked 
| 253|0x000000008fd00000, 0x000000008fd00000, 0x000000008fe00000|  0%| F|  |TAMS 0x000000008fd00000, 0x000000008fd00000| Untracked 

Card table byte_map: [0x0000020f7a5c0000,0x0000020f7a9c0000] _byte_map_base: 0x0000020f7a1c0000

Marking Bits (Prev, Next): (CMBitMap*) 0x0000020f67a282b0, (CMBitMap*) 0x0000020f67a28270
 Prev Bits: [0x0000020f7cdc0000, 0x0000020f7edc0000)
 Next Bits: [0x0000020f7adc0000, 0x0000020f7cdc0000)

Polling page: 0x0000020f67190000

Metaspace:

Usage:
  Non-class:     76.71 MB used.
      Class:     12.21 MB used.
       Both:     88.92 MB used.

Virtual space:
  Non-class space:       80.00 MB reserved,      77.06 MB ( 96%) committed,  10 nodes.
      Class space:        1.00 GB reserved,      12.50 MB (  1%) committed,  1 nodes.
             Both:        1.08 GB reserved,      89.56 MB (  8%) committed. 

Chunk freelists:
   Non-Class:  2.98 MB
       Class:  3.39 MB
        Both:  6.37 MB

MaxMetaspaceSize: unlimited
CompressedClassSpaceSize: 1.00 GB
Initial GC threshold: 21.00 MB
Current GC threshold: 114.69 MB
CDS: off
MetaspaceReclaimPolicy: balanced
 - commit_granule_bytes: 65536.
 - commit_granule_words: 8192.
 - virtual_space_node_default_size: 1048576.
 - enlarge_chunks_in_place: 1.
 - new_chunks_are_fully_committed: 0.
 - uncommit_free_chunks: 1.
 - use_allocation_guard: 0.
 - handle_deallocations: 1.


Internal statistics:

num_allocs_failed_limit: 6.
num_arena_births: 992.
num_arena_deaths: 0.
num_vsnodes_births: 11.
num_vsnodes_deaths: 0.
num_space_committed: 1433.
num_space_uncommitted: 0.
num_chunks_returned_to_freelist: 6.
num_chunks_taken_from_freelist: 4327.
num_chunk_merges: 6.
num_chunk_splits: 2850.
num_chunks_enlarged: 1892.
num_purges: 0.
num_inconsistent_stats: 0.

CodeHeap 'non-profiled nmethods': size=120000Kb used=5284Kb max_used=5703Kb free=114715Kb
 bounds [0x0000020f72960000, 0x0000020f72f00000, 0x0000020f79e90000]
CodeHeap 'profiled nmethods': size=120000Kb used=17397Kb max_used=17729Kb free=102602Kb
 bounds [0x0000020f6ae90000, 0x0000020f6bff0000, 0x0000020f723c0000]
CodeHeap 'non-nmethods': size=5760Kb used=2382Kb max_used=2474Kb free=3377Kb
 bounds [0x0000020f723c0000, 0x0000020f72650000, 0x0000020f72960000]
 total_blobs=10142 nmethods=9226 adapters=828
 compilation: enabled
              stopped_count=0, restarted_count=0
 full_count=0

Compilation events (20 events):
Event: 11.902 Thread 0x0000020f7f8de160 10791       3       java.util.stream.Collectors$$Lambda$201/0x000000010026c6a0::<init> (10 bytes)
Event: 11.902 Thread 0x0000020f7f8de160 nmethod 10791 0x0000020f6b3df410 code [0x0000020f6b3df5a0, 0x0000020f6b3df758]
Event: 11.902 Thread 0x0000020f7f8de160 10792       3       java.util.stream.Collectors$$Lambda$511/0x0000000100573a80::get (8 bytes)
Event: 11.902 Thread 0x0000020f7f8de160 nmethod 10792 0x0000020f6b222010 code [0x0000020f6b2221c0, 0x0000020f6b222458]
Event: 11.902 Thread 0x0000020f7f8de160 10794       3       org.gradle.internal.execution.steps.ResolveChangesStep::execute (49 bytes)
Event: 11.905 Thread 0x0000020f7f8de160 nmethod 10794 0x0000020f6bbcec10 code [0x0000020f6bbcf020, 0x0000020f6bbd1288]
Event: 11.905 Thread 0x0000020f7f8de160 10795       3       org.gradle.internal.execution.history.changes.CachingChangeContainer::accept (121 bytes)
Event: 11.906 Thread 0x0000020f7f8de160 nmethod 10795 0x0000020f6bbcdb10 code [0x0000020f6bbcdd80, 0x0000020f6bbce948]
Event: 11.906 Thread 0x0000020f7f8de160 10797       3       org.gradle.internal.execution.steps.ResolveCachingStateStep::execute (10 bytes)
Event: 11.906 Thread 0x0000020f7f8de160 nmethod 10797 0x0000020f6bbcd490 code [0x0000020f6bbcd640, 0x0000020f6bbcd868]
Event: 11.906 Thread 0x0000020f7f8de160 10798       3       org.gradle.internal.execution.history.changes.DefaultExecutionStateChangeDetector::caching (20 bytes)
Event: 11.907 Thread 0x0000020f7f8de160 nmethod 10798 0x0000020f6b221510 code [0x0000020f6b221700, 0x0000020f6b221dd8]
Event: 11.907 Thread 0x0000020f7f8de160 10799       3       org.gradle.internal.execution.steps.ResolveCachingStateStep$$Lambda$623/0x00000001006a2b58::<init> (15 bytes)
Event: 11.907 Thread 0x0000020f7f8de160 nmethod 10799 0x0000020f6b221090 code [0x0000020f6b221240, 0x0000020f6b221458]
Event: 11.907 Thread 0x0000020f7f8de160 10800       3       org.gradle.internal.execution.history.changes.CachingChangeContainer$CachingVisitor::<init> (15 bytes)
Event: 11.907 Thread 0x0000020f7f8de160 nmethod 10800 0x0000020f6b220c10 code [0x0000020f6b220dc0, 0x0000020f6b220fd8]
Event: 11.909 Thread 0x0000020f7f8de160 10801   !   3       org.gradle.internal.snapshot.FileSystemLeafSnapshot::accept (36 bytes)
Event: 11.909 Thread 0x0000020f7f8de160 nmethod 10801 0x0000020f6b21fd10 code [0x0000020f6b21ff40, 0x0000020f6b220908]
Event: 11.910 Thread 0x0000020f03763a60 nmethod 10726 0x0000020f72a92b10 code [0x0000020f72a92de0, 0x0000020f72a94498]
Event: 11.910 Thread 0x0000020f03763a60 10765       4       org.gradle.internal.snapshot.VfsRelativePath::normalizeRoot (50 bytes)

GC Heap History (20 events):
Event: 7.237 GC heap after
{Heap after GC invocations=20 (full 0):
 garbage-first heap   total 106496K, used 52356K [0x0000000080000000, 0x0000000100000000)
  region size 1024K, 5 young (5120K), 5 survivors (5120K)
 Metaspace       used 65888K, committed 66432K, reserved 1114112K
  class space    used 8762K, committed 9024K, reserved 1048576K
}
Event: 7.259 GC heap before
{Heap before GC invocations=20 (full 0):
 garbage-first heap   total 106496K, used 53380K [0x0000000080000000, 0x0000000100000000)
  region size 1024K, 6 young (6144K), 5 survivors (5120K)
 Metaspace       used 65964K, committed 66624K, reserved 1114112K
  class space    used 8772K, committed 9088K, reserved 1048576K
}
Event: 7.264 GC heap after
{Heap after GC invocations=21 (full 0):
 garbage-first heap   total 106496K, used 53101K [0x0000000080000000, 0x0000000100000000)
  region size 1024K, 1 young (1024K), 1 survivors (1024K)
 Metaspace       used 65964K, committed 66624K, reserved 1114112K
  class space    used 8772K, committed 9088K, reserved 1048576K
}
Event: 7.737 GC heap before
{Heap before GC invocations=21 (full 0):
 garbage-first heap   total 106496K, used 82797K [0x0000000080000000, 0x0000000100000000)
  region size 1024K, 30 young (30720K), 1 survivors (1024K)
 Metaspace       used 69398K, committed 69952K, reserved 1114112K
  class space    used 9254K, committed 9536K, reserved 1048576K
}
Event: 7.740 GC heap after
{Heap after GC invocations=22 (full 0):
 garbage-first heap   total 106496K, used 53920K [0x0000000080000000, 0x0000000100000000)
  region size 1024K, 2 young (2048K), 2 survivors (2048K)
 Metaspace       used 69398K, committed 69952K, reserved 1114112K
  class space    used 9254K, committed 9536K, reserved 1048576K
}
Event: 8.128 GC heap before
{Heap before GC invocations=23 (full 0):
 garbage-first heap   total 106496K, used 82592K [0x0000000080000000, 0x0000000100000000)
  region size 1024K, 31 young (31744K), 2 survivors (2048K)
 Metaspace       used 72200K, committed 72768K, reserved 1114112K
  class space    used 9596K, committed 9856K, reserved 1048576K
}
Event: 8.133 GC heap after
{Heap after GC invocations=24 (full 0):
 garbage-first heap   total 106496K, used 57414K [0x0000000080000000, 0x0000000100000000)
  region size 1024K, 4 young (4096K), 4 survivors (4096K)
 Metaspace       used 72200K, committed 72768K, reserved 1114112K
  class space    used 9596K, committed 9856K, reserved 1048576K
}
Event: 8.141 GC heap before
{Heap before GC invocations=24 (full 0):
 garbage-first heap   total 106496K, used 58438K [0x0000000080000000, 0x0000000100000000)
  region size 1024K, 5 young (5120K), 4 survivors (4096K)
 Metaspace       used 72201K, committed 72768K, reserved 1114112K
  class space    used 9596K, committed 9856K, reserved 1048576K
}
Event: 8.144 GC heap after
{Heap after GC invocations=25 (full 0):
 garbage-first heap   total 166912K, used 57287K [0x0000000080000000, 0x0000000100000000)
  region size 1024K, 1 young (1024K), 1 survivors (1024K)
 Metaspace       used 72201K, committed 72768K, reserved 1114112K
  class space    used 9596K, committed 9856K, reserved 1048576K
}
Event: 9.089 GC heap before
{Heap before GC invocations=25 (full 0):
 garbage-first heap   total 166912K, used 120775K [0x0000000080000000, 0x0000000100000000)
  region size 1024K, 63 young (64512K), 1 survivors (1024K)
 Metaspace       used 79431K, committed 80000K, reserved 1122304K
  class space    used 10800K, committed 11072K, reserved 1048576K
}
Event: 9.094 GC heap after
{Heap after GC invocations=26 (full 0):
 garbage-first heap   total 166912K, used 59915K [0x0000000080000000, 0x0000000100000000)
  region size 1024K, 4 young (4096K), 4 survivors (4096K)
 Metaspace       used 79431K, committed 80000K, reserved 1122304K
  class space    used 10800K, committed 11072K, reserved 1048576K
}
Event: 10.143 GC heap before
{Heap before GC invocations=26 (full 0):
 garbage-first heap   total 166912K, used 129547K [0x0000000080000000, 0x0000000100000000)
  region size 1024K, 72 young (73728K), 4 survivors (4096K)
 Metaspace       used 87172K, committed 87808K, reserved 1130496K
  class space    used 11920K, committed 12224K, reserved 1048576K
}
Event: 10.151 GC heap after
{Heap after GC invocations=27 (full 0):
 garbage-first heap   total 166912K, used 65465K [0x0000000080000000, 0x0000000100000000)
  region size 1024K, 9 young (9216K), 9 survivors (9216K)
 Metaspace       used 87172K, committed 87808K, reserved 1130496K
  class space    used 11920K, committed 12224K, reserved 1048576K
}
Event: 10.843 GC heap before
{Heap before GC invocations=27 (full 0):
 garbage-first heap   total 166912K, used 129977K [0x0000000080000000, 0x0000000100000000)
  region size 1024K, 72 young (73728K), 9 survivors (9216K)
 Metaspace       used 89389K, committed 90048K, reserved 1130496K
  class space    used 12263K, committed 12544K, reserved 1048576K
}
Event: 10.856 GC heap after
{Heap after GC invocations=28 (full 0):
 garbage-first heap   total 166912K, used 74551K [0x0000000080000000, 0x0000000100000000)
  region size 1024K, 9 young (9216K), 9 survivors (9216K)
 Metaspace       used 89389K, committed 90048K, reserved 1130496K
  class space    used 12263K, committed 12544K, reserved 1048576K
}
Event: 11.238 GC heap before
{Heap before GC invocations=28 (full 0):
 garbage-first heap   total 166912K, used 129847K [0x0000000080000000, 0x0000000100000000)
  region size 1024K, 64 young (65536K), 9 survivors (9216K)
 Metaspace       used 90178K, committed 90880K, reserved 1130496K
  class space    used 12420K, committed 12736K, reserved 1048576K
}
Event: 11.251 GC heap after
{Heap after GC invocations=29 (full 0):
 garbage-first heap   total 166912K, used 81431K [0x0000000080000000, 0x0000000100000000)
  region size 1024K, 7 young (7168K), 7 survivors (7168K)
 Metaspace       used 90178K, committed 90880K, reserved 1130496K
  class space    used 12420K, committed 12736K, reserved 1048576K
}
Event: 11.771 GC heap before
{Heap before GC invocations=29 (full 0):
 garbage-first heap   total 166912K, used 131607K [0x0000000080000000, 0x0000000100000000)
  region size 1024K, 57 young (58368K), 7 survivors (7168K)
 Metaspace       used 90788K, committed 91520K, reserved 1130496K
  class space    used 12469K, committed 12800K, reserved 1048576K
}
Event: 11.781 GC heap after
{Heap after GC invocations=30 (full 0):
 garbage-first heap   total 166912K, used 85092K [0x0000000080000000, 0x0000000100000000)
  region size 1024K, 6 young (6144K), 6 survivors (6144K)
 Metaspace       used 90788K, committed 91520K, reserved 1130496K
  class space    used 12469K, committed 12800K, reserved 1048576K
}
Event: 11.914 GC heap before
{Heap before GC invocations=30 (full 0):
 garbage-first heap   total 166912K, used 95332K [0x0000000080000000, 0x0000000100000000)
  region size 1024K, 18 young (18432K), 6 survivors (6144K)
 Metaspace       used 91058K, committed 91712K, reserved 1130496K
  class space    used 12505K, committed 12800K, reserved 1048576K
}

Dll operation events (2 events):
Event: 0.006 Loaded shared library D:\android studio\jbr\bin\java.dll
Event: 0.384 Loaded shared library D:\android studio\jbr\bin\verify.dll

Deoptimization events (20 events):
Event: 11.760 Thread 0x0000020f080d8d80 Uncommon trap: trap_request=0xffffffc6 fr.pc=0x0000020f72ba0d44 relative=0x00000000000007e4
Event: 11.760 Thread 0x0000020f080d8d80 Uncommon trap: reason=bimorphic_or_optimized_type_check action=maybe_recompile pc=0x0000020f72ba0d44 method=java.util.Collections.indexedBinarySearch(Ljava/util/List;Ljava/lang/Object;Ljava/util/Comparator;)I @ 3 c2
Event: 11.760 Thread 0x0000020f080d8d80 DEOPT PACKING pc=0x0000020f72ba0d44 sp=0x00000082331fb490
Event: 11.760 Thread 0x0000020f080d8d80 DEOPT UNPACKING pc=0x0000020f724169a3 sp=0x00000082331fb3c8 mode 2
Event: 11.760 Thread 0x0000020f080d8d80 Uncommon trap: trap_request=0xffffffc6 fr.pc=0x0000020f72ba0d44 relative=0x00000000000007e4
Event: 11.760 Thread 0x0000020f080d8d80 Uncommon trap: reason=bimorphic_or_optimized_type_check action=maybe_recompile pc=0x0000020f72ba0d44 method=java.util.Collections.indexedBinarySearch(Ljava/util/List;Ljava/lang/Object;Ljava/util/Comparator;)I @ 3 c2
Event: 11.760 Thread 0x0000020f080d8d80 DEOPT PACKING pc=0x0000020f72ba0d44 sp=0x00000082331fb490
Event: 11.760 Thread 0x0000020f080d8d80 DEOPT UNPACKING pc=0x0000020f724169a3 sp=0x00000082331fb3c8 mode 2
Event: 11.760 Thread 0x0000020f080d8d80 Uncommon trap: trap_request=0xffffffc6 fr.pc=0x0000020f72aba5e0 relative=0x0000000000000780
Event: 11.760 Thread 0x0000020f080d8d80 Uncommon trap: reason=bimorphic_or_optimized_type_check action=maybe_recompile pc=0x0000020f72aba5e0 method=java.util.Collections.indexedBinarySearch(Ljava/util/List;Ljava/lang/Object;Ljava/util/Comparator;)I @ 3 c2
Event: 11.760 Thread 0x0000020f080d8d80 DEOPT PACKING pc=0x0000020f72aba5e0 sp=0x00000082331fb420
Event: 11.760 Thread 0x0000020f080d8d80 DEOPT UNPACKING pc=0x0000020f724169a3 sp=0x00000082331fb3c8 mode 2
Event: 11.847 Thread 0x0000020f080d8d80 DEOPT PACKING pc=0x0000020f6b866804 sp=0x00000082331f9ff0
Event: 11.847 Thread 0x0000020f080d8d80 DEOPT UNPACKING pc=0x0000020f72417143 sp=0x00000082331f94f8 mode 0
Event: 11.847 Thread 0x0000020f080d8d80 DEOPT PACKING pc=0x0000020f6b866804 sp=0x00000082331fa3b0
Event: 11.847 Thread 0x0000020f080d8d80 DEOPT UNPACKING pc=0x0000020f72417143 sp=0x00000082331f98b8 mode 0
Event: 11.847 Thread 0x0000020f080d8d80 DEOPT PACKING pc=0x0000020f6b866804 sp=0x00000082331fa770
Event: 11.847 Thread 0x0000020f080d8d80 DEOPT UNPACKING pc=0x0000020f72417143 sp=0x00000082331f9c78 mode 0
Event: 11.892 Thread 0x0000020f054d74f0 DEOPT PACKING pc=0x0000020f6b879020 sp=0x000000822c7fe750
Event: 11.892 Thread 0x0000020f054d74f0 DEOPT UNPACKING pc=0x0000020f72417143 sp=0x000000822c7fdc10 mode 0

Classes unloaded (0 events):
No events

Classes redefined (0 events):
No events

Internal exceptions (20 events):
Event: 10.904 Thread 0x0000020f09cea710 Exception <a 'java/lang/NoSuchMethodError'{0x000000008ccc6e30}: 'java.lang.Object java.lang.invoke.DirectMethodHandle$Holder.invokeSpecialIFC(java.lang.Object, java.lang.Object, java.lang.Object)'> (0x000000008ccc6e30) 
thrown [s\src\hotspot\share\interpreter\linkResolver.cpp, line 771]
Event: 10.904 Thread 0x0000020f07f40720 Exception <a 'java/lang/NoSuchMethodError'{0x000000008cc9d1c0}: 'java.lang.Object java.lang.invoke.DirectMethodHandle$Holder.invokeSpecialIFC(java.lang.Object, java.lang.Object, java.lang.Object)'> (0x000000008cc9d1c0) 
thrown [s\src\hotspot\share\interpreter\linkResolver.cpp, line 771]
Event: 10.904 Thread 0x0000020f07ed5020 Exception <a 'java/lang/NoSuchMethodError'{0x000000008ccdf0a0}: 'java.lang.Object java.lang.invoke.DirectMethodHandle$Holder.invokeSpecialIFC(java.lang.Object, java.lang.Object, java.lang.Object)'> (0x000000008ccdf0a0) 
thrown [s\src\hotspot\share\interpreter\linkResolver.cpp, line 771]
Event: 10.904 Thread 0x0000020f080d83e0 Exception <a 'java/lang/NoSuchMethodError'{0x000000008cc7def8}: 'java.lang.Object java.lang.invoke.DirectMethodHandle$Holder.invokeSpecialIFC(java.lang.Object, java.lang.Object, java.lang.Object)'> (0x000000008cc7def8) 
thrown [s\src\hotspot\share\interpreter\linkResolver.cpp, line 771]
Event: 10.904 Thread 0x0000020f07f41a60 Exception <a 'java/lang/NoSuchMethodError'{0x000000008ccd17e0}: 'java.lang.Object java.lang.invoke.DirectMethodHandle$Holder.invokeSpecialIFC(java.lang.Object, java.lang.Object, java.lang.Object)'> (0x000000008ccd17e0) 
thrown [s\src\hotspot\share\interpreter\linkResolver.cpp, line 771]
Event: 10.904 Thread 0x0000020f07f44f50 Exception <a 'java/lang/NoSuchMethodError'{0x000000008cced6c0}: 'java.lang.Object java.lang.invoke.DirectMethodHandle$Holder.invokeSpecialIFC(java.lang.Object, java.lang.Object, java.lang.Object)'> (0x000000008cced6c0) 
thrown [s\src\hotspot\share\interpreter\linkResolver.cpp, line 771]
Event: 10.904 Thread 0x0000020f07f428d0 Exception <a 'java/lang/NoSuchMethodError'{0x000000008ccb94f8}: 'java.lang.Object java.lang.invoke.DirectMethodHandle$Holder.invokeSpecialIFC(java.lang.Object, java.lang.Object, java.lang.Object)'> (0x000000008ccb94f8) 
thrown [s\src\hotspot\share\interpreter\linkResolver.cpp, line 771]
Event: 10.904 Thread 0x0000020f07f475d0 Exception <a 'java/lang/NoSuchMethodError'{0x000000008ccaadd8}: 'java.lang.Object java.lang.invoke.DirectMethodHandle$Holder.invokeSpecialIFC(java.lang.Object, java.lang.Object, java.lang.Object)'> (0x000000008ccaadd8) 
thrown [s\src\hotspot\share\interpreter\linkResolver.cpp, line 771]
Event: 10.952 Thread 0x0000020f07ed6360 Exception <a 'java/lang/NoSuchMethodError'{0x000000008d0e4508}: 'void java.lang.invoke.DirectMethodHandle$Holder.invokeVirtual(java.lang.Object, java.lang.Object)'> (0x000000008d0e4508) 
thrown [s\src\hotspot\share\interpreter\linkResolver.cpp, line 771]
Event: 11.549 Thread 0x0000020f080d8d80 Exception <a 'java/lang/NoSuchMethodError'{0x0000000088bd7b88}: static Lcom/android/build/gradle/internal/scope/InternalArtifactType;.<clinit>()V> (0x0000000088bd7b88) 
thrown [s\src\hotspot\share\prims\jni.cpp, line 1108]
Event: 11.549 Thread 0x0000020f080d8d80 Exception <a 'java/lang/NoSuchMethodError'{0x0000000088bd92e0}: static Lcom/android/build/gradle/internal/scope/InternalArtifactType;.<clinit>()V> (0x0000000088bd92e0) 
thrown [s\src\hotspot\share\prims\jni.cpp, line 1108]
Event: 11.550 Thread 0x0000020f080d8d80 Exception <a 'java/lang/NoSuchMethodError'{0x0000000088bdc480}: static Lcom/android/build/api/artifact/Artifact$Single;.<clinit>()V> (0x0000000088bdc480) 
thrown [s\src\hotspot\share\prims\jni.cpp, line 1108]
Event: 11.550 Thread 0x0000020f080d8d80 Exception <a 'java/lang/NoSuchMethodError'{0x0000000088bdecb8}: static Ljava/lang/Object;.<clinit>()V> (0x0000000088bdecb8) 
thrown [s\src\hotspot\share\prims\jni.cpp, line 1108]
Event: 11.551 Thread 0x0000020f080d8d80 Exception <a 'java/lang/NoSuchMethodError'{0x0000000088bf5180}: static Lcom/android/build/api/artifact/ArtifactKind;.<clinit>()V> (0x0000000088bf5180) 
thrown [s\src\hotspot\share\prims\jni.cpp, line 1108]
Event: 11.552 Thread 0x0000020f080d8d80 Exception <a 'java/lang/NoSuchMethodError'{0x0000000088bf6340}: static Lcom/android/build/api/artifact/ArtifactKind;.<clinit>()V> (0x0000000088bf6340) 
thrown [s\src\hotspot\share\prims\jni.cpp, line 1108]
Event: 11.825 Thread 0x0000020f080d8d80 Exception <a 'sun/nio/fs/WindowsException'{0x000000008d164f08}> (0x000000008d164f08) 
thrown [s\src\hotspot\share\prims\jni.cpp, line 517]
Event: 11.825 Thread 0x0000020f080d8d80 Exception <a 'sun/nio/fs/WindowsException'{0x000000008d166cd8}> (0x000000008d166cd8) 
thrown [s\src\hotspot\share\prims\jni.cpp, line 517]
Event: 11.826 Thread 0x0000020f080d8d80 Exception <a 'sun/nio/fs/WindowsException'{0x000000008d168890}> (0x000000008d168890) 
thrown [s\src\hotspot\share\prims\jni.cpp, line 517]
Event: 11.848 Thread 0x0000020f080d8d80 Exception <a 'java/lang/NoSuchMethodError'{0x000000008d065a40}: 'int java.lang.invoke.DirectMethodHandle$Holder.invokeSpecial(java.lang.Object, java.lang.Object, java.lang.Object, java.lang.Object, java.lang.Object)'> (0x000000008d065a40) 
thrown [s\src\hotspot\share\interpreter\linkResolver.cpp, line 771]
Event: 11.855 Thread 0x0000020f080d8d80 Exception <a 'java/lang/NoSuchMethodError'{0x000000008d0b4b58}: static Ljava/lang/Object;.<clinit>()V> (0x000000008d0b4b58) 
thrown [s\src\hotspot\share\prims\jni.cpp, line 1108]

VM Operations (20 events):
Event: 11.554 Executing VM operation: HandshakeAllThreads done
Event: 11.563 Executing VM operation: ICBufferFull
Event: 11.563 Executing VM operation: ICBufferFull done
Event: 11.566 Executing VM operation: HandshakeAllThreads
Event: 11.567 Executing VM operation: HandshakeAllThreads done
Event: 11.568 Executing VM operation: HandshakeAllThreads
Event: 11.568 Executing VM operation: HandshakeAllThreads done
Event: 11.771 Executing VM operation: G1CollectForAllocation
Event: 11.781 Executing VM operation: G1CollectForAllocation done
Event: 11.783 Executing VM operation: HandshakeAllThreads
Event: 11.783 Executing VM operation: HandshakeAllThreads done
Event: 11.831 Executing VM operation: HandshakeAllThreads
Event: 11.832 Executing VM operation: HandshakeAllThreads done
Event: 11.837 Executing VM operation: HandshakeAllThreads
Event: 11.837 Executing VM operation: HandshakeAllThreads done
Event: 11.845 Executing VM operation: HandshakeAllThreads
Event: 11.846 Executing VM operation: HandshakeAllThreads done
Event: 11.847 Executing VM operation: HandshakeAllThreads
Event: 11.847 Executing VM operation: HandshakeAllThreads done
Event: 11.913 Executing VM operation: G1TryInitiateConcMark

Events (20 events):
Event: 11.466 Thread 0x0000020f7f8ec070 flushing nmethod 0x0000020f6bcbe890
Event: 11.466 Thread 0x0000020f7f8ec070 flushing nmethod 0x0000020f6bcbf010
Event: 11.466 Thread 0x0000020f7f8ec070 flushing nmethod 0x0000020f6bd34990
Event: 11.466 Thread 0x0000020f7f8ec070 flushing nmethod 0x0000020f6bd36290
Event: 11.467 Thread 0x0000020f7f8ec070 flushing nmethod 0x0000020f6be19610
Event: 11.467 Thread 0x0000020f7f8ec070 flushing nmethod 0x0000020f6be2ba90
Event: 11.467 Thread 0x0000020f7f8ec070 flushing nmethod 0x0000020f6be40090
Event: 11.467 Thread 0x0000020f7f8ec070 flushing nmethod 0x0000020f6be40a10
Event: 11.467 Thread 0x0000020f7f8ec070 flushing nmethod 0x0000020f6be48510
Event: 11.468 Thread 0x0000020f7f8ec070 flushing nmethod 0x0000020f6beb9b90
Event: 11.468 Thread 0x0000020f7f8ec070 flushing nmethod 0x0000020f6bedc410
Event: 11.468 Thread 0x0000020f7f8ec070 flushing nmethod 0x0000020f6bee6b10
Event: 11.545 loading class java/util/concurrent/ConcurrentSkipListMap$KeySet
Event: 11.546 loading class java/util/concurrent/ConcurrentSkipListMap$KeySet done
Event: 11.546 loading class java/util/concurrent/ConcurrentSkipListMap$KeyIterator
Event: 11.546 loading class java/util/concurrent/ConcurrentSkipListMap$KeyIterator done
Event: 11.819 loading class java/util/concurrent/LinkedBlockingDeque$Itr
Event: 11.819 loading class java/util/concurrent/LinkedBlockingDeque$AbstractItr
Event: 11.819 loading class java/util/concurrent/LinkedBlockingDeque$AbstractItr done
Event: 11.819 loading class java/util/concurrent/LinkedBlockingDeque$Itr done


Dynamic libraries:
0x00007ff6907b0000 - 0x00007ff6907ba000 	D:\android studio\jbr\bin\java.exe
0x00007ffde6750000 - 0x00007ffde6967000 	C:\WINDOWS\SYSTEM32\ntdll.dll
0x00007ffde5820000 - 0x00007ffde58e4000 	C:\WINDOWS\System32\KERNEL32.DLL
0x00007ffde3c90000 - 0x00007ffde4036000 	C:\WINDOWS\System32\KERNELBASE.dll
0x00007ffde3ad0000 - 0x00007ffde3be1000 	C:\WINDOWS\System32\ucrtbase.dll
0x00007ffdcc710000 - 0x00007ffdcc727000 	D:\android studio\jbr\bin\jli.dll
0x00007ffdcb710000 - 0x00007ffdcb72b000 	D:\android studio\jbr\bin\VCRUNTIME140.dll
0x00007ffde60a0000 - 0x00007ffde624d000 	C:\WINDOWS\System32\USER32.dll
0x00007ffde3c60000 - 0x00007ffde3c86000 	C:\WINDOWS\System32\win32u.dll
0x00007ffde6250000 - 0x00007ffde6279000 	C:\WINDOWS\System32\GDI32.dll
0x00007ffdc8fc0000 - 0x00007ffdc9253000 	C:\WINDOWS\WinSxS\amd64_microsoft.windows.common-controls_6595b64144ccf1df_6.0.22621.2361_none_2712ced57382f843\COMCTL32.dll
0x00007ffde4390000 - 0x00007ffde44a8000 	C:\WINDOWS\System32\gdi32full.dll
0x00007ffde65a0000 - 0x00007ffde6647000 	C:\WINDOWS\System32\msvcrt.dll
0x00007ffde40c0000 - 0x00007ffde415a000 	C:\WINDOWS\System32\msvcp_win.dll
0x00007ffde6280000 - 0x00007ffde62b1000 	C:\WINDOWS\System32\IMM32.DLL
0x00007ffdcc7e0000 - 0x00007ffdcc7ec000 	D:\android studio\jbr\bin\vcruntime140_1.dll
0x00007ffdb1c30000 - 0x00007ffdb1cbd000 	D:\android studio\jbr\bin\msvcp140.dll
0x00007ffd83b20000 - 0x00007ffd8478e000 	D:\android studio\jbr\bin\server\jvm.dll
0x00007ffde62c0000 - 0x00007ffde6370000 	C:\WINDOWS\System32\ADVAPI32.dll
0x00007ffde44b0000 - 0x00007ffde4556000 	C:\WINDOWS\System32\sechost.dll
0x00007ffde6480000 - 0x00007ffde6597000 	C:\WINDOWS\System32\RPCRT4.dll
0x00007ffddd120000 - 0x00007ffddd154000 	C:\WINDOWS\SYSTEM32\WINMM.dll
0x00007ffddd5b0000 - 0x00007ffddd5ba000 	C:\WINDOWS\SYSTEM32\VERSION.dll
0x00007ffdc8750000 - 0x00007ffdc8759000 	C:\WINDOWS\SYSTEM32\WSOCK32.dll
0x00007ffde4cd0000 - 0x00007ffde4d41000 	C:\WINDOWS\System32\WS2_32.dll
0x00007ffde2b10000 - 0x00007ffde2b28000 	C:\WINDOWS\SYSTEM32\kernel.appcore.dll
0x00007ffddec60000 - 0x00007ffddec6a000 	D:\android studio\jbr\bin\jimage.dll
0x00007ffde1420000 - 0x00007ffde164e000 	C:\WINDOWS\SYSTEM32\DBGHELP.DLL
0x00007ffde4640000 - 0x00007ffde49ca000 	C:\WINDOWS\System32\combase.dll
0x00007ffde4560000 - 0x00007ffde4637000 	C:\WINDOWS\System32\OLEAUT32.dll
0x00007ffdc7c60000 - 0x00007ffdc7c92000 	C:\WINDOWS\SYSTEM32\dbgcore.DLL
0x00007ffde4040000 - 0x00007ffde40ba000 	C:\WINDOWS\System32\bcryptPrimitives.dll
0x00007ffdcc780000 - 0x00007ffdcc7a5000 	D:\android studio\jbr\bin\java.dll
0x00007ffddec40000 - 0x00007ffddec58000 	D:\android studio\jbr\bin\zip.dll
0x00007ffde4d50000 - 0x00007ffde55a8000 	C:\WINDOWS\System32\SHELL32.dll
0x00007ffde1a30000 - 0x00007ffde2322000 	C:\WINDOWS\SYSTEM32\windows.storage.dll
0x00007ffde18f0000 - 0x00007ffde1a2e000 	C:\WINDOWS\SYSTEM32\wintypes.dll
0x00007ffde4a80000 - 0x00007ffde4b73000 	C:\WINDOWS\System32\SHCORE.dll
0x00007ffde5df0000 - 0x00007ffde5e4e000 	C:\WINDOWS\System32\shlwapi.dll
0x00007ffde3a00000 - 0x00007ffde3a26000 	C:\WINDOWS\SYSTEM32\profapi.dll
0x00007ffdcddd0000 - 0x00007ffdcdde9000 	D:\android studio\jbr\bin\net.dll
0x00007ffddcfe0000 - 0x00007ffddd117000 	C:\WINDOWS\SYSTEM32\WINHTTP.dll
0x00007ffde2f90000 - 0x00007ffde2ff9000 	C:\WINDOWS\system32\mswsock.dll
0x00007ffdcdd40000 - 0x00007ffdcdd56000 	D:\android studio\jbr\bin\nio.dll
0x00007ffdde930000 - 0x00007ffdde940000 	D:\android studio\jbr\bin\verify.dll
0x00007ffdcb2e0000 - 0x00007ffdcb307000 	C:\Users\hachem safae\.gradle\native\68d5fa5c4cc2d200863cafc0d521ce42e7d3e7ee720ec0a83991735586a16f82\windows-amd64\native-platform.dll
0x00007ffd64870000 - 0x00007ffd649b4000 	C:\Users\hachem safae\.gradle\native\e376f236ea51e6404a007f0833ffe2c6e607c4080706a723a18a27aeea778392\windows-amd64\native-platform-file-events.dll
0x00007ffdde210000 - 0x00007ffdde219000 	D:\android studio\jbr\bin\management.dll
0x00007ffddd8c0000 - 0x00007ffddd8cb000 	D:\android studio\jbr\bin\management_ext.dll
0x00007ffde6650000 - 0x00007ffde6658000 	C:\WINDOWS\System32\PSAPI.DLL
0x00007ffde31e0000 - 0x00007ffde31fb000 	C:\WINDOWS\SYSTEM32\CRYPTSP.dll
0x00007ffde2a70000 - 0x00007ffde2aa5000 	C:\WINDOWS\system32\rsaenh.dll
0x00007ffde3080000 - 0x00007ffde30ac000 	C:\WINDOWS\SYSTEM32\USERENV.dll
0x00007ffde33a0000 - 0x00007ffde33c8000 	C:\WINDOWS\SYSTEM32\bcrypt.dll
0x00007ffde3200000 - 0x00007ffde320c000 	C:\WINDOWS\SYSTEM32\CRYPTBASE.dll
0x00007ffde25d0000 - 0x00007ffde25fd000 	C:\WINDOWS\SYSTEM32\IPHLPAPI.DLL
0x00007ffde57f0000 - 0x00007ffde57f9000 	C:\WINDOWS\System32\NSI.dll
0x00007ffddcef0000 - 0x00007ffddcf09000 	C:\WINDOWS\SYSTEM32\dhcpcsvc6.DLL
0x00007ffddced0000 - 0x00007ffddceef000 	C:\WINDOWS\SYSTEM32\dhcpcsvc.DLL
0x00007ffde2600000 - 0x00007ffde26f9000 	C:\WINDOWS\SYSTEM32\DNSAPI.dll
0x00007ffdcc700000 - 0x00007ffdcc708000 	C:\WINDOWS\system32\wshunix.dll

dbghelp: loaded successfully - version: 4.0.5 - missing functions: none
symbol engine: initialized successfully - sym options: 0x614 - pdb path: .;D:\android studio\jbr\bin;C:\WINDOWS\SYSTEM32;C:\WINDOWS\WinSxS\amd64_microsoft.windows.common-controls_6595b64144ccf1df_6.0.22621.2361_none_2712ced57382f843;D:\android studio\jbr\bin\server;C:\Users\hachem safae\.gradle\native\68d5fa5c4cc2d200863cafc0d521ce42e7d3e7ee720ec0a83991735586a16f82\windows-amd64;C:\Users\hachem safae\.gradle\native\e376f236ea51e6404a007f0833ffe2c6e607c4080706a723a18a27aeea778392\windows-amd64

VM Arguments:
jvm_args: --add-opens=java.base/java.util=ALL-UNNAMED --add-opens=java.base/java.lang=ALL-UNNAMED --add-opens=java.base/java.lang.invoke=ALL-UNNAMED --add-opens=java.prefs/java.util.prefs=ALL-UNNAMED --add-opens=java.base/java.nio.charset=ALL-UNNAMED --add-opens=java.base/java.net=ALL-UNNAMED --add-opens=java.base/java.util.concurrent.atomic=ALL-UNNAMED -Xmx2048m -Dfile.encoding=UTF-8 -Duser.country=FR -Duser.language=fr -Duser.variant 
java_command: org.gradle.launcher.daemon.bootstrap.GradleDaemon 8.0
java_class_path (initial): C:\Users\hachem safae\.gradle\wrapper\dists\gradle-8.0-bin\ca5e32bp14vu59qr306oxotwh\gradle-8.0\lib\gradle-launcher-8.0.jar
Launcher Type: SUN_STANDARD

[Global flags]
     intx CICompilerCount                          = 4                                         {product} {ergonomic}
     uint ConcGCThreads                            = 2                                         {product} {ergonomic}
     uint G1ConcRefinementThreads                  = 8                                         {product} {ergonomic}
   size_t G1HeapRegionSize                         = 1048576                                   {product} {ergonomic}
    uintx GCDrainStackTargetSize                   = 64                                        {product} {ergonomic}
   size_t InitialHeapSize                          = 266338304                                 {product} {ergonomic}
   size_t MarkStackSize                            = 4194304                                   {product} {ergonomic}
   size_t MaxHeapSize                              = 2147483648                                {product} {command line}
   size_t MaxNewSize                               = 1287651328                                {product} {ergonomic}
   size_t MinHeapDeltaBytes                        = 1048576                                   {product} {ergonomic}
   size_t MinHeapSize                              = 8388608                                   {product} {ergonomic}
    uintx NonNMethodCodeHeapSize                   = 5839372                                {pd product} {ergonomic}
    uintx NonProfiledCodeHeapSize                  = 122909434                              {pd product} {ergonomic}
    uintx ProfiledCodeHeapSize                     = 122909434                              {pd product} {ergonomic}
    uintx ReservedCodeCacheSize                    = 251658240                              {pd product} {ergonomic}
     bool SegmentedCodeCache                       = true                                      {product} {ergonomic}
   size_t SoftMaxHeapSize                          = 2147483648                             {manageable} {ergonomic}
     bool UseCompressedClassPointers               = true                           {product lp64_product} {ergonomic}
     bool UseCompressedOops                        = true                           {product lp64_product} {ergonomic}
     bool UseG1GC                                  = true                                      {product} {ergonomic}
     bool UseLargePagesIndividualAllocation        = false                                  {pd product} {ergonomic}

Logging:
Log output configuration:
 #0: stdout all=warning uptime,level,tags
 #1: stderr all=off uptime,level,tags

Environment Variables:
JAVA_HOME=C:\Program Files\Java\jdk-17
PATH=C:\Program Files (x86)\Common Files\Oracle\Java\javapath;C:\Program Files (x86)\VMware\VMware Workstation\bin\;D:\oraclexe\app\oracle\product\11.2.0\server\bin;C:\Program Files\Common Files\Oracle\Java\javapath;C:\WINDOWS\system32;C:\WINDOWS;C:\WINDOWS\System32\Wbem;C:\WINDOWS\System32\WindowsPowerShell\v1.0\;C:\WINDOWS\System32\OpenSSH\;c:\Program Files (x86)\Microsoft SQL Server\100\Tools\Binn\;c:\Program Files\Microsoft SQL Server\100\Tools\Binn\;c:\Program Files\Microsoft SQL Server\100\DTS\Binn\;D:\java_jdk 8\bin;C:\Program Files\Java\jdk-17\bin;C:\Program Files\Java\jdk-11\bin;C:\Program Files\Java\jdk-19\bin;C:\Program Files\Common Files\Oracle\Java\javapath;C:\ProgramData\ComposerSetup\bin;D:\XAAMP\php\php.exe;D:\xamp\php;C:\Program Files\wkhtmltopdf\bin;D:\node;C:\Program Files\Git\cmd;C:\Program Files\nodejs\;C:\Program Files\MongoDB\Server\6.0\bin;D:\XAAMP\php;C:\Program Files\Java\apache-maven-3.9.5\bin;C:\Users\hachem safae\AppData\Local\Programs\Python\Python310\Scripts\;C:\Users\hachem safae\AppData\Local\Programs\Python\Python310\;C:\Program Files\MySQL\MySQL Shell 8.0\bin\;C:\Users\hachem safae\AppData\Local\Microsoft\WindowsApps;C:\Users\hachem safae\AppData\Roaming\Dashlane\6.2007.0.32704\bin\Firefox_Extension\{442718d9-475e-452a-b3e1-fb1ee16b8e9f}\components;C:\Users\hachem safae\AppData\Roaming\Dashlane\6.2007.0.32704\ucrt;C:\Users\hachem safae\AppData\Roaming\Dashlane\6.2007.0.32704\bin\Qt;C:\Users\hachem safae\AppData\Roaming\Dashlane\6.2007.0.32704\bin\Ssl;C:\Program Files\JetBrains\IntelliJ IDEA Community Edition 2020.2.2\bin;C:\Users\hachem safae\AppData\Local\Microsoft\WindowsApps;C:\Users\hachem safae\AppData\Local\Programs\Microsoft VS Code\bin;C:\Program Files\IntelliJ IDEA Community Edition 2022.3.2\bin;;C:\Users\hachem safae\AppData\Local\ComposerSetup\bin;C:\Users\hachem safae\AppData\Roaming\Composer\vendor\bin;C:\Users\hachem safae\AppData\Roaming\npm;D:\android2\platform-tools;D:\XAAMP\php;C:\wamp64\bin\php\php5.6.40;C:\;C:\Prog
USERNAME=hachem safae
OS=Windows_NT
PROCESSOR_IDENTIFIER=Intel64 Family 6 Model 142 Stepping 12, GenuineIntel
TMP=C:\Users\HACHEM~1\AppData\Local\Temp
TEMP=C:\Users\HACHEM~1\AppData\Local\Temp


JNI global refs:
JNI global refs: 29, weak refs: 6

JNI global refs memory usage: 843, weak refs: 841


---------------  S Y S T E M  ---------------

OS:
 Windows 11 , 64 bit Build 22621 (10.0.22621.2428)
OS uptime: 1 days 13:21 hours

CPU: total 8 (initial active 8) (4 cores per cpu, 2 threads per core) family 6 model 142 stepping 12 microcode 0xf6, cx8, cmov, fxsr, ht, mmx, 3dnowpref, sse, sse2, sse3, ssse3, sse4.1, sse4.2, popcnt, lzcnt, tsc, tscinvbit, avx, avx2, aes, erms, clmul, bmi1, bmi2, adx, fma, vzeroupper, clflush, clflushopt

Memory: 4k page, system-wide physical 16194M (2574M free)
TotalPageFile size 18242M (AvailPageFile size 16M)
current process WorkingSet (physical memory assigned to process): 420M, peak: 422M
current process commit charge ("private bytes"): 456M, peak: 504M

vm_info: OpenJDK 64-Bit Server VM (17.0.6+0-b2043.56-10027231) for windows-amd64 JRE (17.0.6+0-b2043.56-10027231), built on Apr 28 2023 00:43:19 by "androidbuild" with MS VC++ 16.10 / 16.11 (VS2019)

END.
