#
# There is insufficient memory for the Java Runtime Environment to continue.
# Native memory allocation (mmap) failed to map 33554432 bytes for G1 virtual space
# Possible reasons:
#   The system is out of physical RAM or swap space
#   The process is running with CompressedOops enabled, and the Java Heap may be blocking the growth of the native heap
# Possible solutions:
#   Reduce memory load on the system
#   Increase physical memory or swap space
#   Check if swap backing store is full
#   Decrease Java heap size (-Xmx/-Xms)
#   Decrease number of Java threads
#   Decrease Java thread stack sizes (-Xss)
#   Set larger code cache with -XX:ReservedCodeCacheSize=
#   JVM is running with Unscaled Compressed Oops mode in which the Java heap is
#     placed in the first 4GB address space. The Java Heap base address is the
#     maximum limit for the native heap growth. Please use -XX:HeapBaseMinAddress
#     to set the Java Heap base and to place the Java Heap above 4GB virtual address.
# This output file may be truncated or incomplete.
#
#  Out of Memory Error (os_windows.cpp:3769), pid=26176, tid=18436
#
# JRE version: OpenJDK Runtime Environment (17.0.6) (build 17.0.6+0-b2043.56-10027231)
# Java VM: OpenJDK 64-Bit Server VM (17.0.6+0-b2043.56-10027231, mixed mode, tiered, compressed oops, compressed class ptrs, g1 gc, windows-amd64)
# No core dump will be written. Minidumps are not enabled by default on client versions of Windows
#

---------------  S U M M A R Y ------------

Command Line: --add-opens=java.base/java.util=ALL-UNNAMED --add-opens=java.base/java.lang=ALL-UNNAMED --add-opens=java.base/java.lang.invoke=ALL-UNNAMED --add-opens=java.prefs/java.util.prefs=ALL-UNNAMED --add-opens=java.base/java.nio.charset=ALL-UNNAMED --add-opens=java.base/java.net=ALL-UNNAMED --add-opens=java.base/java.util.concurrent.atomic=ALL-UNNAMED -Xmx2048m -Dfile.encoding=UTF-8 -Duser.country=FR -Duser.language=fr -Duser.variant org.gradle.launcher.daemon.bootstrap.GradleDaemon 8.0

Host: Intel(R) Core(TM) i7-8565U CPU @ 1.80GHz, 8 cores, 15G,  Windows 11 , 64 bit Build 22621 (10.0.22621.2428)
Time: Sun Nov  5 08:30:12 2023 Maroc (heure d64 bit Build 22621 (10.0.22621.2428) elapsed time: 15.346726 seconds (0d 0h 0m 15s)

---------------  T H R E A D  ---------------

Current thread (0x0000024758c38650):  VMThread "VM Thread" [stack: 0x000000ea40100000,0x000000ea40200000] [id=18436]

Stack: [0x000000ea40100000,0x000000ea40200000]
Native frames: (J=compiled Java code, j=interpreted, Vv=VM code, C=native code)
V  [jvm.dll+0x683c9a]
V  [jvm.dll+0x8427a4]
V  [jvm.dll+0x843f9e]
V  [jvm.dll+0x844603]
V  [jvm.dll+0x249b75]
V  [jvm.dll+0x680b69]
V  [jvm.dll+0x67505a]
V  [jvm.dll+0x309acb]
V  [jvm.dll+0x310f86]
V  [jvm.dll+0x3608ee]
V  [jvm.dll+0x360b1f]
V  [jvm.dll+0x2dfbf8]
V  [jvm.dll+0x2ddec4]
V  [jvm.dll+0x2dd4cc]
V  [jvm.dll+0x321f3b]
V  [jvm.dll+0x848ccb]
V  [jvm.dll+0x849a04]
V  [jvm.dll+0x849f1d]
V  [jvm.dll+0x84a2f4]
V  [jvm.dll+0x84a3c0]
V  [jvm.dll+0x7f274a]
V  [jvm.dll+0x682ad5]
C  [ucrtbase.dll+0x29363]
C  [KERNEL32.DLL+0x1257d]
C  [ntdll.dll+0x5aa78]

VM_Operation (0x000000ea44afd8f0): G1CollectForAllocation, mode: safepoint, requested by thread 0x000002475eeddd30


---------------  P R O C E S S  ---------------

Threads class SMR info:
_java_thread_list=0x000002475ed57650, length=137, elements={
0x000002473c55d8b0, 0x0000024758c39ee0, 0x0000024758c3ad50, 0x0000024758c838e0,
0x0000024758c84490, 0x0000024758c87560, 0x0000024758c89b30, 0x0000024758c8a8e0,
0x0000024758c8e490, 0x0000024758c98ab0, 0x0000024758dfe2a0, 0x0000024758e2e070,
0x000002475a1ce2f0, 0x0000024759986540, 0x0000024759a8d390, 0x000002475c307ce0,
0x000002475b4ce7d0, 0x00000247592d6e70, 0x00000247592d5b30, 0x00000247592d64d0,
0x00000247592d5660, 0x00000247592d6000, 0x00000247592d8680, 0x00000247592d7340,
0x000002475c61b020, 0x00000247592d8b50, 0x00000247592d5190, 0x00000247592d7810,
0x000002475c7da510, 0x000002475c7dc1f0, 0x000002475c7d8d00, 0x000002475c7d7e90,
0x000002475c7d8360, 0x000002475c7d91d0, 0x000002475c7daeb0, 0x000002475c7dbd20,
0x000002475c7dc6c0, 0x000002475c7dd530, 0x000002475c7dcb90, 0x000002475c7dd060,
0x000002475c7dda00, 0x000002475c7de870, 0x000002475f594440, 0x000002475eedc050,
0x000002475eed81c0, 0x000002475eed99d0, 0x000002475eed9500, 0x000002475eedc520,
0x000002475eedeba0, 0x000002475eedf070, 0x000002475eed7820, 0x000002475eed9030,
0x000002475eed9ea0, 0x000002475eedbb80, 0x000002475eedb6b0, 0x000002475eed7cf0,
0x000002475eeda840, 0x000002475eedd390, 0x000002475eedad10, 0x000002475eedb1e0,
0x000002475eedc9f0, 0x000002475eeda370, 0x000002475eedd860, 0x000002475eedcec0,
0x000002475eeddd30, 0x000002475eede200, 0x000002475eede6d0, 0x000002475f859f10,
0x000002475f85a3e0, 0x000002475f85c0c0, 0x000002475f85d8d0, 0x000002475f85dda0,
0x000002475f859570, 0x000002475f85ad80, 0x000002475f8590a0, 0x000002475f85b250,
0x000002475f85ec10, 0x000002475f857d60, 0x000002475f859a40, 0x000002475f85c590,
0x000002475f85e270, 0x000002475f85a8b0, 0x000002475f858230, 0x000002475f85b720,
0x000002475f85bbf0, 0x000002475f857890, 0x000002475f85ca60, 0x000002475f85cf30,
0x000002475f85d400, 0x000002475f85e740, 0x000002475f85f0e0, 0x000002475f858700,
0x000002475f858bd0, 0x000002475f6d81a0, 0x000002475f6db690, 0x000002475f6dbb60,
0x000002475f6dc030, 0x000002475f6dc500, 0x000002475f6dcea0, 0x000002475f6d9e80,
0x000002475f6d7800, 0x000002475f6da350, 0x000002475f6d7cd0, 0x000002475f6de1e0,
0x000002475f6ddd10, 0x000002475f6db1c0, 0x000002475f6d94e0, 0x000002475f6dc9d0,
0x000002475f6dd370, 0x000002475f6dd840, 0x000002475f6de6b0, 0x000002475f6da820,
0x000002475f6dacf0, 0x000002475f6d6e60, 0x000002475f6d7330, 0x000002475f6d8670,
0x000002475f6d8b40, 0x000002475f6d9010, 0x000002475f6d99b0, 0x000002475f5184c0,
0x000002475f512480, 0x000002475f512950, 0x000002475f516310, 0x000002475f512e20,
0x000002475f5132f0, 0x000002475f5137c0, 0x000002475f515e40, 0x000002475f5167e0,
0x000002475f514b00, 0x000002475f5154a0, 0x000002475f511fb0, 0x000002475f514fd0,
0x000002475f517b20, 0x000002475f515970, 0x000002475f517ff0, 0x000002475f511140,
0x000002475f511ae0
}

Java Threads: ( => current thread )
  0x000002473c55d8b0 JavaThread "main" [_thread_blocked, id=9236, stack(0x000000ea3fb00000,0x000000ea3fc00000)]
  0x0000024758c39ee0 JavaThread "Reference Handler" daemon [_thread_blocked, id=23732, stack(0x000000ea40200000,0x000000ea40300000)]
  0x0000024758c3ad50 JavaThread "Finalizer" daemon [_thread_blocked, id=16240, stack(0x000000ea40300000,0x000000ea40400000)]
  0x0000024758c838e0 JavaThread "Signal Dispatcher" daemon [_thread_blocked, id=12624, stack(0x000000ea40400000,0x000000ea40500000)]
  0x0000024758c84490 JavaThread "Attach Listener" daemon [_thread_blocked, id=21536, stack(0x000000ea40500000,0x000000ea40600000)]
  0x0000024758c87560 JavaThread "Service Thread" daemon [_thread_blocked, id=11060, stack(0x000000ea40600000,0x000000ea40700000)]
  0x0000024758c89b30 JavaThread "Monitor Deflation Thread" daemon [_thread_blocked, id=11772, stack(0x000000ea40700000,0x000000ea40800000)]
  0x0000024758c8a8e0 JavaThread "C2 CompilerThread0" daemon [_thread_blocked, id=26316, stack(0x000000ea40800000,0x000000ea40900000)]
  0x0000024758c8e490 JavaThread "C1 CompilerThread0" daemon [_thread_blocked, id=18608, stack(0x000000ea40900000,0x000000ea40a00000)]
  0x0000024758c98ab0 JavaThread "Sweeper thread" daemon [_thread_blocked, id=12008, stack(0x000000ea40a00000,0x000000ea40b00000)]
  0x0000024758dfe2a0 JavaThread "Common-Cleaner" daemon [_thread_blocked, id=11692, stack(0x000000ea40b00000,0x000000ea40c00000)]
  0x0000024758e2e070 JavaThread "Notification Thread" daemon [_thread_blocked, id=25864, stack(0x000000ea40c00000,0x000000ea40d00000)]
  0x000002475a1ce2f0 JavaThread "Daemon health stats" [_thread_blocked, id=11228, stack(0x000000ea41500000,0x000000ea41600000)]
  0x0000024759986540 JavaThread "Incoming local TCP Connector on port 57669" [_thread_in_native, id=26288, stack(0x000000ea40f00000,0x000000ea41000000)]
  0x0000024759a8d390 JavaThread "Daemon periodic checks" [_thread_blocked, id=22776, stack(0x000000ea41600000,0x000000ea41700000)]
  0x000002475c307ce0 JavaThread "Daemon" [_thread_blocked, id=7772, stack(0x000000ea41700000,0x000000ea41800000)]
  0x000002475b4ce7d0 JavaThread "Handler for socket connection from /127.0.0.1:57669 to /127.0.0.1:57670" [_thread_in_native, id=25352, stack(0x000000ea41800000,0x000000ea41900000)]
  0x00000247592d6e70 JavaThread "Cancel handler" [_thread_blocked, id=22664, stack(0x000000ea41900000,0x000000ea41a00000)]
  0x00000247592d5b30 JavaThread "Daemon worker" [_thread_blocked, id=17772, stack(0x000000ea41a00000,0x000000ea41b00000)]
  0x00000247592d64d0 JavaThread "Asynchronous log dispatcher for DefaultDaemonConnection: socket connection from /127.0.0.1:57669 to /127.0.0.1:57670" [_thread_blocked, id=22204, stack(0x000000ea41b00000,0x000000ea41c00000)]
  0x00000247592d5660 JavaThread "Stdin handler" [_thread_blocked, id=9948, stack(0x000000ea41c00000,0x000000ea41d00000)]
  0x00000247592d6000 JavaThread "Daemon client event forwarder" [_thread_blocked, id=25168, stack(0x000000ea41d00000,0x000000ea41e00000)]
  0x00000247592d8680 JavaThread "Cache worker for journal cache (C:\Users\hachem safae\.gradle\caches\journal-1)" [_thread_blocked, id=21560, stack(0x000000ea42000000,0x000000ea42100000)]
  0x00000247592d7340 JavaThread "File lock request listener" [_thread_in_native, id=5200, stack(0x000000ea42100000,0x000000ea42200000)]
  0x000002475c61b020 JavaThread "C2 CompilerThread1" daemon [_thread_blocked, id=3896, stack(0x000000ea42200000,0x000000ea42300000)]
  0x00000247592d8b50 JavaThread "Cache worker for file hash cache (C:\Users\hachem safae\.gradle\caches\8.0\fileHashes)" [_thread_blocked, id=10060, stack(0x000000ea42300000,0x000000ea42400000)]
  0x00000247592d5190 JavaThread "File watcher server" daemon [_thread_blocked, id=22660, stack(0x000000ea42500000,0x000000ea42600000)]
  0x00000247592d7810 JavaThread "File watcher consumer" daemon [_thread_blocked, id=13812, stack(0x000000ea42600000,0x000000ea42700000)]
  0x000002475c7da510 JavaThread "Cache worker for checksums cache (D:\App_Android studio\projet_inscription\.gradle\8.0\checksums)" [_thread_blocked, id=22468, stack(0x000000ea42700000,0x000000ea42800000)]
  0x000002475c7dc1f0 JavaThread "Cache worker for cache directory md-rule (C:\Users\hachem safae\.gradle\caches\8.0\md-rule)" [_thread_blocked, id=24160, stack(0x000000ea42800000,0x000000ea42900000)]
  0x000002475c7d8d00 JavaThread "Cache worker for file content cache (C:\Users\hachem safae\.gradle\caches\8.0\fileContent)" [_thread_blocked, id=23316, stack(0x000000ea42900000,0x000000ea42a00000)]
  0x000002475c7d7e90 JavaThread "Cache worker for file hash cache (D:\App_Android studio\projet_inscription\.gradle\8.0\fileHashes)" [_thread_blocked, id=24344, stack(0x000000ea42a00000,0x000000ea42b00000)]
  0x000002475c7d8360 JavaThread "Cache worker for cache directory md-supplier (C:\Users\hachem safae\.gradle\caches\8.0\md-supplier)" [_thread_blocked, id=21872, stack(0x000000ea42b00000,0x000000ea42c00000)]
  0x000002475c7d91d0 JavaThread "Cache worker for execution history cache (C:\Users\hachem safae\.gradle\caches\8.0\executionHistory)" [_thread_blocked, id=20496, stack(0x000000ea42c00000,0x000000ea42d00000)]
  0x000002475c7daeb0 JavaThread "jar transforms" [_thread_blocked, id=14792, stack(0x000000ea42d00000,0x000000ea42e00000)]
  0x000002475c7dbd20 JavaThread "jar transforms Thread 2" [_thread_blocked, id=10976, stack(0x000000ea42e00000,0x000000ea42f00000)]
  0x000002475c7dc6c0 JavaThread "Cache worker for kotlin-dsl (C:\Users\hachem safae\.gradle\caches\8.0\kotlin-dsl)" [_thread_blocked, id=26328, stack(0x000000ea42f00000,0x000000ea43000000)]
  0x000002475c7dd530 JavaThread "jar transforms Thread 3" [_thread_blocked, id=6576, stack(0x000000ea43000000,0x000000ea43100000)]
  0x000002475c7dcb90 JavaThread "jar transforms Thread 4" [_thread_blocked, id=748, stack(0x000000ea43100000,0x000000ea43200000)]
  0x000002475c7dd060 JavaThread "Cache worker for dependencies-accessors (D:\App_Android studio\projet_inscription\.gradle\8.0\dependencies-accessors)" [_thread_blocked, id=17836, stack(0x000000ea43200000,0x000000ea43300000)]
  0x000002475c7dda00 JavaThread "Cache worker for Build Output Cleanup Cache (D:\App_Android studio\projet_inscription\.gradle\buildOutputCleanup)" [_thread_blocked, id=3816, stack(0x000000ea42400000,0x000000ea42500000)]
  0x000002475c7de870 JavaThread "jar transforms Thread 5" [_thread_blocked, id=26080, stack(0x000000ea43300000,0x000000ea43400000)]
  0x000002475f594440 JavaThread "C2 CompilerThread2" daemon [_thread_blocked, id=21956, stack(0x000000ea43400000,0x000000ea43500000)]
  0x000002475eedc050 JavaThread "Unconstrained build operations" [_thread_blocked, id=25160, stack(0x000000ea43500000,0x000000ea43600000)]
  0x000002475eed81c0 JavaThread "Unconstrained build operations Thread 2" [_thread_blocked, id=11384, stack(0x000000ea43600000,0x000000ea43700000)]
  0x000002475eed99d0 JavaThread "Unconstrained build operations Thread 3" [_thread_blocked, id=22440, stack(0x000000ea43700000,0x000000ea43800000)]
  0x000002475eed9500 JavaThread "Unconstrained build operations Thread 4" [_thread_blocked, id=8100, stack(0x000000ea43800000,0x000000ea43900000)]
  0x000002475eedc520 JavaThread "Unconstrained build operations Thread 5" [_thread_blocked, id=24680, stack(0x000000ea43900000,0x000000ea43a00000)]
  0x000002475eedeba0 JavaThread "Unconstrained build operations Thread 6" [_thread_blocked, id=23388, stack(0x000000ea43a00000,0x000000ea43b00000)]
  0x000002475eedf070 JavaThread "Unconstrained build operations Thread 7" [_thread_blocked, id=23944, stack(0x000000ea43b00000,0x000000ea43c00000)]
  0x000002475eed7820 JavaThread "Unconstrained build operations Thread 8" [_thread_blocked, id=23460, stack(0x000000ea43c00000,0x000000ea43d00000)]
  0x000002475eed9030 JavaThread "Unconstrained build operations Thread 9" [_thread_blocked, id=24908, stack(0x000000ea43d00000,0x000000ea43e00000)]
  0x000002475eed9ea0 JavaThread "Unconstrained build operations Thread 10" [_thread_blocked, id=25492, stack(0x000000ea43e00000,0x000000ea43f00000)]
  0x000002475eedbb80 JavaThread "Unconstrained build operations Thread 11" [_thread_blocked, id=25192, stack(0x000000ea43f00000,0x000000ea44000000)]
  0x000002475eedb6b0 JavaThread "Unconstrained build operations Thread 12" [_thread_blocked, id=18128, stack(0x000000ea44000000,0x000000ea44100000)]
  0x000002475eed7cf0 JavaThread "Unconstrained build operations Thread 13" [_thread_blocked, id=3120, stack(0x000000ea44100000,0x000000ea44200000)]
  0x000002475eeda840 JavaThread "Unconstrained build operations Thread 14" [_thread_blocked, id=26132, stack(0x000000ea44200000,0x000000ea44300000)]
  0x000002475eedd390 JavaThread "Unconstrained build operations Thread 15" [_thread_blocked, id=24076, stack(0x000000ea44300000,0x000000ea44400000)]
  0x000002475eedad10 JavaThread "Unconstrained build operations Thread 16" [_thread_blocked, id=21804, stack(0x000000ea44400000,0x000000ea44500000)]
  0x000002475eedb1e0 JavaThread "Unconstrained build operations Thread 17" [_thread_blocked, id=25136, stack(0x000000ea44500000,0x000000ea44600000)]
  0x000002475eedc9f0 JavaThread "Unconstrained build operations Thread 18" [_thread_blocked, id=23108, stack(0x000000ea44600000,0x000000ea44700000)]
  0x000002475eeda370 JavaThread "Unconstrained build operations Thread 19" [_thread_blocked, id=21668, stack(0x000000ea44700000,0x000000ea44800000)]
  0x000002475eedd860 JavaThread "Unconstrained build operations Thread 20" [_thread_blocked, id=25800, stack(0x000000ea44800000,0x000000ea44900000)]
  0x000002475eedcec0 JavaThread "Unconstrained build operations Thread 21" [_thread_blocked, id=26336, stack(0x000000ea44900000,0x000000ea44a00000)]
  0x000002475eeddd30 JavaThread "Unconstrained build operations Thread 22" [_thread_blocked, id=5532, stack(0x000000ea44a00000,0x000000ea44b00000)]
  0x000002475eede200 JavaThread "Unconstrained build operations Thread 23" [_thread_blocked, id=17924, stack(0x000000ea44b00000,0x000000ea44c00000)]
  0x000002475eede6d0 JavaThread "Unconstrained build operations Thread 24" [_thread_blocked, id=19392, stack(0x000000ea44c00000,0x000000ea44d00000)]
  0x000002475f859f10 JavaThread "Unconstrained build operations Thread 25" [_thread_blocked, id=24968, stack(0x000000ea44d00000,0x000000ea44e00000)]
  0x000002475f85a3e0 JavaThread "Unconstrained build operations Thread 26" [_thread_blocked, id=23776, stack(0x000000ea44e00000,0x000000ea44f00000)]
  0x000002475f85c0c0 JavaThread "Unconstrained build operations Thread 27" [_thread_blocked, id=8180, stack(0x000000ea44f00000,0x000000ea45000000)]
  0x000002475f85d8d0 JavaThread "Unconstrained build operations Thread 28" [_thread_blocked, id=19812, stack(0x000000ea45000000,0x000000ea45100000)]
  0x000002475f85dda0 JavaThread "Unconstrained build operations Thread 29" [_thread_blocked, id=24520, stack(0x000000ea45100000,0x000000ea45200000)]
  0x000002475f859570 JavaThread "Unconstrained build operations Thread 30" [_thread_blocked, id=24364, stack(0x000000ea45200000,0x000000ea45300000)]
  0x000002475f85ad80 JavaThread "Unconstrained build operations Thread 31" [_thread_blocked, id=23180, stack(0x000000ea45300000,0x000000ea45400000)]
  0x000002475f8590a0 JavaThread "Unconstrained build operations Thread 32" [_thread_blocked, id=16976, stack(0x000000ea45400000,0x000000ea45500000)]
  0x000002475f85b250 JavaThread "Unconstrained build operations Thread 33" [_thread_blocked, id=5000, stack(0x000000ea45500000,0x000000ea45600000)]
  0x000002475f85ec10 JavaThread "Unconstrained build operations Thread 34" [_thread_blocked, id=26056, stack(0x000000ea45600000,0x000000ea45700000)]
  0x000002475f857d60 JavaThread "Unconstrained build operations Thread 35" [_thread_blocked, id=24024, stack(0x000000ea45700000,0x000000ea45800000)]
  0x000002475f859a40 JavaThread "Unconstrained build operations Thread 36" [_thread_blocked, id=7140, stack(0x000000ea45800000,0x000000ea45900000)]
  0x000002475f85c590 JavaThread "Unconstrained build operations Thread 37" [_thread_blocked, id=7456, stack(0x000000ea45900000,0x000000ea45a00000)]
  0x000002475f85e270 JavaThread "Unconstrained build operations Thread 38" [_thread_blocked, id=10244, stack(0x000000ea45a00000,0x000000ea45b00000)]
  0x000002475f85a8b0 JavaThread "Unconstrained build operations Thread 39" [_thread_blocked, id=25736, stack(0x000000ea45b00000,0x000000ea45c00000)]
  0x000002475f858230 JavaThread "Unconstrained build operations Thread 40" [_thread_blocked, id=9392, stack(0x000000ea45c00000,0x000000ea45d00000)]
  0x000002475f85b720 JavaThread "Unconstrained build operations Thread 41" [_thread_blocked, id=1232, stack(0x000000ea45d00000,0x000000ea45e00000)]
  0x000002475f85bbf0 JavaThread "Unconstrained build operations Thread 42" [_thread_blocked, id=22508, stack(0x000000ea45e00000,0x000000ea45f00000)]
  0x000002475f857890 JavaThread "Unconstrained build operations Thread 43" [_thread_blocked, id=4912, stack(0x000000ea45f00000,0x000000ea46000000)]
  0x000002475f85ca60 JavaThread "Unconstrained build operations Thread 44" [_thread_blocked, id=25404, stack(0x000000ea46000000,0x000000ea46100000)]
  0x000002475f85cf30 JavaThread "Unconstrained build operations Thread 45" [_thread_blocked, id=896, stack(0x000000ea46100000,0x000000ea46200000)]
  0x000002475f85d400 JavaThread "Unconstrained build operations Thread 46" [_thread_blocked, id=23876, stack(0x000000ea46200000,0x000000ea46300000)]
  0x000002475f85e740 JavaThread "Unconstrained build operations Thread 47" [_thread_blocked, id=23676, stack(0x000000ea46300000,0x000000ea46400000)]
  0x000002475f85f0e0 JavaThread "Unconstrained build operations Thread 48" [_thread_blocked, id=10336, stack(0x000000ea46400000,0x000000ea46500000)]
  0x000002475f858700 JavaThread "Unconstrained build operations Thread 49" [_thread_blocked, id=25808, stack(0x000000ea46500000,0x000000ea46600000)]
  0x000002475f858bd0 JavaThread "Unconstrained build operations Thread 50" [_thread_blocked, id=24248, stack(0x000000ea46600000,0x000000ea46700000)]
  0x000002475f6d81a0 JavaThread "Unconstrained build operations Thread 51" [_thread_blocked, id=17720, stack(0x000000ea46700000,0x000000ea46800000)]
  0x000002475f6db690 JavaThread "Unconstrained build operations Thread 52" [_thread_blocked, id=9756, stack(0x000000ea46800000,0x000000ea46900000)]
  0x000002475f6dbb60 JavaThread "Unconstrained build operations Thread 53" [_thread_blocked, id=8920, stack(0x000000ea46900000,0x000000ea46a00000)]
  0x000002475f6dc030 JavaThread "Unconstrained build operations Thread 54" [_thread_blocked, id=2872, stack(0x000000ea46a00000,0x000000ea46b00000)]
  0x000002475f6dc500 JavaThread "Unconstrained build operations Thread 55" [_thread_blocked, id=12492, stack(0x000000ea46b00000,0x000000ea46c00000)]
  0x000002475f6dcea0 JavaThread "Unconstrained build operations Thread 56" [_thread_blocked, id=26272, stack(0x000000ea46c00000,0x000000ea46d00000)]
  0x000002475f6d9e80 JavaThread "Unconstrained build operations Thread 57" [_thread_blocked, id=4048, stack(0x000000ea46d00000,0x000000ea46e00000)]
  0x000002475f6d7800 JavaThread "Unconstrained build operations Thread 58" [_thread_blocked, id=2916, stack(0x000000ea46e00000,0x000000ea46f00000)]
  0x000002475f6da350 JavaThread "Unconstrained build operations Thread 59" [_thread_blocked, id=19788, stack(0x000000ea46f00000,0x000000ea47000000)]
  0x000002475f6d7cd0 JavaThread "Unconstrained build operations Thread 60" [_thread_blocked, id=10604, stack(0x000000ea47000000,0x000000ea47100000)]
  0x000002475f6de1e0 JavaThread "Unconstrained build operations Thread 61" [_thread_blocked, id=20116, stack(0x000000ea47100000,0x000000ea47200000)]
  0x000002475f6ddd10 JavaThread "Unconstrained build operations Thread 62" [_thread_blocked, id=13152, stack(0x000000ea47200000,0x000000ea47300000)]
  0x000002475f6db1c0 JavaThread "Unconstrained build operations Thread 63" [_thread_blocked, id=24304, stack(0x000000ea47300000,0x000000ea47400000)]
  0x000002475f6d94e0 JavaThread "Unconstrained build operations Thread 64" [_thread_blocked, id=23396, stack(0x000000ea47400000,0x000000ea47500000)]
  0x000002475f6dc9d0 JavaThread "Unconstrained build operations Thread 65" [_thread_blocked, id=1148, stack(0x000000ea47500000,0x000000ea47600000)]
  0x000002475f6dd370 JavaThread "Unconstrained build operations Thread 66" [_thread_blocked, id=3176, stack(0x000000ea47600000,0x000000ea47700000)]
  0x000002475f6dd840 JavaThread "Unconstrained build operations Thread 67" [_thread_blocked, id=19828, stack(0x000000ea47700000,0x000000ea47800000)]
  0x000002475f6de6b0 JavaThread "Unconstrained build operations Thread 68" [_thread_blocked, id=18064, stack(0x000000ea47800000,0x000000ea47900000)]
  0x000002475f6da820 JavaThread "Unconstrained build operations Thread 69" [_thread_blocked, id=23472, stack(0x000000ea47900000,0x000000ea47a00000)]
  0x000002475f6dacf0 JavaThread "Unconstrained build operations Thread 70" [_thread_blocked, id=21816, stack(0x000000ea47a00000,0x000000ea47b00000)]
  0x000002475f6d6e60 JavaThread "Unconstrained build operations Thread 71" [_thread_blocked, id=17548, stack(0x000000ea47b00000,0x000000ea47c00000)]
  0x000002475f6d7330 JavaThread "Unconstrained build operations Thread 72" [_thread_blocked, id=20240, stack(0x000000ea47c00000,0x000000ea47d00000)]
  0x000002475f6d8670 JavaThread "Unconstrained build operations Thread 73" [_thread_blocked, id=4972, stack(0x000000ea47d00000,0x000000ea47e00000)]
  0x000002475f6d8b40 JavaThread "Unconstrained build operations Thread 74" [_thread_blocked, id=19108, stack(0x000000ea47e00000,0x000000ea47f00000)]
  0x000002475f6d9010 JavaThread "Unconstrained build operations Thread 75" [_thread_blocked, id=23736, stack(0x000000ea47f00000,0x000000ea48000000)]
  0x000002475f6d99b0 JavaThread "Unconstrained build operations Thread 76" [_thread_blocked, id=22708, stack(0x000000ea48000000,0x000000ea48100000)]
  0x000002475f5184c0 JavaThread "Unconstrained build operations Thread 77" [_thread_blocked, id=22652, stack(0x000000ea48100000,0x000000ea48200000)]
  0x000002475f512480 JavaThread "Unconstrained build operations Thread 78" [_thread_blocked, id=18076, stack(0x000000ea48200000,0x000000ea48300000)]
  0x000002475f512950 JavaThread "Unconstrained build operations Thread 79" [_thread_blocked, id=26304, stack(0x000000ea48300000,0x000000ea48400000)]
  0x000002475f516310 JavaThread "Unconstrained build operations Thread 80" [_thread_blocked, id=10416, stack(0x000000ea48400000,0x000000ea48500000)]
  0x000002475f512e20 JavaThread "jar transforms Thread 6" [_thread_blocked, id=21848, stack(0x000000ea48500000,0x000000ea48600000)]
  0x000002475f5132f0 JavaThread "jar transforms Thread 7" [_thread_blocked, id=25360, stack(0x000000ea48600000,0x000000ea48700000)]
  0x000002475f5137c0 JavaThread "jar transforms Thread 8" [_thread_blocked, id=23704, stack(0x000000ea48700000,0x000000ea48800000)]
  0x000002475f515e40 JavaThread "build event listener" [_thread_blocked, id=26460, stack(0x000000ea48800000,0x000000ea48900000)]
  0x000002475f5167e0 JavaThread "Memory manager" [_thread_blocked, id=24148, stack(0x000000ea48900000,0x000000ea48a00000)]
  0x000002475f514b00 JavaThread "included builds" [_thread_blocked, id=16984, stack(0x000000ea48d00000,0x000000ea48e00000)]
  0x000002475f5154a0 JavaThread "Execution worker" [_thread_blocked, id=1756, stack(0x000000ea48e00000,0x000000ea48f00000)]
  0x000002475f511fb0 JavaThread "Execution worker Thread 2" [_thread_blocked, id=22840, stack(0x000000ea48f00000,0x000000ea49000000)]
  0x000002475f514fd0 JavaThread "Execution worker Thread 3" [_thread_blocked, id=10788, stack(0x000000ea49000000,0x000000ea49100000)]
  0x000002475f517b20 JavaThread "Execution worker Thread 4" [_thread_blocked, id=24016, stack(0x000000ea49100000,0x000000ea49200000)]
  0x000002475f515970 JavaThread "Execution worker Thread 5" [_thread_blocked, id=12228, stack(0x000000ea49200000,0x000000ea49300000)]
  0x000002475f517ff0 JavaThread "Execution worker Thread 6" [_thread_blocked, id=25120, stack(0x000000ea49300000,0x000000ea49400000)]
  0x000002475f511140 JavaThread "Execution worker Thread 7" [_thread_blocked, id=7568, stack(0x000000ea49400000,0x000000ea49500000)]
  0x000002475f511ae0 JavaThread "Cache worker for execution history cache (D:\App_Android studio\projet_inscription\.gradle\8.0\executionHistory)" [_thread_blocked, id=23712, stack(0x000000ea49500000,0x000000ea49600000)]

Other Threads:
=>0x0000024758c38650 VMThread "VM Thread" [stack: 0x000000ea40100000,0x000000ea40200000] [id=18436]
  0x0000024758e32560 WatcherThread [stack: 0x000000ea40d00000,0x000000ea40e00000] [id=9096]
  0x000002473e59a560 GCTaskThread "GC Thread#0" [stack: 0x000000ea3fc00000,0x000000ea3fd00000] [id=19356]
  0x000002475992ea70 GCTaskThread "GC Thread#1" [stack: 0x000000ea41000000,0x000000ea41100000] [id=25252]
  0x0000024759c68040 GCTaskThread "GC Thread#2" [stack: 0x000000ea41100000,0x000000ea41200000] [id=24480]
  0x0000024759c68700 GCTaskThread "GC Thread#3" [stack: 0x000000ea41200000,0x000000ea41300000] [id=24252]
  0x0000024759c68dc0 GCTaskThread "GC Thread#4" [stack: 0x000000ea41300000,0x000000ea41400000] [id=9992]
  0x0000024759c69070 GCTaskThread "GC Thread#5" [stack: 0x000000ea41400000,0x000000ea41500000] [id=20484]
  0x000002475a2a9250 GCTaskThread "GC Thread#6" [stack: 0x000000ea40e00000,0x000000ea40f00000] [id=18060]
  0x000002475b7f6040 GCTaskThread "GC Thread#7" [stack: 0x000000ea41e00000,0x000000ea41f00000] [id=18872]
  0x000002473e5ab4a0 ConcurrentGCThread "G1 Main Marker" [stack: 0x000000ea3fd00000,0x000000ea3fe00000] [id=17592]
  0x000002473e5ac650 ConcurrentGCThread "G1 Conc#0" [stack: 0x000000ea3fe00000,0x000000ea3ff00000] [id=3056]
  0x000002475c0485c0 ConcurrentGCThread "G1 Conc#1" [stack: 0x000000ea41f00000,0x000000ea42000000] [id=2604]
  0x00000247582381a0 ConcurrentGCThread "G1 Refine#0" [stack: 0x000000ea3ff00000,0x000000ea40000000] [id=16372]
  0x000002475fab3bf0 ConcurrentGCThread "G1 Refine#1" [stack: 0x000000ea48a00000,0x000000ea48b00000] [id=7952]
  0x000002475fab13b0 ConcurrentGCThread "G1 Refine#2" [stack: 0x000000ea48b00000,0x000000ea48c00000] [id=26348]
  0x000002475fab1c50 ConcurrentGCThread "G1 Refine#3" [stack: 0x000000ea48c00000,0x000000ea48d00000] [id=24216]
  0x0000024758238bc0 ConcurrentGCThread "G1 Service" [stack: 0x000000ea40000000,0x000000ea40100000] [id=21552]

Threads with active compile tasks:
C2 CompilerThread0    15382 10737       4       org.gradle.cache.internal.CrossProcessSynchronizingCache$$Lambda$381/0x00000001004a72d8::create (12 bytes)
C1 CompilerThread0    15382 10787       3       org.gradle.api.internal.artifacts.transform.TransformingAsyncArtifactListener$TransformedArtifact::lambda$createInvocation$2 (22 bytes)
C2 CompilerThread1    15382 10746       4       org.gradle.cache.internal.DefaultCrossBuildInMemoryCacheFactory$AbstractCrossBuildInMemoryCache::getIfPresentWithoutLock (43 bytes)
C2 CompilerThread2    15382 10745       4       org.gradle.api.internal.attributes.DefaultImmutableAttributes::equals (124 bytes)

VM state: at safepoint (normal execution)

VM Mutex/Monitor currently owned by a thread:  ([mutex/lock_event])
[0x000002473e53cc10] Threads_lock - owner thread: 0x0000024758c38650
[0x000002473e53c040] Heap_lock - owner thread: 0x000002475eeddd30

Heap address: 0x0000000080000000, size: 2048 MB, Compressed Oops mode: 32-bit

CDS archive(s) not mapped
Compressed class space mapped at: 0x0000000100000000-0x0000000140000000, reserved size: 1073741824
Narrow klass base: 0x0000000000000000, Narrow klass shift: 3, Narrow klass range: 0x140000000

GC Precious Log:
 CPUs: 8 total, 8 available
 Memory: 16194M
 Large Page Support: Disabled
 NUMA Support: Disabled
 Compressed Oops: Enabled (32-bit)
 Heap Region Size: 1M
 Heap Min Capacity: 8M
 Heap Initial Capacity: 254M
 Heap Max Capacity: 2G
 Pre-touch: Disabled
 Parallel Workers: 8
 Concurrent Workers: 2
 Concurrent Refinement Workers: 8
 Periodic GC: Disabled

Heap:
 garbage-first heap   total 159744K, used 86252K [0x0000000080000000, 0x0000000100000000)
  region size 1024K, 6 young (6144K), 6 survivors (6144K)
 Metaspace       used 91014K, committed 91648K, reserved 1130496K
  class space    used 12501K, committed 12800K, reserved 1048576K

Heap Regions: E=young(eden), S=young(survivor), O=old, HS=humongous(starts), HC=humongous(continues), CS=collection set, F=free, OA=open archive, CA=closed archive, TAMS=top-at-mark-start (previous, next)
|   0|0x0000000080000000, 0x0000000080100000, 0x0000000080100000|100%|HS|  |TAMS 0x0000000080100000, 0x0000000080100000| Complete 
|   1|0x0000000080100000, 0x0000000080200000, 0x0000000080200000|100%|HC|  |TAMS 0x0000000080200000, 0x0000000080200000| Complete 
|   2|0x0000000080200000, 0x0000000080300000, 0x0000000080300000|100%|HC|  |TAMS 0x0000000080300000, 0x0000000080300000| Complete 
|   3|0x0000000080300000, 0x0000000080400000, 0x0000000080400000|100%|HC|  |TAMS 0x0000000080400000, 0x0000000080400000| Complete 
|   4|0x0000000080400000, 0x0000000080500000, 0x0000000080500000|100%| O|  |TAMS 0x0000000080500000, 0x0000000080500000| Untracked 
|   5|0x0000000080500000, 0x0000000080600000, 0x0000000080600000|100%| O|  |TAMS 0x0000000080600000, 0x0000000080600000| Untracked 
|   6|0x0000000080600000, 0x0000000080700000, 0x0000000080700000|100%| O|  |TAMS 0x0000000080700000, 0x0000000080700000| Untracked 
|   7|0x0000000080700000, 0x0000000080800000, 0x0000000080800000|100%| O|  |TAMS 0x0000000080800000, 0x0000000080800000| Untracked 
|   8|0x0000000080800000, 0x0000000080900000, 0x0000000080900000|100%| O|  |TAMS 0x0000000080900000, 0x0000000080900000| Untracked 
|   9|0x0000000080900000, 0x0000000080a00000, 0x0000000080a00000|100%| O|  |TAMS 0x0000000080a00000, 0x0000000080a00000| Untracked 
|  10|0x0000000080a00000, 0x0000000080aee000, 0x0000000080b00000| 92%| O|  |TAMS 0x0000000080aee000, 0x0000000080aee000| Untracked 
|  11|0x0000000080b00000, 0x0000000080c00000, 0x0000000080c00000|100%| O|  |TAMS 0x0000000080c00000, 0x0000000080c00000| Untracked 
|  12|0x0000000080c00000, 0x0000000080d00000, 0x0000000080d00000|100%| O|  |TAMS 0x0000000080d00000, 0x0000000080d00000| Untracked 
|  13|0x0000000080d00000, 0x0000000080e00000, 0x0000000080e00000|100%| O|  |TAMS 0x0000000080e00000, 0x0000000080e00000| Untracked 
|  14|0x0000000080e00000, 0x0000000080f00000, 0x0000000080f00000|100%| O|  |TAMS 0x0000000080f00000, 0x0000000080f00000| Untracked 
|  15|0x0000000080f00000, 0x0000000081000000, 0x0000000081000000|100%| O|  |TAMS 0x0000000081000000, 0x0000000081000000| Untracked 
|  16|0x0000000081000000, 0x0000000081100000, 0x0000000081100000|100%| O|  |TAMS 0x0000000081100000, 0x0000000081100000| Untracked 
|  17|0x0000000081100000, 0x0000000081200000, 0x0000000081200000|100%| O|  |TAMS 0x0000000081200000, 0x0000000081200000| Untracked 
|  18|0x0000000081200000, 0x0000000081300000, 0x0000000081300000|100%| O|  |TAMS 0x0000000081300000, 0x0000000081300000| Untracked 
|  19|0x0000000081300000, 0x0000000081400000, 0x0000000081400000|100%| O|  |TAMS 0x0000000081400000, 0x0000000081400000| Untracked 
|  20|0x0000000081400000, 0x0000000081500000, 0x0000000081500000|100%|HS|  |TAMS 0x0000000081500000, 0x0000000081500000| Complete 
|  21|0x0000000081500000, 0x0000000081600000, 0x0000000081600000|100%| O|  |TAMS 0x0000000081600000, 0x0000000081600000| Untracked 
|  22|0x0000000081600000, 0x0000000081700000, 0x0000000081700000|100%| O|  |TAMS 0x0000000081700000, 0x0000000081700000| Untracked 
|  23|0x0000000081700000, 0x0000000081800000, 0x0000000081800000|100%| O|  |TAMS 0x0000000081800000, 0x0000000081800000| Untracked 
|  24|0x0000000081800000, 0x0000000081900000, 0x0000000081900000|100%| O|  |TAMS 0x0000000081900000, 0x0000000081900000| Untracked 
|  25|0x0000000081900000, 0x0000000081a00000, 0x0000000081a00000|100%| O|  |TAMS 0x0000000081a00000, 0x0000000081a00000| Untracked 
|  26|0x0000000081a00000, 0x0000000081b00000, 0x0000000081b00000|100%| O|  |TAMS 0x0000000081b00000, 0x0000000081b00000| Untracked 
|  27|0x0000000081b00000, 0x0000000081c00000, 0x0000000081c00000|100%| O|  |TAMS 0x0000000081c00000, 0x0000000081c00000| Untracked 
|  28|0x0000000081c00000, 0x0000000081d00000, 0x0000000081d00000|100%|HS|  |TAMS 0x0000000081d00000, 0x0000000081d00000| Complete 
|  29|0x0000000081d00000, 0x0000000081e00000, 0x0000000081e00000|100%|HS|  |TAMS 0x0000000081e00000, 0x0000000081e00000| Complete 
|  30|0x0000000081e00000, 0x0000000081f00000, 0x0000000081f00000|100%| O|  |TAMS 0x0000000081e00000, 0x0000000081f00000| Untracked 
|  31|0x0000000081f00000, 0x0000000082000000, 0x0000000082000000|100%| O|  |TAMS 0x0000000082000000, 0x0000000082000000| Untracked 
|  32|0x0000000082000000, 0x0000000082100000, 0x0000000082100000|100%| O|  |TAMS 0x00000000820fc600, 0x0000000082100000| Untracked 
|  33|0x0000000082100000, 0x0000000082200000, 0x0000000082200000|100%| O|  |TAMS 0x0000000082100000, 0x0000000082200000| Untracked 
|  34|0x0000000082200000, 0x0000000082300000, 0x0000000082300000|100%| O|  |TAMS 0x0000000082200000, 0x0000000082300000| Untracked 
|  35|0x0000000082300000, 0x0000000082400000, 0x0000000082400000|100%| O|  |TAMS 0x0000000082300000, 0x0000000082400000| Untracked 
|  36|0x0000000082400000, 0x0000000082500000, 0x0000000082500000|100%| O|  |TAMS 0x0000000082400000, 0x0000000082500000| Untracked 
|  37|0x0000000082500000, 0x0000000082600000, 0x0000000082600000|100%| O|  |TAMS 0x0000000082500000, 0x0000000082600000| Untracked 
|  38|0x0000000082600000, 0x0000000082700000, 0x0000000082700000|100%| O|  |TAMS 0x0000000082600000, 0x0000000082700000| Untracked 
|  39|0x0000000082700000, 0x0000000082800000, 0x0000000082800000|100%| O|  |TAMS 0x0000000082700000, 0x0000000082800000| Untracked 
|  40|0x0000000082800000, 0x0000000082900000, 0x0000000082900000|100%| O|  |TAMS 0x0000000082800000, 0x0000000082900000| Untracked 
|  41|0x0000000082900000, 0x0000000082a00000, 0x0000000082a00000|100%| O|  |TAMS 0x0000000082900000, 0x0000000082a00000| Untracked 
|  42|0x0000000082a00000, 0x0000000082b00000, 0x0000000082b00000|100%| O|  |TAMS 0x0000000082a00000, 0x0000000082b00000| Untracked 
|  43|0x0000000082b00000, 0x0000000082c00000, 0x0000000082c00000|100%| O|  |TAMS 0x0000000082b00000, 0x0000000082c00000| Untracked 
|  44|0x0000000082c00000, 0x0000000082d00000, 0x0000000082d00000|100%| O|  |TAMS 0x0000000082c00000, 0x0000000082d00000| Untracked 
|  45|0x0000000082d00000, 0x0000000082e00000, 0x0000000082e00000|100%| O|  |TAMS 0x0000000082d00000, 0x0000000082e00000| Untracked 
|  46|0x0000000082e00000, 0x0000000082f00000, 0x0000000082f00000|100%| O|  |TAMS 0x0000000082e00000, 0x0000000082f00000| Untracked 
|  47|0x0000000082f00000, 0x0000000083000000, 0x0000000083000000|100%| O|  |TAMS 0x0000000082f00000, 0x0000000083000000| Untracked 
|  48|0x0000000083000000, 0x0000000083100000, 0x0000000083100000|100%| O|  |TAMS 0x0000000083000000, 0x0000000083100000| Untracked 
|  49|0x0000000083100000, 0x0000000083200000, 0x0000000083200000|100%| O|  |TAMS 0x0000000083100000, 0x0000000083200000| Untracked 
|  50|0x0000000083200000, 0x0000000083300000, 0x0000000083300000|100%| O|  |TAMS 0x0000000083200000, 0x0000000083300000| Untracked 
|  51|0x0000000083300000, 0x0000000083400000, 0x0000000083400000|100%| O|  |TAMS 0x0000000083300000, 0x0000000083400000| Untracked 
|  52|0x0000000083400000, 0x0000000083500000, 0x0000000083500000|100%| O|  |TAMS 0x0000000083400000, 0x0000000083500000| Untracked 
|  53|0x0000000083500000, 0x0000000083600000, 0x0000000083600000|100%| O|  |TAMS 0x0000000083500000, 0x0000000083600000| Untracked 
|  54|0x0000000083600000, 0x0000000083700000, 0x0000000083700000|100%| O|  |TAMS 0x0000000083600000, 0x0000000083700000| Untracked 
|  55|0x0000000083700000, 0x0000000083800000, 0x0000000083800000|100%| O|  |TAMS 0x0000000083700000, 0x0000000083800000| Untracked 
|  56|0x0000000083800000, 0x0000000083900000, 0x0000000083900000|100%| O|  |TAMS 0x0000000083800000, 0x0000000083900000| Untracked 
|  57|0x0000000083900000, 0x0000000083a00000, 0x0000000083a00000|100%| O|  |TAMS 0x0000000083900000, 0x0000000083a00000| Untracked 
|  58|0x0000000083a00000, 0x0000000083b00000, 0x0000000083b00000|100%| O|  |TAMS 0x0000000083a00000, 0x0000000083b00000| Untracked 
|  59|0x0000000083b00000, 0x0000000083c00000, 0x0000000083c00000|100%| O|  |TAMS 0x0000000083b00000, 0x0000000083c00000| Untracked 
|  60|0x0000000083c00000, 0x0000000083d00000, 0x0000000083d00000|100%| O|  |TAMS 0x0000000083c00000, 0x0000000083d00000| Untracked 
|  61|0x0000000083d00000, 0x0000000083e00000, 0x0000000083e00000|100%| O|  |TAMS 0x0000000083d00000, 0x0000000083e00000| Untracked 
|  62|0x0000000083e00000, 0x0000000083f00000, 0x0000000083f00000|100%| O|  |TAMS 0x0000000083e00000, 0x0000000083f00000| Untracked 
|  63|0x0000000083f00000, 0x0000000084000000, 0x0000000084000000|100%| O|  |TAMS 0x0000000083f00000, 0x0000000084000000| Untracked 
|  64|0x0000000084000000, 0x0000000084100000, 0x0000000084100000|100%| O|  |TAMS 0x0000000084000000, 0x0000000084100000| Untracked 
|  65|0x0000000084100000, 0x0000000084200000, 0x0000000084200000|100%| O|  |TAMS 0x0000000084100000, 0x0000000084200000| Untracked 
|  66|0x0000000084200000, 0x0000000084300000, 0x0000000084300000|100%| O|  |TAMS 0x0000000084200000, 0x0000000084300000| Untracked 
|  67|0x0000000084300000, 0x0000000084400000, 0x0000000084400000|100%| O|  |TAMS 0x0000000084300000, 0x0000000084400000| Untracked 
|  68|0x0000000084400000, 0x0000000084500000, 0x0000000084500000|100%| O|  |TAMS 0x0000000084400000, 0x0000000084500000| Untracked 
|  69|0x0000000084500000, 0x0000000084600000, 0x0000000084600000|100%| O|  |TAMS 0x0000000084500000, 0x0000000084600000| Untracked 
|  70|0x0000000084600000, 0x0000000084700000, 0x0000000084700000|100%| O|  |TAMS 0x0000000084600000, 0x0000000084700000| Untracked 
|  71|0x0000000084700000, 0x0000000084800000, 0x0000000084800000|100%| O|  |TAMS 0x0000000084700000, 0x0000000084800000| Untracked 
|  72|0x0000000084800000, 0x0000000084900000, 0x0000000084900000|100%| O|  |TAMS 0x0000000084800000, 0x0000000084900000| Untracked 
|  73|0x0000000084900000, 0x0000000084a00000, 0x0000000084a00000|100%| O|  |TAMS 0x0000000084900000, 0x0000000084a00000| Untracked 
|  74|0x0000000084a00000, 0x0000000084b00000, 0x0000000084b00000|100%| O|  |TAMS 0x0000000084a00000, 0x0000000084b00000| Untracked 
|  75|0x0000000084b00000, 0x0000000084c00000, 0x0000000084c00000|100%| O|  |TAMS 0x0000000084b00000, 0x0000000084b2f800| Untracked 
|  76|0x0000000084c00000, 0x0000000084d00000, 0x0000000084d00000|100%| O|  |TAMS 0x0000000084c00000, 0x0000000084c00000| Untracked 
|  77|0x0000000084d00000, 0x0000000084e00000, 0x0000000084e00000|100%| O|  |TAMS 0x0000000084d00000, 0x0000000084d00000| Untracked 
|  78|0x0000000084e00000, 0x0000000084ee8c00, 0x0000000084f00000| 90%| O|  |TAMS 0x0000000084e00000, 0x0000000084e00000| Untracked 
|  79|0x0000000084f00000, 0x0000000084f00000, 0x0000000085000000|  0%| F|  |TAMS 0x0000000084f00000, 0x0000000084f00000| Untracked 
|  80|0x0000000085000000, 0x0000000085000000, 0x0000000085100000|  0%| F|  |TAMS 0x0000000085000000, 0x0000000085000000| Untracked 
|  81|0x0000000085100000, 0x0000000085100000, 0x0000000085200000|  0%| F|  |TAMS 0x0000000085100000, 0x0000000085100000| Untracked 
|  82|0x0000000085200000, 0x0000000085200000, 0x0000000085300000|  0%| F|  |TAMS 0x0000000085200000, 0x0000000085200000| Untracked 
|  83|0x0000000085300000, 0x0000000085300000, 0x0000000085400000|  0%| F|  |TAMS 0x0000000085300000, 0x0000000085300000| Untracked 
|  84|0x0000000085400000, 0x0000000085400000, 0x0000000085500000|  0%| F|  |TAMS 0x0000000085400000, 0x0000000085400000| Untracked 
|  85|0x0000000085500000, 0x0000000085500000, 0x0000000085600000|  0%| F|  |TAMS 0x0000000085500000, 0x0000000085500000| Untracked 
|  86|0x0000000085600000, 0x0000000085600000, 0x0000000085700000|  0%| F|  |TAMS 0x0000000085600000, 0x0000000085600000| Untracked 
|  87|0x0000000085700000, 0x0000000085700000, 0x0000000085800000|  0%| F|  |TAMS 0x0000000085700000, 0x0000000085700000| Untracked 
|  88|0x0000000085800000, 0x0000000085800000, 0x0000000085900000|  0%| F|  |TAMS 0x0000000085800000, 0x0000000085800000| Untracked 
|  89|0x0000000085900000, 0x0000000085900000, 0x0000000085a00000|  0%| F|  |TAMS 0x0000000085900000, 0x0000000085900000| Untracked 
|  90|0x0000000085a00000, 0x0000000085a00000, 0x0000000085b00000|  0%| F|  |TAMS 0x0000000085a00000, 0x0000000085a00000| Untracked 
|  91|0x0000000085b00000, 0x0000000085b00000, 0x0000000085c00000|  0%| F|  |TAMS 0x0000000085b00000, 0x0000000085b00000| Untracked 
|  92|0x0000000085c00000, 0x0000000085c00000, 0x0000000085d00000|  0%| F|  |TAMS 0x0000000085c00000, 0x0000000085c00000| Untracked 
|  93|0x0000000085d00000, 0x0000000085d00000, 0x0000000085e00000|  0%| F|  |TAMS 0x0000000085d00000, 0x0000000085d00000| Untracked 
|  94|0x0000000085e00000, 0x0000000085e00000, 0x0000000085f00000|  0%| F|  |TAMS 0x0000000085e00000, 0x0000000085e00000| Untracked 
|  95|0x0000000085f00000, 0x0000000085f00000, 0x0000000086000000|  0%| F|  |TAMS 0x0000000085f00000, 0x0000000085f00000| Untracked 
|  96|0x0000000086000000, 0x0000000086000000, 0x0000000086100000|  0%| F|  |TAMS 0x0000000086000000, 0x0000000086000000| Untracked 
|  97|0x0000000086100000, 0x0000000086100000, 0x0000000086200000|  0%| F|  |TAMS 0x0000000086100000, 0x0000000086100000| Untracked 
|  98|0x0000000086200000, 0x0000000086200000, 0x0000000086300000|  0%| F|  |TAMS 0x0000000086200000, 0x0000000086200000| Untracked 
|  99|0x0000000086300000, 0x0000000086300000, 0x0000000086400000|  0%| F|  |TAMS 0x0000000086300000, 0x0000000086300000| Untracked 
| 100|0x0000000086400000, 0x0000000086464560, 0x0000000086500000| 39%| S|CS|TAMS 0x0000000086400000, 0x0000000086400000| Complete 
| 101|0x0000000086500000, 0x0000000086600000, 0x0000000086600000|100%| S|CS|TAMS 0x0000000086500000, 0x0000000086500000| Complete 
| 102|0x0000000086600000, 0x0000000086700000, 0x0000000086700000|100%| S|CS|TAMS 0x0000000086600000, 0x0000000086600000| Complete 
| 103|0x0000000086700000, 0x0000000086800000, 0x0000000086800000|100%| S|CS|TAMS 0x0000000086700000, 0x0000000086700000| Complete 
| 104|0x0000000086800000, 0x0000000086800000, 0x0000000086900000|  0%| F|  |TAMS 0x0000000086800000, 0x0000000086800000| Untracked 
| 105|0x0000000086900000, 0x0000000086900000, 0x0000000086a00000|  0%| F|  |TAMS 0x0000000086900000, 0x0000000086900000| Untracked 
| 106|0x0000000086a00000, 0x0000000086a00000, 0x0000000086b00000|  0%| F|  |TAMS 0x0000000086a00000, 0x0000000086a00000| Untracked 
| 107|0x0000000086b00000, 0x0000000086b00000, 0x0000000086c00000|  0%| F|  |TAMS 0x0000000086b00000, 0x0000000086b00000| Untracked 
| 108|0x0000000086c00000, 0x0000000086c00000, 0x0000000086d00000|  0%| F|  |TAMS 0x0000000086c00000, 0x0000000086c00000| Untracked 
| 109|0x0000000086d00000, 0x0000000086e00000, 0x0000000086e00000|100%| S|CS|TAMS 0x0000000086d00000, 0x0000000086d00000| Complete 
| 110|0x0000000086e00000, 0x0000000086f00000, 0x0000000086f00000|100%| S|CS|TAMS 0x0000000086e00000, 0x0000000086e00000| Complete 
| 111|0x0000000086f00000, 0x0000000086f00000, 0x0000000087000000|  0%| F|  |TAMS 0x0000000086f00000, 0x0000000086f00000| Untracked 
| 112|0x0000000087000000, 0x0000000087000000, 0x0000000087100000|  0%| F|  |TAMS 0x0000000087000000, 0x0000000087000000| Untracked 
| 113|0x0000000087100000, 0x0000000087100000, 0x0000000087200000|  0%| F|  |TAMS 0x0000000087100000, 0x0000000087100000| Untracked 
| 114|0x0000000087200000, 0x0000000087200000, 0x0000000087300000|  0%| F|  |TAMS 0x0000000087200000, 0x0000000087200000| Untracked 
| 115|0x0000000087300000, 0x0000000087300000, 0x0000000087400000|  0%| F|  |TAMS 0x0000000087300000, 0x0000000087300000| Untracked 
| 116|0x0000000087400000, 0x0000000087400000, 0x0000000087500000|  0%| F|  |TAMS 0x0000000087400000, 0x0000000087400000| Untracked 
| 117|0x0000000087500000, 0x0000000087500000, 0x0000000087600000|  0%| F|  |TAMS 0x0000000087500000, 0x0000000087500000| Untracked 
| 118|0x0000000087600000, 0x0000000087600000, 0x0000000087700000|  0%| F|  |TAMS 0x0000000087600000, 0x0000000087600000| Untracked 
| 119|0x0000000087700000, 0x0000000087700000, 0x0000000087800000|  0%| F|  |TAMS 0x0000000087700000, 0x0000000087700000| Untracked 
| 120|0x0000000087800000, 0x0000000087800000, 0x0000000087900000|  0%| F|  |TAMS 0x0000000087800000, 0x0000000087800000| Untracked 
| 121|0x0000000087900000, 0x0000000087900000, 0x0000000087a00000|  0%| F|  |TAMS 0x0000000087900000, 0x0000000087900000| Untracked 
| 122|0x0000000087a00000, 0x0000000087a00000, 0x0000000087b00000|  0%| F|  |TAMS 0x0000000087a00000, 0x0000000087a00000| Untracked 
| 123|0x0000000087b00000, 0x0000000087b00000, 0x0000000087c00000|  0%| F|  |TAMS 0x0000000087b00000, 0x0000000087b00000| Untracked 
| 124|0x0000000087c00000, 0x0000000087c00000, 0x0000000087d00000|  0%| F|  |TAMS 0x0000000087c00000, 0x0000000087c00000| Untracked 
| 125|0x0000000087d00000, 0x0000000087d00000, 0x0000000087e00000|  0%| F|  |TAMS 0x0000000087d00000, 0x0000000087d00000| Untracked 
| 126|0x0000000087e00000, 0x0000000087e00000, 0x0000000087f00000|  0%| F|  |TAMS 0x0000000087e00000, 0x0000000087e00000| Untracked 
| 127|0x0000000087f00000, 0x0000000087f00000, 0x0000000088000000|  0%| F|  |TAMS 0x0000000087f00000, 0x0000000087f00000| Untracked 
| 128|0x0000000088000000, 0x0000000088000000, 0x0000000088100000|  0%| F|  |TAMS 0x0000000088000000, 0x0000000088000000| Untracked 
| 129|0x0000000088100000, 0x0000000088100000, 0x0000000088200000|  0%| F|  |TAMS 0x0000000088100000, 0x0000000088100000| Untracked 
| 130|0x0000000088200000, 0x0000000088200000, 0x0000000088300000|  0%| F|  |TAMS 0x0000000088200000, 0x0000000088200000| Untracked 
| 131|0x0000000088300000, 0x0000000088300000, 0x0000000088400000|  0%| F|  |TAMS 0x0000000088300000, 0x0000000088300000| Untracked 
| 132|0x0000000088400000, 0x0000000088400000, 0x0000000088500000|  0%| F|  |TAMS 0x0000000088400000, 0x0000000088400000| Untracked 
| 133|0x0000000088500000, 0x0000000088500000, 0x0000000088600000|  0%| F|  |TAMS 0x0000000088500000, 0x0000000088500000| Untracked 
| 134|0x0000000088600000, 0x0000000088600000, 0x0000000088700000|  0%| F|  |TAMS 0x0000000088600000, 0x0000000088600000| Untracked 
| 135|0x0000000088700000, 0x0000000088700000, 0x0000000088800000|  0%| F|  |TAMS 0x0000000088700000, 0x0000000088700000| Untracked 
| 136|0x0000000088800000, 0x0000000088800000, 0x0000000088900000|  0%| F|  |TAMS 0x0000000088800000, 0x0000000088800000| Untracked 
| 137|0x0000000088900000, 0x0000000088900000, 0x0000000088a00000|  0%| F|  |TAMS 0x0000000088900000, 0x0000000088900000| Untracked 
| 138|0x0000000088a00000, 0x0000000088a00000, 0x0000000088b00000|  0%| F|  |TAMS 0x0000000088a00000, 0x0000000088a00000| Untracked 
| 139|0x0000000088b00000, 0x0000000088b00000, 0x0000000088c00000|  0%| F|  |TAMS 0x0000000088b00000, 0x0000000088b00000| Untracked 
| 140|0x0000000088c00000, 0x0000000088c00000, 0x0000000088d00000|  0%| F|  |TAMS 0x0000000088c00000, 0x0000000088c00000| Untracked 
| 141|0x0000000088d00000, 0x0000000088d00000, 0x0000000088e00000|  0%| F|  |TAMS 0x0000000088d00000, 0x0000000088d00000| Untracked 
| 142|0x0000000088e00000, 0x0000000088e00000, 0x0000000088f00000|  0%| F|  |TAMS 0x0000000088e00000, 0x0000000088e00000| Untracked 
| 143|0x0000000088f00000, 0x0000000088f00000, 0x0000000089000000|  0%| F|  |TAMS 0x0000000088f00000, 0x0000000088f00000| Untracked 
| 144|0x0000000089000000, 0x0000000089000000, 0x0000000089100000|  0%| F|  |TAMS 0x0000000089000000, 0x0000000089000000| Untracked 
| 145|0x0000000089100000, 0x0000000089100000, 0x0000000089200000|  0%| F|  |TAMS 0x0000000089100000, 0x0000000089100000| Untracked 
| 146|0x0000000089200000, 0x0000000089200000, 0x0000000089300000|  0%| F|  |TAMS 0x0000000089200000, 0x0000000089200000| Untracked 
| 204|0x000000008cc00000, 0x000000008cc00000, 0x000000008cd00000|  0%| F|  |TAMS 0x000000008cc00000, 0x000000008cc00000| Untracked 
| 205|0x000000008cd00000, 0x000000008cd00000, 0x000000008ce00000|  0%| F|  |TAMS 0x000000008cd00000, 0x000000008cd00000| Untracked 
| 206|0x000000008ce00000, 0x000000008ce00000, 0x000000008cf00000|  0%| F|  |TAMS 0x000000008ce00000, 0x000000008ce00000| Untracked 
| 207|0x000000008cf00000, 0x000000008cf00000, 0x000000008d000000|  0%| F|  |TAMS 0x000000008cf00000, 0x000000008cf00000| Untracked 
| 208|0x000000008d000000, 0x000000008d000000, 0x000000008d100000|  0%| F|  |TAMS 0x000000008d000000, 0x000000008d000000| Untracked 
| 209|0x000000008d100000, 0x000000008d100000, 0x000000008d200000|  0%| F|  |TAMS 0x000000008d100000, 0x000000008d100000| Untracked 
| 210|0x000000008d200000, 0x000000008d200000, 0x000000008d300000|  0%| F|  |TAMS 0x000000008d200000, 0x000000008d200000| Untracked 
| 211|0x000000008d300000, 0x000000008d300000, 0x000000008d400000|  0%| F|  |TAMS 0x000000008d300000, 0x000000008d300000| Untracked 
| 253|0x000000008fd00000, 0x000000008fd00000, 0x000000008fe00000|  0%| F|  |TAMS 0x000000008fd00000, 0x000000008fd00000| Untracked 

Card table byte_map: [0x0000024751130000,0x0000024751530000] _byte_map_base: 0x0000024750d30000

Marking Bits (Prev, Next): (CMBitMap*) 0x000002473e59abb0, (CMBitMap*) 0x000002473e59ab70
 Prev Bits: [0x0000024753930000, 0x0000024755930000)
 Next Bits: [0x0000024751930000, 0x0000024753930000)

Polling page: 0x000002473c440000

Metaspace:

Usage:
  Non-class:     76.67 MB used.
      Class:     12.21 MB used.
       Both:     88.88 MB used.

Virtual space:
  Non-class space:       80.00 MB reserved,      77.00 MB ( 96%) committed,  10 nodes.
      Class space:        1.00 GB reserved,      12.50 MB (  1%) committed,  1 nodes.
             Both:        1.08 GB reserved,      89.50 MB (  8%) committed. 

Chunk freelists:
   Non-Class:  3.05 MB
       Class:  3.39 MB
        Both:  6.43 MB

MaxMetaspaceSize: unlimited
CompressedClassSpaceSize: 1.00 GB
Initial GC threshold: 21.00 MB
Current GC threshold: 98.69 MB
CDS: off
MetaspaceReclaimPolicy: balanced
 - commit_granule_bytes: 65536.
 - commit_granule_words: 8192.
 - virtual_space_node_default_size: 1048576.
 - enlarge_chunks_in_place: 1.
 - new_chunks_are_fully_committed: 0.
 - uncommit_free_chunks: 1.
 - use_allocation_guard: 0.
 - handle_deallocations: 1.


Internal statistics:

num_allocs_failed_limit: 9.
num_arena_births: 988.
num_arena_deaths: 0.
num_vsnodes_births: 11.
num_vsnodes_deaths: 0.
num_space_committed: 1432.
num_space_uncommitted: 0.
num_chunks_returned_to_freelist: 9.
num_chunks_taken_from_freelist: 4319.
num_chunk_merges: 9.
num_chunk_splits: 2844.
num_chunks_enlarged: 1886.
num_purges: 0.
num_inconsistent_stats: 0.

CodeHeap 'non-profiled nmethods': size=120000Kb used=5344Kb max_used=5800Kb free=114655Kb
 bounds [0x00000247494d0000, 0x0000024749a80000, 0x0000024750a00000]
CodeHeap 'profiled nmethods': size=120000Kb used=17313Kb max_used=18052Kb free=102686Kb
 bounds [0x0000024741a00000, 0x0000024742bb0000, 0x0000024748f30000]
CodeHeap 'non-nmethods': size=5760Kb used=2382Kb max_used=2491Kb free=3378Kb
 bounds [0x0000024748f30000, 0x00000247491b0000, 0x00000247494d0000]
 total_blobs=10102 nmethods=9186 adapters=828
 compilation: enabled
              stopped_count=0, restarted_count=0
 full_count=0

Compilation events (20 events):
Event: 15.331 Thread 0x0000024758c8e490 nmethod 10780 0x0000024741ae8510 code [0x0000024741ae8840, 0x0000024741ae9c38]
Event: 15.331 Thread 0x0000024758c8e490 10783       3       org.gradle.internal.execution.history.changes.IncrementalInputProperties$1::nonIncrementalChanges (10 bytes)
Event: 15.331 Thread 0x000002475c61b020 nmethod 10782 0x00000247499c4810 code [0x00000247499c49a0, 0x00000247499c4a78]
Event: 15.331 Thread 0x000002475c61b020 10749       4       com.google.common.collect.ImmutableMap$Builder::build (5 bytes)
Event: 15.331 Thread 0x0000024758c8e490 nmethod 10783 0x0000024741c9eb90 code [0x0000024741c9ed40, 0x0000024741c9f0f8]
Event: 15.331 Thread 0x0000024758c8e490 10781       3       org.gradle.internal.execution.steps.ResolveCachingStateStep::execute (10 bytes)
Event: 15.332 Thread 0x0000024758c8e490 nmethod 10781 0x000002474207fe90 code [0x0000024742080040, 0x0000024742080268]
Event: 15.332 Thread 0x0000024758c8e490 10784   !   3       sun.nio.cs.StreamDecoder::inReady (36 bytes)
Event: 15.332 Thread 0x0000024758c8e490 nmethod 10784 0x0000024741c9e510 code [0x0000024741c9e6c0, 0x0000024741c9eaa8]
Event: 15.332 Thread 0x0000024758c8e490 10771       3       org.gradle.internal.snapshot.impl.FilteredTrackingMerkleDirectorySnapshotBuilder::<init> (41 bytes)
Event: 15.333 Thread 0x0000024758c8e490 nmethod 10771 0x000002474228bf90 code [0x000002474228c1c0, 0x000002474228cba8]
Event: 15.333 Thread 0x0000024758c8e490 10774       3       org.gradle.internal.snapshot.impl.DirectorySnapshotter$PathVisitor$$Lambda$352/0x0000000100494e70::<init> (10 bytes)
Event: 15.333 Thread 0x000002475c61b020 nmethod 10749 0x00000247499c4490 code [0x00000247499c4620, 0x00000247499c46e8]
Event: 15.333 Thread 0x000002475c61b020 10770       4       jdk.internal.access.SharedSecrets::getJavaLangAccess (4 bytes)
Event: 15.333 Thread 0x0000024758c8e490 nmethod 10774 0x0000024741e07290 code [0x0000024741e07420, 0x0000024741e075d8]
Event: 15.333 Thread 0x0000024758c8e490 10786       3       org.gradle.api.internal.artifacts.transform.TransformingAsyncArtifactListener$TransformedArtifact$$Lambda$1134/0x0000000100c70000::apply (12 bytes)
Event: 15.334 Thread 0x000002475c61b020 nmethod 10770 0x00000247499c4190 code [0x00000247499c4300, 0x00000247499c4378]
Event: 15.334 Thread 0x000002475c61b020 10746       4       org.gradle.cache.internal.DefaultCrossBuildInMemoryCacheFactory$AbstractCrossBuildInMemoryCache::getIfPresentWithoutLock (43 bytes)
Event: 15.334 Thread 0x0000024758c8e490 nmethod 10786 0x0000024742728a90 code [0x0000024742728ce0, 0x0000024742729828]
Event: 15.334 Thread 0x0000024758c8e490 10787       3       org.gradle.api.internal.artifacts.transform.TransformingAsyncArtifactListener$TransformedArtifact::lambda$createInvocation$2 (22 bytes)

GC Heap History (20 events):
Event: 5.348 GC heap after
{Heap after GC invocations=13 (full 0):
 garbage-first heap   total 159744K, used 30151K [0x0000000080000000, 0x0000000100000000)
  region size 1024K, 2 young (2048K), 2 survivors (2048K)
 Metaspace       used 41140K, committed 41472K, reserved 1089536K
  class space    used 5447K, committed 5568K, reserved 1048576K
}
Event: 6.789 GC heap before
{Heap before GC invocations=13 (full 0):
 garbage-first heap   total 159744K, used 110023K [0x0000000080000000, 0x0000000100000000)
  region size 1024K, 78 young (79872K), 2 survivors (2048K)
 Metaspace       used 51274K, committed 51712K, reserved 1097728K
  class space    used 6872K, committed 7040K, reserved 1048576K
}
Event: 6.797 GC heap after
{Heap after GC invocations=14 (full 0):
 garbage-first heap   total 159744K, used 33483K [0x0000000080000000, 0x0000000100000000)
  region size 1024K, 7 young (7168K), 7 survivors (7168K)
 Metaspace       used 51274K, committed 51712K, reserved 1097728K
  class space    used 6872K, committed 7040K, reserved 1048576K
}
Event: 8.379 GC heap before
{Heap before GC invocations=14 (full 0):
 garbage-first heap   total 159744K, used 120523K [0x0000000080000000, 0x0000000100000000)
  region size 1024K, 89 young (91136K), 7 survivors (7168K)
 Metaspace       used 56963K, committed 57408K, reserved 1105920K
  class space    used 7620K, committed 7808K, reserved 1048576K
}
Event: 8.390 GC heap after
{Heap after GC invocations=15 (full 0):
 garbage-first heap   total 159744K, used 44969K [0x0000000080000000, 0x0000000100000000)
  region size 1024K, 12 young (12288K), 12 survivors (12288K)
 Metaspace       used 56963K, committed 57408K, reserved 1105920K
  class space    used 7620K, committed 7808K, reserved 1048576K
}
Event: 8.755 GC heap before
{Heap before GC invocations=15 (full 0):
 garbage-first heap   total 159744K, used 61353K [0x0000000080000000, 0x0000000100000000)
  region size 1024K, 29 young (29696K), 12 survivors (12288K)
 Metaspace       used 59772K, committed 60288K, reserved 1105920K
  class space    used 7923K, committed 8192K, reserved 1048576K
}
Event: 8.765 GC heap after
{Heap after GC invocations=16 (full 0):
 garbage-first heap   total 159744K, used 47291K [0x0000000080000000, 0x0000000100000000)
  region size 1024K, 2 young (2048K), 2 survivors (2048K)
 Metaspace       used 59772K, committed 60288K, reserved 1105920K
  class space    used 7923K, committed 8192K, reserved 1048576K
}
Event: 10.670 GC heap before
{Heap before GC invocations=17 (full 0):
 garbage-first heap   total 159744K, used 129211K [0x0000000080000000, 0x0000000100000000)
  region size 1024K, 76 young (77824K), 2 survivors (2048K)
 Metaspace       used 68537K, committed 69120K, reserved 1114112K
  class space    used 9126K, committed 9408K, reserved 1048576K
}
Event: 10.678 GC heap after
{Heap after GC invocations=18 (full 0):
 garbage-first heap   total 159744K, used 52575K [0x0000000080000000, 0x0000000100000000)
  region size 1024K, 7 young (7168K), 7 survivors (7168K)
 Metaspace       used 68537K, committed 69120K, reserved 1114112K
  class space    used 9126K, committed 9408K, reserved 1048576K
}
Event: 11.471 GC heap before
{Heap before GC invocations=18 (full 0):
 garbage-first heap   total 159744K, used 125279K [0x0000000080000000, 0x0000000100000000)
  region size 1024K, 77 young (78848K), 7 survivors (7168K)
 Metaspace       used 76207K, committed 76800K, reserved 1122304K
  class space    used 10253K, committed 10560K, reserved 1048576K
}
Event: 11.477 GC heap after
{Heap after GC invocations=19 (full 0):
 garbage-first heap   total 159744K, used 57945K [0x0000000080000000, 0x0000000100000000)
  region size 1024K, 6 young (6144K), 6 survivors (6144K)
 Metaspace       used 76207K, committed 76800K, reserved 1122304K
  class space    used 10253K, committed 10560K, reserved 1048576K
}
Event: 12.357 GC heap before
{Heap before GC invocations=19 (full 0):
 garbage-first heap   total 159744K, used 124505K [0x0000000080000000, 0x0000000100000000)
  region size 1024K, 71 young (72704K), 6 survivors (6144K)
 Metaspace       used 83661K, committed 84224K, reserved 1122304K
  class space    used 11437K, committed 11712K, reserved 1048576K
}
Event: 12.367 GC heap after
{Heap after GC invocations=20 (full 0):
 garbage-first heap   total 159744K, used 62972K [0x0000000080000000, 0x0000000100000000)
  region size 1024K, 5 young (5120K), 5 survivors (5120K)
 Metaspace       used 83661K, committed 84224K, reserved 1122304K
  class space    used 11437K, committed 11712K, reserved 1048576K
}
Event: 13.232 GC heap before
{Heap before GC invocations=20 (full 0):
 garbage-first heap   total 159744K, used 126460K [0x0000000080000000, 0x0000000100000000)
  region size 1024K, 67 young (68608K), 5 survivors (5120K)
 Metaspace       used 87981K, committed 88640K, reserved 1130496K
  class space    used 12015K, committed 12352K, reserved 1048576K
}
Event: 13.245 GC heap after
{Heap after GC invocations=21 (full 0):
 garbage-first heap   total 159744K, used 70346K [0x0000000080000000, 0x0000000100000000)
  region size 1024K, 9 young (9216K), 9 survivors (9216K)
 Metaspace       used 87981K, committed 88640K, reserved 1130496K
  class space    used 12015K, committed 12352K, reserved 1048576K
}
Event: 14.132 GC heap before
{Heap before GC invocations=21 (full 0):
 garbage-first heap   total 159744K, used 126666K [0x0000000080000000, 0x0000000100000000)
  region size 1024K, 64 young (65536K), 9 survivors (9216K)
 Metaspace       used 90025K, committed 90752K, reserved 1130496K
  class space    used 12416K, committed 12736K, reserved 1048576K
}
Event: 14.155 GC heap after
{Heap after GC invocations=22 (full 0):
 garbage-first heap   total 159744K, used 78832K [0x0000000080000000, 0x0000000100000000)
  region size 1024K, 8 young (8192K), 8 survivors (8192K)
 Metaspace       used 90025K, committed 90752K, reserved 1130496K
  class space    used 12416K, committed 12736K, reserved 1048576K
}
Event: 14.823 GC heap before
{Heap before GC invocations=22 (full 0):
 garbage-first heap   total 159744K, used 125936K [0x0000000080000000, 0x0000000100000000)
  region size 1024K, 55 young (56320K), 8 survivors (8192K)
 Metaspace       used 90466K, committed 91136K, reserved 1130496K
  class space    used 12451K, committed 12736K, reserved 1048576K
}
Event: 14.838 GC heap after
{Heap after GC invocations=23 (full 0):
 garbage-first heap   total 159744K, used 82038K [0x0000000080000000, 0x0000000100000000)
  region size 1024K, 5 young (5120K), 5 survivors (5120K)
 Metaspace       used 90466K, committed 91136K, reserved 1130496K
  class space    used 12451K, committed 12736K, reserved 1048576K
}
Event: 15.335 GC heap before
{Heap before GC invocations=23 (full 0):
 garbage-first heap   total 159744K, used 127094K [0x0000000080000000, 0x0000000100000000)
  region size 1024K, 50 young (51200K), 5 survivors (5120K)
 Metaspace       used 91014K, committed 91648K, reserved 1130496K
  class space    used 12501K, committed 12800K, reserved 1048576K
}

Dll operation events (2 events):
Event: 0.009 Loaded shared library D:\android studio\jbr\bin\java.dll
Event: 0.669 Loaded shared library D:\android studio\jbr\bin\verify.dll

Deoptimization events (20 events):
Event: 15.206 Thread 0x000002475f514fd0 DEOPT PACKING pc=0x00000247497d0244 sp=0x000000ea490fb440
Event: 15.206 Thread 0x000002475f514fd0 DEOPT UNPACKING pc=0x0000024748f869a3 sp=0x000000ea490fb378 mode 2
Event: 15.206 Thread 0x000002475f514fd0 Uncommon trap: trap_request=0xffffffc6 fr.pc=0x00000247497d0244 relative=0x00000000000007e4
Event: 15.206 Thread 0x000002475f514fd0 Uncommon trap: reason=bimorphic_or_optimized_type_check action=maybe_recompile pc=0x00000247497d0244 method=java.util.Collections.indexedBinarySearch(Ljava/util/List;Ljava/lang/Object;Ljava/util/Comparator;)I @ 3 c2
Event: 15.206 Thread 0x000002475f514fd0 DEOPT PACKING pc=0x00000247497d0244 sp=0x000000ea490fb440
Event: 15.206 Thread 0x000002475f514fd0 DEOPT UNPACKING pc=0x0000024748f869a3 sp=0x000000ea490fb378 mode 2
Event: 15.206 Thread 0x000002475f514fd0 Uncommon trap: trap_request=0xffffffc6 fr.pc=0x0000024749712900 relative=0x00000000000007a0
Event: 15.206 Thread 0x000002475f514fd0 Uncommon trap: reason=bimorphic_or_optimized_type_check action=maybe_recompile pc=0x0000024749712900 method=java.util.Collections.indexedBinarySearch(Ljava/util/List;Ljava/lang/Object;Ljava/util/Comparator;)I @ 3 c2
Event: 15.206 Thread 0x000002475f514fd0 DEOPT PACKING pc=0x0000024749712900 sp=0x000000ea490fb3d0
Event: 15.206 Thread 0x000002475f514fd0 DEOPT UNPACKING pc=0x0000024748f869a3 sp=0x000000ea490fb378 mode 2
Event: 15.252 Thread 0x000002475f514fd0 Uncommon trap: trap_request=0xffffffc6 fr.pc=0x000002474985c358 relative=0x0000000000000138
Event: 15.252 Thread 0x000002475f514fd0 Uncommon trap: reason=bimorphic_or_optimized_type_check action=maybe_recompile pc=0x000002474985c358 method=com.google.common.collect.RegularImmutableMap.checkNoConflictInKeyBucket(Ljava/lang/Object;Ljava/lang/Object;Lcom/google/common/collect/ImmutableMa
Event: 15.252 Thread 0x000002475f514fd0 DEOPT PACKING pc=0x000002474985c358 sp=0x000000ea490fd3f0
Event: 15.252 Thread 0x000002475f514fd0 DEOPT UNPACKING pc=0x0000024748f869a3 sp=0x000000ea490fd388 mode 2
Event: 15.281 Thread 0x000002475f514fd0 DEOPT PACKING pc=0x00000247423d6504 sp=0x000000ea490f9e80
Event: 15.281 Thread 0x000002475f514fd0 DEOPT UNPACKING pc=0x0000024748f87143 sp=0x000000ea490f9388 mode 0
Event: 15.281 Thread 0x000002475f514fd0 DEOPT PACKING pc=0x00000247423d6504 sp=0x000000ea490fa240
Event: 15.282 Thread 0x000002475f514fd0 DEOPT UNPACKING pc=0x0000024748f87143 sp=0x000000ea490f9748 mode 0
Event: 15.282 Thread 0x000002475f514fd0 DEOPT PACKING pc=0x00000247423d6504 sp=0x000000ea490fa600
Event: 15.282 Thread 0x000002475f514fd0 DEOPT UNPACKING pc=0x0000024748f87143 sp=0x000000ea490f9b08 mode 0

Classes unloaded (0 events):
No events

Classes redefined (0 events):
No events

Internal exceptions (20 events):
Event: 13.946 Thread 0x000002475eedd860 Exception <a 'java/lang/NoSuchMethodError'{0x0000000087514a78}: 'java.lang.Object java.lang.invoke.DirectMethodHandle$Holder.invokeSpecialIFC(java.lang.Object, java.lang.Object, java.lang.Object)'> (0x0000000087514a78) 
thrown [s\src\hotspot\share\interpreter\linkResolver.cpp, line 771]
Event: 13.946 Thread 0x000002475f6db1c0 Exception <a 'java/lang/NoSuchMethodError'{0x00000000876ebd10}: 'java.lang.Object java.lang.invoke.DirectMethodHandle$Holder.invokeSpecialIFC(java.lang.Object, java.lang.Object, java.lang.Object)'> (0x00000000876ebd10) 
thrown [s\src\hotspot\share\interpreter\linkResolver.cpp, line 771]
Event: 14.405 Thread 0x000002475f857890 Exception <a 'java/lang/NoSuchMethodError'{0x000000008d3b6388}: 'void java.lang.invoke.DirectMethodHandle$Holder.invokeVirtual(java.lang.Object, java.lang.Object)'> (0x000000008d3b6388) 
thrown [s\src\hotspot\share\interpreter\linkResolver.cpp, line 771]
Event: 14.700 Thread 0x000002475f514fd0 Implicit null exception at 0x0000024749a61040 to 0x0000024749a61a78
Event: 14.700 Thread 0x000002475f514fd0 Implicit null exception at 0x0000024749a61040 to 0x0000024749a61a78
Event: 14.753 Thread 0x000002475eedb6b0 Implicit null exception at 0x0000024749a61040 to 0x0000024749a61a78
Event: 14.753 Thread 0x000002475eedb6b0 Implicit null exception at 0x0000024749a61040 to 0x0000024749a61a78
Event: 14.753 Thread 0x000002475f859f10 Implicit null exception at 0x0000024749a61040 to 0x0000024749a61a78
Event: 14.841 Thread 0x000002475f858bd0 Implicit null exception at 0x0000024749792d04 to 0x0000024749793778
Event: 14.948 Thread 0x000002475f514fd0 Exception <a 'java/lang/NoSuchMethodError'{0x000000008925ba90}: static Lcom/android/build/gradle/internal/scope/InternalArtifactType;.<clinit>()V> (0x000000008925ba90) 
thrown [s\src\hotspot\share\prims\jni.cpp, line 1108]
Event: 14.949 Thread 0x000002475f514fd0 Exception <a 'java/lang/NoSuchMethodError'{0x000000008925d1e8}: static Lcom/android/build/gradle/internal/scope/InternalArtifactType;.<clinit>()V> (0x000000008925d1e8) 
thrown [s\src\hotspot\share\prims\jni.cpp, line 1108]
Event: 14.949 Thread 0x000002475f514fd0 Exception <a 'java/lang/NoSuchMethodError'{0x0000000089260388}: static Lcom/android/build/api/artifact/Artifact$Single;.<clinit>()V> (0x0000000089260388) 
thrown [s\src\hotspot\share\prims\jni.cpp, line 1108]
Event: 14.949 Thread 0x000002475f514fd0 Exception <a 'java/lang/NoSuchMethodError'{0x0000000089262918}: static Ljava/lang/Object;.<clinit>()V> (0x0000000089262918) 
thrown [s\src\hotspot\share\prims\jni.cpp, line 1108]
Event: 14.951 Thread 0x000002475f514fd0 Exception <a 'java/lang/NoSuchMethodError'{0x0000000089278f90}: static Lcom/android/build/api/artifact/ArtifactKind;.<clinit>()V> (0x0000000089278f90) 
thrown [s\src\hotspot\share\prims\jni.cpp, line 1108]
Event: 14.951 Thread 0x000002475f514fd0 Exception <a 'java/lang/NoSuchMethodError'{0x000000008927a150}: static Lcom/android/build/api/artifact/ArtifactKind;.<clinit>()V> (0x000000008927a150) 
thrown [s\src\hotspot\share\prims\jni.cpp, line 1108]
Event: 15.261 Thread 0x000002475f514fd0 Exception <a 'sun/nio/fs/WindowsException'{0x000000008765a270}> (0x000000008765a270) 
thrown [s\src\hotspot\share\prims\jni.cpp, line 517]
Event: 15.262 Thread 0x000002475f514fd0 Exception <a 'sun/nio/fs/WindowsException'{0x000000008765c040}> (0x000000008765c040) 
thrown [s\src\hotspot\share\prims\jni.cpp, line 517]
Event: 15.262 Thread 0x000002475f514fd0 Exception <a 'sun/nio/fs/WindowsException'{0x000000008766e8f0}> (0x000000008766e8f0) 
thrown [s\src\hotspot\share\prims\jni.cpp, line 517]
Event: 15.282 Thread 0x000002475f514fd0 Exception <a 'java/lang/NoSuchMethodError'{0x00000000876e9320}: 'int java.lang.invoke.DirectMethodHandle$Holder.invokeSpecial(java.lang.Object, java.lang.Object, java.lang.Object, java.lang.Object, java.lang.Object)'> (0x00000000876e9320) 
thrown [s\src\hotspot\share\interpreter\linkResolver.cpp, line 771]
Event: 15.289 Thread 0x000002475f514fd0 Exception <a 'java/lang/NoSuchMethodError'{0x000000008752dfc8}: static Ljava/lang/Object;.<clinit>()V> (0x000000008752dfc8) 
thrown [s\src\hotspot\share\prims\jni.cpp, line 1108]

VM Operations (20 events):
Event: 14.873 Executing VM operation: HandshakeAllThreads done
Event: 14.954 Executing VM operation: HandshakeAllThreads
Event: 14.954 Executing VM operation: HandshakeAllThreads done
Event: 14.970 Executing VM operation: HandshakeAllThreads
Event: 14.970 Executing VM operation: HandshakeAllThreads done
Event: 14.971 Executing VM operation: HandshakeAllThreads
Event: 14.972 Executing VM operation: HandshakeAllThreads done
Event: 15.161 Executing VM operation: ICBufferFull
Event: 15.161 Executing VM operation: ICBufferFull done
Event: 15.222 Executing VM operation: HandshakeAllThreads
Event: 15.222 Executing VM operation: HandshakeAllThreads done
Event: 15.257 Executing VM operation: ICBufferFull
Event: 15.258 Executing VM operation: ICBufferFull done
Event: 15.271 Executing VM operation: HandshakeAllThreads
Event: 15.272 Executing VM operation: HandshakeAllThreads done
Event: 15.280 Executing VM operation: HandshakeAllThreads
Event: 15.280 Executing VM operation: HandshakeAllThreads done
Event: 15.281 Executing VM operation: HandshakeAllThreads
Event: 15.281 Executing VM operation: HandshakeAllThreads done
Event: 15.335 Executing VM operation: G1CollectForAllocation

Events (20 events):
Event: 14.894 Thread 0x0000024758c98ab0 flushing nmethod 0x0000024742841210
Event: 14.894 Thread 0x0000024758c98ab0 flushing nmethod 0x00000247428a9110
Event: 14.894 Thread 0x0000024758c98ab0 flushing nmethod 0x00000247428a9710
Event: 14.896 Thread 0x0000024758c98ab0 flushing nmethod 0x00000247429a4490
Event: 14.896 Thread 0x0000024758c98ab0 flushing nmethod 0x00000247429bb990
Event: 14.896 Thread 0x0000024758c98ab0 flushing nmethod 0x00000247429c2390
Event: 14.896 Thread 0x0000024758c98ab0 flushing nmethod 0x00000247429c2e10
Event: 14.896 Thread 0x0000024758c98ab0 flushing nmethod 0x00000247429c3790
Event: 14.896 Thread 0x0000024758c98ab0 flushing nmethod 0x00000247429c6890
Event: 14.896 Thread 0x0000024758c98ab0 flushing nmethod 0x00000247429c6e10
Event: 14.896 Thread 0x0000024758c98ab0 flushing nmethod 0x0000024742a58290
Event: 14.897 Thread 0x0000024758c98ab0 flushing nmethod 0x0000024742a5d110
Event: 14.897 Thread 0x0000024758c98ab0 flushing nmethod 0x0000024742a68310
Event: 14.897 Thread 0x0000024758c98ab0 flushing nmethod 0x0000024742a6de90
Event: 14.897 Thread 0x0000024758c98ab0 flushing nmethod 0x0000024742a78910
Event: 14.897 Thread 0x0000024758c98ab0 flushing nmethod 0x0000024742ad7210
Event: 14.943 loading class java/util/concurrent/ConcurrentSkipListMap$KeySet
Event: 14.943 loading class java/util/concurrent/ConcurrentSkipListMap$KeySet done
Event: 14.944 loading class java/util/concurrent/ConcurrentSkipListMap$KeyIterator
Event: 14.944 loading class java/util/concurrent/ConcurrentSkipListMap$KeyIterator done


Dynamic libraries:
0x00007ff6907b0000 - 0x00007ff6907ba000 	D:\android studio\jbr\bin\java.exe
0x00007ffde6750000 - 0x00007ffde6967000 	C:\WINDOWS\SYSTEM32\ntdll.dll
0x00007ffde5820000 - 0x00007ffde58e4000 	C:\WINDOWS\System32\KERNEL32.DLL
0x00007ffde3c90000 - 0x00007ffde4036000 	C:\WINDOWS\System32\KERNELBASE.dll
0x00007ffde3ad0000 - 0x00007ffde3be1000 	C:\WINDOWS\System32\ucrtbase.dll
0x00007ffdcc710000 - 0x00007ffdcc727000 	D:\android studio\jbr\bin\jli.dll
0x00007ffd8d3b0000 - 0x00007ffd8d3cb000 	D:\android studio\jbr\bin\VCRUNTIME140.dll
0x00007ffde60a0000 - 0x00007ffde624d000 	C:\WINDOWS\System32\USER32.dll
0x00007ffde3c60000 - 0x00007ffde3c86000 	C:\WINDOWS\System32\win32u.dll
0x00007ffdc8fc0000 - 0x00007ffdc9253000 	C:\WINDOWS\WinSxS\amd64_microsoft.windows.common-controls_6595b64144ccf1df_6.0.22621.2361_none_2712ced57382f843\COMCTL32.dll
0x00007ffde6250000 - 0x00007ffde6279000 	C:\WINDOWS\System32\GDI32.dll
0x00007ffde65a0000 - 0x00007ffde6647000 	C:\WINDOWS\System32\msvcrt.dll
0x00007ffde4390000 - 0x00007ffde44a8000 	C:\WINDOWS\System32\gdi32full.dll
0x00007ffde40c0000 - 0x00007ffde415a000 	C:\WINDOWS\System32\msvcp_win.dll
0x00007ffde6280000 - 0x00007ffde62b1000 	C:\WINDOWS\System32\IMM32.DLL
0x00007ffdcb600000 - 0x00007ffdcb60c000 	D:\android studio\jbr\bin\vcruntime140_1.dll
0x00007ffd66ba0000 - 0x00007ffd66c2d000 	D:\android studio\jbr\bin\msvcp140.dll
0x00007ffd83b20000 - 0x00007ffd8478e000 	D:\android studio\jbr\bin\server\jvm.dll
0x00007ffde62c0000 - 0x00007ffde6370000 	C:\WINDOWS\System32\ADVAPI32.dll
0x00007ffde44b0000 - 0x00007ffde4556000 	C:\WINDOWS\System32\sechost.dll
0x00007ffde6480000 - 0x00007ffde6597000 	C:\WINDOWS\System32\RPCRT4.dll
0x00007ffddd120000 - 0x00007ffddd154000 	C:\WINDOWS\SYSTEM32\WINMM.dll
0x00007ffdc8750000 - 0x00007ffdc8759000 	C:\WINDOWS\SYSTEM32\WSOCK32.dll
0x00007ffde4cd0000 - 0x00007ffde4d41000 	C:\WINDOWS\System32\WS2_32.dll
0x00007ffddd5b0000 - 0x00007ffddd5ba000 	C:\WINDOWS\SYSTEM32\VERSION.dll
0x00007ffde2b10000 - 0x00007ffde2b28000 	C:\WINDOWS\SYSTEM32\kernel.appcore.dll
0x00007ffddec60000 - 0x00007ffddec6a000 	D:\android studio\jbr\bin\jimage.dll
0x00007ffde1420000 - 0x00007ffde164e000 	C:\WINDOWS\SYSTEM32\DBGHELP.DLL
0x00007ffde4640000 - 0x00007ffde49ca000 	C:\WINDOWS\System32\combase.dll
0x00007ffde4560000 - 0x00007ffde4637000 	C:\WINDOWS\System32\OLEAUT32.dll
0x00007ffdc7c60000 - 0x00007ffdc7c92000 	C:\WINDOWS\SYSTEM32\dbgcore.DLL
0x00007ffde4040000 - 0x00007ffde40ba000 	C:\WINDOWS\System32\bcryptPrimitives.dll
0x00007ffdcc780000 - 0x00007ffdcc7a5000 	D:\android studio\jbr\bin\java.dll
0x00007ffddec40000 - 0x00007ffddec58000 	D:\android studio\jbr\bin\zip.dll
0x00007ffde4d50000 - 0x00007ffde55a8000 	C:\WINDOWS\System32\SHELL32.dll
0x00007ffde1a30000 - 0x00007ffde2322000 	C:\WINDOWS\SYSTEM32\windows.storage.dll
0x00007ffde18f0000 - 0x00007ffde1a2e000 	C:\WINDOWS\SYSTEM32\wintypes.dll
0x00007ffde4a80000 - 0x00007ffde4b73000 	C:\WINDOWS\System32\SHCORE.dll
0x00007ffde5df0000 - 0x00007ffde5e4e000 	C:\WINDOWS\System32\shlwapi.dll
0x00007ffde3a00000 - 0x00007ffde3a26000 	C:\WINDOWS\SYSTEM32\profapi.dll
0x00007ffdcddd0000 - 0x00007ffdcdde9000 	D:\android studio\jbr\bin\net.dll
0x00007ffddcfe0000 - 0x00007ffddd117000 	C:\WINDOWS\SYSTEM32\WINHTTP.dll
0x00007ffde2f90000 - 0x00007ffde2ff9000 	C:\WINDOWS\system32\mswsock.dll
0x00007ffdcdd40000 - 0x00007ffdcdd56000 	D:\android studio\jbr\bin\nio.dll
0x00007ffdde930000 - 0x00007ffdde940000 	D:\android studio\jbr\bin\verify.dll
0x00007ffdcb2e0000 - 0x00007ffdcb307000 	C:\Users\hachem safae\.gradle\native\68d5fa5c4cc2d200863cafc0d521ce42e7d3e7ee720ec0a83991735586a16f82\windows-amd64\native-platform.dll
0x00007ffd61a90000 - 0x00007ffd61bd4000 	C:\Users\hachem safae\.gradle\native\e376f236ea51e6404a007f0833ffe2c6e607c4080706a723a18a27aeea778392\windows-amd64\native-platform-file-events.dll
0x00007ffdde210000 - 0x00007ffdde219000 	D:\android studio\jbr\bin\management.dll
0x00007ffddd8c0000 - 0x00007ffddd8cb000 	D:\android studio\jbr\bin\management_ext.dll
0x00007ffde6650000 - 0x00007ffde6658000 	C:\WINDOWS\System32\PSAPI.DLL
0x00007ffde31e0000 - 0x00007ffde31fb000 	C:\WINDOWS\SYSTEM32\CRYPTSP.dll
0x00007ffde2a70000 - 0x00007ffde2aa5000 	C:\WINDOWS\system32\rsaenh.dll
0x00007ffde3080000 - 0x00007ffde30ac000 	C:\WINDOWS\SYSTEM32\USERENV.dll
0x00007ffde33a0000 - 0x00007ffde33c8000 	C:\WINDOWS\SYSTEM32\bcrypt.dll
0x00007ffde3200000 - 0x00007ffde320c000 	C:\WINDOWS\SYSTEM32\CRYPTBASE.dll
0x00007ffde25d0000 - 0x00007ffde25fd000 	C:\WINDOWS\SYSTEM32\IPHLPAPI.DLL
0x00007ffde57f0000 - 0x00007ffde57f9000 	C:\WINDOWS\System32\NSI.dll
0x00007ffddcef0000 - 0x00007ffddcf09000 	C:\WINDOWS\SYSTEM32\dhcpcsvc6.DLL
0x00007ffddced0000 - 0x00007ffddceef000 	C:\WINDOWS\SYSTEM32\dhcpcsvc.DLL
0x00007ffde2600000 - 0x00007ffde26f9000 	C:\WINDOWS\SYSTEM32\DNSAPI.dll
0x00007ffdcc700000 - 0x00007ffdcc708000 	C:\WINDOWS\system32\wshunix.dll

dbghelp: loaded successfully - version: 4.0.5 - missing functions: none
symbol engine: initialized successfully - sym options: 0x614 - pdb path: .;D:\android studio\jbr\bin;C:\WINDOWS\SYSTEM32;C:\WINDOWS\WinSxS\amd64_microsoft.windows.common-controls_6595b64144ccf1df_6.0.22621.2361_none_2712ced57382f843;D:\android studio\jbr\bin\server;C:\Users\hachem safae\.gradle\native\68d5fa5c4cc2d200863cafc0d521ce42e7d3e7ee720ec0a83991735586a16f82\windows-amd64;C:\Users\hachem safae\.gradle\native\e376f236ea51e6404a007f0833ffe2c6e607c4080706a723a18a27aeea778392\windows-amd64

VM Arguments:
jvm_args: --add-opens=java.base/java.util=ALL-UNNAMED --add-opens=java.base/java.lang=ALL-UNNAMED --add-opens=java.base/java.lang.invoke=ALL-UNNAMED --add-opens=java.prefs/java.util.prefs=ALL-UNNAMED --add-opens=java.base/java.nio.charset=ALL-UNNAMED --add-opens=java.base/java.net=ALL-UNNAMED --add-opens=java.base/java.util.concurrent.atomic=ALL-UNNAMED -Xmx2048m -Dfile.encoding=UTF-8 -Duser.country=FR -Duser.language=fr -Duser.variant 
java_command: org.gradle.launcher.daemon.bootstrap.GradleDaemon 8.0
java_class_path (initial): C:\Users\hachem safae\.gradle\wrapper\dists\gradle-8.0-bin\ca5e32bp14vu59qr306oxotwh\gradle-8.0\lib\gradle-launcher-8.0.jar
Launcher Type: SUN_STANDARD

[Global flags]
     intx CICompilerCount                          = 4                                         {product} {ergonomic}
     uint ConcGCThreads                            = 2                                         {product} {ergonomic}
     uint G1ConcRefinementThreads                  = 8                                         {product} {ergonomic}
   size_t G1HeapRegionSize                         = 1048576                                   {product} {ergonomic}
    uintx GCDrainStackTargetSize                   = 64                                        {product} {ergonomic}
   size_t InitialHeapSize                          = 266338304                                 {product} {ergonomic}
   size_t MarkStackSize                            = 4194304                                   {product} {ergonomic}
   size_t MaxHeapSize                              = 2147483648                                {product} {command line}
   size_t MaxNewSize                               = 1287651328                                {product} {ergonomic}
   size_t MinHeapDeltaBytes                        = 1048576                                   {product} {ergonomic}
   size_t MinHeapSize                              = 8388608                                   {product} {ergonomic}
    uintx NonNMethodCodeHeapSize                   = 5839372                                {pd product} {ergonomic}
    uintx NonProfiledCodeHeapSize                  = 122909434                              {pd product} {ergonomic}
    uintx ProfiledCodeHeapSize                     = 122909434                              {pd product} {ergonomic}
    uintx ReservedCodeCacheSize                    = 251658240                              {pd product} {ergonomic}
     bool SegmentedCodeCache                       = true                                      {product} {ergonomic}
   size_t SoftMaxHeapSize                          = 2147483648                             {manageable} {ergonomic}
     bool UseCompressedClassPointers               = true                           {product lp64_product} {ergonomic}
     bool UseCompressedOops                        = true                           {product lp64_product} {ergonomic}
     bool UseG1GC                                  = true                                      {product} {ergonomic}
     bool UseLargePagesIndividualAllocation        = false                                  {pd product} {ergonomic}

Logging:
Log output configuration:
 #0: stdout all=warning uptime,level,tags
 #1: stderr all=off uptime,level,tags

Environment Variables:
JAVA_HOME=C:\Program Files\Java\jdk-17
PATH=C:\Program Files (x86)\Common Files\Oracle\Java\javapath;C:\Program Files (x86)\VMware\VMware Workstation\bin\;D:\oraclexe\app\oracle\product\11.2.0\server\bin;C:\Program Files\Common Files\Oracle\Java\javapath;C:\WINDOWS\system32;C:\WINDOWS;C:\WINDOWS\System32\Wbem;C:\WINDOWS\System32\WindowsPowerShell\v1.0\;C:\WINDOWS\System32\OpenSSH\;c:\Program Files (x86)\Microsoft SQL Server\100\Tools\Binn\;c:\Program Files\Microsoft SQL Server\100\Tools\Binn\;c:\Program Files\Microsoft SQL Server\100\DTS\Binn\;D:\java_jdk 8\bin;C:\Program Files\Java\jdk-17\bin;C:\Program Files\Java\jdk-11\bin;C:\Program Files\Java\jdk-19\bin;C:\Program Files\Common Files\Oracle\Java\javapath;C:\ProgramData\ComposerSetup\bin;D:\XAAMP\php\php.exe;D:\xamp\php;C:\Program Files\wkhtmltopdf\bin;D:\node;C:\Program Files\Git\cmd;C:\Program Files\nodejs\;C:\Program Files\MongoDB\Server\6.0\bin;D:\XAAMP\php;C:\Program Files\Java\apache-maven-3.9.5\bin;C:\Users\hachem safae\AppData\Local\Programs\Python\Python310\Scripts\;C:\Users\hachem safae\AppData\Local\Programs\Python\Python310\;C:\Program Files\MySQL\MySQL Shell 8.0\bin\;C:\Users\hachem safae\AppData\Local\Microsoft\WindowsApps;C:\Users\hachem safae\AppData\Roaming\Dashlane\6.2007.0.32704\bin\Firefox_Extension\{442718d9-475e-452a-b3e1-fb1ee16b8e9f}\components;C:\Users\hachem safae\AppData\Roaming\Dashlane\6.2007.0.32704\ucrt;C:\Users\hachem safae\AppData\Roaming\Dashlane\6.2007.0.32704\bin\Qt;C:\Users\hachem safae\AppData\Roaming\Dashlane\6.2007.0.32704\bin\Ssl;C:\Program Files\JetBrains\IntelliJ IDEA Community Edition 2020.2.2\bin;C:\Users\hachem safae\AppData\Local\Microsoft\WindowsApps;C:\Users\hachem safae\AppData\Local\Programs\Microsoft VS Code\bin;C:\Program Files\IntelliJ IDEA Community Edition 2022.3.2\bin;;C:\Users\hachem safae\AppData\Local\ComposerSetup\bin;C:\Users\hachem safae\AppData\Roaming\Composer\vendor\bin;C:\Users\hachem safae\AppData\Roaming\npm;D:\android2\platform-tools;D:\XAAMP\php;C:\wamp64\bin\php\php5.6.40;C:\;C:\Prog
USERNAME=hachem safae
OS=Windows_NT
PROCESSOR_IDENTIFIER=Intel64 Family 6 Model 142 Stepping 12, GenuineIntel
TMP=C:\Users\HACHEM~1\AppData\Local\Temp
TEMP=C:\Users\HACHEM~1\AppData\Local\Temp


JNI global refs:
JNI global refs: 30, weak refs: 6

JNI global refs memory usage: 843, weak refs: 841


---------------  S Y S T E M  ---------------

OS:
 Windows 11 , 64 bit Build 22621 (10.0.22621.2428)
OS uptime: 1 days 13:22 hours

CPU: total 8 (initial active 8) (4 cores per cpu, 2 threads per core) family 6 model 142 stepping 12 microcode 0xf6, cx8, cmov, fxsr, ht, mmx, 3dnowpref, sse, sse2, sse3, ssse3, sse4.1, sse4.2, popcnt, lzcnt, tsc, tscinvbit, avx, avx2, aes, erms, clmul, bmi1, bmi2, adx, fma, vzeroupper, clflush, clflushopt

Memory: 4k page, system-wide physical 16194M (2582M free)
TotalPageFile size 18242M (AvailPageFile size 35M)
current process WorkingSet (physical memory assigned to process): 415M, peak: 415M
current process commit charge ("private bytes"): 448M, peak: 480M

vm_info: OpenJDK 64-Bit Server VM (17.0.6+0-b2043.56-10027231) for windows-amd64 JRE (17.0.6+0-b2043.56-10027231), built on Apr 28 2023 00:43:19 by "androidbuild" with MS VC++ 16.10 / 16.11 (VS2019)

END.
