#
# There is insufficient memory for the Java Runtime Environment to continue.
# Native memory allocation (mmap) failed to map 139460608 bytes for G1 virtual space
# Possible reasons:
#   The system is out of physical RAM or swap space
#   The process is running with CompressedOops enabled, and the Java Heap may be blocking the growth of the native heap
# Possible solutions:
#   Reduce memory load on the system
#   Increase physical memory or swap space
#   Check if swap backing store is full
#   Decrease Java heap size (-Xmx/-Xms)
#   Decrease number of Java threads
#   Decrease Java thread stack sizes (-Xss)
#   Set larger code cache with -XX:ReservedCodeCacheSize=
#   JVM is running with Unscaled Compressed Oops mode in which the Java heap is
#     placed in the first 4GB address space. The Java Heap base address is the
#     maximum limit for the native heap growth. Please use -XX:HeapBaseMinAddress
#     to set the Java Heap base and to place the Java Heap above 4GB virtual address.
# This output file may be truncated or incomplete.
#
#  Out of Memory Error (os_windows.cpp:3769), pid=23036, tid=26484
#
# JRE version: OpenJDK Runtime Environment (17.0.6) (build 17.0.6+0-b2043.56-10027231)
# Java VM: OpenJDK 64-Bit Server VM (17.0.6+0-b2043.56-10027231, mixed mode, tiered, compressed oops, compressed class ptrs, g1 gc, windows-amd64)
# No core dump will be written. Minidumps are not enabled by default on client versions of Windows
#

---------------  S U M M A R Y ------------

Command Line: --add-opens=java.base/java.util=ALL-UNNAMED --add-opens=java.base/java.lang=ALL-UNNAMED --add-opens=java.base/java.lang.invoke=ALL-UNNAMED --add-opens=java.prefs/java.util.prefs=ALL-UNNAMED --add-opens=java.base/java.nio.charset=ALL-UNNAMED --add-opens=java.base/java.net=ALL-UNNAMED --add-opens=java.base/java.util.concurrent.atomic=ALL-UNNAMED -Xmx2048m -Dfile.encoding=UTF-8 -Duser.country=FR -Duser.language=fr -Duser.variant org.gradle.launcher.daemon.bootstrap.GradleDaemon 8.0

Host: Intel(R) Core(TM) i7-8565U CPU @ 1.80GHz, 8 cores, 15G,  Windows 11 , 64 bit Build 22621 (10.0.22621.2428)
Time: Sun Nov  5 08:19:24 2023 Maroc (heure d64 bit Build 22621 (10.0.22621.2428) elapsed time: 17.888287 seconds (0d 0h 0m 17s)

---------------  T H R E A D  ---------------

Current thread (0x000001fec6a47580):  VMThread "VM Thread" [stack: 0x000000856cc00000,0x000000856cd00000] [id=26484]

Stack: [0x000000856cc00000,0x000000856cd00000]
Native frames: (J=compiled Java code, j=interpreted, Vv=VM code, C=native code)
V  [jvm.dll+0x683c9a]
V  [jvm.dll+0x8427a4]
V  [jvm.dll+0x843f9e]
V  [jvm.dll+0x844603]
V  [jvm.dll+0x249b75]
V  [jvm.dll+0x680b69]
V  [jvm.dll+0x67505a]
V  [jvm.dll+0x309acb]
V  [jvm.dll+0x310f86]
V  [jvm.dll+0x3608ee]
V  [jvm.dll+0x360b1f]
V  [jvm.dll+0x2dfbf8]
V  [jvm.dll+0x2ddec4]
V  [jvm.dll+0x2dd4cc]
V  [jvm.dll+0x321f3b]
V  [jvm.dll+0x848ccb]
V  [jvm.dll+0x849a04]
V  [jvm.dll+0x849f1d]
V  [jvm.dll+0x84a2f4]
V  [jvm.dll+0x84a3c0]
V  [jvm.dll+0x7f274a]
V  [jvm.dll+0x682ad5]
C  [ucrtbase.dll+0x29363]
C  [KERNEL32.DLL+0x1257d]
C  [ntdll.dll+0x5aa78]

VM_Operation (0x000000856e6f3510): G1CollectForAllocation, mode: safepoint, requested by thread 0x000001fecb18d570


---------------  P R O C E S S  ---------------

Threads class SMR info:
_java_thread_list=0x000001fed0893d70, length=44, elements={
0x000001feaaa8e130, 0x000001fec74378b0, 0x000001fec7438720, 0x000001fec74836a0,
0x000001fec7484160, 0x000001fec7486c20, 0x000001fec74875d0, 0x000001fec7488360,
0x000001fec748c300, 0x000001fec7496d10, 0x000001fec75f6890, 0x000001fec75f6d60,
0x000001fec99df280, 0x000001fec9f00990, 0x000001fec98dd8c0, 0x000001fecb173f00,
0x000001feca1c77e0, 0x000001feca636b90, 0x000001fecb18d570, 0x000001fec84357c0,
0x000001fec8435c90, 0x000001fec8436fd0, 0x000001fec84374a0, 0x000001fec8437970,
0x000001fec8437e40, 0x000001fec8438310, 0x000001fec8434e20, 0x000001fec8434950,
0x000001fec84352f0, 0x000001fec8436160, 0x000001fec8436630, 0x000001fec997fed0,
0x000001fec9982550, 0x000001fec9984bd0, 0x000001fec99868b0, 0x000001fec99863e0,
0x000001fec99833c0, 0x000001fec99850a0, 0x000001fec9985a40, 0x000001fec99803a0,
0x000001fec997f060, 0x000001fec99816e0, 0x000001fecdf552f0, 0x000001fecdf58aa0
}

Java Threads: ( => current thread )
  0x000001feaaa8e130 JavaThread "main" [_thread_blocked, id=3660, stack(0x000000856c600000,0x000000856c700000)]
  0x000001fec74378b0 JavaThread "Reference Handler" daemon [_thread_blocked, id=23860, stack(0x000000856cd00000,0x000000856ce00000)]
  0x000001fec7438720 JavaThread "Finalizer" daemon [_thread_blocked, id=22716, stack(0x000000856ce00000,0x000000856cf00000)]
  0x000001fec74836a0 JavaThread "Signal Dispatcher" daemon [_thread_blocked, id=20348, stack(0x000000856cf00000,0x000000856d000000)]
  0x000001fec7484160 JavaThread "Attach Listener" daemon [_thread_blocked, id=2596, stack(0x000000856d000000,0x000000856d100000)]
  0x000001fec7486c20 JavaThread "Service Thread" daemon [_thread_blocked, id=22868, stack(0x000000856d100000,0x000000856d200000)]
  0x000001fec74875d0 JavaThread "Monitor Deflation Thread" daemon [_thread_blocked, id=18312, stack(0x000000856d200000,0x000000856d300000)]
  0x000001fec7488360 JavaThread "C2 CompilerThread0" daemon [_thread_in_native, id=24120, stack(0x000000856d300000,0x000000856d400000)]
  0x000001fec748c300 JavaThread "C1 CompilerThread0" daemon [_thread_blocked, id=25016, stack(0x000000856d400000,0x000000856d500000)]
  0x000001fec7496d10 JavaThread "Sweeper thread" daemon [_thread_blocked, id=24488, stack(0x000000856d500000,0x000000856d600000)]
  0x000001fec75f6890 JavaThread "Common-Cleaner" daemon [_thread_blocked, id=22372, stack(0x000000856d600000,0x000000856d700000)]
  0x000001fec75f6d60 JavaThread "Notification Thread" daemon [_thread_blocked, id=19932, stack(0x000000856d700000,0x000000856d800000)]
  0x000001fec99df280 JavaThread "Daemon health stats" [_thread_blocked, id=24820, stack(0x000000856e000000,0x000000856e100000)]
  0x000001fec9f00990 JavaThread "Incoming local TCP Connector on port 57421" [_thread_in_native, id=21236, stack(0x000000856e100000,0x000000856e200000)]
  0x000001fec98dd8c0 JavaThread "Daemon periodic checks" [_thread_blocked, id=8004, stack(0x000000856e200000,0x000000856e300000)]
  0x000001fecb173f00 JavaThread "Daemon" [_thread_blocked, id=21512, stack(0x000000856e300000,0x000000856e400000)]
  0x000001feca1c77e0 JavaThread "Handler for socket connection from /127.0.0.1:57421 to /127.0.0.1:57422" [_thread_in_native, id=21928, stack(0x000000856e400000,0x000000856e500000)]
  0x000001feca636b90 JavaThread "Cancel handler" [_thread_blocked, id=1144, stack(0x000000856e500000,0x000000856e600000)]
  0x000001fecb18d570 JavaThread "Daemon worker" [_thread_blocked, id=4092, stack(0x000000856e600000,0x000000856e700000)]
  0x000001fec84357c0 JavaThread "Asynchronous log dispatcher for DefaultDaemonConnection: socket connection from /127.0.0.1:57421 to /127.0.0.1:57422" [_thread_blocked, id=20472, stack(0x000000856e700000,0x000000856e800000)]
  0x000001fec8435c90 JavaThread "Stdin handler" [_thread_blocked, id=19108, stack(0x000000856e800000,0x000000856e900000)]
  0x000001fec8436fd0 JavaThread "Daemon client event forwarder" [_thread_blocked, id=23624, stack(0x000000856e900000,0x000000856ea00000)]
  0x000001fec84374a0 JavaThread "Cache worker for journal cache (C:\Users\hachem safae\.gradle\caches\journal-1)" [_thread_blocked, id=26352, stack(0x000000856ed00000,0x000000856ee00000)]
  0x000001fec8437970 JavaThread "File lock request listener" [_thread_in_native, id=10360, stack(0x000000856ee00000,0x000000856ef00000)]
  0x000001fec8437e40 JavaThread "Cache worker for file hash cache (C:\Users\hachem safae\.gradle\caches\8.0\fileHashes)" [_thread_blocked, id=2068, stack(0x000000856ef00000,0x000000856f000000)]
  0x000001fec8438310 JavaThread "File watcher server" daemon [_thread_in_native, id=25940, stack(0x000000856f000000,0x000000856f100000)]
  0x000001fec8434e20 JavaThread "File watcher consumer" daemon [_thread_blocked, id=3784, stack(0x000000856f100000,0x000000856f200000)]
  0x000001fec8434950 JavaThread "jar transforms" [_thread_blocked, id=24016, stack(0x000000856f200000,0x000000856f300000)]
  0x000001fec84352f0 JavaThread "jar transforms Thread 2" [_thread_blocked, id=26444, stack(0x000000856f300000,0x000000856f400000)]
  0x000001fec8436160 JavaThread "jar transforms Thread 3" [_thread_blocked, id=23628, stack(0x000000856f400000,0x000000856f500000)]
  0x000001fec8436630 JavaThread "jar transforms Thread 4" [_thread_blocked, id=19212, stack(0x000000856f500000,0x000000856f600000)]
  0x000001fec997fed0 JavaThread "jar transforms Thread 5" [_thread_blocked, id=23576, stack(0x000000856f600000,0x000000856f700000)]
  0x000001fec9982550 JavaThread "jar transforms Thread 6" [_thread_blocked, id=10336, stack(0x000000856f700000,0x000000856f800000)]
  0x000001fec9984bd0 JavaThread "jar transforms Thread 7" [_thread_blocked, id=11608, stack(0x000000856f800000,0x000000856f900000)]
  0x000001fec99868b0 JavaThread "jar transforms Thread 8" [_thread_blocked, id=20624, stack(0x000000856f900000,0x000000856fa00000)]
  0x000001fec99863e0 JavaThread "Cache worker for checksums cache (D:\App_Android studio\projet_inscription\.gradle\8.0\checksums)" [_thread_blocked, id=23472, stack(0x000000856fa00000,0x000000856fb00000)]
  0x000001fec99833c0 JavaThread "Cache worker for cache directory md-rule (C:\Users\hachem safae\.gradle\caches\8.0\md-rule)" [_thread_blocked, id=19168, stack(0x000000856fb00000,0x000000856fc00000)]
  0x000001fec99850a0 JavaThread "Cache worker for file content cache (C:\Users\hachem safae\.gradle\caches\8.0\fileContent)" [_thread_blocked, id=24656, stack(0x000000856fc00000,0x000000856fd00000)]
  0x000001fec9985a40 JavaThread "Cache worker for file hash cache (D:\App_Android studio\projet_inscription\.gradle\8.0\fileHashes)" [_thread_blocked, id=21952, stack(0x000000856fd00000,0x000000856fe00000)]
  0x000001fec99803a0 JavaThread "Cache worker for cache directory md-supplier (C:\Users\hachem safae\.gradle\caches\8.0\md-supplier)" [_thread_blocked, id=8500, stack(0x000000856fe00000,0x000000856ff00000)]
  0x000001fec997f060 JavaThread "Cache worker for execution history cache (C:\Users\hachem safae\.gradle\caches\8.0\executionHistory)" [_thread_blocked, id=25852, stack(0x000000856ff00000,0x0000008570000000)]
  0x000001fec99816e0 JavaThread "Cache worker for kotlin-dsl (C:\Users\hachem safae\.gradle\caches\8.0\kotlin-dsl)" [_thread_blocked, id=18876, stack(0x0000008570000000,0x0000008570100000)]
  0x000001fecdf552f0 JavaThread "C2 CompilerThread1" daemon [_thread_blocked, id=17812, stack(0x000000856d900000,0x000000856da00000)]
  0x000001fecdf58aa0 JavaThread "C2 CompilerThread2" daemon [_thread_blocked, id=25104, stack(0x000000856da00000,0x000000856db00000)]

Other Threads:
=>0x000001fec6a47580 VMThread "VM Thread" [stack: 0x000000856cc00000,0x000000856cd00000] [id=26484]
  0x000001fec7532ff0 WatcherThread [stack: 0x000000856d800000,0x000000856d900000] [id=16528]
  0x000001feacc49190 GCTaskThread "GC Thread#0" [stack: 0x000000856c700000,0x000000856c800000] [id=19068]
  0x000001fec77fe840 GCTaskThread "GC Thread#1" [stack: 0x000000856db00000,0x000000856dc00000] [id=25588]
  0x000001fec77feaf0 GCTaskThread "GC Thread#2" [stack: 0x000000856dc00000,0x000000856dd00000] [id=25824]
  0x000001fec80988c0 GCTaskThread "GC Thread#3" [stack: 0x000000856dd00000,0x000000856de00000] [id=26004]
  0x000001fec8098f40 GCTaskThread "GC Thread#4" [stack: 0x000000856de00000,0x000000856df00000] [id=25692]
  0x000001fec8ae2010 GCTaskThread "GC Thread#5" [stack: 0x000000856df00000,0x000000856e000000] [id=20536]
  0x000001fecb18d270 GCTaskThread "GC Thread#6" [stack: 0x000000856ea00000,0x000000856eb00000] [id=17896]
  0x000001fec9ec9430 GCTaskThread "GC Thread#7" [stack: 0x000000856eb00000,0x000000856ec00000] [id=25372]
  0x000001feacc5a870 ConcurrentGCThread "G1 Main Marker" [stack: 0x000000856c800000,0x000000856c900000] [id=7516]
  0x000001feacc5b280 ConcurrentGCThread "G1 Conc#0" [stack: 0x000000856c900000,0x000000856ca00000] [id=14408]
  0x000001fec9e33a00 ConcurrentGCThread "G1 Conc#1" [stack: 0x000000856ec00000,0x000000856ed00000] [id=13484]
  0x000001fec68f89a0 ConcurrentGCThread "G1 Refine#0" [stack: 0x000000856ca00000,0x000000856cb00000] [id=24452]
  0x000001feca7ba860 ConcurrentGCThread "G1 Refine#1" [stack: 0x0000008570100000,0x0000008570200000] [id=20696]
  0x000001feca7bb3e0 ConcurrentGCThread "G1 Refine#2" [stack: 0x0000008570200000,0x0000008570300000] [id=18752]
  0x000001feca7b9720 ConcurrentGCThread "G1 Refine#3" [stack: 0x0000008570300000,0x0000008570400000] [id=23676]
  0x000001feca7b9a00 ConcurrentGCThread "G1 Refine#4" [stack: 0x0000008570400000,0x0000008570500000] [id=8388]
  0x000001fecd9e3420 ConcurrentGCThread "G1 Refine#5" [stack: 0x0000008570500000,0x0000008570600000] [id=12492]
  0x000001fecd9e25c0 ConcurrentGCThread "G1 Refine#6" [stack: 0x0000008570600000,0x0000008570700000] [id=25108]
  0x000001fecd9e3700 ConcurrentGCThread "G1 Refine#7" [stack: 0x0000008570700000,0x0000008570800000] [id=2144]
  0x000001fec68f91d0 ConcurrentGCThread "G1 Service" [stack: 0x000000856cb00000,0x000000856cc00000] [id=26476]

Threads with active compile tasks:
C2 CompilerThread0    17912 8169       4       org.jetbrains.kotlin.metadata.ProtoBuf$Function::isInitialized (251 bytes)
C2 CompilerThread1    17912 8176       4       org.jetbrains.kotlin.metadata.ProtoBuf$ValueParameter::isInitialized (101 bytes)
C2 CompilerThread2    17912 8371       4       org.jetbrains.kotlin.metadata.ProtoBuf$Function::getSerializedSize (512 bytes)

VM state: at safepoint (normal execution)

VM Mutex/Monitor currently owned by a thread:  ([mutex/lock_event])
[0x000001feaaa8aa90] Threads_lock - owner thread: 0x000001fec6a47580
[0x000001feaaa8bd20] Heap_lock - owner thread: 0x000001fecb18d570

Heap address: 0x0000000080000000, size: 2048 MB, Compressed Oops mode: 32-bit

CDS archive(s) not mapped
Compressed class space mapped at: 0x0000000100000000-0x0000000140000000, reserved size: 1073741824
Narrow klass base: 0x0000000000000000, Narrow klass shift: 3, Narrow klass range: 0x140000000

GC Precious Log:
 CPUs: 8 total, 8 available
 Memory: 16194M
 Large Page Support: Disabled
 NUMA Support: Disabled
 Compressed Oops: Enabled (32-bit)
 Heap Region Size: 1M
 Heap Min Capacity: 8M
 Heap Initial Capacity: 254M
 Heap Max Capacity: 2G
 Pre-touch: Disabled
 Parallel Workers: 8
 Concurrent Workers: 2
 Concurrent Refinement Workers: 8
 Periodic GC: Disabled

Heap:
 garbage-first heap   total 260096K, used 120721K [0x0000000080000000, 0x0000000100000000)
  region size 1024K, 2 young (2048K), 2 survivors (2048K)
 Metaspace       used 108937K, committed 109568K, reserved 1146880K
  class space    used 14010K, committed 14272K, reserved 1048576K

Heap Regions: E=young(eden), S=young(survivor), O=old, HS=humongous(starts), HC=humongous(continues), CS=collection set, F=free, OA=open archive, CA=closed archive, TAMS=top-at-mark-start (previous, next)
|   0|0x0000000080000000, 0x0000000080100000, 0x0000000080100000|100%|HS|  |TAMS 0x0000000080100000, 0x0000000080000000| Complete 
|   1|0x0000000080100000, 0x0000000080200000, 0x0000000080200000|100%|HC|  |TAMS 0x0000000080200000, 0x0000000080100000| Complete 
|   2|0x0000000080200000, 0x0000000080300000, 0x0000000080300000|100%|HC|  |TAMS 0x0000000080300000, 0x0000000080200000| Complete 
|   3|0x0000000080300000, 0x0000000080400000, 0x0000000080400000|100%|HC|  |TAMS 0x0000000080400000, 0x0000000080300000| Complete 
|   4|0x0000000080400000, 0x0000000080500000, 0x0000000080500000|100%| O|  |TAMS 0x0000000080500000, 0x0000000080400000| Untracked 
|   5|0x0000000080500000, 0x0000000080600000, 0x0000000080600000|100%| O|  |TAMS 0x0000000080600000, 0x0000000080500000| Untracked 
|   6|0x0000000080600000, 0x0000000080700000, 0x0000000080700000|100%| O|  |TAMS 0x0000000080700000, 0x0000000080600000| Untracked 
|   7|0x0000000080700000, 0x0000000080800000, 0x0000000080800000|100%| O|  |TAMS 0x0000000080800000, 0x0000000080700000| Untracked 
|   8|0x0000000080800000, 0x0000000080900000, 0x0000000080900000|100%| O|  |TAMS 0x0000000080900000, 0x0000000080800000| Untracked 
|   9|0x0000000080900000, 0x0000000080a00000, 0x0000000080a00000|100%| O|  |TAMS 0x0000000080a00000, 0x0000000080900000| Untracked 
|  10|0x0000000080a00000, 0x0000000080b00000, 0x0000000080b00000|100%| O|  |TAMS 0x0000000080b00000, 0x0000000080a00000| Untracked 
|  11|0x0000000080b00000, 0x0000000080c00000, 0x0000000080c00000|100%| O|  |TAMS 0x0000000080c00000, 0x0000000080b00000| Untracked 
|  12|0x0000000080c00000, 0x0000000080d00000, 0x0000000080d00000|100%| O|  |TAMS 0x0000000080d00000, 0x0000000080c00000| Untracked 
|  13|0x0000000080d00000, 0x0000000080e00000, 0x0000000080e00000|100%| O|  |TAMS 0x0000000080e00000, 0x0000000080d00000| Untracked 
|  14|0x0000000080e00000, 0x0000000080f00000, 0x0000000080f00000|100%| O|  |TAMS 0x0000000080f00000, 0x0000000080e00000| Untracked 
|  15|0x0000000080f00000, 0x0000000081000000, 0x0000000081000000|100%| O|  |TAMS 0x0000000081000000, 0x0000000080f00000| Untracked 
|  16|0x0000000081000000, 0x0000000081100000, 0x0000000081100000|100%| O|  |TAMS 0x0000000081100000, 0x0000000081000000| Untracked 
|  17|0x0000000081100000, 0x0000000081200000, 0x0000000081200000|100%| O|  |TAMS 0x0000000081200000, 0x0000000081100000| Untracked 
|  18|0x0000000081200000, 0x0000000081300000, 0x0000000081300000|100%| O|  |TAMS 0x0000000081300000, 0x0000000081200000| Untracked 
|  19|0x0000000081300000, 0x0000000081400000, 0x0000000081400000|100%|HS|  |TAMS 0x0000000081400000, 0x0000000081300000| Complete 
|  20|0x0000000081400000, 0x0000000081500000, 0x0000000081500000|100%|HC|  |TAMS 0x0000000081500000, 0x0000000081400000| Complete 
|  21|0x0000000081500000, 0x0000000081600000, 0x0000000081600000|100%|HS|  |TAMS 0x0000000081600000, 0x0000000081500000| Complete 
|  22|0x0000000081600000, 0x0000000081700000, 0x0000000081700000|100%|HC|  |TAMS 0x0000000081700000, 0x0000000081600000| Complete 
|  23|0x0000000081700000, 0x0000000081800000, 0x0000000081800000|100%|HC|  |TAMS 0x0000000081800000, 0x0000000081700000| Complete 
|  24|0x0000000081800000, 0x0000000081900000, 0x0000000081900000|100%| O|  |TAMS 0x0000000081900000, 0x0000000081800000| Untracked 
|  25|0x0000000081900000, 0x0000000081a00000, 0x0000000081a00000|100%| O|  |TAMS 0x0000000081a00000, 0x0000000081900000| Untracked 
|  26|0x0000000081a00000, 0x0000000081b00000, 0x0000000081b00000|100%| O|  |TAMS 0x0000000081b00000, 0x0000000081a00000| Untracked 
|  27|0x0000000081b00000, 0x0000000081c00000, 0x0000000081c00000|100%| O|  |TAMS 0x0000000081c00000, 0x0000000081b00000| Untracked 
|  28|0x0000000081c00000, 0x0000000081d00000, 0x0000000081d00000|100%|HS|  |TAMS 0x0000000081d00000, 0x0000000081c00000| Complete 
|  29|0x0000000081d00000, 0x0000000081e00000, 0x0000000081e00000|100%|HC|  |TAMS 0x0000000081e00000, 0x0000000081d00000| Complete 
|  30|0x0000000081e00000, 0x0000000081f00000, 0x0000000081f00000|100%|HC|  |TAMS 0x0000000081f00000, 0x0000000081e00000| Complete 
|  31|0x0000000081f00000, 0x0000000082000000, 0x0000000082000000|100%| O|  |TAMS 0x0000000082000000, 0x0000000081f00000| Untracked 
|  32|0x0000000082000000, 0x0000000082100000, 0x0000000082100000|100%|HS|  |TAMS 0x0000000082100000, 0x0000000082000000| Complete 
|  33|0x0000000082100000, 0x0000000082200000, 0x0000000082200000|100%|HC|  |TAMS 0x0000000082200000, 0x0000000082100000| Complete 
|  34|0x0000000082200000, 0x0000000082300000, 0x0000000082300000|100%|HC|  |TAMS 0x0000000082300000, 0x0000000082200000| Complete 
|  35|0x0000000082300000, 0x0000000082400000, 0x0000000082400000|100%|HC|  |TAMS 0x0000000082400000, 0x0000000082300000| Complete 
|  36|0x0000000082400000, 0x0000000082500000, 0x0000000082500000|100%|HC|  |TAMS 0x0000000082500000, 0x0000000082400000| Complete 
|  37|0x0000000082500000, 0x0000000082600000, 0x0000000082600000|100%|HC|  |TAMS 0x0000000082600000, 0x0000000082500000| Complete 
|  38|0x0000000082600000, 0x0000000082700000, 0x0000000082700000|100%|HC|  |TAMS 0x0000000082700000, 0x0000000082600000| Complete 
|  39|0x0000000082700000, 0x0000000082800000, 0x0000000082800000|100%|HC|  |TAMS 0x0000000082800000, 0x0000000082700000| Complete 
|  40|0x0000000082800000, 0x0000000082900000, 0x0000000082900000|100%|HC|  |TAMS 0x0000000082900000, 0x0000000082800000| Complete 
|  41|0x0000000082900000, 0x0000000082a00000, 0x0000000082a00000|100%|HC|  |TAMS 0x0000000082a00000, 0x0000000082900000| Complete 
|  42|0x0000000082a00000, 0x0000000082b00000, 0x0000000082b00000|100%|HC|  |TAMS 0x0000000082b00000, 0x0000000082a00000| Complete 
|  43|0x0000000082b00000, 0x0000000082c00000, 0x0000000082c00000|100%|HC|  |TAMS 0x0000000082c00000, 0x0000000082b00000| Complete 
|  44|0x0000000082c00000, 0x0000000082d00000, 0x0000000082d00000|100%| O|  |TAMS 0x0000000082d00000, 0x0000000082c00000| Untracked 
|  45|0x0000000082d00000, 0x0000000082e00000, 0x0000000082e00000|100%|HS|  |TAMS 0x0000000082e00000, 0x0000000082d00000| Complete 
|  46|0x0000000082e00000, 0x0000000082f00000, 0x0000000082f00000|100%|HC|  |TAMS 0x0000000082f00000, 0x0000000082e00000| Complete 
|  47|0x0000000082f00000, 0x0000000083000000, 0x0000000083000000|100%| O|  |TAMS 0x0000000083000000, 0x0000000082f00000| Untracked 
|  48|0x0000000083000000, 0x0000000083100000, 0x0000000083100000|100%| O|  |TAMS 0x0000000083100000, 0x0000000083000000| Untracked 
|  49|0x0000000083100000, 0x0000000083200000, 0x0000000083200000|100%| O|  |TAMS 0x0000000083200000, 0x0000000083100000| Untracked 
|  50|0x0000000083200000, 0x0000000083300000, 0x0000000083300000|100%| O|  |TAMS 0x0000000083300000, 0x0000000083200000| Untracked 
|  51|0x0000000083300000, 0x0000000083400000, 0x0000000083400000|100%| O|  |TAMS 0x0000000083400000, 0x0000000083300000| Untracked 
|  52|0x0000000083400000, 0x0000000083500000, 0x0000000083500000|100%| O|  |TAMS 0x0000000083500000, 0x0000000083400000| Untracked 
|  53|0x0000000083500000, 0x0000000083600000, 0x0000000083600000|100%| O|  |TAMS 0x0000000083600000, 0x0000000083500000| Untracked 
|  54|0x0000000083600000, 0x0000000083700000, 0x0000000083700000|100%|HS|  |TAMS 0x0000000083700000, 0x0000000083600000| Complete 
|  55|0x0000000083700000, 0x0000000083800000, 0x0000000083800000|100%|HC|  |TAMS 0x0000000083800000, 0x0000000083700000| Complete 
|  56|0x0000000083800000, 0x0000000083900000, 0x0000000083900000|100%|HC|  |TAMS 0x0000000083900000, 0x0000000083800000| Complete 
|  57|0x0000000083900000, 0x0000000083a00000, 0x0000000083a00000|100%| O|  |TAMS 0x0000000083a00000, 0x0000000083900000| Untracked 
|  58|0x0000000083a00000, 0x0000000083b00000, 0x0000000083b00000|100%| O|  |TAMS 0x0000000083b00000, 0x0000000083a00000| Untracked 
|  59|0x0000000083b00000, 0x0000000083c00000, 0x0000000083c00000|100%|HS|  |TAMS 0x0000000083c00000, 0x0000000083b00000| Complete 
|  60|0x0000000083c00000, 0x0000000083d00000, 0x0000000083d00000|100%|HC|  |TAMS 0x0000000083d00000, 0x0000000083c00000| Complete 
|  61|0x0000000083d00000, 0x0000000083e00000, 0x0000000083e00000|100%|HC|  |TAMS 0x0000000083e00000, 0x0000000083d00000| Complete 
|  62|0x0000000083e00000, 0x0000000083f00000, 0x0000000083f00000|100%| O|  |TAMS 0x0000000083f00000, 0x0000000083e00000| Untracked 
|  63|0x0000000083f00000, 0x0000000084000000, 0x0000000084000000|100%| O|  |TAMS 0x0000000084000000, 0x0000000083f00000| Untracked 
|  64|0x0000000084000000, 0x0000000084100000, 0x0000000084100000|100%| O|  |TAMS 0x0000000084100000, 0x0000000084000000| Untracked 
|  65|0x0000000084100000, 0x0000000084200000, 0x0000000084200000|100%| O|  |TAMS 0x0000000084200000, 0x0000000084100000| Untracked 
|  66|0x0000000084200000, 0x0000000084300000, 0x0000000084300000|100%| O|  |TAMS 0x0000000084300000, 0x0000000084200000| Untracked 
|  67|0x0000000084300000, 0x0000000084400000, 0x0000000084400000|100%| O|  |TAMS 0x0000000084400000, 0x0000000084300000| Untracked 
|  68|0x0000000084400000, 0x0000000084500000, 0x0000000084500000|100%| O|  |TAMS 0x0000000084500000, 0x0000000084400000| Untracked 
|  69|0x0000000084500000, 0x0000000084600000, 0x0000000084600000|100%| O|  |TAMS 0x0000000084600000, 0x0000000084500000| Untracked 
|  70|0x0000000084600000, 0x0000000084700000, 0x0000000084700000|100%| O|  |TAMS 0x0000000084700000, 0x0000000084600000| Untracked 
|  71|0x0000000084700000, 0x0000000084800000, 0x0000000084800000|100%|HS|  |TAMS 0x0000000084800000, 0x0000000084700000| Complete 
|  72|0x0000000084800000, 0x0000000084900000, 0x0000000084900000|100%|HC|  |TAMS 0x0000000084900000, 0x0000000084800000| Complete 
|  73|0x0000000084900000, 0x0000000084a00000, 0x0000000084a00000|100%|HC|  |TAMS 0x0000000084a00000, 0x0000000084900000| Complete 
|  74|0x0000000084a00000, 0x0000000084b00000, 0x0000000084b00000|100%|HC|  |TAMS 0x0000000084b00000, 0x0000000084a00000| Complete 
|  75|0x0000000084b00000, 0x0000000084c00000, 0x0000000084c00000|100%| O|  |TAMS 0x0000000084c00000, 0x0000000084b00000| Untracked 
|  76|0x0000000084c00000, 0x0000000084d00000, 0x0000000084d00000|100%| O|  |TAMS 0x0000000084d00000, 0x0000000084c00000| Untracked 
|  77|0x0000000084d00000, 0x0000000084e00000, 0x0000000084e00000|100%| O|  |TAMS 0x0000000084e00000, 0x0000000084d00000| Untracked 
|  78|0x0000000084e00000, 0x0000000084f00000, 0x0000000084f00000|100%| O|  |TAMS 0x0000000084f00000, 0x0000000084e00000| Untracked 
|  79|0x0000000084f00000, 0x0000000084f00000, 0x0000000085000000|  0%| F|  |TAMS 0x0000000084f00000, 0x0000000084f00000| Untracked 
|  80|0x0000000085000000, 0x0000000085100000, 0x0000000085100000|100%| O|  |TAMS 0x0000000085000000, 0x0000000085000000| Untracked 
|  81|0x0000000085100000, 0x0000000085200000, 0x0000000085200000|100%| O|  |TAMS 0x0000000085200000, 0x0000000085100000| Untracked 
|  82|0x0000000085200000, 0x0000000085300000, 0x0000000085300000|100%| O|  |TAMS 0x0000000085300000, 0x0000000085200000| Untracked 
|  83|0x0000000085300000, 0x0000000085400000, 0x0000000085400000|100%| O|  |TAMS 0x0000000085400000, 0x0000000085300000| Untracked 
|  84|0x0000000085400000, 0x0000000085500000, 0x0000000085500000|100%| O|  |TAMS 0x0000000085500000, 0x0000000085400000| Untracked 
|  85|0x0000000085500000, 0x0000000085600000, 0x0000000085600000|100%| O|  |TAMS 0x0000000085600000, 0x0000000085500000| Untracked 
|  86|0x0000000085600000, 0x0000000085700000, 0x0000000085700000|100%|HS|  |TAMS 0x0000000085700000, 0x0000000085600000| Complete 
|  87|0x0000000085700000, 0x0000000085800000, 0x0000000085800000|100%|HC|  |TAMS 0x0000000085800000, 0x0000000085700000| Complete 
|  88|0x0000000085800000, 0x0000000085900000, 0x0000000085900000|100%|HC|  |TAMS 0x0000000085900000, 0x0000000085800000| Complete 
|  89|0x0000000085900000, 0x0000000085a00000, 0x0000000085a00000|100%|HC|  |TAMS 0x0000000085a00000, 0x0000000085900000| Complete 
|  90|0x0000000085a00000, 0x0000000085b00000, 0x0000000085b00000|100%|HC|  |TAMS 0x0000000085b00000, 0x0000000085a00000| Complete 
|  91|0x0000000085b00000, 0x0000000085c00000, 0x0000000085c00000|100%|HC|  |TAMS 0x0000000085c00000, 0x0000000085b00000| Complete 
|  92|0x0000000085c00000, 0x0000000085d00000, 0x0000000085d00000|100%| O|  |TAMS 0x0000000085d00000, 0x0000000085c00000| Untracked 
|  93|0x0000000085d00000, 0x0000000085e00000, 0x0000000085e00000|100%| O|  |TAMS 0x0000000085e00000, 0x0000000085d00000| Untracked 
|  94|0x0000000085e00000, 0x0000000085f00000, 0x0000000085f00000|100%| O|  |TAMS 0x0000000085f00000, 0x0000000085e00000| Untracked 
|  95|0x0000000085f00000, 0x0000000086000000, 0x0000000086000000|100%| O|  |TAMS 0x0000000086000000, 0x0000000085f00000| Untracked 
|  96|0x0000000086000000, 0x0000000086100000, 0x0000000086100000|100%| O|  |TAMS 0x0000000086100000, 0x0000000086000000| Untracked 
|  97|0x0000000086100000, 0x0000000086200000, 0x0000000086200000|100%| O|  |TAMS 0x0000000086200000, 0x0000000086100000| Untracked 
|  98|0x0000000086200000, 0x0000000086300000, 0x0000000086300000|100%| O|  |TAMS 0x0000000086300000, 0x0000000086200000| Untracked 
|  99|0x0000000086300000, 0x0000000086400000, 0x0000000086400000|100%| O|  |TAMS 0x0000000086400000, 0x0000000086300000| Untracked 
| 100|0x0000000086400000, 0x0000000086500000, 0x0000000086500000|100%| O|  |TAMS 0x0000000086500000, 0x0000000086400000| Untracked 
| 101|0x0000000086500000, 0x0000000086600000, 0x0000000086600000|100%| O|  |TAMS 0x0000000086600000, 0x0000000086500000| Untracked 
| 102|0x0000000086600000, 0x0000000086700000, 0x0000000086700000|100%| O|  |TAMS 0x0000000086700000, 0x0000000086600000| Untracked 
| 103|0x0000000086700000, 0x0000000086800000, 0x0000000086800000|100%| O|  |TAMS 0x0000000086800000, 0x0000000086700000| Untracked 
| 104|0x0000000086800000, 0x0000000086900000, 0x0000000086900000|100%| O|  |TAMS 0x0000000086900000, 0x0000000086800000| Untracked 
| 105|0x0000000086900000, 0x0000000086a00000, 0x0000000086a00000|100%| O|  |TAMS 0x0000000086a00000, 0x0000000086900000| Untracked 
| 106|0x0000000086a00000, 0x0000000086b00000, 0x0000000086b00000|100%| O|  |TAMS 0x0000000086b00000, 0x0000000086a00000| Untracked 
| 107|0x0000000086b00000, 0x0000000086c00000, 0x0000000086c00000|100%| O|  |TAMS 0x0000000086c00000, 0x0000000086b00000| Untracked 
| 108|0x0000000086c00000, 0x0000000086d00000, 0x0000000086d00000|100%| O|  |TAMS 0x0000000086d00000, 0x0000000086c00000| Untracked 
| 109|0x0000000086d00000, 0x0000000086e00000, 0x0000000086e00000|100%| O|  |TAMS 0x0000000086e00000, 0x0000000086d00000| Untracked 
| 110|0x0000000086e00000, 0x0000000086f00000, 0x0000000086f00000|100%| O|  |TAMS 0x0000000086e44600, 0x0000000086e00000| Untracked 
| 111|0x0000000086f00000, 0x0000000087000000, 0x0000000087000000|100%| O|  |TAMS 0x0000000086f00000, 0x0000000086f00000| Untracked 
| 112|0x0000000087000000, 0x0000000087100000, 0x0000000087100000|100%| O|  |TAMS 0x0000000087000000, 0x0000000087000000| Untracked 
| 113|0x0000000087100000, 0x0000000087200000, 0x0000000087200000|100%| O|  |TAMS 0x0000000087100000, 0x0000000087100000| Untracked 
| 114|0x0000000087200000, 0x0000000087300000, 0x0000000087300000|100%| O|  |TAMS 0x0000000087200000, 0x0000000087200000| Untracked 
| 115|0x0000000087300000, 0x0000000087400000, 0x0000000087400000|100%| O|  |TAMS 0x0000000087300000, 0x0000000087300000| Untracked 
| 116|0x0000000087400000, 0x0000000087500000, 0x0000000087500000|100%| O|  |TAMS 0x0000000087400000, 0x0000000087400000| Untracked 
| 117|0x0000000087500000, 0x00000000875bf600, 0x0000000087600000| 74%| O|  |TAMS 0x0000000087500000, 0x0000000087500000| Untracked 
| 118|0x0000000087600000, 0x0000000087600000, 0x0000000087700000|  0%| F|  |TAMS 0x0000000087600000, 0x0000000087600000| Untracked 
| 119|0x0000000087700000, 0x0000000087700000, 0x0000000087800000|  0%| F|  |TAMS 0x0000000087700000, 0x0000000087700000| Untracked 
| 120|0x0000000087800000, 0x0000000087800000, 0x0000000087900000|  0%| F|  |TAMS 0x0000000087800000, 0x0000000087800000| Untracked 
| 121|0x0000000087900000, 0x0000000087900000, 0x0000000087a00000|  0%| F|  |TAMS 0x0000000087900000, 0x0000000087900000| Untracked 
| 122|0x0000000087a00000, 0x0000000087a00000, 0x0000000087b00000|  0%| F|  |TAMS 0x0000000087a00000, 0x0000000087a00000| Untracked 
| 123|0x0000000087b00000, 0x0000000087b00000, 0x0000000087c00000|  0%| F|  |TAMS 0x0000000087b00000, 0x0000000087b00000| Untracked 
| 124|0x0000000087c00000, 0x0000000087c00000, 0x0000000087d00000|  0%| F|  |TAMS 0x0000000087c00000, 0x0000000087c00000| Untracked 
| 125|0x0000000087d00000, 0x0000000087d00000, 0x0000000087e00000|  0%| F|  |TAMS 0x0000000087d00000, 0x0000000087d00000| Untracked 
| 126|0x0000000087e00000, 0x0000000087e00000, 0x0000000087f00000|  0%| F|  |TAMS 0x0000000087e00000, 0x0000000087e00000| Untracked 
| 127|0x0000000087f00000, 0x0000000087f00000, 0x0000000088000000|  0%| F|  |TAMS 0x0000000087f00000, 0x0000000087f00000| Untracked 
| 128|0x0000000088000000, 0x0000000088000000, 0x0000000088100000|  0%| F|  |TAMS 0x0000000088000000, 0x0000000088000000| Untracked 
| 129|0x0000000088100000, 0x0000000088100000, 0x0000000088200000|  0%| F|  |TAMS 0x0000000088100000, 0x0000000088100000| Untracked 
| 130|0x0000000088200000, 0x0000000088200000, 0x0000000088300000|  0%| F|  |TAMS 0x0000000088200000, 0x0000000088200000| Untracked 
| 131|0x0000000088300000, 0x0000000088300000, 0x0000000088400000|  0%| F|  |TAMS 0x0000000088300000, 0x0000000088300000| Untracked 
| 132|0x0000000088400000, 0x0000000088400000, 0x0000000088500000|  0%| F|  |TAMS 0x0000000088400000, 0x0000000088400000| Untracked 
| 133|0x0000000088500000, 0x0000000088500000, 0x0000000088600000|  0%| F|  |TAMS 0x0000000088500000, 0x0000000088500000| Untracked 
| 134|0x0000000088600000, 0x0000000088600000, 0x0000000088700000|  0%| F|  |TAMS 0x0000000088600000, 0x0000000088600000| Untracked 
| 135|0x0000000088700000, 0x0000000088700000, 0x0000000088800000|  0%| F|  |TAMS 0x0000000088700000, 0x0000000088700000| Untracked 
| 136|0x0000000088800000, 0x0000000088800000, 0x0000000088900000|  0%| F|  |TAMS 0x0000000088800000, 0x0000000088800000| Untracked 
| 137|0x0000000088900000, 0x0000000088900000, 0x0000000088a00000|  0%| F|  |TAMS 0x0000000088900000, 0x0000000088900000| Untracked 
| 138|0x0000000088a00000, 0x0000000088a00000, 0x0000000088b00000|  0%| F|  |TAMS 0x0000000088a00000, 0x0000000088a00000| Untracked 
| 139|0x0000000088b00000, 0x0000000088b00000, 0x0000000088c00000|  0%| F|  |TAMS 0x0000000088b00000, 0x0000000088b00000| Untracked 
| 140|0x0000000088c00000, 0x0000000088c00000, 0x0000000088d00000|  0%| F|  |TAMS 0x0000000088c00000, 0x0000000088c00000| Untracked 
| 141|0x0000000088d00000, 0x0000000088d00000, 0x0000000088e00000|  0%| F|  |TAMS 0x0000000088d00000, 0x0000000088d00000| Untracked 
| 142|0x0000000088e00000, 0x0000000088e00000, 0x0000000088f00000|  0%| F|  |TAMS 0x0000000088e00000, 0x0000000088e00000| Untracked 
| 143|0x0000000088f00000, 0x0000000088f00000, 0x0000000089000000|  0%| F|  |TAMS 0x0000000088f00000, 0x0000000088f00000| Untracked 
| 144|0x0000000089000000, 0x0000000089000000, 0x0000000089100000|  0%| F|  |TAMS 0x0000000089000000, 0x0000000089000000| Untracked 
| 145|0x0000000089100000, 0x0000000089100000, 0x0000000089200000|  0%| F|  |TAMS 0x0000000089100000, 0x0000000089100000| Untracked 
| 146|0x0000000089200000, 0x0000000089200000, 0x0000000089300000|  0%| F|  |TAMS 0x0000000089200000, 0x0000000089200000| Untracked 
| 147|0x0000000089300000, 0x0000000089300000, 0x0000000089400000|  0%| F|  |TAMS 0x0000000089300000, 0x0000000089300000| Untracked 
| 148|0x0000000089400000, 0x0000000089400000, 0x0000000089500000|  0%| F|  |TAMS 0x0000000089400000, 0x0000000089400000| Untracked 
| 149|0x0000000089500000, 0x0000000089500000, 0x0000000089600000|  0%| F|  |TAMS 0x0000000089500000, 0x0000000089500000| Untracked 
| 150|0x0000000089600000, 0x0000000089600000, 0x0000000089700000|  0%| F|  |TAMS 0x0000000089600000, 0x0000000089600000| Untracked 
| 151|0x0000000089700000, 0x0000000089700000, 0x0000000089800000|  0%| F|  |TAMS 0x0000000089700000, 0x0000000089700000| Untracked 
| 152|0x0000000089800000, 0x0000000089800000, 0x0000000089900000|  0%| F|  |TAMS 0x0000000089800000, 0x0000000089800000| Untracked 
| 153|0x0000000089900000, 0x0000000089900000, 0x0000000089a00000|  0%| F|  |TAMS 0x0000000089900000, 0x0000000089900000| Untracked 
| 154|0x0000000089a00000, 0x0000000089a00000, 0x0000000089b00000|  0%| F|  |TAMS 0x0000000089a00000, 0x0000000089a00000| Untracked 
| 155|0x0000000089b00000, 0x0000000089b00000, 0x0000000089c00000|  0%| F|  |TAMS 0x0000000089b00000, 0x0000000089b00000| Untracked 
| 156|0x0000000089c00000, 0x0000000089c00000, 0x0000000089d00000|  0%| F|  |TAMS 0x0000000089c00000, 0x0000000089c00000| Untracked 
| 157|0x0000000089d00000, 0x0000000089d00000, 0x0000000089e00000|  0%| F|  |TAMS 0x0000000089d00000, 0x0000000089d00000| Untracked 
| 158|0x0000000089e00000, 0x0000000089e00000, 0x0000000089f00000|  0%| F|  |TAMS 0x0000000089e00000, 0x0000000089e00000| Untracked 
| 159|0x0000000089f00000, 0x0000000089f00000, 0x000000008a000000|  0%| F|  |TAMS 0x0000000089f00000, 0x0000000089f00000| Untracked 
| 160|0x000000008a000000, 0x000000008a000000, 0x000000008a100000|  0%| F|  |TAMS 0x000000008a000000, 0x000000008a000000| Untracked 
| 161|0x000000008a100000, 0x000000008a100000, 0x000000008a200000|  0%| F|  |TAMS 0x000000008a100000, 0x000000008a100000| Untracked 
| 162|0x000000008a200000, 0x000000008a200000, 0x000000008a300000|  0%| F|  |TAMS 0x000000008a200000, 0x000000008a200000| Untracked 
| 163|0x000000008a300000, 0x000000008a300000, 0x000000008a400000|  0%| F|  |TAMS 0x000000008a300000, 0x000000008a300000| Untracked 
| 164|0x000000008a400000, 0x000000008a400000, 0x000000008a500000|  0%| F|  |TAMS 0x000000008a400000, 0x000000008a400000| Untracked 
| 165|0x000000008a500000, 0x000000008a500000, 0x000000008a600000|  0%| F|  |TAMS 0x000000008a500000, 0x000000008a500000| Untracked 
| 166|0x000000008a600000, 0x000000008a600000, 0x000000008a700000|  0%| F|  |TAMS 0x000000008a600000, 0x000000008a600000| Untracked 
| 167|0x000000008a700000, 0x000000008a700000, 0x000000008a800000|  0%| F|  |TAMS 0x000000008a700000, 0x000000008a700000| Untracked 
| 168|0x000000008a800000, 0x000000008a800000, 0x000000008a900000|  0%| F|  |TAMS 0x000000008a800000, 0x000000008a800000| Untracked 
| 169|0x000000008a900000, 0x000000008a900000, 0x000000008aa00000|  0%| F|  |TAMS 0x000000008a900000, 0x000000008a900000| Untracked 
| 170|0x000000008aa00000, 0x000000008aa00000, 0x000000008ab00000|  0%| F|  |TAMS 0x000000008aa00000, 0x000000008aa00000| Untracked 
| 171|0x000000008ab00000, 0x000000008ab00000, 0x000000008ac00000|  0%| F|  |TAMS 0x000000008ab00000, 0x000000008ab00000| Untracked 
| 172|0x000000008ac00000, 0x000000008ac00000, 0x000000008ad00000|  0%| F|  |TAMS 0x000000008ac00000, 0x000000008ac00000| Untracked 
| 173|0x000000008ad00000, 0x000000008ad00000, 0x000000008ae00000|  0%| F|  |TAMS 0x000000008ad00000, 0x000000008ad00000| Untracked 
| 174|0x000000008ae00000, 0x000000008ae00000, 0x000000008af00000|  0%| F|  |TAMS 0x000000008ae00000, 0x000000008ae00000| Untracked 
| 175|0x000000008af00000, 0x000000008af00000, 0x000000008b000000|  0%| F|  |TAMS 0x000000008af00000, 0x000000008af00000| Untracked 
| 176|0x000000008b000000, 0x000000008b000000, 0x000000008b100000|  0%| F|  |TAMS 0x000000008b000000, 0x000000008b000000| Untracked 
| 177|0x000000008b100000, 0x000000008b100000, 0x000000008b200000|  0%| F|  |TAMS 0x000000008b100000, 0x000000008b100000| Untracked 
| 178|0x000000008b200000, 0x000000008b200000, 0x000000008b300000|  0%| F|  |TAMS 0x000000008b200000, 0x000000008b200000| Untracked 
| 179|0x000000008b300000, 0x000000008b300000, 0x000000008b400000|  0%| F|  |TAMS 0x000000008b300000, 0x000000008b300000| Untracked 
| 180|0x000000008b400000, 0x000000008b400000, 0x000000008b500000|  0%| F|  |TAMS 0x000000008b400000, 0x000000008b400000| Untracked 
| 181|0x000000008b500000, 0x000000008b500000, 0x000000008b600000|  0%| F|  |TAMS 0x000000008b500000, 0x000000008b500000| Untracked 
| 182|0x000000008b600000, 0x000000008b600000, 0x000000008b700000|  0%| F|  |TAMS 0x000000008b600000, 0x000000008b600000| Untracked 
| 183|0x000000008b700000, 0x000000008b700000, 0x000000008b800000|  0%| F|  |TAMS 0x000000008b700000, 0x000000008b700000| Untracked 
| 184|0x000000008b800000, 0x000000008b800000, 0x000000008b900000|  0%| F|  |TAMS 0x000000008b800000, 0x000000008b800000| Untracked 
| 185|0x000000008b900000, 0x000000008b900000, 0x000000008ba00000|  0%| F|  |TAMS 0x000000008b900000, 0x000000008b900000| Untracked 
| 186|0x000000008ba00000, 0x000000008ba00000, 0x000000008bb00000|  0%| F|  |TAMS 0x000000008ba00000, 0x000000008ba00000| Untracked 
| 187|0x000000008bb00000, 0x000000008bb00000, 0x000000008bc00000|  0%| F|  |TAMS 0x000000008bb00000, 0x000000008bb00000| Untracked 
| 188|0x000000008bc00000, 0x000000008bc00000, 0x000000008bd00000|  0%| F|  |TAMS 0x000000008bc00000, 0x000000008bc00000| Untracked 
| 189|0x000000008bd00000, 0x000000008bd00000, 0x000000008be00000|  0%| F|  |TAMS 0x000000008bd00000, 0x000000008bd00000| Untracked 
| 190|0x000000008be00000, 0x000000008be00000, 0x000000008bf00000|  0%| F|  |TAMS 0x000000008be00000, 0x000000008be00000| Untracked 
| 191|0x000000008bf00000, 0x000000008bf00000, 0x000000008c000000|  0%| F|  |TAMS 0x000000008bf00000, 0x000000008bf00000| Untracked 
| 192|0x000000008c000000, 0x000000008c000000, 0x000000008c100000|  0%| F|  |TAMS 0x000000008c000000, 0x000000008c000000| Untracked 
| 193|0x000000008c100000, 0x000000008c100000, 0x000000008c200000|  0%| F|  |TAMS 0x000000008c100000, 0x000000008c100000| Untracked 
| 194|0x000000008c200000, 0x000000008c200000, 0x000000008c300000|  0%| F|  |TAMS 0x000000008c200000, 0x000000008c200000| Untracked 
| 195|0x000000008c300000, 0x000000008c300000, 0x000000008c400000|  0%| F|  |TAMS 0x000000008c300000, 0x000000008c300000| Untracked 
| 196|0x000000008c400000, 0x000000008c400000, 0x000000008c500000|  0%| F|  |TAMS 0x000000008c400000, 0x000000008c400000| Untracked 
| 197|0x000000008c500000, 0x000000008c500000, 0x000000008c600000|  0%| F|  |TAMS 0x000000008c500000, 0x000000008c500000| Untracked 
| 198|0x000000008c600000, 0x000000008c600000, 0x000000008c700000|  0%| F|  |TAMS 0x000000008c600000, 0x000000008c600000| Untracked 
| 199|0x000000008c700000, 0x000000008c700000, 0x000000008c800000|  0%| F|  |TAMS 0x000000008c700000, 0x000000008c700000| Untracked 
| 200|0x000000008c800000, 0x000000008c800000, 0x000000008c900000|  0%| F|  |TAMS 0x000000008c800000, 0x000000008c800000| Untracked 
| 201|0x000000008c900000, 0x000000008c900000, 0x000000008ca00000|  0%| F|  |TAMS 0x000000008c900000, 0x000000008c900000| Untracked 
| 202|0x000000008ca00000, 0x000000008ca00000, 0x000000008cb00000|  0%| F|  |TAMS 0x000000008ca00000, 0x000000008ca00000| Untracked 
| 203|0x000000008cb00000, 0x000000008cb00000, 0x000000008cc00000|  0%| F|  |TAMS 0x000000008cb00000, 0x000000008cb00000| Untracked 
| 204|0x000000008cc00000, 0x000000008cc00000, 0x000000008cd00000|  0%| F|  |TAMS 0x000000008cc00000, 0x000000008cc00000| Untracked 
| 205|0x000000008cd00000, 0x000000008cd00000, 0x000000008ce00000|  0%| F|  |TAMS 0x000000008cd00000, 0x000000008cd00000| Untracked 
| 206|0x000000008ce00000, 0x000000008ce00000, 0x000000008cf00000|  0%| F|  |TAMS 0x000000008ce00000, 0x000000008ce00000| Untracked 
| 207|0x000000008cf00000, 0x000000008cf00000, 0x000000008d000000|  0%| F|  |TAMS 0x000000008cf00000, 0x000000008cf00000| Untracked 
| 208|0x000000008d000000, 0x000000008d024eb8, 0x000000008d100000| 14%| S|CS|TAMS 0x000000008d000000, 0x000000008d000000| Complete 
| 209|0x000000008d100000, 0x000000008d200000, 0x000000008d200000|100%| S|CS|TAMS 0x000000008d100000, 0x000000008d100000| Complete 
| 210|0x000000008d200000, 0x000000008d200000, 0x000000008d300000|  0%| F|  |TAMS 0x000000008d200000, 0x000000008d200000| Untracked 
| 211|0x000000008d300000, 0x000000008d300000, 0x000000008d400000|  0%| F|  |TAMS 0x000000008d300000, 0x000000008d300000| Untracked 
| 212|0x000000008d400000, 0x000000008d400000, 0x000000008d500000|  0%| F|  |TAMS 0x000000008d400000, 0x000000008d400000| Untracked 
| 213|0x000000008d500000, 0x000000008d500000, 0x000000008d600000|  0%| F|  |TAMS 0x000000008d500000, 0x000000008d500000| Untracked 
| 214|0x000000008d600000, 0x000000008d600000, 0x000000008d700000|  0%| F|  |TAMS 0x000000008d600000, 0x000000008d600000| Untracked 
| 215|0x000000008d700000, 0x000000008d700000, 0x000000008d800000|  0%| F|  |TAMS 0x000000008d700000, 0x000000008d700000| Untracked 
| 216|0x000000008d800000, 0x000000008d800000, 0x000000008d900000|  0%| F|  |TAMS 0x000000008d800000, 0x000000008d800000| Untracked 
| 217|0x000000008d900000, 0x000000008d900000, 0x000000008da00000|  0%| F|  |TAMS 0x000000008d900000, 0x000000008d900000| Untracked 
| 218|0x000000008da00000, 0x000000008da00000, 0x000000008db00000|  0%| F|  |TAMS 0x000000008da00000, 0x000000008da00000| Untracked 
| 219|0x000000008db00000, 0x000000008db00000, 0x000000008dc00000|  0%| F|  |TAMS 0x000000008db00000, 0x000000008db00000| Untracked 
| 220|0x000000008dc00000, 0x000000008dc00000, 0x000000008dd00000|  0%| F|  |TAMS 0x000000008dc00000, 0x000000008dc00000| Untracked 
| 221|0x000000008dd00000, 0x000000008dd00000, 0x000000008de00000|  0%| F|  |TAMS 0x000000008dd00000, 0x000000008dd00000| Untracked 
| 222|0x000000008de00000, 0x000000008de00000, 0x000000008df00000|  0%| F|  |TAMS 0x000000008de00000, 0x000000008de00000| Untracked 
| 223|0x000000008df00000, 0x000000008df00000, 0x000000008e000000|  0%| F|  |TAMS 0x000000008df00000, 0x000000008df00000| Untracked 
| 224|0x000000008e000000, 0x000000008e000000, 0x000000008e100000|  0%| F|  |TAMS 0x000000008e000000, 0x000000008e000000| Untracked 
| 225|0x000000008e100000, 0x000000008e100000, 0x000000008e200000|  0%| F|  |TAMS 0x000000008e100000, 0x000000008e100000| Untracked 
| 226|0x000000008e200000, 0x000000008e200000, 0x000000008e300000|  0%| F|  |TAMS 0x000000008e200000, 0x000000008e200000| Untracked 
| 227|0x000000008e300000, 0x000000008e300000, 0x000000008e400000|  0%| F|  |TAMS 0x000000008e300000, 0x000000008e300000| Untracked 
| 228|0x000000008e400000, 0x000000008e400000, 0x000000008e500000|  0%| F|  |TAMS 0x000000008e400000, 0x000000008e400000| Untracked 
| 229|0x000000008e500000, 0x000000008e500000, 0x000000008e600000|  0%| F|  |TAMS 0x000000008e500000, 0x000000008e500000| Untracked 
| 230|0x000000008e600000, 0x000000008e600000, 0x000000008e700000|  0%| F|  |TAMS 0x000000008e600000, 0x000000008e600000| Untracked 
| 231|0x000000008e700000, 0x000000008e700000, 0x000000008e800000|  0%| F|  |TAMS 0x000000008e700000, 0x000000008e700000| Untracked 
| 232|0x000000008e800000, 0x000000008e800000, 0x000000008e900000|  0%| F|  |TAMS 0x000000008e800000, 0x000000008e800000| Untracked 
| 233|0x000000008e900000, 0x000000008e900000, 0x000000008ea00000|  0%| F|  |TAMS 0x000000008e900000, 0x000000008e900000| Untracked 
| 234|0x000000008ea00000, 0x000000008ea00000, 0x000000008eb00000|  0%| F|  |TAMS 0x000000008ea00000, 0x000000008ea00000| Untracked 
| 235|0x000000008eb00000, 0x000000008eb00000, 0x000000008ec00000|  0%| F|  |TAMS 0x000000008eb00000, 0x000000008eb00000| Untracked 
| 236|0x000000008ec00000, 0x000000008ec00000, 0x000000008ed00000|  0%| F|  |TAMS 0x000000008ec00000, 0x000000008ec00000| Untracked 
| 237|0x000000008ed00000, 0x000000008ed00000, 0x000000008ee00000|  0%| F|  |TAMS 0x000000008ed00000, 0x000000008ed00000| Untracked 
| 238|0x000000008ee00000, 0x000000008ee00000, 0x000000008ef00000|  0%| F|  |TAMS 0x000000008ee00000, 0x000000008ee00000| Untracked 
| 239|0x000000008ef00000, 0x000000008ef00000, 0x000000008f000000|  0%| F|  |TAMS 0x000000008ef00000, 0x000000008ef00000| Untracked 
| 240|0x000000008f000000, 0x000000008f000000, 0x000000008f100000|  0%| F|  |TAMS 0x000000008f000000, 0x000000008f000000| Untracked 
| 241|0x000000008f100000, 0x000000008f100000, 0x000000008f200000|  0%| F|  |TAMS 0x000000008f100000, 0x000000008f100000| Untracked 
| 242|0x000000008f200000, 0x000000008f200000, 0x000000008f300000|  0%| F|  |TAMS 0x000000008f200000, 0x000000008f200000| Untracked 
| 243|0x000000008f300000, 0x000000008f300000, 0x000000008f400000|  0%| F|  |TAMS 0x000000008f300000, 0x000000008f300000| Untracked 
| 244|0x000000008f400000, 0x000000008f400000, 0x000000008f500000|  0%| F|  |TAMS 0x000000008f400000, 0x000000008f400000| Untracked 
| 245|0x000000008f500000, 0x000000008f500000, 0x000000008f600000|  0%| F|  |TAMS 0x000000008f500000, 0x000000008f500000| Untracked 
| 246|0x000000008f600000, 0x000000008f600000, 0x000000008f700000|  0%| F|  |TAMS 0x000000008f600000, 0x000000008f600000| Untracked 
| 247|0x000000008f700000, 0x000000008f700000, 0x000000008f800000|  0%| F|  |TAMS 0x000000008f700000, 0x000000008f700000| Untracked 
| 248|0x000000008f800000, 0x000000008f800000, 0x000000008f900000|  0%| F|  |TAMS 0x000000008f800000, 0x000000008f800000| Untracked 
| 249|0x000000008f900000, 0x000000008f900000, 0x000000008fa00000|  0%| F|  |TAMS 0x000000008f900000, 0x000000008f900000| Untracked 
| 250|0x000000008fa00000, 0x000000008fa00000, 0x000000008fb00000|  0%| F|  |TAMS 0x000000008fa00000, 0x000000008fa00000| Untracked 
| 251|0x000000008fb00000, 0x000000008fb00000, 0x000000008fc00000|  0%| F|  |TAMS 0x000000008fb00000, 0x000000008fb00000| Untracked 
| 252|0x000000008fc00000, 0x000000008fc00000, 0x000000008fd00000|  0%| F|  |TAMS 0x000000008fc00000, 0x000000008fc00000| Untracked 
| 253|0x000000008fd00000, 0x000000008fd00000, 0x000000008fe00000|  0%| F|  |TAMS 0x000000008fd00000, 0x000000008fd00000| Untracked 

Card table byte_map: [0x000001febf7e0000,0x000001febfbe0000] _byte_map_base: 0x000001febf3e0000

Marking Bits (Prev, Next): (CMBitMap*) 0x000001feacc497e0, (CMBitMap*) 0x000001feacc497a0
 Prev Bits: [0x000001fec1fe0000, 0x000001fec3fe0000)
 Next Bits: [0x000001febffe0000, 0x000001fec1fe0000)

Polling page: 0x000001feaab20000

Metaspace:

Usage:
  Non-class:     92.70 MB used.
      Class:     13.68 MB used.
       Both:    106.38 MB used.

Virtual space:
  Non-class space:       96.00 MB reserved,      93.06 MB ( 97%) committed,  12 nodes.
      Class space:        1.00 GB reserved,      13.94 MB (  1%) committed,  1 nodes.
             Both:        1.09 GB reserved,     107.00 MB ( 10%) committed. 

Chunk freelists:
   Non-Class:  2.84 MB
       Class:  2.05 MB
        Both:  4.89 MB

MaxMetaspaceSize: unlimited
CompressedClassSpaceSize: 1.00 GB
Initial GC threshold: 21.00 MB
Current GC threshold: 178.12 MB
CDS: off
MetaspaceReclaimPolicy: balanced
 - commit_granule_bytes: 65536.
 - commit_granule_words: 8192.
 - virtual_space_node_default_size: 1048576.
 - enlarge_chunks_in_place: 1.
 - new_chunks_are_fully_committed: 0.
 - uncommit_free_chunks: 1.
 - use_allocation_guard: 0.
 - handle_deallocations: 1.


Internal statistics:

num_allocs_failed_limit: 3.
num_arena_births: 724.
num_arena_deaths: 0.
num_vsnodes_births: 13.
num_vsnodes_deaths: 0.
num_space_committed: 1710.
num_space_uncommitted: 0.
num_chunks_returned_to_freelist: 3.
num_chunks_taken_from_freelist: 4238.
num_chunk_merges: 3.
num_chunk_splits: 3306.
num_chunks_enlarged: 2748.
num_purges: 0.
num_inconsistent_stats: 0.

CodeHeap 'non-profiled nmethods': size=120000Kb used=4913Kb max_used=4913Kb free=115086Kb
 bounds [0x000001feb7b80000, 0x000001feb8050000, 0x000001febf0b0000]
CodeHeap 'profiled nmethods': size=120000Kb used=16101Kb max_used=16101Kb free=103898Kb
 bounds [0x000001feb00b0000, 0x000001feb1070000, 0x000001feb75e0000]
CodeHeap 'non-nmethods': size=5760Kb used=2475Kb max_used=2528Kb free=3284Kb
 bounds [0x000001feb75e0000, 0x000001feb7870000, 0x000001feb7b80000]
 total_blobs=8623 nmethods=7598 adapters=936
 compilation: enabled
              stopped_count=0, restarted_count=0
 full_count=0

Compilation events (20 events):
Event: 17.854 Thread 0x000001fec748c300 8378       3       org.jetbrains.kotlin.load.kotlin.FileBasedKotlinClass$1::<init> (28 bytes)
Event: 17.854 Thread 0x000001fec748c300 nmethod 8378 0x000001feb1064690 code [0x000001feb1064840, 0x000001feb1064b68]
Event: 17.854 Thread 0x000001fec748c300 8383       3       org.jetbrains.kotlin.load.kotlin.FileBasedKotlinClass::create (126 bytes)
Event: 17.856 Thread 0x000001fec748c300 nmethod 8383 0x000001feb1064c90 code [0x000001feb1064f60, 0x000001feb1065f08]
Event: 17.856 Thread 0x000001fec748c300 8379       3       org.jetbrains.kotlin.load.kotlin.FileBasedKotlinClass$1::visit (28 bytes)
Event: 17.856 Thread 0x000001fec748c300 nmethod 8379 0x000001feb1066510 code [0x000001feb10666e0, 0x000001feb1066bc8]
Event: 17.856 Thread 0x000001fec748c300 8380       3       org.jetbrains.kotlin.load.kotlin.FileBasedKotlinClass$1::visitEnd (8 bytes)
Event: 17.856 Thread 0x000001fec748c300 nmethod 8380 0x000001feb1066e10 code [0x000001feb1066fa0, 0x000001feb1067118]
Event: 17.856 Thread 0x000001fec748c300 8381       3       org.jetbrains.kotlin.load.kotlin.header.ReadKotlinClassHeaderAnnotationVisitor::visitEnd (1 bytes)
Event: 17.856 Thread 0x000001fec748c300 nmethod 8381 0x000001feb1067210 code [0x000001feb10673a0, 0x000001feb10674b8]
Event: 17.856 Thread 0x000001fec748c300 8382       3       org.jetbrains.kotlin.load.kotlin.KotlinClassFinder$Result::toKotlinJvmBinaryClass (28 bytes)
Event: 17.856 Thread 0x000001fec748c300 nmethod 8382 0x000001feb1067590 code [0x000001feb1067740, 0x000001feb1067b18]
Event: 17.862 Thread 0x000001fecdf552f0 nmethod 8184 0x000001feb8046390 code [0x000001feb8046780, 0x000001feb8049998]
Event: 17.862 Thread 0x000001fecdf552f0 8172       4       org.jetbrains.org.objectweb.asm.ClassVisitor::visitMethod (24 bytes)
Event: 17.863 Thread 0x000001fecdf552f0 nmethod 8172 0x000001feb804c410 code [0x000001feb804c580, 0x000001feb804c638]
Event: 17.863 Thread 0x000001fecdf552f0 8176       4       org.jetbrains.kotlin.metadata.ProtoBuf$ValueParameter::isInitialized (101 bytes)
Event: 17.866 Thread 0x000001fec748c300 8384       3       org.jetbrains.kotlin.resolve.jvm.JvmClassName::getFqNameForTopLevelClassMaybeWithDollars (19 bytes)
Event: 17.866 Thread 0x000001fec748c300 nmethod 8384 0x000001feb1067c10 code [0x000001feb1067dc0, 0x000001feb1067fb8]
Event: 17.866 Thread 0x000001fec748c300 8385       3       org.jetbrains.kotlin.load.kotlin.KotlinClassFinderKt::findKotlinClass (32 bytes)
Event: 17.867 Thread 0x000001fec748c300 nmethod 8385 0x000001feb1068110 code [0x000001feb10683e0, 0x000001feb1069248]

GC Heap History (20 events):
Event: 11.861 GC heap after
{Heap after GC invocations=36 (full 0):
 garbage-first heap   total 184320K, used 89414K [0x0000000080000000, 0x0000000100000000)
  region size 1024K, 3 young (3072K), 3 survivors (3072K)
 Metaspace       used 72911K, committed 73536K, reserved 1114112K
  class space    used 9958K, committed 10240K, reserved 1048576K
}
Event: 13.155 GC heap before
{Heap before GC invocations=37 (full 0):
 garbage-first heap   total 184320K, used 153926K [0x0000000080000000, 0x0000000100000000)
  region size 1024K, 60 young (61440K), 3 survivors (3072K)
 Metaspace       used 80649K, committed 81280K, reserved 1122304K
  class space    used 10720K, committed 11008K, reserved 1048576K
}
Event: 13.160 GC heap after
{Heap after GC invocations=38 (full 0):
 garbage-first heap   total 184320K, used 99795K [0x0000000080000000, 0x0000000100000000)
  region size 1024K, 7 young (7168K), 7 survivors (7168K)
 Metaspace       used 80649K, committed 81280K, reserved 1122304K
  class space    used 10720K, committed 11008K, reserved 1048576K
}
Event: 14.084 GC heap before
{Heap before GC invocations=38 (full 0):
 garbage-first heap   total 184320K, used 145875K [0x0000000080000000, 0x0000000100000000)
  region size 1024K, 53 young (54272K), 7 survivors (7168K)
 Metaspace       used 87035K, committed 87616K, reserved 1130496K
  class space    used 11532K, committed 11776K, reserved 1048576K
}
Event: 14.093 GC heap after
{Heap after GC invocations=39 (full 0):
 garbage-first heap   total 184320K, used 103917K [0x0000000080000000, 0x0000000100000000)
  region size 1024K, 4 young (4096K), 4 survivors (4096K)
 Metaspace       used 87035K, committed 87616K, reserved 1130496K
  class space    used 11532K, committed 11776K, reserved 1048576K
}
Event: 14.602 GC heap before
{Heap before GC invocations=40 (full 0):
 garbage-first heap   total 199680K, used 152045K [0x0000000080000000, 0x0000000100000000)
  region size 1024K, 50 young (51200K), 4 survivors (4096K)
 Metaspace       used 89225K, committed 89792K, reserved 1130496K
  class space    used 11793K, committed 12032K, reserved 1048576K
}
Event: 14.609 GC heap after
{Heap after GC invocations=41 (full 0):
 garbage-first heap   total 199680K, used 106068K [0x0000000080000000, 0x0000000100000000)
  region size 1024K, 6 young (6144K), 6 survivors (6144K)
 Metaspace       used 89225K, committed 89792K, reserved 1130496K
  class space    used 11793K, committed 12032K, reserved 1048576K
}
Event: 14.657 GC heap before
{Heap before GC invocations=41 (full 0):
 garbage-first heap   total 199680K, used 109140K [0x0000000080000000, 0x0000000100000000)
  region size 1024K, 9 young (9216K), 6 survivors (6144K)
 Metaspace       used 89299K, committed 89856K, reserved 1130496K
  class space    used 11793K, committed 12032K, reserved 1048576K
}
Event: 14.663 GC heap after
{Heap after GC invocations=42 (full 0):
 garbage-first heap   total 199680K, used 106765K [0x0000000080000000, 0x0000000100000000)
  region size 1024K, 2 young (2048K), 2 survivors (2048K)
 Metaspace       used 89299K, committed 89856K, reserved 1130496K
  class space    used 11793K, committed 12032K, reserved 1048576K
}
Event: 15.428 GC heap before
{Heap before GC invocations=42 (full 0):
 garbage-first heap   total 199680K, used 163085K [0x0000000080000000, 0x0000000100000000)
  region size 1024K, 57 young (58368K), 2 survivors (2048K)
 Metaspace       used 93814K, committed 94336K, reserved 1138688K
  class space    used 12307K, committed 12544K, reserved 1048576K
}
Event: 15.434 GC heap after
{Heap after GC invocations=43 (full 0):
 garbage-first heap   total 199680K, used 110031K [0x0000000080000000, 0x0000000100000000)
  region size 1024K, 5 young (5120K), 5 survivors (5120K)
 Metaspace       used 93814K, committed 94336K, reserved 1138688K
  class space    used 12307K, committed 12544K, reserved 1048576K
}
Event: 16.463 GC heap before
{Heap before GC invocations=44 (full 0):
 garbage-first heap   total 199680K, used 164303K [0x0000000080000000, 0x0000000100000000)
  region size 1024K, 58 young (59392K), 5 survivors (5120K)
 Metaspace       used 101448K, committed 102016K, reserved 1138688K
  class space    used 13159K, committed 13440K, reserved 1048576K
}
Event: 16.469 GC heap after
{Heap after GC invocations=45 (full 0):
 garbage-first heap   total 199680K, used 113068K [0x0000000080000000, 0x0000000100000000)
  region size 1024K, 7 young (7168K), 7 survivors (7168K)
 Metaspace       used 101448K, committed 102016K, reserved 1138688K
  class space    used 13159K, committed 13440K, reserved 1048576K
}
Event: 16.509 GC heap before
{Heap before GC invocations=45 (full 0):
 garbage-first heap   total 199680K, used 115116K [0x0000000080000000, 0x0000000100000000)
  region size 1024K, 9 young (9216K), 7 survivors (7168K)
 Metaspace       used 101812K, committed 102336K, reserved 1138688K
  class space    used 13217K, committed 13440K, reserved 1048576K
}
Event: 16.516 GC heap after
{Heap after GC invocations=46 (full 0):
 garbage-first heap   total 199680K, used 112913K [0x0000000080000000, 0x0000000100000000)
  region size 1024K, 1 young (1024K), 1 survivors (1024K)
 Metaspace       used 101812K, committed 102336K, reserved 1138688K
  class space    used 13217K, committed 13440K, reserved 1048576K
}
Event: 17.540 GC heap before
{Heap before GC invocations=46 (full 0):
 garbage-first heap   total 199680K, used 166161K [0x0000000080000000, 0x0000000100000000)
  region size 1024K, 53 young (54272K), 1 survivors (1024K)
 Metaspace       used 108703K, committed 109312K, reserved 1146880K
  class space    used 14010K, committed 14272K, reserved 1048576K
}
Event: 17.546 GC heap after
{Heap after GC invocations=47 (full 0):
 garbage-first heap   total 199680K, used 114863K [0x0000000080000000, 0x0000000100000000)
  region size 1024K, 3 young (3072K), 3 survivors (3072K)
 Metaspace       used 108703K, committed 109312K, reserved 1146880K
  class space    used 14010K, committed 14272K, reserved 1048576K
}
Event: 17.841 GC heap before
{Heap before GC invocations=48 (full 0):
 garbage-first heap   total 211968K, used 168111K [0x0000000080000000, 0x0000000100000000)
  region size 1024K, 54 young (55296K), 3 survivors (3072K)
 Metaspace       used 108933K, committed 109568K, reserved 1146880K
  class space    used 14010K, committed 14272K, reserved 1048576K
}
Event: 17.847 GC heap after
{Heap after GC invocations=49 (full 0):
 garbage-first heap   total 211968K, used 119768K [0x0000000080000000, 0x0000000100000000)
  region size 1024K, 7 young (7168K), 7 survivors (7168K)
 Metaspace       used 108933K, committed 109568K, reserved 1146880K
  class space    used 14010K, committed 14272K, reserved 1048576K
}
Event: 17.879 GC heap before
{Heap before GC invocations=49 (full 0):
 garbage-first heap   total 211968K, used 122840K [0x0000000080000000, 0x0000000100000000)
  region size 1024K, 10 young (10240K), 7 survivors (7168K)
 Metaspace       used 108937K, committed 109568K, reserved 1146880K
  class space    used 14010K, committed 14272K, reserved 1048576K
}

Dll operation events (2 events):
Event: 0.013 Loaded shared library D:\android studio\jbr\bin\java.dll
Event: 0.633 Loaded shared library D:\android studio\jbr\bin\verify.dll

Deoptimization events (20 events):
Event: 17.492 Thread 0x000001fecb18d570 Uncommon trap: trap_request=0xffffffc6 fr.pc=0x000001feb7f33b90 relative=0x0000000000000ef0
Event: 17.492 Thread 0x000001fecb18d570 Uncommon trap: reason=bimorphic_or_optimized_type_check action=maybe_recompile pc=0x000001feb7f33b90 method=org.jetbrains.kotlin.storage.LockBasedStorageManager$MapBasedMemoizedFunction.invoke(Ljava/lang/Object;)Ljava/lang/Object; @ 235 c2
Event: 17.492 Thread 0x000001fecb18d570 DEOPT PACKING pc=0x000001feb7f33b90 sp=0x000000856e6f6450
Event: 17.492 Thread 0x000001fecb18d570 DEOPT UNPACKING pc=0x000001feb76369a3 sp=0x000000856e6f6410 mode 2
Event: 17.492 Thread 0x000001fecb18d570 Uncommon trap: trap_request=0xffffffc6 fr.pc=0x000001feb7f33b90 relative=0x0000000000000ef0
Event: 17.492 Thread 0x000001fecb18d570 Uncommon trap: reason=bimorphic_or_optimized_type_check action=maybe_recompile pc=0x000001feb7f33b90 method=org.jetbrains.kotlin.storage.LockBasedStorageManager$MapBasedMemoizedFunction.invoke(Ljava/lang/Object;)Ljava/lang/Object; @ 235 c2
Event: 17.492 Thread 0x000001fecb18d570 DEOPT PACKING pc=0x000001feb7f33b90 sp=0x000000856e6f6450
Event: 17.492 Thread 0x000001fecb18d570 DEOPT UNPACKING pc=0x000001feb76369a3 sp=0x000000856e6f6410 mode 2
Event: 17.520 Thread 0x000001fecb18d570 Uncommon trap: trap_request=0xffffff45 fr.pc=0x000001feb7fbebb8 relative=0x00000000000038f8
Event: 17.520 Thread 0x000001fecb18d570 Uncommon trap: reason=unstable_if action=reinterpret pc=0x000001feb7fbebb8 method=org.jetbrains.kotlin.metadata.ProtoBuf$ValueParameter.writeTo(Lorg/jetbrains/kotlin/protobuf/CodedOutputStream;)V @ 118 c2
Event: 17.520 Thread 0x000001fecb18d570 DEOPT PACKING pc=0x000001feb7fbebb8 sp=0x000000856e6f5bb0
Event: 17.520 Thread 0x000001fecb18d570 DEOPT UNPACKING pc=0x000001feb76369a3 sp=0x000000856e6f5a60 mode 2
Event: 17.520 Thread 0x000001fecb18d570 Uncommon trap: trap_request=0xffffffde fr.pc=0x000001feb7f5c178 relative=0x0000000000000938
Event: 17.520 Thread 0x000001fecb18d570 Uncommon trap: reason=class_check action=maybe_recompile pc=0x000001feb7f5c178 method=org.jetbrains.kotlin.metadata.ProtoBuf$TypeParameter.getSerializedSize()I @ 153 c2
Event: 17.520 Thread 0x000001fecb18d570 DEOPT PACKING pc=0x000001feb7f5c178 sp=0x000000856e6f5a70
Event: 17.520 Thread 0x000001fecb18d570 DEOPT UNPACKING pc=0x000001feb76369a3 sp=0x000000856e6f5a28 mode 2
Event: 17.520 Thread 0x000001fecb18d570 Uncommon trap: trap_request=0xffffffde fr.pc=0x000001feb7f5c178 relative=0x0000000000000938
Event: 17.520 Thread 0x000001fecb18d570 Uncommon trap: reason=class_check action=maybe_recompile pc=0x000001feb7f5c178 method=org.jetbrains.kotlin.metadata.ProtoBuf$TypeParameter.getSerializedSize()I @ 153 c2
Event: 17.520 Thread 0x000001fecb18d570 DEOPT PACKING pc=0x000001feb7f5c178 sp=0x000000856e6f5a70
Event: 17.520 Thread 0x000001fecb18d570 DEOPT UNPACKING pc=0x000001feb76369a3 sp=0x000000856e6f5a28 mode 2

Classes unloaded (0 events):
No events

Classes redefined (0 events):
No events

Internal exceptions (20 events):
Event: 8.181 Thread 0x000001fecb18d570 Exception <a 'java/lang/NoSuchMethodError'{0x0000000086d544c8}: 'int java.lang.invoke.DelegatingMethodHandle$Holder.reinvoke_L(java.lang.Object, java.lang.Object, java.lang.Object, long, int)'> (0x0000000086d544c8) 
thrown [s\src\hotspot\share\interpreter\linkResolver.cpp, line 771]
Event: 8.183 Thread 0x000001fecb18d570 Exception <a 'java/lang/NoSuchMethodError'{0x0000000086d67940}: 'java.lang.Object java.lang.invoke.Invokers$Holder.invokeExact_MT(java.lang.Object, java.lang.Object, long, java.lang.Object)'> (0x0000000086d67940) 
thrown [s\src\hotspot\share\interpreter\linkResolver.cpp, line 771]
Event: 9.605 Thread 0x000001fecb18d570 Exception <a 'java/lang/NoSuchMethodError'{0x0000000086463160}: 'long java.lang.invoke.DirectMethodHandle$Holder.invokeStatic(java.lang.Object)'> (0x0000000086463160) 
thrown [s\src\hotspot\share\interpreter\linkResolver.cpp, line 771]
Event: 9.606 Thread 0x000001fecb18d570 Exception <a 'java/lang/NoSuchMethodError'{0x0000000086467d48}: 'long java.lang.invoke.DirectMethodHandle$Holder.invokeStaticInit(java.lang.Object)'> (0x0000000086467d48) 
thrown [s\src\hotspot\share\interpreter\linkResolver.cpp, line 771]
Event: 9.909 Thread 0x000001fecb18d570 Implicit null exception at 0x000001feb7d9e10c to 0x000001feb7d9e242
Event: 10.396 Thread 0x000001fecb18d570 Exception <a 'java/lang/NoSuchMethodError'{0x00000000870a6700}: 'void java.lang.invoke.DirectMethodHandle$Holder.invokeVirtual(java.lang.Object, java.lang.Object)'> (0x00000000870a6700) 
thrown [s\src\hotspot\share\interpreter\linkResolver.cpp, line 771]
Event: 10.683 Thread 0x000001fecb18d570 Exception <a 'java/lang/NoSuchMethodError'{0x000000008cfda918}: 'java.lang.Object java.lang.invoke.Invokers$Holder.invoke_MT(java.lang.Object, java.lang.Object, java.lang.Object)'> (0x000000008cfda918) 
thrown [s\src\hotspot\share\interpreter\linkResolver.cpp, line 771]
Event: 10.997 Thread 0x000001fecb18d570 Implicit null exception at 0x000001feb7c74dc0 to 0x000001feb7c75b80
Event: 11.014 Thread 0x000001fecb18d570 Implicit null exception at 0x000001feb7c1fa66 to 0x000001feb7c21bc4
Event: 13.797 Thread 0x000001fecb18d570 Exception <a 'java/lang/NoSuchMethodError'{0x00000000893d7208}: 'java.lang.Object java.lang.invoke.DirectMethodHandle$Holder.invokeStatic(java.lang.Object, java.lang.Object, java.lang.Object, java.lang.Object, int)'> (0x00000000893d7208) 
thrown [s\src\hotspot\share\interpreter\linkResolver.cpp, line 771]
Event: 13.798 Thread 0x000001fecb18d570 Exception <a 'java/lang/NoSuchMethodError'{0x00000000893e2338}: 'java.lang.Object java.lang.invoke.DirectMethodHandle$Holder.newInvokeSpecial(java.lang.Object, java.lang.Object, java.lang.Object, java.lang.Object, int)'> (0x00000000893e2338) 
thrown [s\src\hotspot\share\interpreter\linkResolver.cpp, line 771]
Event: 13.799 Thread 0x000001fecb18d570 Exception <a 'java/lang/NoSuchMethodError'{0x00000000893e83a8}: 'java.lang.Object java.lang.invoke.DirectMethodHandle$Holder.invokeSpecial(java.lang.Object, java.lang.Object, java.lang.Object, java.lang.Object, java.lang.Object, int)'> (0x00000000893e83a8) 
thrown [s\src\hotspot\share\interpreter\linkResolver.cpp, line 771]
Event: 13.799 Thread 0x000001fecb18d570 Exception <a 'java/lang/NoSuchMethodError'{0x00000000893eddc8}: 'java.lang.Object java.lang.invoke.Invokers$Holder.linkToTargetMethod(java.lang.Object, java.lang.Object, java.lang.Object, int, java.lang.Object)'> (0x00000000893eddc8) 
thrown [s\src\hotspot\share\interpreter\linkResolver.cpp, line 771]
Event: 13.826 Thread 0x000001fecb18d570 Implicit null exception at 0x000001feb7eca113 to 0x000001feb7eca26c
Event: 15.665 Thread 0x000001fecb18d570 Exception <a 'java/lang/NoSuchMethodError'{0x000000008b59a530}: 'java.lang.Object java.lang.invoke.DirectMethodHandle$Holder.newInvokeSpecial(java.lang.Object, java.lang.Object, java.lang.Object, int, int, java.lang.Object, java.lang.Object)'> (0x000000008b59a530) 
thrown [s\src\hotspot\share\interpreter\linkResolver.cpp, line 771]
Event: 17.328 Thread 0x000001fec9982550 Exception <a 'sun/nio/fs/WindowsException'{0x0000000089d21178}> (0x0000000089d21178) 
thrown [s\src\hotspot\share\prims\jni.cpp, line 517]
Event: 17.340 Thread 0x000001fec9982550 Exception <a 'sun/nio/fs/WindowsException'{0x0000000089d83780}> (0x0000000089d83780) 
thrown [s\src\hotspot\share\prims\jni.cpp, line 517]
Event: 17.341 Thread 0x000001fec9982550 Exception <a 'sun/nio/fs/WindowsException'{0x0000000089d83910}> (0x0000000089d83910) 
thrown [s\src\hotspot\share\prims\jni.cpp, line 517]
Event: 17.439 Thread 0x000001fecb18d570 Exception <a 'java/lang/NoSuchMethodError'{0x000000008994bce0}: 'void java.lang.invoke.DirectMethodHandle$Holder.invokeInterface(java.lang.Object, java.lang.Object)'> (0x000000008994bce0) 
thrown [s\src\hotspot\share\interpreter\linkResolver.cpp, line 771]
Event: 17.441 Thread 0x000001fecb18d570 Exception <a 'java/lang/IncompatibleClassChangeError'{0x0000000089957100}: Found class java.lang.Object, but interface was expected> (0x0000000089957100) 
thrown [s\src\hotspot\share\interpreter\linkResolver.cpp, line 838]

VM Operations (20 events):
Event: 16.469 Executing VM operation: G1CollectForAllocation done
Event: 16.508 Executing VM operation: G1CollectForAllocation
Event: 16.516 Executing VM operation: G1CollectForAllocation done
Event: 16.634 Executing VM operation: HandshakeAllThreads
Event: 16.634 Executing VM operation: HandshakeAllThreads done
Event: 16.649 Executing VM operation: HandshakeAllThreads
Event: 16.649 Executing VM operation: HandshakeAllThreads done
Event: 16.883 Executing VM operation: HandshakeAllThreads
Event: 16.883 Executing VM operation: HandshakeAllThreads done
Event: 17.296 Executing VM operation: ICBufferFull
Event: 17.296 Executing VM operation: ICBufferFull done
Event: 17.540 Executing VM operation: G1CollectForAllocation
Event: 17.550 Executing VM operation: G1CollectForAllocation done
Event: 17.647 Executing VM operation: G1Concurrent
Event: 17.651 Executing VM operation: G1Concurrent done
Event: 17.693 Executing VM operation: G1Concurrent
Event: 17.693 Executing VM operation: G1Concurrent done
Event: 17.841 Executing VM operation: G1CollectForAllocation
Event: 17.847 Executing VM operation: G1CollectForAllocation done
Event: 17.879 Executing VM operation: G1CollectForAllocation

Events (20 events):
Event: 13.797 Thread 0x000001fecb6e7500 Thread exited: 0x000001fecb6e7500
Event: 14.135 Thread 0x000001fecb6e7500 Thread added: 0x000001fecb6e7500
Event: 14.533 Thread 0x000001fec7496d10 flushing nmethod 0x000001feb018c690
Event: 14.535 Thread 0x000001fec7496d10 flushing nmethod 0x000001feb04b6510
Event: 14.536 Thread 0x000001fec7496d10 flushing nmethod 0x000001feb05efc10
Event: 14.537 Thread 0x000001fec7496d10 flushing nmethod 0x000001feb0608710
Event: 14.537 Thread 0x000001fec7496d10 flushing nmethod 0x000001feb060b610
Event: 14.537 Thread 0x000001fec7496d10 flushing nmethod 0x000001feb071af10
Event: 14.538 Thread 0x000001fec7496d10 flushing nmethod 0x000001feb079a890
Event: 14.539 Thread 0x000001fec7496d10 flushing nmethod 0x000001feb0884990
Event: 14.827 loading class java/util/AbstractList$RandomAccessSubList
Event: 14.827 loading class java/util/AbstractList$RandomAccessSubList done
Event: 15.729 Thread 0x000001fecb6e7500 Thread exited: 0x000001fecb6e7500
Event: 15.842 Thread 0x000001fecb6e60c0 Thread exited: 0x000001fecb6e60c0
Event: 16.121 Thread 0x000001fecdf56c40 Thread added: 0x000001fecdf56c40
Event: 16.837 Thread 0x000001fecdf56c40 Thread exited: 0x000001fecdf56c40
Event: 17.282 loading class java/lang/Byte$ByteCache
Event: 17.283 loading class java/lang/Byte$ByteCache done
Event: 17.430 Thread 0x000001fecdf552f0 Thread added: 0x000001fecdf552f0
Event: 17.515 Thread 0x000001fecdf58aa0 Thread added: 0x000001fecdf58aa0


Dynamic libraries:
0x00007ff6907b0000 - 0x00007ff6907ba000 	D:\android studio\jbr\bin\java.exe
0x00007ffde6750000 - 0x00007ffde6967000 	C:\WINDOWS\SYSTEM32\ntdll.dll
0x00007ffde5820000 - 0x00007ffde58e4000 	C:\WINDOWS\System32\KERNEL32.DLL
0x00007ffde3c90000 - 0x00007ffde4036000 	C:\WINDOWS\System32\KERNELBASE.dll
0x00007ffde3ad0000 - 0x00007ffde3be1000 	C:\WINDOWS\System32\ucrtbase.dll
0x00007ffdcb750000 - 0x00007ffdcb767000 	D:\android studio\jbr\bin\jli.dll
0x00007ffdcb3e0000 - 0x00007ffdcb3fb000 	D:\android studio\jbr\bin\VCRUNTIME140.dll
0x00007ffde60a0000 - 0x00007ffde624d000 	C:\WINDOWS\System32\USER32.dll
0x00007ffde3c60000 - 0x00007ffde3c86000 	C:\WINDOWS\System32\win32u.dll
0x00007ffdc8fc0000 - 0x00007ffdc9253000 	C:\WINDOWS\WinSxS\amd64_microsoft.windows.common-controls_6595b64144ccf1df_6.0.22621.2361_none_2712ced57382f843\COMCTL32.dll
0x00007ffde6250000 - 0x00007ffde6279000 	C:\WINDOWS\System32\GDI32.dll
0x00007ffde4390000 - 0x00007ffde44a8000 	C:\WINDOWS\System32\gdi32full.dll
0x00007ffde65a0000 - 0x00007ffde6647000 	C:\WINDOWS\System32\msvcrt.dll
0x00007ffde40c0000 - 0x00007ffde415a000 	C:\WINDOWS\System32\msvcp_win.dll
0x00007ffde6280000 - 0x00007ffde62b1000 	C:\WINDOWS\System32\IMM32.DLL
0x00007ffdcb710000 - 0x00007ffdcb71c000 	D:\android studio\jbr\bin\vcruntime140_1.dll
0x00007ffdb1e90000 - 0x00007ffdb1f1d000 	D:\android studio\jbr\bin\msvcp140.dll
0x00007ffd45d90000 - 0x00007ffd469fe000 	D:\android studio\jbr\bin\server\jvm.dll
0x00007ffde62c0000 - 0x00007ffde6370000 	C:\WINDOWS\System32\ADVAPI32.dll
0x00007ffde44b0000 - 0x00007ffde4556000 	C:\WINDOWS\System32\sechost.dll
0x00007ffde6480000 - 0x00007ffde6597000 	C:\WINDOWS\System32\RPCRT4.dll
0x00007ffdc8750000 - 0x00007ffdc8759000 	C:\WINDOWS\SYSTEM32\WSOCK32.dll
0x00007ffddd120000 - 0x00007ffddd154000 	C:\WINDOWS\SYSTEM32\WINMM.dll
0x00007ffddd5b0000 - 0x00007ffddd5ba000 	C:\WINDOWS\SYSTEM32\VERSION.dll
0x00007ffde4cd0000 - 0x00007ffde4d41000 	C:\WINDOWS\System32\WS2_32.dll
0x00007ffde2b10000 - 0x00007ffde2b28000 	C:\WINDOWS\SYSTEM32\kernel.appcore.dll
0x00007ffddec40000 - 0x00007ffddec4a000 	D:\android studio\jbr\bin\jimage.dll
0x00007ffde1420000 - 0x00007ffde164e000 	C:\WINDOWS\SYSTEM32\DBGHELP.DLL
0x00007ffde4640000 - 0x00007ffde49ca000 	C:\WINDOWS\System32\combase.dll
0x00007ffde4560000 - 0x00007ffde4637000 	C:\WINDOWS\System32\OLEAUT32.dll
0x00007ffdc7c60000 - 0x00007ffdc7c92000 	C:\WINDOWS\SYSTEM32\dbgcore.DLL
0x00007ffde4040000 - 0x00007ffde40ba000 	C:\WINDOWS\System32\bcryptPrimitives.dll
0x00007ffdcc780000 - 0x00007ffdcc7a5000 	D:\android studio\jbr\bin\java.dll
0x00007ffdcddd0000 - 0x00007ffdcdde8000 	D:\android studio\jbr\bin\zip.dll
0x00007ffde4d50000 - 0x00007ffde55a8000 	C:\WINDOWS\System32\SHELL32.dll
0x00007ffde1a30000 - 0x00007ffde2322000 	C:\WINDOWS\SYSTEM32\windows.storage.dll
0x00007ffde18f0000 - 0x00007ffde1a2e000 	C:\WINDOWS\SYSTEM32\wintypes.dll
0x00007ffde4a80000 - 0x00007ffde4b73000 	C:\WINDOWS\System32\SHCORE.dll
0x00007ffde5df0000 - 0x00007ffde5e4e000 	C:\WINDOWS\System32\shlwapi.dll
0x00007ffde3a00000 - 0x00007ffde3a26000 	C:\WINDOWS\SYSTEM32\profapi.dll
0x00007ffdcdd40000 - 0x00007ffdcdd59000 	D:\android studio\jbr\bin\net.dll
0x00007ffddcfe0000 - 0x00007ffddd117000 	C:\WINDOWS\SYSTEM32\WINHTTP.dll
0x00007ffde2f90000 - 0x00007ffde2ff9000 	C:\WINDOWS\system32\mswsock.dll
0x00007ffdcc710000 - 0x00007ffdcc726000 	D:\android studio\jbr\bin\nio.dll
0x00007ffdde930000 - 0x00007ffdde940000 	D:\android studio\jbr\bin\verify.dll
0x00007ffdcb720000 - 0x00007ffdcb747000 	C:\Users\hachem safae\.gradle\native\68d5fa5c4cc2d200863cafc0d521ce42e7d3e7ee720ec0a83991735586a16f82\windows-amd64\native-platform.dll
0x00007ffdb1c10000 - 0x00007ffdb1d54000 	C:\Users\hachem safae\.gradle\native\e376f236ea51e6404a007f0833ffe2c6e607c4080706a723a18a27aeea778392\windows-amd64\native-platform-file-events.dll
0x00007ffddd8c0000 - 0x00007ffddd8c9000 	D:\android studio\jbr\bin\management.dll
0x00007ffdcdd80000 - 0x00007ffdcdd8b000 	D:\android studio\jbr\bin\management_ext.dll
0x00007ffde6650000 - 0x00007ffde6658000 	C:\WINDOWS\System32\PSAPI.DLL
0x00007ffde31e0000 - 0x00007ffde31fb000 	C:\WINDOWS\SYSTEM32\CRYPTSP.dll
0x00007ffde2a70000 - 0x00007ffde2aa5000 	C:\WINDOWS\system32\rsaenh.dll
0x00007ffde3080000 - 0x00007ffde30ac000 	C:\WINDOWS\SYSTEM32\USERENV.dll
0x00007ffde33a0000 - 0x00007ffde33c8000 	C:\WINDOWS\SYSTEM32\bcrypt.dll
0x00007ffde3200000 - 0x00007ffde320c000 	C:\WINDOWS\SYSTEM32\CRYPTBASE.dll
0x00007ffde25d0000 - 0x00007ffde25fd000 	C:\WINDOWS\SYSTEM32\IPHLPAPI.DLL
0x00007ffde57f0000 - 0x00007ffde57f9000 	C:\WINDOWS\System32\NSI.dll
0x00007ffddcef0000 - 0x00007ffddcf09000 	C:\WINDOWS\SYSTEM32\dhcpcsvc6.DLL
0x00007ffddced0000 - 0x00007ffddceef000 	C:\WINDOWS\SYSTEM32\dhcpcsvc.DLL
0x00007ffde2600000 - 0x00007ffde26f9000 	C:\WINDOWS\SYSTEM32\DNSAPI.dll
0x00007ffdde210000 - 0x00007ffdde218000 	C:\WINDOWS\system32\wshunix.dll

dbghelp: loaded successfully - version: 4.0.5 - missing functions: none
symbol engine: initialized successfully - sym options: 0x614 - pdb path: .;D:\android studio\jbr\bin;C:\WINDOWS\SYSTEM32;C:\WINDOWS\WinSxS\amd64_microsoft.windows.common-controls_6595b64144ccf1df_6.0.22621.2361_none_2712ced57382f843;D:\android studio\jbr\bin\server;C:\Users\hachem safae\.gradle\native\68d5fa5c4cc2d200863cafc0d521ce42e7d3e7ee720ec0a83991735586a16f82\windows-amd64;C:\Users\hachem safae\.gradle\native\e376f236ea51e6404a007f0833ffe2c6e607c4080706a723a18a27aeea778392\windows-amd64

VM Arguments:
jvm_args: --add-opens=java.base/java.util=ALL-UNNAMED --add-opens=java.base/java.lang=ALL-UNNAMED --add-opens=java.base/java.lang.invoke=ALL-UNNAMED --add-opens=java.prefs/java.util.prefs=ALL-UNNAMED --add-opens=java.base/java.nio.charset=ALL-UNNAMED --add-opens=java.base/java.net=ALL-UNNAMED --add-opens=java.base/java.util.concurrent.atomic=ALL-UNNAMED -Xmx2048m -Dfile.encoding=UTF-8 -Duser.country=FR -Duser.language=fr -Duser.variant 
java_command: org.gradle.launcher.daemon.bootstrap.GradleDaemon 8.0
java_class_path (initial): C:\Users\hachem safae\.gradle\wrapper\dists\gradle-8.0-bin\ca5e32bp14vu59qr306oxotwh\gradle-8.0\lib\gradle-launcher-8.0.jar
Launcher Type: SUN_STANDARD

[Global flags]
     intx CICompilerCount                          = 4                                         {product} {ergonomic}
     uint ConcGCThreads                            = 2                                         {product} {ergonomic}
     uint G1ConcRefinementThreads                  = 8                                         {product} {ergonomic}
   size_t G1HeapRegionSize                         = 1048576                                   {product} {ergonomic}
    uintx GCDrainStackTargetSize                   = 64                                        {product} {ergonomic}
   size_t InitialHeapSize                          = 266338304                                 {product} {ergonomic}
   size_t MarkStackSize                            = 4194304                                   {product} {ergonomic}
   size_t MaxHeapSize                              = 2147483648                                {product} {command line}
   size_t MaxNewSize                               = 1287651328                                {product} {ergonomic}
   size_t MinHeapDeltaBytes                        = 1048576                                   {product} {ergonomic}
   size_t MinHeapSize                              = 8388608                                   {product} {ergonomic}
    uintx NonNMethodCodeHeapSize                   = 5839372                                {pd product} {ergonomic}
    uintx NonProfiledCodeHeapSize                  = 122909434                              {pd product} {ergonomic}
    uintx ProfiledCodeHeapSize                     = 122909434                              {pd product} {ergonomic}
    uintx ReservedCodeCacheSize                    = 251658240                              {pd product} {ergonomic}
     bool SegmentedCodeCache                       = true                                      {product} {ergonomic}
   size_t SoftMaxHeapSize                          = 2147483648                             {manageable} {ergonomic}
     bool UseCompressedClassPointers               = true                           {product lp64_product} {ergonomic}
     bool UseCompressedOops                        = true                           {product lp64_product} {ergonomic}
     bool UseG1GC                                  = true                                      {product} {ergonomic}
     bool UseLargePagesIndividualAllocation        = false                                  {pd product} {ergonomic}

Logging:
Log output configuration:
 #0: stdout all=warning uptime,level,tags
 #1: stderr all=off uptime,level,tags

Environment Variables:
JAVA_HOME=C:\Program Files\Java\jdk-17
PATH=C:\Program Files (x86)\Common Files\Oracle\Java\javapath;C:\Program Files (x86)\VMware\VMware Workstation\bin\;D:\oraclexe\app\oracle\product\11.2.0\server\bin;C:\Program Files\Common Files\Oracle\Java\javapath;C:\WINDOWS\system32;C:\WINDOWS;C:\WINDOWS\System32\Wbem;C:\WINDOWS\System32\WindowsPowerShell\v1.0\;C:\WINDOWS\System32\OpenSSH\;c:\Program Files (x86)\Microsoft SQL Server\100\Tools\Binn\;c:\Program Files\Microsoft SQL Server\100\Tools\Binn\;c:\Program Files\Microsoft SQL Server\100\DTS\Binn\;D:\java_jdk 8\bin;C:\Program Files\Java\jdk-17\bin;C:\Program Files\Java\jdk-11\bin;C:\Program Files\Java\jdk-19\bin;C:\Program Files\Common Files\Oracle\Java\javapath;C:\ProgramData\ComposerSetup\bin;D:\XAAMP\php\php.exe;D:\xamp\php;C:\Program Files\wkhtmltopdf\bin;D:\node;C:\Program Files\Git\cmd;C:\Program Files\nodejs\;C:\Program Files\MongoDB\Server\6.0\bin;D:\XAAMP\php;C:\Program Files\Java\apache-maven-3.9.5\bin;C:\Users\hachem safae\AppData\Local\Programs\Python\Python310\Scripts\;C:\Users\hachem safae\AppData\Local\Programs\Python\Python310\;C:\Program Files\MySQL\MySQL Shell 8.0\bin\;C:\Users\hachem safae\AppData\Local\Microsoft\WindowsApps;C:\Users\hachem safae\AppData\Roaming\Dashlane\6.2007.0.32704\bin\Firefox_Extension\{442718d9-475e-452a-b3e1-fb1ee16b8e9f}\components;C:\Users\hachem safae\AppData\Roaming\Dashlane\6.2007.0.32704\ucrt;C:\Users\hachem safae\AppData\Roaming\Dashlane\6.2007.0.32704\bin\Qt;C:\Users\hachem safae\AppData\Roaming\Dashlane\6.2007.0.32704\bin\Ssl;C:\Program Files\JetBrains\IntelliJ IDEA Community Edition 2020.2.2\bin;C:\Users\hachem safae\AppData\Local\Microsoft\WindowsApps;C:\Users\hachem safae\AppData\Local\Programs\Microsoft VS Code\bin;C:\Program Files\IntelliJ IDEA Community Edition 2022.3.2\bin;;C:\Users\hachem safae\AppData\Local\ComposerSetup\bin;C:\Users\hachem safae\AppData\Roaming\Composer\vendor\bin;C:\Users\hachem safae\AppData\Roaming\npm;D:\android2\platform-tools;D:\XAAMP\php;C:\wamp64\bin\php\php5.6.40;C:\;C:\Prog
USERNAME=hachem safae
OS=Windows_NT
PROCESSOR_IDENTIFIER=Intel64 Family 6 Model 142 Stepping 12, GenuineIntel
TMP=C:\Users\HACHEM~1\AppData\Local\Temp
TEMP=C:\Users\HACHEM~1\AppData\Local\Temp


JNI global refs:
JNI global refs: 28, weak refs: 7

JNI global refs memory usage: 843, weak refs: 841


---------------  S Y S T E M  ---------------

OS:
 Windows 11 , 64 bit Build 22621 (10.0.22621.2428)
OS uptime: 1 days 13:11 hours

CPU: total 8 (initial active 8) (4 cores per cpu, 2 threads per core) family 6 model 142 stepping 12 microcode 0xf6, cx8, cmov, fxsr, ht, mmx, 3dnowpref, sse, sse2, sse3, ssse3, sse4.1, sse4.2, popcnt, lzcnt, tsc, tscinvbit, avx, avx2, aes, erms, clmul, bmi1, bmi2, adx, fma, vzeroupper, clflush, clflushopt

Memory: 4k page, system-wide physical 16194M (3334M free)
TotalPageFile size 18241M (AvailPageFile size 120M)
current process WorkingSet (physical memory assigned to process): 475M, peak: 477M
current process commit charge ("private bytes"): 555M, peak: 691M

vm_info: OpenJDK 64-Bit Server VM (17.0.6+0-b2043.56-10027231) for windows-amd64 JRE (17.0.6+0-b2043.56-10027231), built on Apr 28 2023 00:43:19 by "androidbuild" with MS VC++ 16.10 / 16.11 (VS2019)

END.
