#
# There is insufficient memory for the Java Runtime Environment to continue.
# Native memory allocation (mmap) failed to map 35651584 bytes for G1 virtual space
# Possible reasons:
#   The system is out of physical RAM or swap space
#   The process is running with CompressedOops enabled, and the Java Heap may be blocking the growth of the native heap
# Possible solutions:
#   Reduce memory load on the system
#   Increase physical memory or swap space
#   Check if swap backing store is full
#   Decrease Java heap size (-Xmx/-Xms)
#   Decrease number of Java threads
#   Decrease Java thread stack sizes (-Xss)
#   Set larger code cache with -XX:ReservedCodeCacheSize=
#   JVM is running with Unscaled Compressed Oops mode in which the Java heap is
#     placed in the first 4GB address space. The Java Heap base address is the
#     maximum limit for the native heap growth. Please use -XX:HeapBaseMinAddress
#     to set the Java Heap base and to place the Java Heap above 4GB virtual address.
# This output file may be truncated or incomplete.
#
#  Out of Memory Error (os_windows.cpp:3769), pid=18728, tid=25156
#
# JRE version: OpenJDK Runtime Environment (17.0.6) (build 17.0.6+0-b2043.56-10027231)
# Java VM: OpenJDK 64-Bit Server VM (17.0.6+0-b2043.56-10027231, mixed mode, tiered, compressed oops, compressed class ptrs, g1 gc, windows-amd64)
# No core dump will be written. Minidumps are not enabled by default on client versions of Windows
#

---------------  S U M M A R Y ------------

Command Line: --add-opens=java.base/java.util=ALL-UNNAMED --add-opens=java.base/java.lang=ALL-UNNAMED --add-opens=java.base/java.lang.invoke=ALL-UNNAMED --add-opens=java.prefs/java.util.prefs=ALL-UNNAMED --add-opens=java.base/java.nio.charset=ALL-UNNAMED --add-opens=java.base/java.net=ALL-UNNAMED --add-opens=java.base/java.util.concurrent.atomic=ALL-UNNAMED -Xmx2048m -Dfile.encoding=UTF-8 -Duser.country=FR -Duser.language=fr -Duser.variant org.gradle.launcher.daemon.bootstrap.GradleDaemon 8.0

Host: Intel(R) Core(TM) i7-8565U CPU @ 1.80GHz, 8 cores, 15G,  Windows 11 , 64 bit Build 22621 (10.0.22621.2428)
Time: Sun Nov  5 08:31:44 2023 Maroc (heure d64 bit Build 22621 (10.0.22621.2428) elapsed time: 7.427100 seconds (0d 0h 0m 7s)

---------------  T H R E A D  ---------------

Current thread (0x0000025d74c35a50):  VMThread "VM Thread" [stack: 0x000000edc3e00000,0x000000edc3f00000] [id=25156]

Stack: [0x000000edc3e00000,0x000000edc3f00000]
Native frames: (J=compiled Java code, j=interpreted, Vv=VM code, C=native code)
V  [jvm.dll+0x683c9a]
V  [jvm.dll+0x8427a4]
V  [jvm.dll+0x843f9e]
V  [jvm.dll+0x844603]
V  [jvm.dll+0x249b75]
V  [jvm.dll+0x680b69]
V  [jvm.dll+0x67505a]
V  [jvm.dll+0x309acb]
V  [jvm.dll+0x310f86]
V  [jvm.dll+0x3608ee]
V  [jvm.dll+0x360b1f]
V  [jvm.dll+0x2dfbf8]
V  [jvm.dll+0x2ddec4]
V  [jvm.dll+0x2dd4cc]
V  [jvm.dll+0x321f3b]
V  [jvm.dll+0x848ccb]
V  [jvm.dll+0x849a04]
V  [jvm.dll+0x849f1d]
V  [jvm.dll+0x84a2f4]
V  [jvm.dll+0x84a3c0]
V  [jvm.dll+0x7f274a]
V  [jvm.dll+0x682ad5]
C  [ucrtbase.dll+0x29363]
C  [KERNEL32.DLL+0x1257d]
C  [ntdll.dll+0x5aa78]

VM_Operation (0x000000edc58f5bf0): G1CollectForAllocation, mode: safepoint, requested by thread 0x0000025d75b16080


---------------  P R O C E S S  ---------------

Threads class SMR info:
_java_thread_list=0x0000025d7ae1b1c0, length=128, elements={
0x0000025d581ee070, 0x0000025d74c37660, 0x0000025d74c384d0, 0x0000025d74c73a50,
0x0000025d74c84e50, 0x0000025d74c87910, 0x0000025d74c882c0, 0x0000025d74c89050,
0x0000025d74c89af0, 0x0000025d74c8d630, 0x0000025d74e2c750, 0x0000025d74e34c40,
0x0000025d74f318c0, 0x0000025d750ec020, 0x0000025d774024d0, 0x0000025d762fd270,
0x0000025d7582d910, 0x0000025d773ec5e0, 0x0000025d77dc4200, 0x0000025d763eee10,
0x0000025d75b16080, 0x0000025d75b14d40, 0x0000025d75b15bb0, 0x0000025d75b143a0,
0x0000025d75b15210, 0x0000025d75b13530, 0x0000025d75b13a00, 0x0000025d75b13060,
0x0000025d75b16a20, 0x0000025d75b13ed0, 0x0000025d75b14870, 0x0000025d79e9b0c0,
0x0000025d79e9a720, 0x0000025d79e9dc10, 0x0000025d79ea0290, 0x0000025d79e98a40,
0x0000025d79e98f10, 0x0000025d79e9e0e0, 0x0000025d79e9ea80, 0x0000025d79e998b0,
0x0000025d79e9c400, 0x0000025d79e9c8d0, 0x0000025d79e9d270, 0x0000025d79e9a250,
0x0000025d79e9d740, 0x0000025d79e9abf0, 0x0000025d79e9f420, 0x0000025d79e9ba60,
0x0000025d79e9cda0, 0x0000025d79e9ef50, 0x0000025d79e9e5b0, 0x0000025d7b386350,
0x0000025d7b3889d0, 0x0000025d7b3854e0, 0x0000025d7b388ea0, 0x0000025d7b38a6b0,
0x0000025d7b389370, 0x0000025d7b389d10, 0x0000025d7b389840, 0x0000025d7b383330,
0x0000025d7b3859b0, 0x0000025d7b383800, 0x0000025d7b386820, 0x0000025d7b387690,
0x0000025d7b38a1e0, 0x0000025d7b385010, 0x0000025d7b384670, 0x0000025d7b38ab80,
0x0000025d7b383cd0, 0x0000025d7b384b40, 0x0000025d7b388500, 0x0000025d7b3841a0,
0x0000025d7b385e80, 0x0000025d7b3871c0, 0x0000025d7b387b60, 0x0000025d7b386cf0,
0x0000025d7b388030, 0x0000025d7b8fad90, 0x0000025d7b8ffa90, 0x0000025d7b8f9f20,
0x0000025d7b9012a0, 0x0000025d7b8fcf40, 0x0000025d7b8fd410, 0x0000025d7b8fb260,
0x0000025d7b8fff60, 0x0000025d7b8fe280, 0x0000025d7b901770, 0x0000025d7b8fd8e0,
0x0000025d7b8fc0d0, 0x0000025d7b8fa3f0, 0x0000025d7b8fb730, 0x0000025d7b900430,
0x0000025d7b8fddb0, 0x0000025d7b900900, 0x0000025d7b8fa8c0, 0x0000025d7b900dd0,
0x0000025d7b8fbc00, 0x0000025d7b8fc5a0, 0x0000025d7b8fca70, 0x0000025d7b8fe750,
0x0000025d7b8fec20, 0x0000025d7b8ff0f0, 0x0000025d7b8ff5c0, 0x0000025d7b60af00,
0x0000025d7b60b3d0, 0x0000025d7b60cbe0, 0x0000025d7b60c240, 0x0000025d7b60d580,
0x0000025d7b60b8a0, 0x0000025d7b60e3f0, 0x0000025d7b60e8c0, 0x0000025d7b60df20,
0x0000025d7b60da50, 0x0000025d7b60bd70, 0x0000025d7b60c710, 0x0000025d7b60d0b0,
0x0000025d7e014a10, 0x0000025d7e00eea0, 0x0000025d7e016220, 0x0000025d7e0101e0,
0x0000025d7e0106b0, 0x0000025d7e011520, 0x0000025d7e00fd10, 0x0000025d7e010b80,
0x0000025d7e012d30, 0x0000025d7e012390, 0x0000025d7e011ec0, 0x0000025d7e015880
}

Java Threads: ( => current thread )
  0x0000025d581ee070 JavaThread "main" [_thread_blocked, id=4132, stack(0x000000edc3800000,0x000000edc3900000)]
  0x0000025d74c37660 JavaThread "Reference Handler" daemon [_thread_blocked, id=14132, stack(0x000000edc3f00000,0x000000edc4000000)]
  0x0000025d74c384d0 JavaThread "Finalizer" daemon [_thread_blocked, id=1488, stack(0x000000edc4000000,0x000000edc4100000)]
  0x0000025d74c73a50 JavaThread "Signal Dispatcher" daemon [_thread_blocked, id=9304, stack(0x000000edc4100000,0x000000edc4200000)]
  0x0000025d74c84e50 JavaThread "Attach Listener" daemon [_thread_blocked, id=8980, stack(0x000000edc4200000,0x000000edc4300000)]
  0x0000025d74c87910 JavaThread "Service Thread" daemon [_thread_blocked, id=17724, stack(0x000000edc4300000,0x000000edc4400000)]
  0x0000025d74c882c0 JavaThread "Monitor Deflation Thread" daemon [_thread_blocked, id=23408, stack(0x000000edc4400000,0x000000edc4500000)]
  0x0000025d74c89050 JavaThread "C2 CompilerThread0" daemon [_thread_in_native, id=25716, stack(0x000000edc4500000,0x000000edc4600000)]
  0x0000025d74c89af0 JavaThread "C1 CompilerThread0" daemon [_thread_blocked, id=24892, stack(0x000000edc4600000,0x000000edc4700000)]
  0x0000025d74c8d630 JavaThread "Sweeper thread" daemon [_thread_blocked, id=4204, stack(0x000000edc4700000,0x000000edc4800000)]
  0x0000025d74e2c750 JavaThread "Common-Cleaner" daemon [_thread_blocked, id=21688, stack(0x000000edc4800000,0x000000edc4900000)]
  0x0000025d74e34c40 JavaThread "Notification Thread" daemon [_thread_blocked, id=25356, stack(0x000000edc4900000,0x000000edc4a00000)]
  0x0000025d74f318c0 JavaThread "C2 CompilerThread1" daemon [_thread_in_native, id=26576, stack(0x000000edc4b00000,0x000000edc4c00000)]
  0x0000025d750ec020 JavaThread "C2 CompilerThread2" daemon [_thread_blocked, id=16476, stack(0x000000edc4c00000,0x000000edc4d00000)]
  0x0000025d774024d0 JavaThread "Daemon health stats" [_thread_blocked, id=23256, stack(0x000000edc5200000,0x000000edc5300000)]
  0x0000025d762fd270 JavaThread "Incoming local TCP Connector on port 57677" [_thread_in_native, id=10516, stack(0x000000edc5300000,0x000000edc5400000)]
  0x0000025d7582d910 JavaThread "Daemon periodic checks" [_thread_blocked, id=24760, stack(0x000000edc5400000,0x000000edc5500000)]
  0x0000025d773ec5e0 JavaThread "Daemon" [_thread_blocked, id=9052, stack(0x000000edc5500000,0x000000edc5600000)]
  0x0000025d77dc4200 JavaThread "Handler for socket connection from /127.0.0.1:57677 to /127.0.0.1:57678" [_thread_in_native, id=17740, stack(0x000000edc5600000,0x000000edc5700000)]
  0x0000025d763eee10 JavaThread "Cancel handler" [_thread_blocked, id=10312, stack(0x000000edc5700000,0x000000edc5800000)]
  0x0000025d75b16080 JavaThread "Daemon worker" [_thread_blocked, id=25116, stack(0x000000edc5800000,0x000000edc5900000)]
  0x0000025d75b14d40 JavaThread "Asynchronous log dispatcher for DefaultDaemonConnection: socket connection from /127.0.0.1:57677 to /127.0.0.1:57678" [_thread_blocked, id=22824, stack(0x000000edc5900000,0x000000edc5a00000)]
  0x0000025d75b15bb0 JavaThread "Stdin handler" [_thread_blocked, id=22904, stack(0x000000edc5a00000,0x000000edc5b00000)]
  0x0000025d75b143a0 JavaThread "Daemon client event forwarder" [_thread_blocked, id=6084, stack(0x000000edc5b00000,0x000000edc5c00000)]
  0x0000025d75b15210 JavaThread "Cache worker for journal cache (C:\Users\hachem safae\.gradle\caches\journal-1)" [_thread_blocked, id=25512, stack(0x000000edc5f00000,0x000000edc6000000)]
  0x0000025d75b13530 JavaThread "File lock request listener" [_thread_in_native, id=21512, stack(0x000000edc6000000,0x000000edc6100000)]
  0x0000025d75b13a00 JavaThread "Cache worker for file hash cache (C:\Users\hachem safae\.gradle\caches\8.0\fileHashes)" [_thread_blocked, id=10896, stack(0x000000edc6100000,0x000000edc6200000)]
  0x0000025d75b13060 JavaThread "File watcher server" daemon [_thread_in_native, id=26252, stack(0x000000edc6200000,0x000000edc6300000)]
  0x0000025d75b16a20 JavaThread "File watcher consumer" daemon [_thread_blocked, id=22940, stack(0x000000edc6300000,0x000000edc6400000)]
  0x0000025d75b13ed0 JavaThread "Cache worker for checksums cache (D:\App_Android studio\projet_inscription\.gradle\8.0\checksums)" [_thread_blocked, id=13112, stack(0x000000edc6400000,0x000000edc6500000)]
  0x0000025d75b14870 JavaThread "Cache worker for cache directory md-rule (C:\Users\hachem safae\.gradle\caches\8.0\md-rule)" [_thread_blocked, id=23728, stack(0x000000edc6500000,0x000000edc6600000)]
  0x0000025d79e9b0c0 JavaThread "Cache worker for file content cache (C:\Users\hachem safae\.gradle\caches\8.0\fileContent)" [_thread_blocked, id=18552, stack(0x000000edc6600000,0x000000edc6700000)]
  0x0000025d79e9a720 JavaThread "Cache worker for file hash cache (D:\App_Android studio\projet_inscription\.gradle\8.0\fileHashes)" [_thread_blocked, id=10596, stack(0x000000edc6700000,0x000000edc6800000)]
  0x0000025d79e9dc10 JavaThread "Cache worker for cache directory md-supplier (C:\Users\hachem safae\.gradle\caches\8.0\md-supplier)" [_thread_blocked, id=8316, stack(0x000000edc6800000,0x000000edc6900000)]
  0x0000025d79ea0290 JavaThread "Cache worker for execution history cache (C:\Users\hachem safae\.gradle\caches\8.0\executionHistory)" [_thread_blocked, id=23968, stack(0x000000edc6900000,0x000000edc6a00000)]
  0x0000025d79e98a40 JavaThread "jar transforms" [_thread_blocked, id=9824, stack(0x000000edc6a00000,0x000000edc6b00000)]
  0x0000025d79e98f10 JavaThread "jar transforms Thread 2" [_thread_blocked, id=23856, stack(0x000000edc6b00000,0x000000edc6c00000)]
  0x0000025d79e9e0e0 JavaThread "Cache worker for kotlin-dsl (C:\Users\hachem safae\.gradle\caches\8.0\kotlin-dsl)" [_thread_blocked, id=20076, stack(0x000000edc6c00000,0x000000edc6d00000)]
  0x0000025d79e9ea80 JavaThread "jar transforms Thread 3" [_thread_blocked, id=24152, stack(0x000000edc6d00000,0x000000edc6e00000)]
  0x0000025d79e998b0 JavaThread "jar transforms Thread 4" [_thread_blocked, id=24112, stack(0x000000edc6e00000,0x000000edc6f00000)]
  0x0000025d79e9c400 JavaThread "Cache worker for dependencies-accessors (D:\App_Android studio\projet_inscription\.gradle\8.0\dependencies-accessors)" [_thread_blocked, id=25624, stack(0x000000edc6f00000,0x000000edc7000000)]
  0x0000025d79e9c8d0 JavaThread "Cache worker for Build Output Cleanup Cache (D:\App_Android studio\projet_inscription\.gradle\buildOutputCleanup)" [_thread_blocked, id=26104, stack(0x000000edc7000000,0x000000edc7100000)]
  0x0000025d79e9d270 JavaThread "jar transforms Thread 5" [_thread_blocked, id=21564, stack(0x000000edc7100000,0x000000edc7200000)]
  0x0000025d79e9a250 JavaThread "Unconstrained build operations" [_thread_blocked, id=20128, stack(0x000000edc7200000,0x000000edc7300000)]
  0x0000025d79e9d740 JavaThread "Unconstrained build operations Thread 2" [_thread_blocked, id=22280, stack(0x000000edc7300000,0x000000edc7400000)]
  0x0000025d79e9abf0 JavaThread "Unconstrained build operations Thread 3" [_thread_blocked, id=21100, stack(0x000000edc7400000,0x000000edc7500000)]
  0x0000025d79e9f420 JavaThread "Unconstrained build operations Thread 4" [_thread_blocked, id=24860, stack(0x000000edc7500000,0x000000edc7600000)]
  0x0000025d79e9ba60 JavaThread "Unconstrained build operations Thread 5" [_thread_blocked, id=19668, stack(0x000000edc7600000,0x000000edc7700000)]
  0x0000025d79e9cda0 JavaThread "Unconstrained build operations Thread 6" [_thread_blocked, id=19744, stack(0x000000edc7700000,0x000000edc7800000)]
  0x0000025d79e9ef50 JavaThread "Unconstrained build operations Thread 7" [_thread_blocked, id=7136, stack(0x000000edc7800000,0x000000edc7900000)]
  0x0000025d79e9e5b0 JavaThread "Unconstrained build operations Thread 8" [_thread_blocked, id=23116, stack(0x000000edc7900000,0x000000edc7a00000)]
  0x0000025d7b386350 JavaThread "Unconstrained build operations Thread 9" [_thread_blocked, id=26276, stack(0x000000edc7a00000,0x000000edc7b00000)]
  0x0000025d7b3889d0 JavaThread "Unconstrained build operations Thread 10" [_thread_blocked, id=10660, stack(0x000000edc7b00000,0x000000edc7c00000)]
  0x0000025d7b3854e0 JavaThread "Unconstrained build operations Thread 11" [_thread_blocked, id=26020, stack(0x000000edc7c00000,0x000000edc7d00000)]
  0x0000025d7b388ea0 JavaThread "Unconstrained build operations Thread 12" [_thread_blocked, id=19380, stack(0x000000edc7d00000,0x000000edc7e00000)]
  0x0000025d7b38a6b0 JavaThread "Unconstrained build operations Thread 13" [_thread_blocked, id=26048, stack(0x000000edc7e00000,0x000000edc7f00000)]
  0x0000025d7b389370 JavaThread "Unconstrained build operations Thread 14" [_thread_blocked, id=25240, stack(0x000000edc7f00000,0x000000edc8000000)]
  0x0000025d7b389d10 JavaThread "Unconstrained build operations Thread 15" [_thread_blocked, id=23368, stack(0x000000edc8000000,0x000000edc8100000)]
  0x0000025d7b389840 JavaThread "Unconstrained build operations Thread 16" [_thread_blocked, id=26356, stack(0x000000edc8100000,0x000000edc8200000)]
  0x0000025d7b383330 JavaThread "Unconstrained build operations Thread 17" [_thread_blocked, id=3968, stack(0x000000edc8200000,0x000000edc8300000)]
  0x0000025d7b3859b0 JavaThread "Unconstrained build operations Thread 18" [_thread_blocked, id=24808, stack(0x000000edc8300000,0x000000edc8400000)]
  0x0000025d7b383800 JavaThread "Unconstrained build operations Thread 19" [_thread_blocked, id=18724, stack(0x000000edc8400000,0x000000edc8500000)]
  0x0000025d7b386820 JavaThread "Unconstrained build operations Thread 20" [_thread_blocked, id=7480, stack(0x000000edc8500000,0x000000edc8600000)]
  0x0000025d7b387690 JavaThread "Unconstrained build operations Thread 21" [_thread_blocked, id=25524, stack(0x000000edc8600000,0x000000edc8700000)]
  0x0000025d7b38a1e0 JavaThread "Unconstrained build operations Thread 22" [_thread_blocked, id=12532, stack(0x000000edc8700000,0x000000edc8800000)]
  0x0000025d7b385010 JavaThread "Unconstrained build operations Thread 23" [_thread_blocked, id=23124, stack(0x000000edc8800000,0x000000edc8900000)]
  0x0000025d7b384670 JavaThread "Unconstrained build operations Thread 24" [_thread_blocked, id=23208, stack(0x000000edc8900000,0x000000edc8a00000)]
  0x0000025d7b38ab80 JavaThread "Unconstrained build operations Thread 25" [_thread_blocked, id=17612, stack(0x000000edc8a00000,0x000000edc8b00000)]
  0x0000025d7b383cd0 JavaThread "Unconstrained build operations Thread 26" [_thread_blocked, id=26168, stack(0x000000edc8b00000,0x000000edc8c00000)]
  0x0000025d7b384b40 JavaThread "Unconstrained build operations Thread 27" [_thread_blocked, id=24448, stack(0x000000edc8c00000,0x000000edc8d00000)]
  0x0000025d7b388500 JavaThread "Unconstrained build operations Thread 28" [_thread_blocked, id=24288, stack(0x000000edc8d00000,0x000000edc8e00000)]
  0x0000025d7b3841a0 JavaThread "Unconstrained build operations Thread 29" [_thread_blocked, id=8880, stack(0x000000edc8e00000,0x000000edc8f00000)]
  0x0000025d7b385e80 JavaThread "Unconstrained build operations Thread 30" [_thread_blocked, id=3436, stack(0x000000edc8f00000,0x000000edc9000000)]
  0x0000025d7b3871c0 JavaThread "Unconstrained build operations Thread 31" [_thread_blocked, id=8048, stack(0x000000edc9000000,0x000000edc9100000)]
  0x0000025d7b387b60 JavaThread "Unconstrained build operations Thread 32" [_thread_blocked, id=8188, stack(0x000000edc9100000,0x000000edc9200000)]
  0x0000025d7b386cf0 JavaThread "Unconstrained build operations Thread 33" [_thread_blocked, id=21696, stack(0x000000edc9200000,0x000000edc9300000)]
  0x0000025d7b388030 JavaThread "Unconstrained build operations Thread 34" [_thread_blocked, id=22436, stack(0x000000edc9300000,0x000000edc9400000)]
  0x0000025d7b8fad90 JavaThread "Unconstrained build operations Thread 35" [_thread_blocked, id=25500, stack(0x000000edc9400000,0x000000edc9500000)]
  0x0000025d7b8ffa90 JavaThread "Unconstrained build operations Thread 36" [_thread_blocked, id=25092, stack(0x000000edc9500000,0x000000edc9600000)]
  0x0000025d7b8f9f20 JavaThread "Unconstrained build operations Thread 37" [_thread_blocked, id=17840, stack(0x000000edc9600000,0x000000edc9700000)]
  0x0000025d7b9012a0 JavaThread "Unconstrained build operations Thread 38" [_thread_blocked, id=320, stack(0x000000edc9700000,0x000000edc9800000)]
  0x0000025d7b8fcf40 JavaThread "Unconstrained build operations Thread 39" [_thread_blocked, id=18172, stack(0x000000edc9800000,0x000000edc9900000)]
  0x0000025d7b8fd410 JavaThread "Unconstrained build operations Thread 40" [_thread_blocked, id=10352, stack(0x000000edc9900000,0x000000edc9a00000)]
  0x0000025d7b8fb260 JavaThread "Unconstrained build operations Thread 41" [_thread_blocked, id=22588, stack(0x000000edc9a00000,0x000000edc9b00000)]
  0x0000025d7b8fff60 JavaThread "Unconstrained build operations Thread 42" [_thread_blocked, id=22024, stack(0x000000edc9b00000,0x000000edc9c00000)]
  0x0000025d7b8fe280 JavaThread "Unconstrained build operations Thread 43" [_thread_blocked, id=26392, stack(0x000000edc9c00000,0x000000edc9d00000)]
  0x0000025d7b901770 JavaThread "Unconstrained build operations Thread 44" [_thread_blocked, id=18344, stack(0x000000edc9d00000,0x000000edc9e00000)]
  0x0000025d7b8fd8e0 JavaThread "Unconstrained build operations Thread 45" [_thread_blocked, id=24232, stack(0x000000edc9e00000,0x000000edc9f00000)]
  0x0000025d7b8fc0d0 JavaThread "Unconstrained build operations Thread 46" [_thread_blocked, id=23604, stack(0x000000edc9f00000,0x000000edca000000)]
  0x0000025d7b8fa3f0 JavaThread "Unconstrained build operations Thread 47" [_thread_blocked, id=3232, stack(0x000000edca000000,0x000000edca100000)]
  0x0000025d7b8fb730 JavaThread "Unconstrained build operations Thread 48" [_thread_blocked, id=12488, stack(0x000000edca100000,0x000000edca200000)]
  0x0000025d7b900430 JavaThread "Unconstrained build operations Thread 49" [_thread_blocked, id=18672, stack(0x000000edca200000,0x000000edca300000)]
  0x0000025d7b8fddb0 JavaThread "Unconstrained build operations Thread 50" [_thread_blocked, id=5396, stack(0x000000edca300000,0x000000edca400000)]
  0x0000025d7b900900 JavaThread "Unconstrained build operations Thread 51" [_thread_blocked, id=1236, stack(0x000000edca400000,0x000000edca500000)]
  0x0000025d7b8fa8c0 JavaThread "Unconstrained build operations Thread 52" [_thread_blocked, id=22592, stack(0x000000edca500000,0x000000edca600000)]
  0x0000025d7b900dd0 JavaThread "Unconstrained build operations Thread 53" [_thread_blocked, id=21996, stack(0x000000edca600000,0x000000edca700000)]
  0x0000025d7b8fbc00 JavaThread "Unconstrained build operations Thread 54" [_thread_blocked, id=19996, stack(0x000000edca700000,0x000000edca800000)]
  0x0000025d7b8fc5a0 JavaThread "Unconstrained build operations Thread 55" [_thread_blocked, id=21412, stack(0x000000edca800000,0x000000edca900000)]
  0x0000025d7b8fca70 JavaThread "Unconstrained build operations Thread 56" [_thread_blocked, id=1852, stack(0x000000edca900000,0x000000edcaa00000)]
  0x0000025d7b8fe750 JavaThread "Unconstrained build operations Thread 57" [_thread_blocked, id=18280, stack(0x000000edcaa00000,0x000000edcab00000)]
  0x0000025d7b8fec20 JavaThread "Unconstrained build operations Thread 58" [_thread_blocked, id=23636, stack(0x000000edcab00000,0x000000edcac00000)]
  0x0000025d7b8ff0f0 JavaThread "Unconstrained build operations Thread 59" [_thread_blocked, id=19268, stack(0x000000edcac00000,0x000000edcad00000)]
  0x0000025d7b8ff5c0 JavaThread "Unconstrained build operations Thread 60" [_thread_blocked, id=10980, stack(0x000000edcad00000,0x000000edcae00000)]
  0x0000025d7b60af00 JavaThread "Unconstrained build operations Thread 61" [_thread_blocked, id=12280, stack(0x000000edcae00000,0x000000edcaf00000)]
  0x0000025d7b60b3d0 JavaThread "Unconstrained build operations Thread 62" [_thread_blocked, id=11376, stack(0x000000edcaf00000,0x000000edcb000000)]
  0x0000025d7b60cbe0 JavaThread "Unconstrained build operations Thread 63" [_thread_blocked, id=8080, stack(0x000000edcb000000,0x000000edcb100000)]
  0x0000025d7b60c240 JavaThread "Unconstrained build operations Thread 64" [_thread_blocked, id=12260, stack(0x000000edcb100000,0x000000edcb200000)]
  0x0000025d7b60d580 JavaThread "Unconstrained build operations Thread 65" [_thread_blocked, id=12116, stack(0x000000edcb200000,0x000000edcb300000)]
  0x0000025d7b60b8a0 JavaThread "Unconstrained build operations Thread 66" [_thread_blocked, id=24740, stack(0x000000edcb300000,0x000000edcb400000)]
  0x0000025d7b60e3f0 JavaThread "Unconstrained build operations Thread 67" [_thread_blocked, id=22784, stack(0x000000edcb400000,0x000000edcb500000)]
  0x0000025d7b60e8c0 JavaThread "Unconstrained build operations Thread 68" [_thread_blocked, id=1700, stack(0x000000edcb500000,0x000000edcb600000)]
  0x0000025d7b60df20 JavaThread "Unconstrained build operations Thread 69" [_thread_blocked, id=21416, stack(0x000000edcb600000,0x000000edcb700000)]
  0x0000025d7b60da50 JavaThread "Unconstrained build operations Thread 70" [_thread_blocked, id=19148, stack(0x000000edcb700000,0x000000edcb800000)]
  0x0000025d7b60bd70 JavaThread "Unconstrained build operations Thread 71" [_thread_blocked, id=23148, stack(0x000000edcb800000,0x000000edcb900000)]
  0x0000025d7b60c710 JavaThread "Unconstrained build operations Thread 72" [_thread_blocked, id=1688, stack(0x000000edcb900000,0x000000edcba00000)]
  0x0000025d7b60d0b0 JavaThread "Unconstrained build operations Thread 73" [_thread_blocked, id=22544, stack(0x000000edcba00000,0x000000edcbb00000)]
  0x0000025d7e014a10 JavaThread "Unconstrained build operations Thread 74" [_thread_blocked, id=4764, stack(0x000000edcbb00000,0x000000edcbc00000)]
  0x0000025d7e00eea0 JavaThread "Unconstrained build operations Thread 75" [_thread_blocked, id=10140, stack(0x000000edcbc00000,0x000000edcbd00000)]
  0x0000025d7e016220 JavaThread "Unconstrained build operations Thread 76" [_thread_blocked, id=19184, stack(0x000000edcbd00000,0x000000edcbe00000)]
  0x0000025d7e0101e0 JavaThread "Unconstrained build operations Thread 77" [_thread_blocked, id=4032, stack(0x000000edcbe00000,0x000000edcbf00000)]
  0x0000025d7e0106b0 JavaThread "Unconstrained build operations Thread 78" [_thread_blocked, id=25000, stack(0x000000edcbf00000,0x000000edcc000000)]
  0x0000025d7e011520 JavaThread "Unconstrained build operations Thread 79" [_thread_blocked, id=24180, stack(0x000000edcc000000,0x000000edcc100000)]
  0x0000025d7e00fd10 JavaThread "Unconstrained build operations Thread 80" [_thread_blocked, id=10300, stack(0x000000edcc100000,0x000000edcc200000)]
  0x0000025d7e010b80 JavaThread "jar transforms Thread 6" [_thread_blocked, id=9720, stack(0x000000edcc200000,0x000000edcc300000)]
  0x0000025d7e012d30 JavaThread "jar transforms Thread 7" [_thread_blocked, id=10564, stack(0x000000edcc300000,0x000000edcc400000)]
  0x0000025d7e012390 JavaThread "jar transforms Thread 8" [_thread_blocked, id=26464, stack(0x000000edcc400000,0x000000edcc500000)]
  0x0000025d7e011ec0 JavaThread "build event listener" [_thread_blocked, id=25860, stack(0x000000edcc500000,0x000000edcc600000)]
  0x0000025d7e015880 JavaThread "Memory manager" [_thread_blocked, id=9976, stack(0x000000edcc600000,0x000000edcc700000)]

Other Threads:
=>0x0000025d74c35a50 VMThread "VM Thread" [stack: 0x000000edc3e00000,0x000000edc3f00000] [id=25156]
  0x0000025d5a2e1df0 WatcherThread [stack: 0x000000edc4a00000,0x000000edc4b00000] [id=11484]
  0x0000025d5a2b8e80 GCTaskThread "GC Thread#0" [stack: 0x000000edc3900000,0x000000edc3a00000] [id=3196]
  0x0000025d75af9250 GCTaskThread "GC Thread#1" [stack: 0x000000edc4d00000,0x000000edc4e00000] [id=18852]
  0x0000025d75b375d0 GCTaskThread "GC Thread#2" [stack: 0x000000edc4e00000,0x000000edc4f00000] [id=22064]
  0x0000025d75af9500 GCTaskThread "GC Thread#3" [stack: 0x000000edc4f00000,0x000000edc5000000] [id=23600]
  0x0000025d75c4c800 GCTaskThread "GC Thread#4" [stack: 0x000000edc5000000,0x000000edc5100000] [id=12376]
  0x0000025d75c4cab0 GCTaskThread "GC Thread#5" [stack: 0x000000edc5100000,0x000000edc5200000] [id=26364]
  0x0000025d7601b690 GCTaskThread "GC Thread#6" [stack: 0x000000edc5c00000,0x000000edc5d00000] [id=17400]
  0x0000025d7601b3e0 GCTaskThread "GC Thread#7" [stack: 0x000000edc5d00000,0x000000edc5e00000] [id=10680]
  0x0000025d5a2c9dc0 ConcurrentGCThread "G1 Main Marker" [stack: 0x000000edc3a00000,0x000000edc3b00000] [id=6552]
  0x0000025d5a2caf70 ConcurrentGCThread "G1 Conc#0" [stack: 0x000000edc3b00000,0x000000edc3c00000] [id=9568]
  0x0000025d7601c150 ConcurrentGCThread "G1 Conc#1" [stack: 0x000000edc5e00000,0x000000edc5f00000] [id=24800]
  0x0000025d5a31e450 ConcurrentGCThread "G1 Refine#0" [stack: 0x000000edc3c00000,0x000000edc3d00000] [id=18620]
  0x0000025d73f7c1c0 ConcurrentGCThread "G1 Service" [stack: 0x000000edc3d00000,0x000000edc3e00000] [id=23280]

Threads with active compile tasks:
C2 CompilerThread0     7448 7489       4       com.google.common.collect.ImmutableSet$Builder::add (31 bytes)
C2 CompilerThread1     7448 7416       4       com.google.common.collect.ImmutableSet$RegularSetBuilderImpl::add (68 bytes)
C2 CompilerThread2     7448 7511       4       com.google.common.collect.ImmutableSet$Builder::add (6 bytes)

VM state: at safepoint (normal execution)

VM Mutex/Monitor currently owned by a thread:  ([mutex/lock_event])
[0x0000025d581ebd60] Threads_lock - owner thread: 0x0000025d74c35a50
[0x0000025d581ea380] Heap_lock - owner thread: 0x0000025d75b16080

Heap address: 0x0000000080000000, size: 2048 MB, Compressed Oops mode: 32-bit

CDS archive(s) not mapped
Compressed class space mapped at: 0x0000000100000000-0x0000000140000000, reserved size: 1073741824
Narrow klass base: 0x0000000000000000, Narrow klass shift: 3, Narrow klass range: 0x140000000

GC Precious Log:
 CPUs: 8 total, 8 available
 Memory: 16194M
 Large Page Support: Disabled
 NUMA Support: Disabled
 Compressed Oops: Enabled (32-bit)
 Heap Region Size: 1M
 Heap Min Capacity: 8M
 Heap Initial Capacity: 254M
 Heap Max Capacity: 2G
 Pre-touch: Disabled
 Parallel Workers: 8
 Concurrent Workers: 2
 Concurrent Refinement Workers: 8
 Periodic GC: Disabled

Heap:
 garbage-first heap   total 217088K, used 59379K [0x0000000080000000, 0x0000000100000000)
  region size 1024K, 2 young (2048K), 2 survivors (2048K)
 Metaspace       used 77019K, committed 77632K, reserved 1122304K
  class space    used 10428K, committed 10752K, reserved 1048576K

Heap Regions: E=young(eden), S=young(survivor), O=old, HS=humongous(starts), HC=humongous(continues), CS=collection set, F=free, OA=open archive, CA=closed archive, TAMS=top-at-mark-start (previous, next)
|   0|0x0000000080000000, 0x0000000080100000, 0x0000000080100000|100%|HS|  |TAMS 0x0000000080100000, 0x0000000080100000| Complete 
|   1|0x0000000080100000, 0x0000000080200000, 0x0000000080200000|100%|HC|  |TAMS 0x0000000080200000, 0x0000000080200000| Complete 
|   2|0x0000000080200000, 0x0000000080300000, 0x0000000080300000|100%|HC|  |TAMS 0x0000000080300000, 0x0000000080300000| Complete 
|   3|0x0000000080300000, 0x0000000080400000, 0x0000000080400000|100%|HC|  |TAMS 0x0000000080400000, 0x0000000080400000| Complete 
|   4|0x0000000080400000, 0x0000000080500000, 0x0000000080500000|100%| O|  |TAMS 0x0000000080500000, 0x0000000080500000| Untracked 
|   5|0x0000000080500000, 0x0000000080600000, 0x0000000080600000|100%| O|  |TAMS 0x0000000080600000, 0x0000000080600000| Untracked 
|   6|0x0000000080600000, 0x0000000080700000, 0x0000000080700000|100%| O|  |TAMS 0x0000000080700000, 0x0000000080700000| Untracked 
|   7|0x0000000080700000, 0x0000000080800000, 0x0000000080800000|100%| O|  |TAMS 0x0000000080800000, 0x0000000080800000| Untracked 
|   8|0x0000000080800000, 0x0000000080900000, 0x0000000080900000|100%| O|  |TAMS 0x0000000080900000, 0x0000000080900000| Untracked 
|   9|0x0000000080900000, 0x0000000080a00000, 0x0000000080a00000|100%| O|  |TAMS 0x0000000080a00000, 0x0000000080a00000| Untracked 
|  10|0x0000000080a00000, 0x0000000080b00000, 0x0000000080b00000|100%| O|  |TAMS 0x0000000080b00000, 0x0000000080b00000| Untracked 
|  11|0x0000000080b00000, 0x0000000080c00000, 0x0000000080c00000|100%| O|  |TAMS 0x0000000080b00000, 0x0000000080c00000| Untracked 
|  12|0x0000000080c00000, 0x0000000080d00000, 0x0000000080d00000|100%| O|  |TAMS 0x0000000080d00000, 0x0000000080d00000| Untracked 
|  13|0x0000000080d00000, 0x0000000080e00000, 0x0000000080e00000|100%| O|  |TAMS 0x0000000080e00000, 0x0000000080e00000| Untracked 
|  14|0x0000000080e00000, 0x0000000080f00000, 0x0000000080f00000|100%| O|  |TAMS 0x0000000080f00000, 0x0000000080f00000| Untracked 
|  15|0x0000000080f00000, 0x0000000081000000, 0x0000000081000000|100%| O|  |TAMS 0x0000000081000000, 0x0000000081000000| Untracked 
|  16|0x0000000081000000, 0x0000000081100000, 0x0000000081100000|100%| O|  |TAMS 0x0000000081100000, 0x0000000081100000| Untracked 
|  17|0x0000000081100000, 0x0000000081200000, 0x0000000081200000|100%| O|  |TAMS 0x0000000081200000, 0x0000000081200000| Untracked 
|  18|0x0000000081200000, 0x0000000081300000, 0x0000000081300000|100%| O|  |TAMS 0x0000000081300000, 0x0000000081300000| Untracked 
|  19|0x0000000081300000, 0x0000000081400000, 0x0000000081400000|100%| O|  |TAMS 0x0000000081400000, 0x0000000081400000| Untracked 
|  20|0x0000000081400000, 0x0000000081500000, 0x0000000081500000|100%| O|  |TAMS 0x0000000081500000, 0x0000000081500000| Untracked 
|  21|0x0000000081500000, 0x0000000081600000, 0x0000000081600000|100%| O|  |TAMS 0x0000000081600000, 0x0000000081600000| Untracked 
|  22|0x0000000081600000, 0x0000000081700000, 0x0000000081700000|100%| O|  |TAMS 0x0000000081700000, 0x0000000081700000| Untracked 
|  23|0x0000000081700000, 0x0000000081800000, 0x0000000081800000|100%| O|  |TAMS 0x0000000081800000, 0x0000000081800000| Untracked 
|  24|0x0000000081800000, 0x0000000081900000, 0x0000000081900000|100%| O|  |TAMS 0x0000000081900000, 0x0000000081900000| Untracked 
|  25|0x0000000081900000, 0x0000000081a00000, 0x0000000081a00000|100%| O|  |TAMS 0x0000000081a00000, 0x0000000081a00000| Untracked 
|  26|0x0000000081a00000, 0x0000000081b00000, 0x0000000081b00000|100%| O|  |TAMS 0x0000000081b00000, 0x0000000081b00000| Untracked 
|  27|0x0000000081b00000, 0x0000000081c00000, 0x0000000081c00000|100%| O|  |TAMS 0x0000000081c00000, 0x0000000081c00000| Untracked 
|  28|0x0000000081c00000, 0x0000000081d00000, 0x0000000081d00000|100%| O|  |TAMS 0x0000000081d00000, 0x0000000081d00000| Untracked 
|  29|0x0000000081d00000, 0x0000000081e00000, 0x0000000081e00000|100%| O|  |TAMS 0x0000000081e00000, 0x0000000081e00000| Untracked 
|  30|0x0000000081e00000, 0x0000000081f00000, 0x0000000081f00000|100%| O|  |TAMS 0x0000000081f00000, 0x0000000081f00000| Untracked 
|  31|0x0000000081f00000, 0x0000000082000000, 0x0000000082000000|100%| O|  |TAMS 0x0000000082000000, 0x0000000082000000| Untracked 
|  32|0x0000000082000000, 0x0000000082100000, 0x0000000082100000|100%| O|  |TAMS 0x0000000082100000, 0x0000000082100000| Untracked 
|  33|0x0000000082100000, 0x0000000082200000, 0x0000000082200000|100%|HS|  |TAMS 0x0000000082200000, 0x0000000082200000| Complete 
|  34|0x0000000082200000, 0x0000000082300000, 0x0000000082300000|100%|HS|  |TAMS 0x0000000082300000, 0x0000000082300000| Complete 
|  35|0x0000000082300000, 0x0000000082400000, 0x0000000082400000|100%|HS|  |TAMS 0x0000000082400000, 0x0000000082400000| Complete 
|  36|0x0000000082400000, 0x0000000082500000, 0x0000000082500000|100%| O|  |TAMS 0x0000000082500000, 0x0000000082500000| Untracked 
|  37|0x0000000082500000, 0x0000000082600000, 0x0000000082600000|100%| O|  |TAMS 0x0000000082600000, 0x0000000082600000| Untracked 
|  38|0x0000000082600000, 0x0000000082700000, 0x0000000082700000|100%| O|  |TAMS 0x0000000082700000, 0x0000000082700000| Untracked 
|  39|0x0000000082700000, 0x0000000082800000, 0x0000000082800000|100%| O|  |TAMS 0x0000000082800000, 0x0000000082800000| Untracked 
|  40|0x0000000082800000, 0x0000000082900000, 0x0000000082900000|100%| O|  |TAMS 0x0000000082900000, 0x0000000082900000| Untracked 
|  41|0x0000000082900000, 0x0000000082a00000, 0x0000000082a00000|100%| O|  |TAMS 0x0000000082a00000, 0x0000000082a00000| Untracked 
|  42|0x0000000082a00000, 0x0000000082a00000, 0x0000000082b00000|  0%| F|  |TAMS 0x0000000082a00000, 0x0000000082a00000| Untracked 
|  43|0x0000000082b00000, 0x0000000082c00000, 0x0000000082c00000|100%| O|  |TAMS 0x0000000082c00000, 0x0000000082c00000| Untracked 
|  44|0x0000000082c00000, 0x0000000082d00000, 0x0000000082d00000|100%| O|  |TAMS 0x0000000082d00000, 0x0000000082d00000| Untracked 
|  45|0x0000000082d00000, 0x0000000082e00000, 0x0000000082e00000|100%| O|  |TAMS 0x0000000082e00000, 0x0000000082e00000| Untracked 
|  46|0x0000000082e00000, 0x0000000082f00000, 0x0000000082f00000|100%| O|  |TAMS 0x0000000082f00000, 0x0000000082f00000| Untracked 
|  47|0x0000000082f00000, 0x0000000083000000, 0x0000000083000000|100%| O|  |TAMS 0x0000000083000000, 0x0000000083000000| Untracked 
|  48|0x0000000083000000, 0x0000000083100000, 0x0000000083100000|100%| O|  |TAMS 0x0000000083100000, 0x0000000083100000| Untracked 
|  49|0x0000000083100000, 0x0000000083200000, 0x0000000083200000|100%| O|  |TAMS 0x0000000083200000, 0x0000000083200000| Untracked 
|  50|0x0000000083200000, 0x0000000083300000, 0x0000000083300000|100%| O|  |TAMS 0x0000000083300000, 0x0000000083300000| Untracked 
|  51|0x0000000083300000, 0x0000000083400000, 0x0000000083400000|100%| O|  |TAMS 0x0000000083400000, 0x0000000083400000| Untracked 
|  52|0x0000000083400000, 0x0000000083500000, 0x0000000083500000|100%| O|  |TAMS 0x000000008347de00, 0x0000000083500000| Untracked 
|  53|0x0000000083500000, 0x0000000083600000, 0x0000000083600000|100%| O|  |TAMS 0x0000000083500000, 0x0000000083600000| Untracked 
|  54|0x0000000083600000, 0x0000000083700000, 0x0000000083700000|100%| O|  |TAMS 0x0000000083600000, 0x0000000083700000| Untracked 
|  55|0x0000000083700000, 0x0000000083800000, 0x0000000083800000|100%| O|  |TAMS 0x0000000083700000, 0x0000000083800000| Untracked 
|  56|0x0000000083800000, 0x0000000083900000, 0x0000000083900000|100%| O|  |TAMS 0x0000000083800000, 0x0000000083900000| Untracked 
|  57|0x0000000083900000, 0x000000008397c600, 0x0000000083a00000| 48%| O|  |TAMS 0x0000000083900000, 0x000000008397c600| Untracked 
|  58|0x0000000083a00000, 0x0000000083a00000, 0x0000000083b00000|  0%| F|  |TAMS 0x0000000083a00000, 0x0000000083a00000| Untracked 
|  59|0x0000000083b00000, 0x0000000083b00000, 0x0000000083c00000|  0%| F|  |TAMS 0x0000000083b00000, 0x0000000083b00000| Untracked 
|  60|0x0000000083c00000, 0x0000000083c00000, 0x0000000083d00000|  0%| F|  |TAMS 0x0000000083c00000, 0x0000000083c00000| Untracked 
|  61|0x0000000083d00000, 0x0000000083d00000, 0x0000000083e00000|  0%| F|  |TAMS 0x0000000083d00000, 0x0000000083d00000| Untracked 
|  62|0x0000000083e00000, 0x0000000083e00000, 0x0000000083f00000|  0%| F|  |TAMS 0x0000000083e00000, 0x0000000083e00000| Untracked 
|  63|0x0000000083f00000, 0x0000000083f00000, 0x0000000084000000|  0%| F|  |TAMS 0x0000000083f00000, 0x0000000083f00000| Untracked 
|  64|0x0000000084000000, 0x0000000084000000, 0x0000000084100000|  0%| F|  |TAMS 0x0000000084000000, 0x0000000084000000| Untracked 
|  65|0x0000000084100000, 0x0000000084100000, 0x0000000084200000|  0%| F|  |TAMS 0x0000000084100000, 0x0000000084100000| Untracked 
|  66|0x0000000084200000, 0x0000000084200000, 0x0000000084300000|  0%| F|  |TAMS 0x0000000084200000, 0x0000000084200000| Untracked 
|  67|0x0000000084300000, 0x0000000084300000, 0x0000000084400000|  0%| F|  |TAMS 0x0000000084300000, 0x0000000084300000| Untracked 
|  68|0x0000000084400000, 0x0000000084400000, 0x0000000084500000|  0%| F|  |TAMS 0x0000000084400000, 0x0000000084400000| Untracked 
|  69|0x0000000084500000, 0x0000000084500000, 0x0000000084600000|  0%| F|  |TAMS 0x0000000084500000, 0x0000000084500000| Untracked 
|  70|0x0000000084600000, 0x0000000084600000, 0x0000000084700000|  0%| F|  |TAMS 0x0000000084600000, 0x0000000084600000| Untracked 
|  71|0x0000000084700000, 0x0000000084700000, 0x0000000084800000|  0%| F|  |TAMS 0x0000000084700000, 0x0000000084700000| Untracked 
|  72|0x0000000084800000, 0x0000000084800000, 0x0000000084900000|  0%| F|  |TAMS 0x0000000084800000, 0x0000000084800000| Untracked 
|  73|0x0000000084900000, 0x0000000084900000, 0x0000000084a00000|  0%| F|  |TAMS 0x0000000084900000, 0x0000000084900000| Untracked 
|  74|0x0000000084a00000, 0x0000000084a80958, 0x0000000084b00000| 50%| S|CS|TAMS 0x0000000084a00000, 0x0000000084a00000| Complete 
|  75|0x0000000084b00000, 0x0000000084c00000, 0x0000000084c00000|100%| S|CS|TAMS 0x0000000084b00000, 0x0000000084b00000| Complete 
|  76|0x0000000084c00000, 0x0000000084c00000, 0x0000000084d00000|  0%| F|  |TAMS 0x0000000084c00000, 0x0000000084c00000| Untracked 
|  77|0x0000000084d00000, 0x0000000084d00000, 0x0000000084e00000|  0%| F|  |TAMS 0x0000000084d00000, 0x0000000084d00000| Untracked 
|  78|0x0000000084e00000, 0x0000000084e00000, 0x0000000084f00000|  0%| F|  |TAMS 0x0000000084e00000, 0x0000000084e00000| Untracked 
|  79|0x0000000084f00000, 0x0000000084f00000, 0x0000000085000000|  0%| F|  |TAMS 0x0000000084f00000, 0x0000000084f00000| Untracked 
|  80|0x0000000085000000, 0x0000000085000000, 0x0000000085100000|  0%| F|  |TAMS 0x0000000085000000, 0x0000000085000000| Untracked 
|  81|0x0000000085100000, 0x0000000085100000, 0x0000000085200000|  0%| F|  |TAMS 0x0000000085100000, 0x0000000085100000| Untracked 
|  82|0x0000000085200000, 0x0000000085200000, 0x0000000085300000|  0%| F|  |TAMS 0x0000000085200000, 0x0000000085200000| Untracked 
|  83|0x0000000085300000, 0x0000000085300000, 0x0000000085400000|  0%| F|  |TAMS 0x0000000085300000, 0x0000000085300000| Untracked 
|  84|0x0000000085400000, 0x0000000085400000, 0x0000000085500000|  0%| F|  |TAMS 0x0000000085400000, 0x0000000085400000| Untracked 
|  85|0x0000000085500000, 0x0000000085500000, 0x0000000085600000|  0%| F|  |TAMS 0x0000000085500000, 0x0000000085500000| Untracked 
|  86|0x0000000085600000, 0x0000000085600000, 0x0000000085700000|  0%| F|  |TAMS 0x0000000085600000, 0x0000000085600000| Untracked 
|  87|0x0000000085700000, 0x0000000085700000, 0x0000000085800000|  0%| F|  |TAMS 0x0000000085700000, 0x0000000085700000| Untracked 
|  88|0x0000000085800000, 0x0000000085800000, 0x0000000085900000|  0%| F|  |TAMS 0x0000000085800000, 0x0000000085800000| Untracked 
|  89|0x0000000085900000, 0x0000000085900000, 0x0000000085a00000|  0%| F|  |TAMS 0x0000000085900000, 0x0000000085900000| Untracked 
|  90|0x0000000085a00000, 0x0000000085a00000, 0x0000000085b00000|  0%| F|  |TAMS 0x0000000085a00000, 0x0000000085a00000| Untracked 
|  91|0x0000000085b00000, 0x0000000085b00000, 0x0000000085c00000|  0%| F|  |TAMS 0x0000000085b00000, 0x0000000085b00000| Untracked 
|  92|0x0000000085c00000, 0x0000000085c00000, 0x0000000085d00000|  0%| F|  |TAMS 0x0000000085c00000, 0x0000000085c00000| Untracked 
|  93|0x0000000085d00000, 0x0000000085d00000, 0x0000000085e00000|  0%| F|  |TAMS 0x0000000085d00000, 0x0000000085d00000| Untracked 
|  94|0x0000000085e00000, 0x0000000085e00000, 0x0000000085f00000|  0%| F|  |TAMS 0x0000000085e00000, 0x0000000085e00000| Untracked 
|  95|0x0000000085f00000, 0x0000000085f00000, 0x0000000086000000|  0%| F|  |TAMS 0x0000000085f00000, 0x0000000085f00000| Untracked 
|  96|0x0000000086000000, 0x0000000086000000, 0x0000000086100000|  0%| F|  |TAMS 0x0000000086000000, 0x0000000086000000| Untracked 
|  97|0x0000000086100000, 0x0000000086100000, 0x0000000086200000|  0%| F|  |TAMS 0x0000000086100000, 0x0000000086100000| Untracked 
|  98|0x0000000086200000, 0x0000000086200000, 0x0000000086300000|  0%| F|  |TAMS 0x0000000086200000, 0x0000000086200000| Untracked 
|  99|0x0000000086300000, 0x0000000086300000, 0x0000000086400000|  0%| F|  |TAMS 0x0000000086300000, 0x0000000086300000| Untracked 
| 100|0x0000000086400000, 0x0000000086400000, 0x0000000086500000|  0%| F|  |TAMS 0x0000000086400000, 0x0000000086400000| Untracked 
| 101|0x0000000086500000, 0x0000000086500000, 0x0000000086600000|  0%| F|  |TAMS 0x0000000086500000, 0x0000000086500000| Untracked 
| 102|0x0000000086600000, 0x0000000086600000, 0x0000000086700000|  0%| F|  |TAMS 0x0000000086600000, 0x0000000086600000| Untracked 
| 103|0x0000000086700000, 0x0000000086700000, 0x0000000086800000|  0%| F|  |TAMS 0x0000000086700000, 0x0000000086700000| Untracked 
| 104|0x0000000086800000, 0x0000000086800000, 0x0000000086900000|  0%| F|  |TAMS 0x0000000086800000, 0x0000000086800000| Untracked 
| 105|0x0000000086900000, 0x0000000086900000, 0x0000000086a00000|  0%| F|  |TAMS 0x0000000086900000, 0x0000000086900000| Untracked 
| 106|0x0000000086a00000, 0x0000000086a00000, 0x0000000086b00000|  0%| F|  |TAMS 0x0000000086a00000, 0x0000000086a00000| Untracked 
| 107|0x0000000086b00000, 0x0000000086b00000, 0x0000000086c00000|  0%| F|  |TAMS 0x0000000086b00000, 0x0000000086b00000| Untracked 
| 108|0x0000000086c00000, 0x0000000086c00000, 0x0000000086d00000|  0%| F|  |TAMS 0x0000000086c00000, 0x0000000086c00000| Untracked 
| 109|0x0000000086d00000, 0x0000000086d00000, 0x0000000086e00000|  0%| F|  |TAMS 0x0000000086d00000, 0x0000000086d00000| Untracked 
| 110|0x0000000086e00000, 0x0000000086e00000, 0x0000000086f00000|  0%| F|  |TAMS 0x0000000086e00000, 0x0000000086e00000| Untracked 
| 111|0x0000000086f00000, 0x0000000086f00000, 0x0000000087000000|  0%| F|  |TAMS 0x0000000086f00000, 0x0000000086f00000| Untracked 
| 112|0x0000000087000000, 0x0000000087000000, 0x0000000087100000|  0%| F|  |TAMS 0x0000000087000000, 0x0000000087000000| Untracked 
| 113|0x0000000087100000, 0x0000000087100000, 0x0000000087200000|  0%| F|  |TAMS 0x0000000087100000, 0x0000000087100000| Untracked 
| 114|0x0000000087200000, 0x0000000087200000, 0x0000000087300000|  0%| F|  |TAMS 0x0000000087200000, 0x0000000087200000| Untracked 
| 115|0x0000000087300000, 0x0000000087300000, 0x0000000087400000|  0%| F|  |TAMS 0x0000000087300000, 0x0000000087300000| Untracked 
| 116|0x0000000087400000, 0x0000000087400000, 0x0000000087500000|  0%| F|  |TAMS 0x0000000087400000, 0x0000000087400000| Untracked 
| 117|0x0000000087500000, 0x0000000087500000, 0x0000000087600000|  0%| F|  |TAMS 0x0000000087500000, 0x0000000087500000| Untracked 
| 118|0x0000000087600000, 0x0000000087600000, 0x0000000087700000|  0%| F|  |TAMS 0x0000000087600000, 0x0000000087600000| Untracked 
| 119|0x0000000087700000, 0x0000000087700000, 0x0000000087800000|  0%| F|  |TAMS 0x0000000087700000, 0x0000000087700000| Untracked 
| 120|0x0000000087800000, 0x0000000087800000, 0x0000000087900000|  0%| F|  |TAMS 0x0000000087800000, 0x0000000087800000| Untracked 
| 121|0x0000000087900000, 0x0000000087900000, 0x0000000087a00000|  0%| F|  |TAMS 0x0000000087900000, 0x0000000087900000| Untracked 
| 122|0x0000000087a00000, 0x0000000087a00000, 0x0000000087b00000|  0%| F|  |TAMS 0x0000000087a00000, 0x0000000087a00000| Untracked 
| 123|0x0000000087b00000, 0x0000000087b00000, 0x0000000087c00000|  0%| F|  |TAMS 0x0000000087b00000, 0x0000000087b00000| Untracked 
| 124|0x0000000087c00000, 0x0000000087c00000, 0x0000000087d00000|  0%| F|  |TAMS 0x0000000087c00000, 0x0000000087c00000| Untracked 
| 125|0x0000000087d00000, 0x0000000087d00000, 0x0000000087e00000|  0%| F|  |TAMS 0x0000000087d00000, 0x0000000087d00000| Untracked 
| 126|0x0000000087e00000, 0x0000000087e00000, 0x0000000087f00000|  0%| F|  |TAMS 0x0000000087e00000, 0x0000000087e00000| Untracked 
| 127|0x0000000087f00000, 0x0000000087f00000, 0x0000000088000000|  0%| F|  |TAMS 0x0000000087f00000, 0x0000000087f00000| Untracked 
| 128|0x0000000088000000, 0x0000000088000000, 0x0000000088100000|  0%| F|  |TAMS 0x0000000088000000, 0x0000000088000000| Untracked 
| 129|0x0000000088100000, 0x0000000088100000, 0x0000000088200000|  0%| F|  |TAMS 0x0000000088100000, 0x0000000088100000| Untracked 
| 130|0x0000000088200000, 0x0000000088200000, 0x0000000088300000|  0%| F|  |TAMS 0x0000000088200000, 0x0000000088200000| Untracked 
| 131|0x0000000088300000, 0x0000000088300000, 0x0000000088400000|  0%| F|  |TAMS 0x0000000088300000, 0x0000000088300000| Untracked 
| 132|0x0000000088400000, 0x0000000088400000, 0x0000000088500000|  0%| F|  |TAMS 0x0000000088400000, 0x0000000088400000| Untracked 
| 133|0x0000000088500000, 0x0000000088500000, 0x0000000088600000|  0%| F|  |TAMS 0x0000000088500000, 0x0000000088500000| Untracked 
| 134|0x0000000088600000, 0x0000000088600000, 0x0000000088700000|  0%| F|  |TAMS 0x0000000088600000, 0x0000000088600000| Untracked 
| 135|0x0000000088700000, 0x0000000088700000, 0x0000000088800000|  0%| F|  |TAMS 0x0000000088700000, 0x0000000088700000| Untracked 
| 136|0x0000000088800000, 0x0000000088800000, 0x0000000088900000|  0%| F|  |TAMS 0x0000000088800000, 0x0000000088800000| Untracked 
| 137|0x0000000088900000, 0x0000000088900000, 0x0000000088a00000|  0%| F|  |TAMS 0x0000000088900000, 0x0000000088900000| Untracked 
| 138|0x0000000088a00000, 0x0000000088a00000, 0x0000000088b00000|  0%| F|  |TAMS 0x0000000088a00000, 0x0000000088a00000| Untracked 
| 139|0x0000000088b00000, 0x0000000088b00000, 0x0000000088c00000|  0%| F|  |TAMS 0x0000000088b00000, 0x0000000088b00000| Untracked 
| 140|0x0000000088c00000, 0x0000000088c00000, 0x0000000088d00000|  0%| F|  |TAMS 0x0000000088c00000, 0x0000000088c00000| Untracked 
| 141|0x0000000088d00000, 0x0000000088d00000, 0x0000000088e00000|  0%| F|  |TAMS 0x0000000088d00000, 0x0000000088d00000| Untracked 
| 142|0x0000000088e00000, 0x0000000088e00000, 0x0000000088f00000|  0%| F|  |TAMS 0x0000000088e00000, 0x0000000088e00000| Untracked 
| 143|0x0000000088f00000, 0x0000000088f00000, 0x0000000089000000|  0%| F|  |TAMS 0x0000000088f00000, 0x0000000088f00000| Untracked 
| 144|0x0000000089000000, 0x0000000089000000, 0x0000000089100000|  0%| F|  |TAMS 0x0000000089000000, 0x0000000089000000| Untracked 
| 145|0x0000000089100000, 0x0000000089100000, 0x0000000089200000|  0%| F|  |TAMS 0x0000000089100000, 0x0000000089100000| Untracked 
| 146|0x0000000089200000, 0x0000000089200000, 0x0000000089300000|  0%| F|  |TAMS 0x0000000089200000, 0x0000000089200000| Untracked 
| 147|0x0000000089300000, 0x0000000089300000, 0x0000000089400000|  0%| F|  |TAMS 0x0000000089300000, 0x0000000089300000| Untracked 
| 148|0x0000000089400000, 0x0000000089400000, 0x0000000089500000|  0%| F|  |TAMS 0x0000000089400000, 0x0000000089400000| Untracked 
| 149|0x0000000089500000, 0x0000000089500000, 0x0000000089600000|  0%| F|  |TAMS 0x0000000089500000, 0x0000000089500000| Untracked 
| 150|0x0000000089600000, 0x0000000089600000, 0x0000000089700000|  0%| F|  |TAMS 0x0000000089600000, 0x0000000089600000| Untracked 
| 151|0x0000000089700000, 0x0000000089700000, 0x0000000089800000|  0%| F|  |TAMS 0x0000000089700000, 0x0000000089700000| Untracked 
| 152|0x0000000089800000, 0x0000000089800000, 0x0000000089900000|  0%| F|  |TAMS 0x0000000089800000, 0x0000000089800000| Untracked 
| 153|0x0000000089900000, 0x0000000089900000, 0x0000000089a00000|  0%| F|  |TAMS 0x0000000089900000, 0x0000000089900000| Untracked 
| 154|0x0000000089a00000, 0x0000000089a00000, 0x0000000089b00000|  0%| F|  |TAMS 0x0000000089a00000, 0x0000000089a00000| Untracked 
| 155|0x0000000089b00000, 0x0000000089b00000, 0x0000000089c00000|  0%| F|  |TAMS 0x0000000089b00000, 0x0000000089b00000| Untracked 
| 156|0x0000000089c00000, 0x0000000089c00000, 0x0000000089d00000|  0%| F|  |TAMS 0x0000000089c00000, 0x0000000089c00000| Untracked 
| 157|0x0000000089d00000, 0x0000000089d00000, 0x0000000089e00000|  0%| F|  |TAMS 0x0000000089d00000, 0x0000000089d00000| Untracked 
| 158|0x0000000089e00000, 0x0000000089e00000, 0x0000000089f00000|  0%| F|  |TAMS 0x0000000089e00000, 0x0000000089e00000| Untracked 
| 159|0x0000000089f00000, 0x0000000089f00000, 0x000000008a000000|  0%| F|  |TAMS 0x0000000089f00000, 0x0000000089f00000| Untracked 
| 160|0x000000008a000000, 0x000000008a000000, 0x000000008a100000|  0%| F|  |TAMS 0x000000008a000000, 0x000000008a000000| Untracked 
| 161|0x000000008a100000, 0x000000008a100000, 0x000000008a200000|  0%| F|  |TAMS 0x000000008a100000, 0x000000008a100000| Untracked 
| 162|0x000000008a200000, 0x000000008a200000, 0x000000008a300000|  0%| F|  |TAMS 0x000000008a200000, 0x000000008a200000| Untracked 
| 163|0x000000008a300000, 0x000000008a300000, 0x000000008a400000|  0%| F|  |TAMS 0x000000008a300000, 0x000000008a300000| Untracked 
| 164|0x000000008a400000, 0x000000008a400000, 0x000000008a500000|  0%| F|  |TAMS 0x000000008a400000, 0x000000008a400000| Untracked 
| 165|0x000000008a500000, 0x000000008a500000, 0x000000008a600000|  0%| F|  |TAMS 0x000000008a500000, 0x000000008a500000| Untracked 
| 166|0x000000008a600000, 0x000000008a600000, 0x000000008a700000|  0%| F|  |TAMS 0x000000008a600000, 0x000000008a600000| Untracked 
| 167|0x000000008a700000, 0x000000008a700000, 0x000000008a800000|  0%| F|  |TAMS 0x000000008a700000, 0x000000008a700000| Untracked 
| 168|0x000000008a800000, 0x000000008a800000, 0x000000008a900000|  0%| F|  |TAMS 0x000000008a800000, 0x000000008a800000| Untracked 
| 169|0x000000008a900000, 0x000000008a900000, 0x000000008aa00000|  0%| F|  |TAMS 0x000000008a900000, 0x000000008a900000| Untracked 
| 170|0x000000008aa00000, 0x000000008aa00000, 0x000000008ab00000|  0%| F|  |TAMS 0x000000008aa00000, 0x000000008aa00000| Untracked 
| 171|0x000000008ab00000, 0x000000008ab00000, 0x000000008ac00000|  0%| F|  |TAMS 0x000000008ab00000, 0x000000008ab00000| Untracked 
| 172|0x000000008ac00000, 0x000000008ac00000, 0x000000008ad00000|  0%| F|  |TAMS 0x000000008ac00000, 0x000000008ac00000| Untracked 
| 173|0x000000008ad00000, 0x000000008ad00000, 0x000000008ae00000|  0%| F|  |TAMS 0x000000008ad00000, 0x000000008ad00000| Untracked 
| 174|0x000000008ae00000, 0x000000008ae00000, 0x000000008af00000|  0%| F|  |TAMS 0x000000008ae00000, 0x000000008ae00000| Untracked 
| 175|0x000000008af00000, 0x000000008af00000, 0x000000008b000000|  0%| F|  |TAMS 0x000000008af00000, 0x000000008af00000| Untracked 
| 176|0x000000008b000000, 0x000000008b000000, 0x000000008b100000|  0%| F|  |TAMS 0x000000008b000000, 0x000000008b000000| Untracked 
| 177|0x000000008b100000, 0x000000008b100000, 0x000000008b200000|  0%| F|  |TAMS 0x000000008b100000, 0x000000008b100000| Untracked 
| 178|0x000000008b200000, 0x000000008b200000, 0x000000008b300000|  0%| F|  |TAMS 0x000000008b200000, 0x000000008b200000| Untracked 
| 179|0x000000008b300000, 0x000000008b300000, 0x000000008b400000|  0%| F|  |TAMS 0x000000008b300000, 0x000000008b300000| Untracked 
| 180|0x000000008b400000, 0x000000008b400000, 0x000000008b500000|  0%| F|  |TAMS 0x000000008b400000, 0x000000008b400000| Untracked 
| 181|0x000000008b500000, 0x000000008b500000, 0x000000008b600000|  0%| F|  |TAMS 0x000000008b500000, 0x000000008b500000| Untracked 
| 182|0x000000008b600000, 0x000000008b600000, 0x000000008b700000|  0%| F|  |TAMS 0x000000008b600000, 0x000000008b600000| Untracked 
| 183|0x000000008b700000, 0x000000008b700000, 0x000000008b800000|  0%| F|  |TAMS 0x000000008b700000, 0x000000008b700000| Untracked 
| 184|0x000000008b800000, 0x000000008b800000, 0x000000008b900000|  0%| F|  |TAMS 0x000000008b800000, 0x000000008b800000| Untracked 
| 185|0x000000008b900000, 0x000000008b900000, 0x000000008ba00000|  0%| F|  |TAMS 0x000000008b900000, 0x000000008b900000| Untracked 
| 186|0x000000008ba00000, 0x000000008ba00000, 0x000000008bb00000|  0%| F|  |TAMS 0x000000008ba00000, 0x000000008ba00000| Untracked 
| 187|0x000000008bb00000, 0x000000008bb00000, 0x000000008bc00000|  0%| F|  |TAMS 0x000000008bb00000, 0x000000008bb00000| Untracked 
| 188|0x000000008bc00000, 0x000000008bc00000, 0x000000008bd00000|  0%| F|  |TAMS 0x000000008bc00000, 0x000000008bc00000| Untracked 
| 189|0x000000008bd00000, 0x000000008bd00000, 0x000000008be00000|  0%| F|  |TAMS 0x000000008bd00000, 0x000000008bd00000| Untracked 
| 190|0x000000008be00000, 0x000000008be00000, 0x000000008bf00000|  0%| F|  |TAMS 0x000000008be00000, 0x000000008be00000| Untracked 
| 191|0x000000008bf00000, 0x000000008bf00000, 0x000000008c000000|  0%| F|  |TAMS 0x000000008bf00000, 0x000000008bf00000| Untracked 
| 192|0x000000008c000000, 0x000000008c000000, 0x000000008c100000|  0%| F|  |TAMS 0x000000008c000000, 0x000000008c000000| Untracked 
| 193|0x000000008c100000, 0x000000008c100000, 0x000000008c200000|  0%| F|  |TAMS 0x000000008c100000, 0x000000008c100000| Untracked 
| 194|0x000000008c200000, 0x000000008c200000, 0x000000008c300000|  0%| F|  |TAMS 0x000000008c200000, 0x000000008c200000| Untracked 
| 195|0x000000008c300000, 0x000000008c300000, 0x000000008c400000|  0%| F|  |TAMS 0x000000008c300000, 0x000000008c300000| Untracked 
| 196|0x000000008c400000, 0x000000008c400000, 0x000000008c500000|  0%| F|  |TAMS 0x000000008c400000, 0x000000008c400000| Untracked 
| 197|0x000000008c500000, 0x000000008c500000, 0x000000008c600000|  0%| F|  |TAMS 0x000000008c500000, 0x000000008c500000| Untracked 
| 198|0x000000008c600000, 0x000000008c600000, 0x000000008c700000|  0%| F|  |TAMS 0x000000008c600000, 0x000000008c600000| Untracked 
| 199|0x000000008c700000, 0x000000008c700000, 0x000000008c800000|  0%| F|  |TAMS 0x000000008c700000, 0x000000008c700000| Untracked 
| 200|0x000000008c800000, 0x000000008c800000, 0x000000008c900000|  0%| F|  |TAMS 0x000000008c800000, 0x000000008c800000| Untracked 
| 201|0x000000008c900000, 0x000000008c900000, 0x000000008ca00000|  0%| F|  |TAMS 0x000000008c900000, 0x000000008c900000| Untracked 
| 202|0x000000008ca00000, 0x000000008ca00000, 0x000000008cb00000|  0%| F|  |TAMS 0x000000008ca00000, 0x000000008ca00000| Untracked 
| 203|0x000000008cb00000, 0x000000008cb00000, 0x000000008cc00000|  0%| F|  |TAMS 0x000000008cb00000, 0x000000008cb00000| Untracked 
| 204|0x000000008cc00000, 0x000000008cc00000, 0x000000008cd00000|  0%| F|  |TAMS 0x000000008cc00000, 0x000000008cc00000| Untracked 
| 205|0x000000008cd00000, 0x000000008cd00000, 0x000000008ce00000|  0%| F|  |TAMS 0x000000008cd00000, 0x000000008cd00000| Untracked 
| 206|0x000000008ce00000, 0x000000008ce00000, 0x000000008cf00000|  0%| F|  |TAMS 0x000000008ce00000, 0x000000008ce00000| Untracked 
| 207|0x000000008cf00000, 0x000000008cf00000, 0x000000008d000000|  0%| F|  |TAMS 0x000000008cf00000, 0x000000008cf00000| Untracked 
| 208|0x000000008d000000, 0x000000008d000000, 0x000000008d100000|  0%| F|  |TAMS 0x000000008d000000, 0x000000008d000000| Untracked 
| 209|0x000000008d100000, 0x000000008d100000, 0x000000008d200000|  0%| F|  |TAMS 0x000000008d100000, 0x000000008d100000| Untracked 
| 210|0x000000008d200000, 0x000000008d200000, 0x000000008d300000|  0%| F|  |TAMS 0x000000008d200000, 0x000000008d200000| Untracked 
| 253|0x000000008fd00000, 0x000000008fd00000, 0x000000008fe00000|  0%| F|  |TAMS 0x000000008fd00000, 0x000000008fd00000| Untracked 

Card table byte_map: [0x0000025d6ce70000,0x0000025d6d270000] _byte_map_base: 0x0000025d6ca70000

Marking Bits (Prev, Next): (CMBitMap*) 0x0000025d5a2b94d0, (CMBitMap*) 0x0000025d5a2b9490
 Prev Bits: [0x0000025d6f670000, 0x0000025d71670000)
 Next Bits: [0x0000025d6d670000, 0x0000025d6f670000)

Polling page: 0x0000025d59a20000

Metaspace:

Usage:
  Non-class:     65.03 MB used.
      Class:     10.18 MB used.
       Both:     75.21 MB used.

Virtual space:
  Non-class space:       72.00 MB reserved,      65.31 MB ( 91%) committed,  9 nodes.
      Class space:        1.00 GB reserved,      10.50 MB (  1%) committed,  1 nodes.
             Both:        1.07 GB reserved,      75.81 MB (  7%) committed. 

Chunk freelists:
   Non-Class:  2.14 MB
       Class:  1.55 MB
        Both:  3.69 MB

MaxMetaspaceSize: unlimited
CompressedClassSpaceSize: 1.00 GB
Initial GC threshold: 21.00 MB
Current GC threshold: 116.19 MB
CDS: off
MetaspaceReclaimPolicy: balanced
 - commit_granule_bytes: 65536.
 - commit_granule_words: 8192.
 - virtual_space_node_default_size: 1048576.
 - enlarge_chunks_in_place: 1.
 - new_chunks_are_fully_committed: 0.
 - uncommit_free_chunks: 1.
 - use_allocation_guard: 0.
 - handle_deallocations: 1.


Internal statistics:

num_allocs_failed_limit: 6.
num_arena_births: 746.
num_arena_deaths: 0.
num_vsnodes_births: 10.
num_vsnodes_deaths: 0.
num_space_committed: 1213.
num_space_uncommitted: 0.
num_chunks_returned_to_freelist: 6.
num_chunks_taken_from_freelist: 3355.
num_chunk_merges: 6.
num_chunk_splits: 2292.
num_chunks_enlarged: 1603.
num_purges: 0.
num_inconsistent_stats: 0.

CodeHeap 'non-profiled nmethods': size=120000Kb used=4021Kb max_used=4021Kb free=115979Kb
 bounds [0x0000025d651f0000, 0x0000025d655e0000, 0x0000025d6c720000]
CodeHeap 'profiled nmethods': size=120000Kb used=12772Kb max_used=12772Kb free=107227Kb
 bounds [0x0000025d5d720000, 0x0000025d5e3a0000, 0x0000025d64c50000]
CodeHeap 'non-nmethods': size=5760Kb used=2371Kb max_used=2494Kb free=3389Kb
 bounds [0x0000025d64c50000, 0x0000025d64ee0000, 0x0000025d651f0000]
 total_blobs=7599 nmethods=6698 adapters=813
 compilation: enabled
              stopped_count=0, restarted_count=0
 full_count=0

Compilation events (20 events):
Event: 7.411 Thread 0x0000025d750ec020 7511       4       com.google.common.collect.ImmutableSet$Builder::add (6 bytes)
Event: 7.411 Thread 0x0000025d74c89af0 nmethod 7510 0x0000025d5e394410 code [0x0000025d5e3945c0, 0x0000025d5e3947a8]
Event: 7.411 Thread 0x0000025d74c89af0 7512       3       java.util.concurrent.atomic.AtomicBoolean::<init> (14 bytes)
Event: 7.411 Thread 0x0000025d74c89af0 nmethod 7512 0x0000025d5e394890 code [0x0000025d5e394a20, 0x0000025d5e394bd8]
Event: 7.412 Thread 0x0000025d74c89af0 7513       3       org.gradle.api.internal.tasks.DefaultTaskDependency::<init> (16 bytes)
Event: 7.412 Thread 0x0000025d74c89af0 nmethod 7513 0x0000025d5e394c90 code [0x0000025d5e394e40, 0x0000025d5e395158]
Event: 7.412 Thread 0x0000025d74c89af0 7515       3       org.gradle.api.internal.file.collections.DefaultConfigurableFileCollection::from (42 bytes)
Event: 7.412 Thread 0x0000025d74c89af0 nmethod 7515 0x0000025d5e395290 code [0x0000025d5e395440, 0x0000025d5e395718]
Event: 7.412 Thread 0x0000025d74c89af0 7514       3       org.gradle.api.internal.tasks.AbstractTaskDependency::<init> (15 bytes)
Event: 7.412 Thread 0x0000025d74c89af0 nmethod 7514 0x0000025d5e395810 code [0x0000025d5e3959a0, 0x0000025d5e395b98]
Event: 7.413 Thread 0x0000025d74c89af0 7516       3       org.gradle.api.internal.tasks.DefaultTaskContainer_Decorated::getInstantiator (39 bytes)
Event: 7.413 Thread 0x0000025d74c89af0 nmethod 7516 0x0000025d5e395c90 code [0x0000025d5e395e60, 0x0000025d5e396218]
Event: 7.413 Thread 0x0000025d74c89af0 7517       3       com.android.build.api.artifact.impl.StorageProviderImpl::getStorage (63 bytes)
Event: 7.414 Thread 0x0000025d74c89af0 nmethod 7517 0x0000025d5e396310 code [0x0000025d5e396600, 0x0000025d5e3975c8]
Event: 7.414 Thread 0x0000025d74c89af0 7518       3       org.gradle.internal.ImmutableActionSet::access$300 (6 bytes)
Event: 7.414 Thread 0x0000025d74c89af0 nmethod 7518 0x0000025d5e397b10 code [0x0000025d5e397d00, 0x0000025d5e398208]
Event: 7.414 Thread 0x0000025d74c89af0 7519       3       org.gradle.internal.ImmutableActionSet::plus (24 bytes)
Event: 7.414 Thread 0x0000025d74c89af0 nmethod 7519 0x0000025d5e398410 code [0x0000025d5e398640, 0x0000025d5e398e48]
Event: 7.414 Thread 0x0000025d74c89af0 7521       1       org.gradle.api.internal.provider.ValueSupplier$Present::isMissing (2 bytes)
Event: 7.414 Thread 0x0000025d74c89af0 nmethod 7521 0x0000025d655dd110 code [0x0000025d655dd2a0, 0x0000025d655dd378]

GC Heap History (20 events):
Event: 5.298 GC heap after
{Heap after GC invocations=14 (full 0):
 garbage-first heap   total 86016K, used 46096K [0x0000000080000000, 0x0000000100000000)
  region size 1024K, 5 young (5120K), 5 survivors (5120K)
 Metaspace       used 54107K, committed 54592K, reserved 1097728K
  class space    used 7215K, committed 7424K, reserved 1048576K
}
Event: 5.505 GC heap before
{Heap before GC invocations=14 (full 0):
 garbage-first heap   total 86016K, used 64528K [0x0000000080000000, 0x0000000100000000)
  region size 1024K, 24 young (24576K), 5 survivors (5120K)
 Metaspace       used 56696K, committed 57216K, reserved 1105920K
  class space    used 7586K, committed 7808K, reserved 1048576K
}
Event: 5.508 GC heap after
{Heap after GC invocations=15 (full 0):
 garbage-first heap   total 86016K, used 47974K [0x0000000080000000, 0x0000000100000000)
  region size 1024K, 1 young (1024K), 1 survivors (1024K)
 Metaspace       used 56696K, committed 57216K, reserved 1105920K
  class space    used 7586K, committed 7808K, reserved 1048576K
}
Event: 5.762 GC heap before
{Heap before GC invocations=16 (full 0):
 garbage-first heap   total 86016K, used 66406K [0x0000000080000000, 0x0000000100000000)
  region size 1024K, 20 young (20480K), 1 survivors (1024K)
 Metaspace       used 59711K, committed 60288K, reserved 1105920K
  class space    used 7922K, committed 8192K, reserved 1048576K
}
Event: 5.765 GC heap after
{Heap after GC invocations=17 (full 0):
 garbage-first heap   total 86016K, used 48475K [0x0000000080000000, 0x0000000100000000)
  region size 1024K, 2 young (2048K), 2 survivors (2048K)
 Metaspace       used 59711K, committed 60288K, reserved 1105920K
  class space    used 7922K, committed 8192K, reserved 1048576K
}
Event: 5.789 GC heap before
{Heap before GC invocations=17 (full 0):
 garbage-first heap   total 86016K, used 50523K [0x0000000080000000, 0x0000000100000000)
  region size 1024K, 4 young (4096K), 2 survivors (2048K)
 Metaspace       used 59984K, committed 60544K, reserved 1105920K
  class space    used 7976K, committed 8192K, reserved 1048576K
}
Event: 5.791 GC heap after
{Heap after GC invocations=18 (full 0):
 garbage-first heap   total 86016K, used 48000K [0x0000000080000000, 0x0000000100000000)
  region size 1024K, 1 young (1024K), 1 survivors (1024K)
 Metaspace       used 59984K, committed 60544K, reserved 1105920K
  class space    used 7976K, committed 8192K, reserved 1048576K
}
Event: 6.047 GC heap before
{Heap before GC invocations=18 (full 0):
 garbage-first heap   total 86016K, used 65408K [0x0000000080000000, 0x0000000100000000)
  region size 1024K, 19 young (19456K), 1 survivors (1024K)
 Metaspace       used 63841K, committed 64448K, reserved 1105920K
  class space    used 8482K, committed 8768K, reserved 1048576K
}
Event: 6.049 GC heap after
{Heap after GC invocations=19 (full 0):
 garbage-first heap   total 108544K, used 49884K [0x0000000080000000, 0x0000000100000000)
  region size 1024K, 3 young (3072K), 3 survivors (3072K)
 Metaspace       used 63841K, committed 64448K, reserved 1105920K
  class space    used 8482K, committed 8768K, reserved 1048576K
}
Event: 6.363 GC heap before
{Heap before GC invocations=20 (full 0):
 garbage-first heap   total 109568K, used 90844K [0x0000000080000000, 0x0000000100000000)
  region size 1024K, 37 young (37888K), 3 survivors (3072K)
 Metaspace       used 66157K, committed 66752K, reserved 1114112K
  class space    used 8785K, committed 9088K, reserved 1048576K
}
Event: 6.367 GC heap after
{Heap after GC invocations=21 (full 0):
 garbage-first heap   total 109568K, used 52889K [0x0000000080000000, 0x0000000100000000)
  region size 1024K, 5 young (5120K), 5 survivors (5120K)
 Metaspace       used 66157K, committed 66752K, reserved 1114112K
  class space    used 8785K, committed 9088K, reserved 1048576K
}
Event: 6.376 GC heap before
{Heap before GC invocations=21 (full 0):
 garbage-first heap   total 109568K, used 53913K [0x0000000080000000, 0x0000000100000000)
  region size 1024K, 6 young (6144K), 5 survivors (5120K)
 Metaspace       used 66233K, committed 66816K, reserved 1114112K
  class space    used 8795K, committed 9088K, reserved 1048576K
}
Event: 6.379 GC heap after
{Heap after GC invocations=22 (full 0):
 garbage-first heap   total 109568K, used 53326K [0x0000000080000000, 0x0000000100000000)
  region size 1024K, 1 young (1024K), 1 survivors (1024K)
 Metaspace       used 66233K, committed 66816K, reserved 1114112K
  class space    used 8795K, committed 9088K, reserved 1048576K
}
Event: 6.702 GC heap before
{Heap before GC invocations=22 (full 0):
 garbage-first heap   total 109568K, used 87118K [0x0000000080000000, 0x0000000100000000)
  region size 1024K, 34 young (34816K), 1 survivors (1024K)
 Metaspace       used 70432K, committed 71040K, reserved 1114112K
  class space    used 9360K, committed 9664K, reserved 1048576K
}
Event: 6.705 GC heap after
{Heap after GC invocations=23 (full 0):
 garbage-first heap   total 109568K, used 55009K [0x0000000080000000, 0x0000000100000000)
  region size 1024K, 3 young (3072K), 3 survivors (3072K)
 Metaspace       used 70432K, committed 71040K, reserved 1114112K
  class space    used 9360K, committed 9664K, reserved 1048576K
}
Event: 7.048 GC heap before
{Heap before GC invocations=24 (full 0):
 garbage-first heap   total 109568K, used 87777K [0x0000000080000000, 0x0000000100000000)
  region size 1024K, 35 young (35840K), 3 survivors (3072K)
 Metaspace       used 73315K, committed 73984K, reserved 1114112K
  class space    used 9740K, committed 10048K, reserved 1048576K
}
Event: 7.052 GC heap after
{Heap after GC invocations=25 (full 0):
 garbage-first heap   total 109568K, used 58255K [0x0000000080000000, 0x0000000100000000)
  region size 1024K, 5 young (5120K), 5 survivors (5120K)
 Metaspace       used 73315K, committed 73984K, reserved 1114112K
  class space    used 9740K, committed 10048K, reserved 1048576K
}
Event: 7.058 GC heap before
{Heap before GC invocations=25 (full 0):
 garbage-first heap   total 109568K, used 59279K [0x0000000080000000, 0x0000000100000000)
  region size 1024K, 6 young (6144K), 5 survivors (5120K)
 Metaspace       used 73391K, committed 74048K, reserved 1114112K
  class space    used 9748K, committed 10048K, reserved 1048576K
}
Event: 7.061 GC heap after
{Heap after GC invocations=26 (full 0):
 garbage-first heap   total 109568K, used 58697K [0x0000000080000000, 0x0000000100000000)
  region size 1024K, 1 young (1024K), 1 survivors (1024K)
 Metaspace       used 73391K, committed 74048K, reserved 1114112K
  class space    used 9748K, committed 10048K, reserved 1048576K
}
Event: 7.421 GC heap before
{Heap before GC invocations=26 (full 0):
 garbage-first heap   total 109568K, used 90441K [0x0000000080000000, 0x0000000100000000)
  region size 1024K, 31 young (31744K), 1 survivors (1024K)
 Metaspace       used 77019K, committed 77632K, reserved 1122304K
  class space    used 10428K, committed 10752K, reserved 1048576K
}

Dll operation events (2 events):
Event: 0.005 Loaded shared library D:\android studio\jbr\bin\java.dll
Event: 0.357 Loaded shared library D:\android studio\jbr\bin\verify.dll

Deoptimization events (20 events):
Event: 7.189 Thread 0x0000025d75b16080 Uncommon trap: trap_request=0xffffff45 fr.pc=0x0000025d651f71b8 relative=0x0000000000000038
Event: 7.189 Thread 0x0000025d75b16080 Uncommon trap: reason=unstable_if action=reinterpret pc=0x0000025d651f71b8 method=java.lang.StringLatin1.canEncode(I)Z @ 4 c2
Event: 7.189 Thread 0x0000025d75b16080 DEOPT PACKING pc=0x0000025d651f71b8 sp=0x000000edc58f70f0
Event: 7.189 Thread 0x0000025d75b16080 DEOPT UNPACKING pc=0x0000025d64ca69a3 sp=0x000000edc58f7080 mode 2
Event: 7.189 Thread 0x0000025d75b16080 Uncommon trap: trap_request=0xffffff45 fr.pc=0x0000025d65242de4 relative=0x0000000000000524
Event: 7.189 Thread 0x0000025d75b16080 Uncommon trap: reason=unstable_if action=reinterpret pc=0x0000025d65242de4 method=java.lang.AbstractStringBuilder.putStringAt(ILjava/lang/String;II)V @ 8 c2
Event: 7.189 Thread 0x0000025d75b16080 DEOPT PACKING pc=0x0000025d65242de4 sp=0x000000edc58f7210
Event: 7.189 Thread 0x0000025d75b16080 DEOPT UNPACKING pc=0x0000025d64ca69a3 sp=0x000000edc58f70f0 mode 2
Event: 7.189 Thread 0x0000025d75b16080 Uncommon trap: trap_request=0xffffff45 fr.pc=0x0000025d6522cc14 relative=0x0000000000000114
Event: 7.189 Thread 0x0000025d75b16080 Uncommon trap: reason=unstable_if action=reinterpret pc=0x0000025d6522cc14 method=java.lang.String.getBytes([BIIBI)V @ 6 c2
Event: 7.189 Thread 0x0000025d75b16080 DEOPT PACKING pc=0x0000025d6522cc14 sp=0x000000edc58f7090
Event: 7.189 Thread 0x0000025d75b16080 DEOPT UNPACKING pc=0x0000025d64ca69a3 sp=0x000000edc58f7058 mode 2
Event: 7.189 Thread 0x0000025d75b16080 Uncommon trap: trap_request=0xffffff45 fr.pc=0x0000025d6522d0d4 relative=0x0000000000000134
Event: 7.189 Thread 0x0000025d75b16080 Uncommon trap: reason=unstable_if action=reinterpret pc=0x0000025d6522d0d4 method=java.lang.AbstractStringBuilder.putStringAt(ILjava/lang/String;II)V @ 8 c2
Event: 7.189 Thread 0x0000025d75b16080 DEOPT PACKING pc=0x0000025d6522d0d4 sp=0x000000edc58f7190
Event: 7.189 Thread 0x0000025d75b16080 DEOPT UNPACKING pc=0x0000025d64ca69a3 sp=0x000000edc58f70d8 mode 2
Event: 7.263 Thread 0x0000025d75b16080 Uncommon trap: trap_request=0xffffffdc fr.pc=0x0000025d655c3cc0 relative=0x00000000000002a0
Event: 7.263 Thread 0x0000025d75b16080 Uncommon trap: reason=class_check action=make_not_entrant pc=0x0000025d655c3cc0 method=java.util.ArrayList.toArray([Ljava/lang/Object;)[Ljava/lang/Object; @ 21 c2
Event: 7.263 Thread 0x0000025d75b16080 DEOPT PACKING pc=0x0000025d655c3cc0 sp=0x000000edc58f8930
Event: 7.263 Thread 0x0000025d75b16080 DEOPT UNPACKING pc=0x0000025d64ca69a3 sp=0x000000edc58f8900 mode 2

Classes unloaded (0 events):
No events

Classes redefined (0 events):
No events

Internal exceptions (20 events):
Event: 5.103 Thread 0x0000025d75b16080 Exception <a 'java/lang/NoSuchMethodError'{0x000000008caa8e38}: 'long java.lang.invoke.DirectMethodHandle$Holder.invokeVirtual(java.lang.Object, java.lang.Object)'> (0x000000008caa8e38) 
thrown [s\src\hotspot\share\interpreter\linkResolver.cpp, line 771]
Event: 5.106 Thread 0x0000025d75b143a0 Exception <a 'java/lang/NoSuchMethodError'{0x0000000084907e60}: static Lorg/gradle/internal/build/event/types/DefaultOperationFinishedProgressEvent;.<clinit>()V> (0x0000000084907e60) 
thrown [s\src\hotspot\share\prims\jni.cpp, line 1108]
Event: 5.108 Thread 0x0000025d75b143a0 Exception <a 'java/lang/NoSuchMethodError'{0x000000008492e8f0}: static Lorg/gradle/internal/build/event/types/DefaultProjectConfigurationSuccessResult;.<clinit>()V> (0x000000008492e8f0) 
thrown [s\src\hotspot\share\prims\jni.cpp, line 1108]
Event: 5.108 Thread 0x0000025d75b143a0 Exception <a 'java/lang/NoSuchMethodError'{0x000000008492fe60}: static Lorg/gradle/internal/build/event/types/AbstractProjectConfigurationResult;.<clinit>()V> (0x000000008492fe60) 
thrown [s\src\hotspot\share\prims\jni.cpp, line 1108]
Event: 5.108 Thread 0x0000025d75b143a0 Exception <a 'java/lang/NoSuchMethodError'{0x0000000084931380}: static Lorg/gradle/internal/build/event/types/AbstractOperationResult;.<clinit>()V> (0x0000000084931380) 
thrown [s\src\hotspot\share\prims\jni.cpp, line 1108]
Event: 5.108 Thread 0x0000025d75b143a0 Exception <a 'java/lang/NoSuchMethodError'{0x0000000084932588}: static Lorg/gradle/internal/build/event/types/AbstractResult;.<clinit>()V> (0x0000000084932588) 
thrown [s\src\hotspot\share\prims\jni.cpp, line 1108]
Event: 5.110 Thread 0x0000025d75b143a0 Exception <a 'java/lang/NoSuchMethodError'{0x0000000084948c28}: static Lorg/gradle/internal/build/event/types/DefaultPluginApplicationResult;.<clinit>()V> (0x0000000084948c28) 
thrown [s\src\hotspot\share\prims\jni.cpp, line 1108]
Event: 5.111 Thread 0x0000025d75b143a0 Exception <a 'java/lang/NoSuchMethodError'{0x000000008495bbb8}: static Lorg/gradle/internal/build/event/types/DefaultBinaryPluginIdentifier;.<clinit>()V> (0x000000008495bbb8) 
thrown [s\src\hotspot\share\prims\jni.cpp, line 1108]
Event: 5.113 Thread 0x0000025d75b143a0 Exception <a 'java/lang/NoSuchMethodError'{0x0000000084990480}: static Lorg/gradle/internal/build/event/types/DefaultScriptPluginIdentifier;.<clinit>()V> (0x0000000084990480) 
thrown [s\src\hotspot\share\prims\jni.cpp, line 1108]
Event: 5.251 Thread 0x0000025d75b16080 Exception <a 'java/lang/ClassNotFoundException'{0x0000000083b12e38}: org/gradle/api/internal/plugins/DefaultObjectConfigurationActionBeanInfo> (0x0000000083b12e38) 
thrown [s\src\hotspot\share\classfile\systemDictionary.cpp, line 256]
Event: 5.251 Thread 0x0000025d75b16080 Exception <a 'java/lang/ClassNotFoundException'{0x0000000083b26c90}: org/gradle/api/internal/plugins/DefaultObjectConfigurationActionCustomizer> (0x0000000083b26c90) 
thrown [s\src\hotspot\share\classfile\systemDictionary.cpp, line 256]
Event: 5.349 Thread 0x0000025d75b16080 Exception <a 'java/lang/NoSuchMethodError'{0x000000008cef06a0}: 'java.lang.Object java.lang.invoke.DirectMethodHandle$Holder.newInvokeSpecial(java.lang.Object, java.lang.Object, java.lang.Object, java.lang.Object, int)'> (0x000000008cef06a0) 
thrown [s\src\hotspot\share\interpreter\linkResolver.cpp, line 771]
Event: 5.349 Thread 0x0000025d75b16080 Exception <a 'java/lang/NoSuchMethodError'{0x000000008cef5ae8}: 'java.lang.Object java.lang.invoke.DirectMethodHandle$Holder.invokeSpecial(java.lang.Object, java.lang.Object, java.lang.Object, java.lang.Object, java.lang.Object, int)'> (0x000000008cef5ae8) 
thrown [s\src\hotspot\share\interpreter\linkResolver.cpp, line 771]
Event: 5.349 Thread 0x0000025d75b16080 Exception <a 'java/lang/NoSuchMethodError'{0x000000008cefa868}: 'java.lang.Object java.lang.invoke.Invokers$Holder.linkToTargetMethod(java.lang.Object, java.lang.Object, java.lang.Object, int, java.lang.Object)'> (0x000000008cefa868) 
thrown [s\src\hotspot\share\interpreter\linkResolver.cpp, line 771]
Event: 5.500 Thread 0x0000025d75b16080 Exception <a 'java/lang/NoSuchMethodError'{0x00000000841a6280}: 'int java.lang.invoke.DirectMethodHandle$Holder.invokeInterface(java.lang.Object, java.lang.Object, java.lang.Object, java.lang.Object)'> (0x00000000841a6280) 
thrown [s\src\hotspot\share\interpreter\linkResolver.cpp, line 771]
Event: 5.862 Thread 0x0000025d75b16080 Exception <a 'java/lang/IncompatibleClassChangeError'{0x000000008ce74fd0}: Found class java.lang.Object, but interface was expected> (0x000000008ce74fd0) 
thrown [s\src\hotspot\share\interpreter\linkResolver.cpp, line 838]
Event: 5.900 Thread 0x0000025d75b16080 Implicit null exception at 0x0000025d654bdae0 to 0x0000025d654bdc88
Event: 6.005 Thread 0x0000025d75b16080 Implicit null exception at 0x0000025d653cfb0c to 0x0000025d653cfc42
Event: 6.117 Thread 0x0000025d75b16080 Exception <a 'sun/nio/fs/WindowsException'{0x0000000085fc1d80}> (0x0000000085fc1d80) 
thrown [s\src\hotspot\share\prims\jni.cpp, line 517]
Event: 6.475 Thread 0x0000025d75b16080 Implicit null exception at 0x0000025d6526ce49 to 0x0000025d6526cf1c

VM Operations (20 events):
Event: 6.100 Executing VM operation: G1Concurrent done
Event: 6.363 Executing VM operation: G1CollectForAllocation
Event: 6.367 Executing VM operation: G1CollectForAllocation done
Event: 6.376 Executing VM operation: G1CollectForAllocation
Event: 6.380 Executing VM operation: G1CollectForAllocation done
Event: 6.702 Executing VM operation: G1CollectForAllocation
Event: 6.705 Executing VM operation: G1CollectForAllocation done
Event: 6.735 Executing VM operation: G1Concurrent
Event: 6.737 Executing VM operation: G1Concurrent done
Event: 6.757 Executing VM operation: G1Concurrent
Event: 6.758 Executing VM operation: G1Concurrent done
Event: 6.974 Executing VM operation: HandshakeAllThreads
Event: 6.975 Executing VM operation: HandshakeAllThreads done
Event: 7.008 Executing VM operation: ICBufferFull
Event: 7.008 Executing VM operation: ICBufferFull done
Event: 7.048 Executing VM operation: G1CollectForAllocation
Event: 7.052 Executing VM operation: G1CollectForAllocation done
Event: 7.058 Executing VM operation: G1CollectForAllocation
Event: 7.062 Executing VM operation: G1CollectForAllocation done
Event: 7.421 Executing VM operation: G1CollectForAllocation

Events (20 events):
Event: 6.357 loading class java/security/KeyStore
Event: 6.357 loading class java/security/KeyStore done
Event: 6.357 loading class java/security/KeyStore$1
Event: 6.357 loading class java/security/KeyStore$1 done
Event: 6.446 loading class javax/xml/stream/XMLStreamException
Event: 6.446 loading class javax/xml/stream/XMLStreamException done
Event: 6.459 loading class sun/reflect/annotation/AnnotationInvocationHandler$1
Event: 6.460 loading class sun/reflect/annotation/AnnotationInvocationHandler$1 done
Event: 6.782 loading class java/util/ArrayList$SubList$1
Event: 6.782 loading class java/util/ArrayList$SubList$1 done
Event: 6.938 loading class jdk/internal/loader/URLClassPath$FileLoader
Event: 6.938 loading class jdk/internal/loader/URLClassPath$FileLoader done
Event: 6.939 loading class jdk/internal/loader/URLClassPath$FileLoader$1
Event: 6.939 loading class jdk/internal/loader/URLClassPath$FileLoader$1 done
Event: 7.137 loading class sun/reflect/generics/repository/FieldRepository
Event: 7.138 loading class sun/reflect/generics/repository/FieldRepository done
Event: 7.147 loading class jdk/internal/vm/annotation/ForceInline
Event: 7.147 loading class jdk/internal/vm/annotation/ForceInline done
Event: 7.190 loading class java/util/regex/Pattern$Caret
Event: 7.190 loading class java/util/regex/Pattern$Caret done


Dynamic libraries:
0x00007ff6907b0000 - 0x00007ff6907ba000 	D:\android studio\jbr\bin\java.exe
0x00007ffde6750000 - 0x00007ffde6967000 	C:\WINDOWS\SYSTEM32\ntdll.dll
0x00007ffde5820000 - 0x00007ffde58e4000 	C:\WINDOWS\System32\KERNEL32.DLL
0x00007ffde3c90000 - 0x00007ffde4036000 	C:\WINDOWS\System32\KERNELBASE.dll
0x00007ffde3ad0000 - 0x00007ffde3be1000 	C:\WINDOWS\System32\ucrtbase.dll
0x00007ffdcc710000 - 0x00007ffdcc727000 	D:\android studio\jbr\bin\jli.dll
0x00007ffdde030000 - 0x00007ffdde04b000 	D:\android studio\jbr\bin\VCRUNTIME140.dll
0x00007ffde60a0000 - 0x00007ffde624d000 	C:\WINDOWS\System32\USER32.dll
0x00007ffde3c60000 - 0x00007ffde3c86000 	C:\WINDOWS\System32\win32u.dll
0x00007ffdc8fc0000 - 0x00007ffdc9253000 	C:\WINDOWS\WinSxS\amd64_microsoft.windows.common-controls_6595b64144ccf1df_6.0.22621.2361_none_2712ced57382f843\COMCTL32.dll
0x00007ffde6250000 - 0x00007ffde6279000 	C:\WINDOWS\System32\GDI32.dll
0x00007ffde65a0000 - 0x00007ffde6647000 	C:\WINDOWS\System32\msvcrt.dll
0x00007ffde4390000 - 0x00007ffde44a8000 	C:\WINDOWS\System32\gdi32full.dll
0x00007ffde40c0000 - 0x00007ffde415a000 	C:\WINDOWS\System32\msvcp_win.dll
0x00007ffde6280000 - 0x00007ffde62b1000 	C:\WINDOWS\System32\IMM32.DLL
0x00007ffdcc800000 - 0x00007ffdcc80c000 	D:\android studio\jbr\bin\vcruntime140_1.dll
0x00007ffda8070000 - 0x00007ffda80fd000 	D:\android studio\jbr\bin\msvcp140.dll
0x00007ffd83b20000 - 0x00007ffd8478e000 	D:\android studio\jbr\bin\server\jvm.dll
0x00007ffde62c0000 - 0x00007ffde6370000 	C:\WINDOWS\System32\ADVAPI32.dll
0x00007ffde44b0000 - 0x00007ffde4556000 	C:\WINDOWS\System32\sechost.dll
0x00007ffde6480000 - 0x00007ffde6597000 	C:\WINDOWS\System32\RPCRT4.dll
0x00007ffddd120000 - 0x00007ffddd154000 	C:\WINDOWS\SYSTEM32\WINMM.dll
0x00007ffdc8750000 - 0x00007ffdc8759000 	C:\WINDOWS\SYSTEM32\WSOCK32.dll
0x00007ffddd5b0000 - 0x00007ffddd5ba000 	C:\WINDOWS\SYSTEM32\VERSION.dll
0x00007ffde4cd0000 - 0x00007ffde4d41000 	C:\WINDOWS\System32\WS2_32.dll
0x00007ffde2b10000 - 0x00007ffde2b28000 	C:\WINDOWS\SYSTEM32\kernel.appcore.dll
0x00007ffddec60000 - 0x00007ffddec6a000 	D:\android studio\jbr\bin\jimage.dll
0x00007ffde1420000 - 0x00007ffde164e000 	C:\WINDOWS\SYSTEM32\DBGHELP.DLL
0x00007ffde4640000 - 0x00007ffde49ca000 	C:\WINDOWS\System32\combase.dll
0x00007ffde4560000 - 0x00007ffde4637000 	C:\WINDOWS\System32\OLEAUT32.dll
0x00007ffdc7c60000 - 0x00007ffdc7c92000 	C:\WINDOWS\SYSTEM32\dbgcore.DLL
0x00007ffde4040000 - 0x00007ffde40ba000 	C:\WINDOWS\System32\bcryptPrimitives.dll
0x00007ffdcc780000 - 0x00007ffdcc7a5000 	D:\android studio\jbr\bin\java.dll
0x00007ffddec40000 - 0x00007ffddec58000 	D:\android studio\jbr\bin\zip.dll
0x00007ffde4d50000 - 0x00007ffde55a8000 	C:\WINDOWS\System32\SHELL32.dll
0x00007ffde1a30000 - 0x00007ffde2322000 	C:\WINDOWS\SYSTEM32\windows.storage.dll
0x00007ffde18f0000 - 0x00007ffde1a2e000 	C:\WINDOWS\SYSTEM32\wintypes.dll
0x00007ffde4a80000 - 0x00007ffde4b73000 	C:\WINDOWS\System32\SHCORE.dll
0x00007ffde5df0000 - 0x00007ffde5e4e000 	C:\WINDOWS\System32\shlwapi.dll
0x00007ffde3a00000 - 0x00007ffde3a26000 	C:\WINDOWS\SYSTEM32\profapi.dll
0x00007ffdcddd0000 - 0x00007ffdcdde9000 	D:\android studio\jbr\bin\net.dll
0x00007ffddcfe0000 - 0x00007ffddd117000 	C:\WINDOWS\SYSTEM32\WINHTTP.dll
0x00007ffde2f90000 - 0x00007ffde2ff9000 	C:\WINDOWS\system32\mswsock.dll
0x00007ffdcdd40000 - 0x00007ffdcdd56000 	D:\android studio\jbr\bin\nio.dll
0x00007ffdde930000 - 0x00007ffdde940000 	D:\android studio\jbr\bin\verify.dll
0x00007ffdcb2e0000 - 0x00007ffdcb307000 	C:\Users\hachem safae\.gradle\native\68d5fa5c4cc2d200863cafc0d521ce42e7d3e7ee720ec0a83991735586a16f82\windows-amd64\native-platform.dll
0x00007ffda7f20000 - 0x00007ffda8064000 	C:\Users\hachem safae\.gradle\native\e376f236ea51e6404a007f0833ffe2c6e607c4080706a723a18a27aeea778392\windows-amd64\native-platform-file-events.dll
0x00007ffdde210000 - 0x00007ffdde219000 	D:\android studio\jbr\bin\management.dll
0x00007ffddd8c0000 - 0x00007ffddd8cb000 	D:\android studio\jbr\bin\management_ext.dll
0x00007ffde6650000 - 0x00007ffde6658000 	C:\WINDOWS\System32\PSAPI.DLL
0x00007ffde31e0000 - 0x00007ffde31fb000 	C:\WINDOWS\SYSTEM32\CRYPTSP.dll
0x00007ffde2a70000 - 0x00007ffde2aa5000 	C:\WINDOWS\system32\rsaenh.dll
0x00007ffde3080000 - 0x00007ffde30ac000 	C:\WINDOWS\SYSTEM32\USERENV.dll
0x00007ffde33a0000 - 0x00007ffde33c8000 	C:\WINDOWS\SYSTEM32\bcrypt.dll
0x00007ffde3200000 - 0x00007ffde320c000 	C:\WINDOWS\SYSTEM32\CRYPTBASE.dll
0x00007ffde25d0000 - 0x00007ffde25fd000 	C:\WINDOWS\SYSTEM32\IPHLPAPI.DLL
0x00007ffde57f0000 - 0x00007ffde57f9000 	C:\WINDOWS\System32\NSI.dll
0x00007ffddcef0000 - 0x00007ffddcf09000 	C:\WINDOWS\SYSTEM32\dhcpcsvc6.DLL
0x00007ffddced0000 - 0x00007ffddceef000 	C:\WINDOWS\SYSTEM32\dhcpcsvc.DLL
0x00007ffde2600000 - 0x00007ffde26f9000 	C:\WINDOWS\SYSTEM32\DNSAPI.dll
0x00007ffdcc700000 - 0x00007ffdcc708000 	C:\WINDOWS\system32\wshunix.dll

dbghelp: loaded successfully - version: 4.0.5 - missing functions: none
symbol engine: initialized successfully - sym options: 0x614 - pdb path: .;D:\android studio\jbr\bin;C:\WINDOWS\SYSTEM32;C:\WINDOWS\WinSxS\amd64_microsoft.windows.common-controls_6595b64144ccf1df_6.0.22621.2361_none_2712ced57382f843;D:\android studio\jbr\bin\server;C:\Users\hachem safae\.gradle\native\68d5fa5c4cc2d200863cafc0d521ce42e7d3e7ee720ec0a83991735586a16f82\windows-amd64;C:\Users\hachem safae\.gradle\native\e376f236ea51e6404a007f0833ffe2c6e607c4080706a723a18a27aeea778392\windows-amd64

VM Arguments:
jvm_args: --add-opens=java.base/java.util=ALL-UNNAMED --add-opens=java.base/java.lang=ALL-UNNAMED --add-opens=java.base/java.lang.invoke=ALL-UNNAMED --add-opens=java.prefs/java.util.prefs=ALL-UNNAMED --add-opens=java.base/java.nio.charset=ALL-UNNAMED --add-opens=java.base/java.net=ALL-UNNAMED --add-opens=java.base/java.util.concurrent.atomic=ALL-UNNAMED -Xmx2048m -Dfile.encoding=UTF-8 -Duser.country=FR -Duser.language=fr -Duser.variant 
java_command: org.gradle.launcher.daemon.bootstrap.GradleDaemon 8.0
java_class_path (initial): C:\Users\hachem safae\.gradle\wrapper\dists\gradle-8.0-bin\ca5e32bp14vu59qr306oxotwh\gradle-8.0\lib\gradle-launcher-8.0.jar
Launcher Type: SUN_STANDARD

[Global flags]
     intx CICompilerCount                          = 4                                         {product} {ergonomic}
     uint ConcGCThreads                            = 2                                         {product} {ergonomic}
     uint G1ConcRefinementThreads                  = 8                                         {product} {ergonomic}
   size_t G1HeapRegionSize                         = 1048576                                   {product} {ergonomic}
    uintx GCDrainStackTargetSize                   = 64                                        {product} {ergonomic}
   size_t InitialHeapSize                          = 266338304                                 {product} {ergonomic}
   size_t MarkStackSize                            = 4194304                                   {product} {ergonomic}
   size_t MaxHeapSize                              = 2147483648                                {product} {command line}
   size_t MaxNewSize                               = 1287651328                                {product} {ergonomic}
   size_t MinHeapDeltaBytes                        = 1048576                                   {product} {ergonomic}
   size_t MinHeapSize                              = 8388608                                   {product} {ergonomic}
    uintx NonNMethodCodeHeapSize                   = 5839372                                {pd product} {ergonomic}
    uintx NonProfiledCodeHeapSize                  = 122909434                              {pd product} {ergonomic}
    uintx ProfiledCodeHeapSize                     = 122909434                              {pd product} {ergonomic}
    uintx ReservedCodeCacheSize                    = 251658240                              {pd product} {ergonomic}
     bool SegmentedCodeCache                       = true                                      {product} {ergonomic}
   size_t SoftMaxHeapSize                          = 2147483648                             {manageable} {ergonomic}
     bool UseCompressedClassPointers               = true                           {product lp64_product} {ergonomic}
     bool UseCompressedOops                        = true                           {product lp64_product} {ergonomic}
     bool UseG1GC                                  = true                                      {product} {ergonomic}
     bool UseLargePagesIndividualAllocation        = false                                  {pd product} {ergonomic}

Logging:
Log output configuration:
 #0: stdout all=warning uptime,level,tags
 #1: stderr all=off uptime,level,tags

Environment Variables:
JAVA_HOME=C:\Program Files\Java\jdk-17
PATH=C:\Program Files (x86)\Common Files\Oracle\Java\javapath;C:\Program Files (x86)\VMware\VMware Workstation\bin\;D:\oraclexe\app\oracle\product\11.2.0\server\bin;C:\Program Files\Common Files\Oracle\Java\javapath;C:\WINDOWS\system32;C:\WINDOWS;C:\WINDOWS\System32\Wbem;C:\WINDOWS\System32\WindowsPowerShell\v1.0\;C:\WINDOWS\System32\OpenSSH\;c:\Program Files (x86)\Microsoft SQL Server\100\Tools\Binn\;c:\Program Files\Microsoft SQL Server\100\Tools\Binn\;c:\Program Files\Microsoft SQL Server\100\DTS\Binn\;D:\java_jdk 8\bin;C:\Program Files\Java\jdk-17\bin;C:\Program Files\Java\jdk-11\bin;C:\Program Files\Java\jdk-19\bin;C:\Program Files\Common Files\Oracle\Java\javapath;C:\ProgramData\ComposerSetup\bin;D:\XAAMP\php\php.exe;D:\xamp\php;C:\Program Files\wkhtmltopdf\bin;D:\node;C:\Program Files\Git\cmd;C:\Program Files\nodejs\;C:\Program Files\MongoDB\Server\6.0\bin;D:\XAAMP\php;C:\Program Files\Java\apache-maven-3.9.5\bin;C:\Users\hachem safae\AppData\Local\Programs\Python\Python310\Scripts\;C:\Users\hachem safae\AppData\Local\Programs\Python\Python310\;C:\Program Files\MySQL\MySQL Shell 8.0\bin\;C:\Users\hachem safae\AppData\Local\Microsoft\WindowsApps;C:\Users\hachem safae\AppData\Roaming\Dashlane\6.2007.0.32704\bin\Firefox_Extension\{442718d9-475e-452a-b3e1-fb1ee16b8e9f}\components;C:\Users\hachem safae\AppData\Roaming\Dashlane\6.2007.0.32704\ucrt;C:\Users\hachem safae\AppData\Roaming\Dashlane\6.2007.0.32704\bin\Qt;C:\Users\hachem safae\AppData\Roaming\Dashlane\6.2007.0.32704\bin\Ssl;C:\Program Files\JetBrains\IntelliJ IDEA Community Edition 2020.2.2\bin;C:\Users\hachem safae\AppData\Local\Microsoft\WindowsApps;C:\Users\hachem safae\AppData\Local\Programs\Microsoft VS Code\bin;C:\Program Files\IntelliJ IDEA Community Edition 2022.3.2\bin;;C:\Users\hachem safae\AppData\Local\ComposerSetup\bin;C:\Users\hachem safae\AppData\Roaming\Composer\vendor\bin;C:\Users\hachem safae\AppData\Roaming\npm;D:\android2\platform-tools;D:\XAAMP\php;C:\wamp64\bin\php\php5.6.40;C:\;C:\Prog
USERNAME=hachem safae
OS=Windows_NT
PROCESSOR_IDENTIFIER=Intel64 Family 6 Model 142 Stepping 12, GenuineIntel
TMP=C:\Users\HACHEM~1\AppData\Local\Temp
TEMP=C:\Users\HACHEM~1\AppData\Local\Temp


JNI global refs:
JNI global refs: 29, weak refs: 0

JNI global refs memory usage: 843, weak refs: 841


---------------  S Y S T E M  ---------------

OS:
 Windows 11 , 64 bit Build 22621 (10.0.22621.2428)
OS uptime: 1 days 13:24 hours

CPU: total 8 (initial active 8) (4 cores per cpu, 2 threads per core) family 6 model 142 stepping 12 microcode 0xf6, cx8, cmov, fxsr, ht, mmx, 3dnowpref, sse, sse2, sse3, ssse3, sse4.1, sse4.2, popcnt, lzcnt, tsc, tscinvbit, avx, avx2, aes, erms, clmul, bmi1, bmi2, adx, fma, vzeroupper, clflush, clflushopt

Memory: 4k page, system-wide physical 16194M (2640M free)
TotalPageFile size 18242M (AvailPageFile size 7M)
current process WorkingSet (physical memory assigned to process): 343M, peak: 343M
current process commit charge ("private bytes"): 488M, peak: 519M

vm_info: OpenJDK 64-Bit Server VM (17.0.6+0-b2043.56-10027231) for windows-amd64 JRE (17.0.6+0-b2043.56-10027231), built on Apr 28 2023 00:43:19 by "androidbuild" with MS VC++ 16.10 / 16.11 (VS2019)

END.
