#
# There is insufficient memory for the Java Runtime Environment to continue.
# Native memory allocation (mmap) failed to map 81788928 bytes for G1 virtual space
# Possible reasons:
#   The system is out of physical RAM or swap space
#   The process is running with CompressedOops enabled, and the Java Heap may be blocking the growth of the native heap
# Possible solutions:
#   Reduce memory load on the system
#   Increase physical memory or swap space
#   Check if swap backing store is full
#   Decrease Java heap size (-Xmx/-Xms)
#   Decrease number of Java threads
#   Decrease Java thread stack sizes (-Xss)
#   Set larger code cache with -XX:ReservedCodeCacheSize=
#   JVM is running with Unscaled Compressed Oops mode in which the Java heap is
#     placed in the first 4GB address space. The Java Heap base address is the
#     maximum limit for the native heap growth. Please use -XX:HeapBaseMinAddress
#     to set the Java Heap base and to place the Java Heap above 4GB virtual address.
# This output file may be truncated or incomplete.
#
#  Out of Memory Error (os_windows.cpp:3769), pid=24572, tid=13240
#
# JRE version: OpenJDK Runtime Environment (17.0.6) (build 17.0.6+0-b2043.56-10027231)
# Java VM: OpenJDK 64-Bit Server VM (17.0.6+0-b2043.56-10027231, mixed mode, tiered, compressed oops, compressed class ptrs, g1 gc, windows-amd64)
# No core dump will be written. Minidumps are not enabled by default on client versions of Windows
#

---------------  S U M M A R Y ------------

Command Line: --add-opens=java.base/java.util=ALL-UNNAMED --add-opens=java.base/java.lang=ALL-UNNAMED --add-opens=java.base/java.lang.invoke=ALL-UNNAMED --add-opens=java.prefs/java.util.prefs=ALL-UNNAMED --add-opens=java.base/java.nio.charset=ALL-UNNAMED --add-opens=java.base/java.net=ALL-UNNAMED --add-opens=java.base/java.util.concurrent.atomic=ALL-UNNAMED -Xmx2048m -Dfile.encoding=UTF-8 -Duser.country=FR -Duser.language=fr -Duser.variant org.gradle.launcher.daemon.bootstrap.GradleDaemon 8.0

Host: Intel(R) Core(TM) i7-8565U CPU @ 1.80GHz, 8 cores, 15G,  Windows 11 , 64 bit Build 22621 (10.0.22621.2428)
Time: Sun Nov  5 08:31:20 2023 Maroc (heure d64 bit Build 22621 (10.0.22621.2428) elapsed time: 13.099192 seconds (0d 0h 0m 13s)

---------------  T H R E A D  ---------------

Current thread (0x0000025d29889340):  VMThread "VM Thread" [stack: 0x000000f189d00000,0x000000f189e00000] [id=13240]

Stack: [0x000000f189d00000,0x000000f189e00000]
Native frames: (J=compiled Java code, j=interpreted, Vv=VM code, C=native code)
V  [jvm.dll+0x683c9a]
V  [jvm.dll+0x8427a4]
V  [jvm.dll+0x843f9e]
V  [jvm.dll+0x844603]
V  [jvm.dll+0x249b75]
V  [jvm.dll+0x680b69]
V  [jvm.dll+0x67505a]
V  [jvm.dll+0x309acb]
V  [jvm.dll+0x310f86]
V  [jvm.dll+0x3608ee]
V  [jvm.dll+0x360b1f]
V  [jvm.dll+0x2dfbf8]
V  [jvm.dll+0x2ddec4]
V  [jvm.dll+0x2dd4cc]
V  [jvm.dll+0x321f3b]
V  [jvm.dll+0x848ccb]
V  [jvm.dll+0x849a04]
V  [jvm.dll+0x849f1d]
V  [jvm.dll+0x84a2f4]
V  [jvm.dll+0x84a3c0]
V  [jvm.dll+0x7f274a]
V  [jvm.dll+0x682ad5]
C  [ucrtbase.dll+0x29363]
C  [KERNEL32.DLL+0x1257d]
C  [ntdll.dll+0x5aa78]

VM_Operation (0x000000f18bdfe430): G1CollectForAllocation, mode: safepoint, requested by thread 0x0000025d2acc7ee0


---------------  P R O C E S S  ---------------

Threads class SMR info:
_java_thread_list=0x0000025d33de2d50, length=137, elements={
0x0000025d0fa0cbc0, 0x0000025d2a41f7e0, 0x0000025d2a420650, 0x0000025d2a4710f0,
0x0000025d2a471ca0, 0x0000025d2a474760, 0x0000025d2a475110, 0x0000025d2a475df0,
0x0000025d2a477410, 0x0000025d2a47ba30, 0x0000025d2a634020, 0x0000025d2a6344f0,
0x0000025d2bfaa960, 0x0000025d2ba6ba50, 0x0000025d2b3e8960, 0x0000025d2c8b1880,
0x0000025d2cd7a6b0, 0x0000025d2badc610, 0x0000025d2be5bae0, 0x0000025d2acc9220,
0x0000025d2acc8880, 0x0000025d2acc7a10, 0x0000025d2acc7ee0, 0x0000025d2acc83b0,
0x0000025d2acc8d50, 0x0000025d2acc96f0, 0x0000025d2acc9bc0, 0x0000025d2acca090,
0x0000025d2accaf00, 0x0000025d2acca560, 0x0000025d2accaa30, 0x0000025d2e727f10,
0x0000025d2e72c740, 0x0000025d2e7270a0, 0x0000025d2e72da80, 0x0000025d2e72b8d0,
0x0000025d2e728d80, 0x0000025d2e72cc10, 0x0000025d2e7283e0, 0x0000025d2e72df50,
0x0000025d2e72b400, 0x0000025d2e72d5b0, 0x0000025d2e729720, 0x0000025d2e729bf0,
0x0000025d2e72e420, 0x0000025d2e72a0c0, 0x0000025d2e72af30, 0x0000025d2e72a590,
0x0000025d2e72aa60, 0x0000025d2e726bd0, 0x0000025d33788580, 0x0000025d33788a50,
0x0000025d3378cdb0, 0x0000025d33787be0, 0x0000025d33787710, 0x0000025d337898c0,
0x0000025d337893f0, 0x0000025d3378c8e0, 0x0000025d3378d280, 0x0000025d3378c410,
0x0000025d3378b5a0, 0x0000025d33785a30, 0x0000025d33787240, 0x0000025d33785f00,
0x0000025d337863d0, 0x0000025d3378a730, 0x0000025d3378ba70, 0x0000025d33786d70,
0x0000025d3378bf40, 0x0000025d337868a0, 0x0000025d3378ac00, 0x0000025d337880b0,
0x0000025d33788f20, 0x0000025d3378b0d0, 0x0000025d33789d90, 0x0000025d3378a260,
0x0000025d3375d3d0, 0x0000025d33762a70, 0x0000025d3375d8a0, 0x0000025d3375e240,
0x0000025d337608c0, 0x0000025d3375b6f0, 0x0000025d3375f580, 0x0000025d3375e710,
0x0000025d3375ebe0, 0x0000025d3375dd70, 0x0000025d33761730, 0x0000025d33761c00,
0x0000025d337620d0, 0x0000025d3375fa50, 0x0000025d337625a0, 0x0000025d3375cf00,
0x0000025d3375ff20, 0x0000025d33762f40, 0x0000025d3375f0b0, 0x0000025d337603f0,
0x0000025d3375bbc0, 0x0000025d33760d90, 0x0000025d33761260, 0x0000025d3375c090,
0x0000025d3375c560, 0x0000025d3375ca30, 0x0000025d334798f0, 0x0000025d33477740,
0x0000025d3347b100, 0x0000025d33479dc0, 0x0000025d33477c10, 0x0000025d334785b0,
0x0000025d3347a290, 0x0000025d334780e0, 0x0000025d33478a80, 0x0000025d33478f50,
0x0000025d33479420, 0x0000025d3347a760, 0x0000025d3347ac30, 0x0000025d2e537bd0,
0x0000025d2e538570, 0x0000025d2e5380a0, 0x0000025d2e537230, 0x0000025d2e538a40,
0x0000025d2e5363c0, 0x0000025d2e535080, 0x0000025d2e535550, 0x0000025d2e536890,
0x0000025d2e537700, 0x0000025d2e536d60, 0x0000025d349755f0, 0x0000025d3497b110,
0x0000025d33a17f40, 0x0000025d33a188e0, 0x0000025d33a13be0, 0x0000025d33a140b0,
0x0000025d33a1aa90, 0x0000025d33a16c00, 0x0000025d33a15d90, 0x0000025d33a158c0,
0x0000025d33a18db0
}

Java Threads: ( => current thread )
  0x0000025d0fa0cbc0 JavaThread "main" [_thread_blocked, id=22556, stack(0x000000f189700000,0x000000f189800000)]
  0x0000025d2a41f7e0 JavaThread "Reference Handler" daemon [_thread_blocked, id=16412, stack(0x000000f189e00000,0x000000f189f00000)]
  0x0000025d2a420650 JavaThread "Finalizer" daemon [_thread_blocked, id=23096, stack(0x000000f189f00000,0x000000f18a000000)]
  0x0000025d2a4710f0 JavaThread "Signal Dispatcher" daemon [_thread_blocked, id=13536, stack(0x000000f18a000000,0x000000f18a100000)]
  0x0000025d2a471ca0 JavaThread "Attach Listener" daemon [_thread_blocked, id=16152, stack(0x000000f18a100000,0x000000f18a200000)]
  0x0000025d2a474760 JavaThread "Service Thread" daemon [_thread_blocked, id=25596, stack(0x000000f18a200000,0x000000f18a300000)]
  0x0000025d2a475110 JavaThread "Monitor Deflation Thread" daemon [_thread_blocked, id=18912, stack(0x000000f18a300000,0x000000f18a400000)]
  0x0000025d2a475df0 JavaThread "C2 CompilerThread0" daemon [_thread_in_native, id=26440, stack(0x000000f18a400000,0x000000f18a500000)]
  0x0000025d2a477410 JavaThread "C1 CompilerThread0" daemon [_thread_blocked, id=3908, stack(0x000000f18a500000,0x000000f18a600000)]
  0x0000025d2a47ba30 JavaThread "Sweeper thread" daemon [_thread_blocked, id=10940, stack(0x000000f18a600000,0x000000f18a700000)]
  0x0000025d2a634020 JavaThread "Common-Cleaner" daemon [_thread_blocked, id=22352, stack(0x000000f18a700000,0x000000f18a800000)]
  0x0000025d2a6344f0 JavaThread "Notification Thread" daemon [_thread_blocked, id=18744, stack(0x000000f18a800000,0x000000f18a900000)]
  0x0000025d2bfaa960 JavaThread "Daemon health stats" [_thread_blocked, id=22632, stack(0x000000f18b100000,0x000000f18b200000)]
  0x0000025d2ba6ba50 JavaThread "Incoming local TCP Connector on port 57674" [_thread_in_native, id=22696, stack(0x000000f18ab00000,0x000000f18ac00000)]
  0x0000025d2b3e8960 JavaThread "Daemon periodic checks" [_thread_blocked, id=23468, stack(0x000000f18b200000,0x000000f18b300000)]
  0x0000025d2c8b1880 JavaThread "Daemon" [_thread_blocked, id=23100, stack(0x000000f18b300000,0x000000f18b400000)]
  0x0000025d2cd7a6b0 JavaThread "Handler for socket connection from /127.0.0.1:57674 to /127.0.0.1:57675" [_thread_in_native, id=8256, stack(0x000000f18b400000,0x000000f18b500000)]
  0x0000025d2badc610 JavaThread "Cancel handler" [_thread_blocked, id=5512, stack(0x000000f18b500000,0x000000f18b600000)]
  0x0000025d2be5bae0 JavaThread "Daemon worker" [_thread_blocked, id=23496, stack(0x000000f18b600000,0x000000f18b700000)]
  0x0000025d2acc9220 JavaThread "Asynchronous log dispatcher for DefaultDaemonConnection: socket connection from /127.0.0.1:57674 to /127.0.0.1:57675" [_thread_blocked, id=18600, stack(0x000000f18b700000,0x000000f18b800000)]
  0x0000025d2acc8880 JavaThread "Stdin handler" [_thread_blocked, id=10276, stack(0x000000f18b800000,0x000000f18b900000)]
  0x0000025d2acc7a10 JavaThread "Daemon client event forwarder" [_thread_blocked, id=16128, stack(0x000000f18b900000,0x000000f18ba00000)]
  0x0000025d2acc7ee0 JavaThread "Cache worker for journal cache (C:\Users\hachem safae\.gradle\caches\journal-1)" [_thread_blocked, id=16348, stack(0x000000f18bd00000,0x000000f18be00000)]
  0x0000025d2acc83b0 JavaThread "File lock request listener" [_thread_in_native, id=22580, stack(0x000000f18be00000,0x000000f18bf00000)]
  0x0000025d2acc8d50 JavaThread "Cache worker for file hash cache (C:\Users\hachem safae\.gradle\caches\8.0\fileHashes)" [_thread_blocked, id=23588, stack(0x000000f18bf00000,0x000000f18c000000)]
  0x0000025d2acc96f0 JavaThread "File watcher server" daemon [_thread_blocked, id=2440, stack(0x000000f18c100000,0x000000f18c200000)]
  0x0000025d2acc9bc0 JavaThread "File watcher consumer" daemon [_thread_blocked, id=21976, stack(0x000000f18c200000,0x000000f18c300000)]
  0x0000025d2acca090 JavaThread "Cache worker for checksums cache (D:\App_Android studio\projet_inscription\.gradle\8.0\checksums)" [_thread_blocked, id=18024, stack(0x000000f18c300000,0x000000f18c400000)]
  0x0000025d2accaf00 JavaThread "Cache worker for cache directory md-rule (C:\Users\hachem safae\.gradle\caches\8.0\md-rule)" [_thread_blocked, id=15864, stack(0x000000f18c400000,0x000000f18c500000)]
  0x0000025d2acca560 JavaThread "Cache worker for file content cache (C:\Users\hachem safae\.gradle\caches\8.0\fileContent)" [_thread_blocked, id=25812, stack(0x000000f18c500000,0x000000f18c600000)]
  0x0000025d2accaa30 JavaThread "Cache worker for file hash cache (D:\App_Android studio\projet_inscription\.gradle\8.0\fileHashes)" [_thread_blocked, id=3576, stack(0x000000f18c600000,0x000000f18c700000)]
  0x0000025d2e727f10 JavaThread "Cache worker for cache directory md-supplier (C:\Users\hachem safae\.gradle\caches\8.0\md-supplier)" [_thread_blocked, id=26248, stack(0x000000f18c700000,0x000000f18c800000)]
  0x0000025d2e72c740 JavaThread "Cache worker for execution history cache (C:\Users\hachem safae\.gradle\caches\8.0\executionHistory)" [_thread_blocked, id=19932, stack(0x000000f18c800000,0x000000f18c900000)]
  0x0000025d2e7270a0 JavaThread "jar transforms" [_thread_blocked, id=20604, stack(0x000000f18c900000,0x000000f18ca00000)]
  0x0000025d2e72da80 JavaThread "jar transforms Thread 2" [_thread_blocked, id=23652, stack(0x000000f18ca00000,0x000000f18cb00000)]
  0x0000025d2e72b8d0 JavaThread "Cache worker for kotlin-dsl (C:\Users\hachem safae\.gradle\caches\8.0\kotlin-dsl)" [_thread_blocked, id=1400, stack(0x000000f18cb00000,0x000000f18cc00000)]
  0x0000025d2e728d80 JavaThread "jar transforms Thread 3" [_thread_blocked, id=21920, stack(0x000000f18cc00000,0x000000f18cd00000)]
  0x0000025d2e72cc10 JavaThread "jar transforms Thread 4" [_thread_blocked, id=26540, stack(0x000000f18cd00000,0x000000f18ce00000)]
  0x0000025d2e7283e0 JavaThread "Cache worker for dependencies-accessors (D:\App_Android studio\projet_inscription\.gradle\8.0\dependencies-accessors)" [_thread_blocked, id=19824, stack(0x000000f18ce00000,0x000000f18cf00000)]
  0x0000025d2e72df50 JavaThread "Cache worker for Build Output Cleanup Cache (D:\App_Android studio\projet_inscription\.gradle\buildOutputCleanup)" [_thread_blocked, id=24164, stack(0x000000f18cf00000,0x000000f18d000000)]
  0x0000025d2e72b400 JavaThread "jar transforms Thread 5" [_thread_blocked, id=23248, stack(0x000000f18d000000,0x000000f18d100000)]
  0x0000025d2e72d5b0 JavaThread "Unconstrained build operations" [_thread_blocked, id=18392, stack(0x000000f18d100000,0x000000f18d200000)]
  0x0000025d2e729720 JavaThread "Unconstrained build operations Thread 2" [_thread_blocked, id=11128, stack(0x000000f18d200000,0x000000f18d300000)]
  0x0000025d2e729bf0 JavaThread "Unconstrained build operations Thread 3" [_thread_blocked, id=20308, stack(0x000000f18d300000,0x000000f18d400000)]
  0x0000025d2e72e420 JavaThread "Unconstrained build operations Thread 4" [_thread_blocked, id=18516, stack(0x000000f18d400000,0x000000f18d500000)]
  0x0000025d2e72a0c0 JavaThread "Unconstrained build operations Thread 5" [_thread_blocked, id=10852, stack(0x000000f18d500000,0x000000f18d600000)]
  0x0000025d2e72af30 JavaThread "Unconstrained build operations Thread 6" [_thread_blocked, id=17540, stack(0x000000f18d600000,0x000000f18d700000)]
  0x0000025d2e72a590 JavaThread "Unconstrained build operations Thread 7" [_thread_blocked, id=24280, stack(0x000000f18d700000,0x000000f18d800000)]
  0x0000025d2e72aa60 JavaThread "Unconstrained build operations Thread 8" [_thread_blocked, id=4816, stack(0x000000f18d800000,0x000000f18d900000)]
  0x0000025d2e726bd0 JavaThread "Unconstrained build operations Thread 9" [_thread_blocked, id=23008, stack(0x000000f18d900000,0x000000f18da00000)]
  0x0000025d33788580 JavaThread "Unconstrained build operations Thread 10" [_thread_blocked, id=25692, stack(0x000000f18da00000,0x000000f18db00000)]
  0x0000025d33788a50 JavaThread "Unconstrained build operations Thread 11" [_thread_blocked, id=23048, stack(0x000000f18db00000,0x000000f18dc00000)]
  0x0000025d3378cdb0 JavaThread "Unconstrained build operations Thread 12" [_thread_blocked, id=10676, stack(0x000000f18dc00000,0x000000f18dd00000)]
  0x0000025d33787be0 JavaThread "Unconstrained build operations Thread 13" [_thread_blocked, id=23432, stack(0x000000f18dd00000,0x000000f18de00000)]
  0x0000025d33787710 JavaThread "Unconstrained build operations Thread 14" [_thread_blocked, id=13912, stack(0x000000f18de00000,0x000000f18df00000)]
  0x0000025d337898c0 JavaThread "Unconstrained build operations Thread 15" [_thread_blocked, id=23616, stack(0x000000f18df00000,0x000000f18e000000)]
  0x0000025d337893f0 JavaThread "Unconstrained build operations Thread 16" [_thread_blocked, id=25412, stack(0x000000f18e000000,0x000000f18e100000)]
  0x0000025d3378c8e0 JavaThread "Unconstrained build operations Thread 17" [_thread_blocked, id=9676, stack(0x000000f18e100000,0x000000f18e200000)]
  0x0000025d3378d280 JavaThread "Unconstrained build operations Thread 18" [_thread_blocked, id=22316, stack(0x000000f18e200000,0x000000f18e300000)]
  0x0000025d3378c410 JavaThread "Unconstrained build operations Thread 19" [_thread_blocked, id=25272, stack(0x000000f18e300000,0x000000f18e400000)]
  0x0000025d3378b5a0 JavaThread "Unconstrained build operations Thread 20" [_thread_blocked, id=18880, stack(0x000000f18e400000,0x000000f18e500000)]
  0x0000025d33785a30 JavaThread "Unconstrained build operations Thread 21" [_thread_blocked, id=4792, stack(0x000000f18e500000,0x000000f18e600000)]
  0x0000025d33787240 JavaThread "Unconstrained build operations Thread 22" [_thread_blocked, id=21096, stack(0x000000f18e600000,0x000000f18e700000)]
  0x0000025d33785f00 JavaThread "Unconstrained build operations Thread 23" [_thread_blocked, id=20556, stack(0x000000f18e700000,0x000000f18e800000)]
  0x0000025d337863d0 JavaThread "Unconstrained build operations Thread 24" [_thread_blocked, id=25896, stack(0x000000f18e800000,0x000000f18e900000)]
  0x0000025d3378a730 JavaThread "Unconstrained build operations Thread 25" [_thread_blocked, id=22104, stack(0x000000f18e900000,0x000000f18ea00000)]
  0x0000025d3378ba70 JavaThread "Unconstrained build operations Thread 26" [_thread_blocked, id=26192, stack(0x000000f18ea00000,0x000000f18eb00000)]
  0x0000025d33786d70 JavaThread "Unconstrained build operations Thread 27" [_thread_blocked, id=25996, stack(0x000000f18eb00000,0x000000f18ec00000)]
  0x0000025d3378bf40 JavaThread "Unconstrained build operations Thread 28" [_thread_blocked, id=16180, stack(0x000000f18ec00000,0x000000f18ed00000)]
  0x0000025d337868a0 JavaThread "Unconstrained build operations Thread 29" [_thread_blocked, id=23932, stack(0x000000f18ed00000,0x000000f18ee00000)]
  0x0000025d3378ac00 JavaThread "Unconstrained build operations Thread 30" [_thread_blocked, id=15924, stack(0x000000f18ee00000,0x000000f18ef00000)]
  0x0000025d337880b0 JavaThread "Unconstrained build operations Thread 31" [_thread_blocked, id=23780, stack(0x000000f18ef00000,0x000000f18f000000)]
  0x0000025d33788f20 JavaThread "Unconstrained build operations Thread 32" [_thread_blocked, id=24404, stack(0x000000f18f000000,0x000000f18f100000)]
  0x0000025d3378b0d0 JavaThread "Unconstrained build operations Thread 33" [_thread_blocked, id=22476, stack(0x000000f18f100000,0x000000f18f200000)]
  0x0000025d33789d90 JavaThread "Unconstrained build operations Thread 34" [_thread_blocked, id=22432, stack(0x000000f18f200000,0x000000f18f300000)]
  0x0000025d3378a260 JavaThread "Unconstrained build operations Thread 35" [_thread_blocked, id=17580, stack(0x000000f18f300000,0x000000f18f400000)]
  0x0000025d3375d3d0 JavaThread "Unconstrained build operations Thread 36" [_thread_blocked, id=23740, stack(0x000000f18f400000,0x000000f18f500000)]
  0x0000025d33762a70 JavaThread "Unconstrained build operations Thread 37" [_thread_blocked, id=23664, stack(0x000000f18f500000,0x000000f18f600000)]
  0x0000025d3375d8a0 JavaThread "Unconstrained build operations Thread 38" [_thread_blocked, id=23052, stack(0x000000f18f600000,0x000000f18f700000)]
  0x0000025d3375e240 JavaThread "Unconstrained build operations Thread 39" [_thread_blocked, id=22684, stack(0x000000f18f700000,0x000000f18f800000)]
  0x0000025d337608c0 JavaThread "Unconstrained build operations Thread 40" [_thread_blocked, id=23332, stack(0x000000f18f800000,0x000000f18f900000)]
  0x0000025d3375b6f0 JavaThread "Unconstrained build operations Thread 41" [_thread_blocked, id=4272, stack(0x000000f18f900000,0x000000f18fa00000)]
  0x0000025d3375f580 JavaThread "Unconstrained build operations Thread 42" [_thread_blocked, id=7796, stack(0x000000f18fa00000,0x000000f18fb00000)]
  0x0000025d3375e710 JavaThread "Unconstrained build operations Thread 43" [_thread_blocked, id=18320, stack(0x000000f18fb00000,0x000000f18fc00000)]
  0x0000025d3375ebe0 JavaThread "Unconstrained build operations Thread 44" [_thread_blocked, id=21944, stack(0x000000f18fc00000,0x000000f18fd00000)]
  0x0000025d3375dd70 JavaThread "Unconstrained build operations Thread 45" [_thread_blocked, id=20456, stack(0x000000f18fd00000,0x000000f18fe00000)]
  0x0000025d33761730 JavaThread "Unconstrained build operations Thread 46" [_thread_blocked, id=11184, stack(0x000000f18fe00000,0x000000f18ff00000)]
  0x0000025d33761c00 JavaThread "Unconstrained build operations Thread 47" [_thread_blocked, id=20792, stack(0x000000f18ff00000,0x000000f190000000)]
  0x0000025d337620d0 JavaThread "Unconstrained build operations Thread 48" [_thread_blocked, id=3832, stack(0x000000f190000000,0x000000f190100000)]
  0x0000025d3375fa50 JavaThread "Unconstrained build operations Thread 49" [_thread_blocked, id=22100, stack(0x000000f190100000,0x000000f190200000)]
  0x0000025d337625a0 JavaThread "Unconstrained build operations Thread 50" [_thread_blocked, id=21720, stack(0x000000f190200000,0x000000f190300000)]
  0x0000025d3375cf00 JavaThread "Unconstrained build operations Thread 51" [_thread_blocked, id=6756, stack(0x000000f190300000,0x000000f190400000)]
  0x0000025d3375ff20 JavaThread "Unconstrained build operations Thread 52" [_thread_blocked, id=4020, stack(0x000000f190400000,0x000000f190500000)]
  0x0000025d33762f40 JavaThread "Unconstrained build operations Thread 53" [_thread_blocked, id=18500, stack(0x000000f190500000,0x000000f190600000)]
  0x0000025d3375f0b0 JavaThread "Unconstrained build operations Thread 54" [_thread_blocked, id=17212, stack(0x000000f190600000,0x000000f190700000)]
  0x0000025d337603f0 JavaThread "Unconstrained build operations Thread 55" [_thread_blocked, id=24196, stack(0x000000f190700000,0x000000f190800000)]
  0x0000025d3375bbc0 JavaThread "Unconstrained build operations Thread 56" [_thread_blocked, id=6392, stack(0x000000f190800000,0x000000f190900000)]
  0x0000025d33760d90 JavaThread "Unconstrained build operations Thread 57" [_thread_blocked, id=14064, stack(0x000000f190900000,0x000000f190a00000)]
  0x0000025d33761260 JavaThread "Unconstrained build operations Thread 58" [_thread_blocked, id=24764, stack(0x000000f190a00000,0x000000f190b00000)]
  0x0000025d3375c090 JavaThread "Unconstrained build operations Thread 59" [_thread_blocked, id=25484, stack(0x000000f190b00000,0x000000f190c00000)]
  0x0000025d3375c560 JavaThread "Unconstrained build operations Thread 60" [_thread_blocked, id=11196, stack(0x000000f190c00000,0x000000f190d00000)]
  0x0000025d3375ca30 JavaThread "Unconstrained build operations Thread 61" [_thread_blocked, id=11644, stack(0x000000f190d00000,0x000000f190e00000)]
  0x0000025d334798f0 JavaThread "Unconstrained build operations Thread 62" [_thread_blocked, id=16564, stack(0x000000f190e00000,0x000000f190f00000)]
  0x0000025d33477740 JavaThread "Unconstrained build operations Thread 63" [_thread_blocked, id=1916, stack(0x000000f190f00000,0x000000f191000000)]
  0x0000025d3347b100 JavaThread "Unconstrained build operations Thread 64" [_thread_blocked, id=12268, stack(0x000000f191000000,0x000000f191100000)]
  0x0000025d33479dc0 JavaThread "Unconstrained build operations Thread 65" [_thread_blocked, id=18460, stack(0x000000f191100000,0x000000f191200000)]
  0x0000025d33477c10 JavaThread "Unconstrained build operations Thread 66" [_thread_blocked, id=25696, stack(0x000000f191200000,0x000000f191300000)]
  0x0000025d334785b0 JavaThread "Unconstrained build operations Thread 67" [_thread_blocked, id=23952, stack(0x000000f191300000,0x000000f191400000)]
  0x0000025d3347a290 JavaThread "Unconstrained build operations Thread 68" [_thread_blocked, id=25420, stack(0x000000f191400000,0x000000f191500000)]
  0x0000025d334780e0 JavaThread "Unconstrained build operations Thread 69" [_thread_blocked, id=5596, stack(0x000000f191500000,0x000000f191600000)]
  0x0000025d33478a80 JavaThread "Unconstrained build operations Thread 70" [_thread_blocked, id=19676, stack(0x000000f191600000,0x000000f191700000)]
  0x0000025d33478f50 JavaThread "Unconstrained build operations Thread 71" [_thread_blocked, id=16628, stack(0x000000f191700000,0x000000f191800000)]
  0x0000025d33479420 JavaThread "Unconstrained build operations Thread 72" [_thread_blocked, id=20380, stack(0x000000f191800000,0x000000f191900000)]
  0x0000025d3347a760 JavaThread "Unconstrained build operations Thread 73" [_thread_blocked, id=7724, stack(0x000000f191900000,0x000000f191a00000)]
  0x0000025d3347ac30 JavaThread "Unconstrained build operations Thread 74" [_thread_blocked, id=22364, stack(0x000000f191a00000,0x000000f191b00000)]
  0x0000025d2e537bd0 JavaThread "Unconstrained build operations Thread 75" [_thread_blocked, id=8976, stack(0x000000f191b00000,0x000000f191c00000)]
  0x0000025d2e538570 JavaThread "Unconstrained build operations Thread 76" [_thread_blocked, id=22700, stack(0x000000f191c00000,0x000000f191d00000)]
  0x0000025d2e5380a0 JavaThread "Unconstrained build operations Thread 77" [_thread_blocked, id=19036, stack(0x000000f191d00000,0x000000f191e00000)]
  0x0000025d2e537230 JavaThread "Unconstrained build operations Thread 78" [_thread_blocked, id=21628, stack(0x000000f191e00000,0x000000f191f00000)]
  0x0000025d2e538a40 JavaThread "Unconstrained build operations Thread 79" [_thread_blocked, id=24668, stack(0x000000f191f00000,0x000000f192000000)]
  0x0000025d2e5363c0 JavaThread "Unconstrained build operations Thread 80" [_thread_blocked, id=25480, stack(0x000000f192000000,0x000000f192100000)]
  0x0000025d2e535080 JavaThread "jar transforms Thread 6" [_thread_blocked, id=21596, stack(0x000000f192100000,0x000000f192200000)]
  0x0000025d2e535550 JavaThread "jar transforms Thread 7" [_thread_blocked, id=26620, stack(0x000000f192200000,0x000000f192300000)]
  0x0000025d2e536890 JavaThread "jar transforms Thread 8" [_thread_blocked, id=23848, stack(0x000000f192300000,0x000000f192400000)]
  0x0000025d2e537700 JavaThread "build event listener" [_thread_blocked, id=24500, stack(0x000000f192400000,0x000000f192500000)]
  0x0000025d2e536d60 JavaThread "Memory manager" [_thread_blocked, id=26216, stack(0x000000f192500000,0x000000f192600000)]
  0x0000025d349755f0 JavaThread "C2 CompilerThread1" daemon [_thread_blocked, id=8104, stack(0x000000f18aa00000,0x000000f18ab00000)]
  0x0000025d3497b110 JavaThread "C2 CompilerThread2" daemon [_thread_blocked, id=11728, stack(0x000000f18c000000,0x000000f18c100000)]
  0x0000025d33a17f40 JavaThread "included builds" [_thread_blocked, id=5476, stack(0x000000f192600000,0x000000f192700000)]
  0x0000025d33a188e0 JavaThread "Execution worker" [_thread_blocked, id=21492, stack(0x000000f192700000,0x000000f192800000)]
  0x0000025d33a13be0 JavaThread "Execution worker Thread 2" [_thread_blocked, id=15348, stack(0x000000f192800000,0x000000f192900000)]
  0x0000025d33a140b0 JavaThread "Execution worker Thread 3" [_thread_blocked, id=17768, stack(0x000000f192900000,0x000000f192a00000)]
  0x0000025d33a1aa90 JavaThread "Execution worker Thread 4" [_thread_blocked, id=21280, stack(0x000000f192a00000,0x000000f192b00000)]
  0x0000025d33a16c00 JavaThread "Execution worker Thread 5" [_thread_blocked, id=26236, stack(0x000000f192b00000,0x000000f192c00000)]
  0x0000025d33a15d90 JavaThread "Execution worker Thread 6" [_thread_blocked, id=24724, stack(0x000000f192c00000,0x000000f192d00000)]
  0x0000025d33a158c0 JavaThread "Execution worker Thread 7" [_thread_blocked, id=17404, stack(0x000000f192d00000,0x000000f192e00000)]
  0x0000025d33a18db0 JavaThread "Cache worker for execution history cache (D:\App_Android studio\projet_inscription\.gradle\8.0\executionHistory)" [_thread_blocked, id=20004, stack(0x000000f192e00000,0x000000f192f00000)]

Other Threads:
=>0x0000025d29889340 VMThread "VM Thread" [stack: 0x000000f189d00000,0x000000f189e00000] [id=13240]
  0x0000025d2a5cd740 WatcherThread [stack: 0x000000f18a900000,0x000000f18aa00000] [id=22160]
  0x0000025d0fa6a540 GCTaskThread "GC Thread#0" [stack: 0x000000f189800000,0x000000f189900000] [id=22692]
  0x0000025d2ae570d0 GCTaskThread "GC Thread#1" [stack: 0x000000f18ac00000,0x000000f18ad00000] [id=16108]
  0x0000025d2ac2e240 GCTaskThread "GC Thread#2" [stack: 0x000000f18ad00000,0x000000f18ae00000] [id=23440]
  0x0000025d2ac2e4f0 GCTaskThread "GC Thread#3" [stack: 0x000000f18ae00000,0x000000f18af00000] [id=22628]
  0x0000025d2ac2e7a0 GCTaskThread "GC Thread#4" [stack: 0x000000f18af00000,0x000000f18b000000] [id=26012]
  0x0000025d2ac2ea50 GCTaskThread "GC Thread#5" [stack: 0x000000f18b000000,0x000000f18b100000] [id=23956]
  0x0000025d2d065720 GCTaskThread "GC Thread#6" [stack: 0x000000f18ba00000,0x000000f18bb00000] [id=11500]
  0x0000025d2d0339c0 GCTaskThread "GC Thread#7" [stack: 0x000000f18bb00000,0x000000f18bc00000] [id=21900]
  0x0000025d0fa7c490 ConcurrentGCThread "G1 Main Marker" [stack: 0x000000f189900000,0x000000f189a00000] [id=23772]
  0x0000025d0fa7d640 ConcurrentGCThread "G1 Conc#0" [stack: 0x000000f189a00000,0x000000f189b00000] [id=5036]
  0x0000025d2ca17370 ConcurrentGCThread "G1 Conc#1" [stack: 0x000000f18bc00000,0x000000f18bd00000] [id=22420]
  0x0000025d297199b0 ConcurrentGCThread "G1 Refine#0" [stack: 0x000000f189b00000,0x000000f189c00000] [id=7692]
  0x0000025d2971a2e0 ConcurrentGCThread "G1 Service" [stack: 0x000000f189c00000,0x000000f189d00000] [id=19280]

Threads with active compile tasks:
C2 CompilerThread0    13132 9523       4       com.google.common.collect.Interners$InternerImpl::intern (54 bytes)
C2 CompilerThread1    13132 9532       4       sun.security.provider.ByteArrayAccess::i2bLittle (33 bytes)
C2 CompilerThread2    13132 9534       4       org.gradle.cache.internal.btree.BTreePersistentIndexedCache$IndexBlock::read (94 bytes)

VM state: at safepoint (normal execution)

VM Mutex/Monitor currently owned by a thread:  ([mutex/lock_event])
[0x0000025d0d86a080] Threads_lock - owner thread: 0x0000025d29889340
[0x0000025d0d86a110] Heap_lock - owner thread: 0x0000025d2acc7ee0

Heap address: 0x0000000080000000, size: 2048 MB, Compressed Oops mode: 32-bit

CDS archive(s) not mapped
Compressed class space mapped at: 0x0000000100000000-0x0000000140000000, reserved size: 1073741824
Narrow klass base: 0x0000000000000000, Narrow klass shift: 3, Narrow klass range: 0x140000000

GC Precious Log:
 CPUs: 8 total, 8 available
 Memory: 16194M
 Large Page Support: Disabled
 NUMA Support: Disabled
 Compressed Oops: Enabled (32-bit)
 Heap Region Size: 1M
 Heap Min Capacity: 8M
 Heap Initial Capacity: 254M
 Heap Max Capacity: 2G
 Pre-touch: Disabled
 Parallel Workers: 8
 Concurrent Workers: 2
 Concurrent Refinement Workers: 8
 Periodic GC: Disabled

Heap:
 garbage-first heap   total 135168K, used 77587K [0x0000000080000000, 0x0000000100000000)
  region size 1024K, 5 young (5120K), 5 survivors (5120K)
 Metaspace       used 89960K, committed 90624K, reserved 1130496K
  class space    used 12418K, committed 12736K, reserved 1048576K

Heap Regions: E=young(eden), S=young(survivor), O=old, HS=humongous(starts), HC=humongous(continues), CS=collection set, F=free, OA=open archive, CA=closed archive, TAMS=top-at-mark-start (previous, next)
|   0|0x0000000080000000, 0x0000000080100000, 0x0000000080100000|100%|HS|  |TAMS 0x0000000080100000, 0x0000000080100000| Complete 
|   1|0x0000000080100000, 0x0000000080200000, 0x0000000080200000|100%|HC|  |TAMS 0x0000000080200000, 0x0000000080200000| Complete 
|   2|0x0000000080200000, 0x0000000080300000, 0x0000000080300000|100%|HC|  |TAMS 0x0000000080300000, 0x0000000080300000| Complete 
|   3|0x0000000080300000, 0x0000000080400000, 0x0000000080400000|100%|HC|  |TAMS 0x0000000080400000, 0x0000000080400000| Complete 
|   4|0x0000000080400000, 0x0000000080500000, 0x0000000080500000|100%| O|  |TAMS 0x0000000080500000, 0x0000000080500000| Untracked 
|   5|0x0000000080500000, 0x0000000080600000, 0x0000000080600000|100%| O|  |TAMS 0x0000000080600000, 0x0000000080600000| Untracked 
|   6|0x0000000080600000, 0x0000000080700000, 0x0000000080700000|100%| O|  |TAMS 0x0000000080700000, 0x0000000080700000| Untracked 
|   7|0x0000000080700000, 0x0000000080800000, 0x0000000080800000|100%| O|  |TAMS 0x0000000080800000, 0x0000000080800000| Untracked 
|   8|0x0000000080800000, 0x0000000080900000, 0x0000000080900000|100%| O|  |TAMS 0x0000000080900000, 0x0000000080900000| Untracked 
|   9|0x0000000080900000, 0x0000000080a00000, 0x0000000080a00000|100%| O|  |TAMS 0x0000000080a00000, 0x0000000080a00000| Untracked 
|  10|0x0000000080a00000, 0x0000000080b00000, 0x0000000080b00000|100%| O|  |TAMS 0x0000000080b00000, 0x0000000080b00000| Untracked 
|  11|0x0000000080b00000, 0x0000000080c00000, 0x0000000080c00000|100%| O|  |TAMS 0x0000000080c00000, 0x0000000080c00000| Untracked 
|  12|0x0000000080c00000, 0x0000000080d00000, 0x0000000080d00000|100%| O|  |TAMS 0x0000000080d00000, 0x0000000080d00000| Untracked 
|  13|0x0000000080d00000, 0x0000000080e00000, 0x0000000080e00000|100%| O|  |TAMS 0x0000000080e00000, 0x0000000080e00000| Untracked 
|  14|0x0000000080e00000, 0x0000000080f00000, 0x0000000080f00000|100%| O|  |TAMS 0x0000000080f00000, 0x0000000080f00000| Untracked 
|  15|0x0000000080f00000, 0x0000000081000000, 0x0000000081000000|100%| O|  |TAMS 0x0000000081000000, 0x0000000081000000| Untracked 
|  16|0x0000000081000000, 0x0000000081100000, 0x0000000081100000|100%| O|  |TAMS 0x0000000081100000, 0x0000000081100000| Untracked 
|  17|0x0000000081100000, 0x0000000081200000, 0x0000000081200000|100%| O|  |TAMS 0x0000000081200000, 0x0000000081200000| Untracked 
|  18|0x0000000081200000, 0x0000000081300000, 0x0000000081300000|100%| O|  |TAMS 0x0000000081300000, 0x0000000081300000| Untracked 
|  19|0x0000000081300000, 0x0000000081400000, 0x0000000081400000|100%| O|  |TAMS 0x0000000081400000, 0x0000000081400000| Untracked 
|  20|0x0000000081400000, 0x0000000081500000, 0x0000000081500000|100%| O|  |TAMS 0x0000000081500000, 0x0000000081500000| Untracked 
|  21|0x0000000081500000, 0x0000000081600000, 0x0000000081600000|100%| O|  |TAMS 0x0000000081600000, 0x0000000081600000| Untracked 
|  22|0x0000000081600000, 0x0000000081700000, 0x0000000081700000|100%| O|  |TAMS 0x0000000081700000, 0x0000000081700000| Untracked 
|  23|0x0000000081700000, 0x0000000081800000, 0x0000000081800000|100%| O|  |TAMS 0x0000000081800000, 0x0000000081800000| Untracked 
|  24|0x0000000081800000, 0x0000000081900000, 0x0000000081900000|100%| O|  |TAMS 0x0000000081900000, 0x0000000081900000| Untracked 
|  25|0x0000000081900000, 0x0000000081a00000, 0x0000000081a00000|100%| O|  |TAMS 0x0000000081a00000, 0x0000000081a00000| Untracked 
|  26|0x0000000081a00000, 0x0000000081b00000, 0x0000000081b00000|100%|HS|  |TAMS 0x0000000081b00000, 0x0000000081b00000| Complete 
|  27|0x0000000081b00000, 0x0000000081c00000, 0x0000000081c00000|100%| O|  |TAMS 0x0000000081c00000, 0x0000000081c00000| Untracked 
|  28|0x0000000081c00000, 0x0000000081d00000, 0x0000000081d00000|100%| O|  |TAMS 0x0000000081d00000, 0x0000000081d00000| Untracked 
|  29|0x0000000081d00000, 0x0000000081e00000, 0x0000000081e00000|100%| O|  |TAMS 0x0000000081e00000, 0x0000000081e00000| Untracked 
|  30|0x0000000081e00000, 0x0000000081f00000, 0x0000000081f00000|100%|HS|  |TAMS 0x0000000081f00000, 0x0000000081f00000| Complete 
|  31|0x0000000081f00000, 0x0000000082000000, 0x0000000082000000|100%|HS|  |TAMS 0x0000000082000000, 0x0000000082000000| Complete 
|  32|0x0000000082000000, 0x0000000082100000, 0x0000000082100000|100%| O|  |TAMS 0x0000000082100000, 0x0000000082100000| Untracked 
|  33|0x0000000082100000, 0x0000000082200000, 0x0000000082200000|100%| O|  |TAMS 0x0000000082200000, 0x0000000082200000| Untracked 
|  34|0x0000000082200000, 0x0000000082300000, 0x0000000082300000|100%| O|  |TAMS 0x0000000082300000, 0x0000000082300000| Untracked 
|  35|0x0000000082300000, 0x0000000082400000, 0x0000000082400000|100%| O|  |TAMS 0x0000000082400000, 0x0000000082400000| Untracked 
|  36|0x0000000082400000, 0x0000000082500000, 0x0000000082500000|100%| O|  |TAMS 0x0000000082400000, 0x0000000082500000| Untracked 
|  37|0x0000000082500000, 0x0000000082600000, 0x0000000082600000|100%| O|  |TAMS 0x0000000082600000, 0x0000000082600000| Untracked 
|  38|0x0000000082600000, 0x0000000082700000, 0x0000000082700000|100%| O|  |TAMS 0x0000000082700000, 0x0000000082700000| Untracked 
|  39|0x0000000082700000, 0x0000000082800000, 0x0000000082800000|100%| O|  |TAMS 0x0000000082800000, 0x0000000082800000| Untracked 
|  40|0x0000000082800000, 0x0000000082900000, 0x0000000082900000|100%| O|  |TAMS 0x0000000082900000, 0x0000000082900000| Untracked 
|  41|0x0000000082900000, 0x0000000082a00000, 0x0000000082a00000|100%| O|  |TAMS 0x0000000082a00000, 0x0000000082a00000| Untracked 
|  42|0x0000000082a00000, 0x0000000082b00000, 0x0000000082b00000|100%| O|  |TAMS 0x0000000082b00000, 0x0000000082b00000| Untracked 
|  43|0x0000000082b00000, 0x0000000082c00000, 0x0000000082c00000|100%| O|  |TAMS 0x0000000082c00000, 0x0000000082c00000| Untracked 
|  44|0x0000000082c00000, 0x0000000082d00000, 0x0000000082d00000|100%| O|  |TAMS 0x0000000082d00000, 0x0000000082d00000| Untracked 
|  45|0x0000000082d00000, 0x0000000082e00000, 0x0000000082e00000|100%| O|  |TAMS 0x0000000082e00000, 0x0000000082e00000| Untracked 
|  46|0x0000000082e00000, 0x0000000082f00000, 0x0000000082f00000|100%| O|  |TAMS 0x0000000082f00000, 0x0000000082f00000| Untracked 
|  47|0x0000000082f00000, 0x0000000083000000, 0x0000000083000000|100%| O|  |TAMS 0x0000000083000000, 0x0000000083000000| Untracked 
|  48|0x0000000083000000, 0x0000000083100000, 0x0000000083100000|100%| O|  |TAMS 0x0000000083100000, 0x0000000083100000| Untracked 
|  49|0x0000000083100000, 0x0000000083200000, 0x0000000083200000|100%| O|  |TAMS 0x0000000083200000, 0x0000000083200000| Untracked 
|  50|0x0000000083200000, 0x0000000083300000, 0x0000000083300000|100%| O|  |TAMS 0x0000000083300000, 0x0000000083300000| Untracked 
|  51|0x0000000083300000, 0x0000000083400000, 0x0000000083400000|100%| O|  |TAMS 0x0000000083400000, 0x0000000083400000| Untracked 
|  52|0x0000000083400000, 0x0000000083500000, 0x0000000083500000|100%| O|  |TAMS 0x0000000083500000, 0x0000000083500000| Untracked 
|  53|0x0000000083500000, 0x0000000083600000, 0x0000000083600000|100%| O|  |TAMS 0x0000000083600000, 0x0000000083600000| Untracked 
|  54|0x0000000083600000, 0x0000000083700000, 0x0000000083700000|100%| O|  |TAMS 0x0000000083700000, 0x0000000083700000| Untracked 
|  55|0x0000000083700000, 0x0000000083800000, 0x0000000083800000|100%| O|  |TAMS 0x0000000083800000, 0x0000000083800000| Untracked 
|  56|0x0000000083800000, 0x0000000083900000, 0x0000000083900000|100%| O|  |TAMS 0x0000000083900000, 0x0000000083900000| Untracked 
|  57|0x0000000083900000, 0x0000000083a00000, 0x0000000083a00000|100%| O|  |TAMS 0x0000000083a00000, 0x0000000083a00000| Untracked 
|  58|0x0000000083a00000, 0x0000000083a00000, 0x0000000083b00000|  0%| F|  |TAMS 0x0000000083a00000, 0x0000000083a00000| Untracked 
|  59|0x0000000083b00000, 0x0000000083c00000, 0x0000000083c00000|100%| O|  |TAMS 0x0000000083c00000, 0x0000000083c00000| Untracked 
|  60|0x0000000083c00000, 0x0000000083d00000, 0x0000000083d00000|100%| O|  |TAMS 0x0000000083d00000, 0x0000000083d00000| Untracked 
|  61|0x0000000083d00000, 0x0000000083e00000, 0x0000000083e00000|100%| O|  |TAMS 0x0000000083df9600, 0x0000000083e00000| Untracked 
|  62|0x0000000083e00000, 0x0000000083f00000, 0x0000000083f00000|100%| O|  |TAMS 0x0000000083e00000, 0x0000000083f00000| Untracked 
|  63|0x0000000083f00000, 0x0000000084000000, 0x0000000084000000|100%| O|  |TAMS 0x0000000083f00000, 0x0000000084000000| Untracked 
|  64|0x0000000084000000, 0x0000000084100000, 0x0000000084100000|100%| O|  |TAMS 0x0000000084000000, 0x0000000084100000| Untracked 
|  65|0x0000000084100000, 0x0000000084200000, 0x0000000084200000|100%| O|  |TAMS 0x0000000084100000, 0x0000000084200000| Untracked 
|  66|0x0000000084200000, 0x0000000084300000, 0x0000000084300000|100%| O|  |TAMS 0x0000000084200000, 0x0000000084300000| Untracked 
|  67|0x0000000084300000, 0x0000000084400000, 0x0000000084400000|100%| O|  |TAMS 0x0000000084300000, 0x0000000084400000| Untracked 
|  68|0x0000000084400000, 0x0000000084500000, 0x0000000084500000|100%| O|  |TAMS 0x0000000084400000, 0x0000000084500000| Untracked 
|  69|0x0000000084500000, 0x0000000084600000, 0x0000000084600000|100%| O|  |TAMS 0x0000000084500000, 0x0000000084600000| Untracked 
|  70|0x0000000084600000, 0x0000000084700000, 0x0000000084700000|100%| O|  |TAMS 0x0000000084600000, 0x0000000084700000| Untracked 
|  71|0x0000000084700000, 0x0000000084800000, 0x0000000084800000|100%| O|  |TAMS 0x0000000084700000, 0x0000000084800000| Untracked 
|  72|0x0000000084800000, 0x0000000084829800, 0x0000000084900000| 16%| O|  |TAMS 0x0000000084800000, 0x0000000084829800| Untracked 
|  73|0x0000000084900000, 0x0000000084900000, 0x0000000084a00000|  0%| F|  |TAMS 0x0000000084900000, 0x0000000084900000| Untracked 
|  74|0x0000000084a00000, 0x0000000084a00000, 0x0000000084b00000|  0%| F|  |TAMS 0x0000000084a00000, 0x0000000084a00000| Untracked 
|  75|0x0000000084b00000, 0x0000000084b00000, 0x0000000084c00000|  0%| F|  |TAMS 0x0000000084b00000, 0x0000000084b00000| Untracked 
|  76|0x0000000084c00000, 0x0000000084c00000, 0x0000000084d00000|  0%| F|  |TAMS 0x0000000084c00000, 0x0000000084c00000| Untracked 
|  77|0x0000000084d00000, 0x0000000084d00000, 0x0000000084e00000|  0%| F|  |TAMS 0x0000000084d00000, 0x0000000084d00000| Untracked 
|  78|0x0000000084e00000, 0x0000000084e00000, 0x0000000084f00000|  0%| F|  |TAMS 0x0000000084e00000, 0x0000000084e00000| Untracked 
|  79|0x0000000084f00000, 0x0000000084f00000, 0x0000000085000000|  0%| F|  |TAMS 0x0000000084f00000, 0x0000000084f00000| Untracked 
|  80|0x0000000085000000, 0x0000000085000000, 0x0000000085100000|  0%| F|  |TAMS 0x0000000085000000, 0x0000000085000000| Untracked 
|  81|0x0000000085100000, 0x0000000085100000, 0x0000000085200000|  0%| F|  |TAMS 0x0000000085100000, 0x0000000085100000| Untracked 
|  82|0x0000000085200000, 0x0000000085200000, 0x0000000085300000|  0%| F|  |TAMS 0x0000000085200000, 0x0000000085200000| Untracked 
|  83|0x0000000085300000, 0x0000000085300000, 0x0000000085400000|  0%| F|  |TAMS 0x0000000085300000, 0x0000000085300000| Untracked 
|  84|0x0000000085400000, 0x0000000085400000, 0x0000000085500000|  0%| F|  |TAMS 0x0000000085400000, 0x0000000085400000| Untracked 
|  85|0x0000000085500000, 0x0000000085500000, 0x0000000085600000|  0%| F|  |TAMS 0x0000000085500000, 0x0000000085500000| Untracked 
|  86|0x0000000085600000, 0x0000000085600000, 0x0000000085700000|  0%| F|  |TAMS 0x0000000085600000, 0x0000000085600000| Untracked 
|  87|0x0000000085700000, 0x0000000085700000, 0x0000000085800000|  0%| F|  |TAMS 0x0000000085700000, 0x0000000085700000| Untracked 
|  88|0x0000000085800000, 0x0000000085800000, 0x0000000085900000|  0%| F|  |TAMS 0x0000000085800000, 0x0000000085800000| Untracked 
|  89|0x0000000085900000, 0x0000000085900000, 0x0000000085a00000|  0%| F|  |TAMS 0x0000000085900000, 0x0000000085900000| Untracked 
|  90|0x0000000085a00000, 0x0000000085a00000, 0x0000000085b00000|  0%| F|  |TAMS 0x0000000085a00000, 0x0000000085a00000| Untracked 
|  91|0x0000000085b00000, 0x0000000085b00000, 0x0000000085c00000|  0%| F|  |TAMS 0x0000000085b00000, 0x0000000085b00000| Untracked 
|  92|0x0000000085c00000, 0x0000000085c9b5b8, 0x0000000085d00000| 60%| S|CS|TAMS 0x0000000085c00000, 0x0000000085c00000| Complete 
|  93|0x0000000085d00000, 0x0000000085e00000, 0x0000000085e00000|100%| S|CS|TAMS 0x0000000085d00000, 0x0000000085d00000| Complete 
|  94|0x0000000085e00000, 0x0000000085f00000, 0x0000000085f00000|100%| S|CS|TAMS 0x0000000085e00000, 0x0000000085e00000| Complete 
|  95|0x0000000085f00000, 0x0000000086000000, 0x0000000086000000|100%| S|CS|TAMS 0x0000000085f00000, 0x0000000085f00000| Complete 
|  96|0x0000000086000000, 0x0000000086100000, 0x0000000086100000|100%| S|CS|TAMS 0x0000000086000000, 0x0000000086000000| Complete 
|  97|0x0000000086100000, 0x0000000086100000, 0x0000000086200000|  0%| F|  |TAMS 0x0000000086100000, 0x0000000086100000| Untracked 
|  98|0x0000000086200000, 0x0000000086200000, 0x0000000086300000|  0%| F|  |TAMS 0x0000000086200000, 0x0000000086200000| Untracked 
|  99|0x0000000086300000, 0x0000000086300000, 0x0000000086400000|  0%| F|  |TAMS 0x0000000086300000, 0x0000000086300000| Untracked 
| 100|0x0000000086400000, 0x0000000086400000, 0x0000000086500000|  0%| F|  |TAMS 0x0000000086400000, 0x0000000086400000| Untracked 
| 101|0x0000000086500000, 0x0000000086500000, 0x0000000086600000|  0%| F|  |TAMS 0x0000000086500000, 0x0000000086500000| Untracked 
| 102|0x0000000086600000, 0x0000000086600000, 0x0000000086700000|  0%| F|  |TAMS 0x0000000086600000, 0x0000000086600000| Untracked 
| 103|0x0000000086700000, 0x0000000086700000, 0x0000000086800000|  0%| F|  |TAMS 0x0000000086700000, 0x0000000086700000| Untracked 
| 104|0x0000000086800000, 0x0000000086800000, 0x0000000086900000|  0%| F|  |TAMS 0x0000000086800000, 0x0000000086800000| Untracked 
| 105|0x0000000086900000, 0x0000000086900000, 0x0000000086a00000|  0%| F|  |TAMS 0x0000000086900000, 0x0000000086900000| Untracked 
| 106|0x0000000086a00000, 0x0000000086a00000, 0x0000000086b00000|  0%| F|  |TAMS 0x0000000086a00000, 0x0000000086a00000| Untracked 
| 107|0x0000000086b00000, 0x0000000086b00000, 0x0000000086c00000|  0%| F|  |TAMS 0x0000000086b00000, 0x0000000086b00000| Untracked 
| 108|0x0000000086c00000, 0x0000000086c00000, 0x0000000086d00000|  0%| F|  |TAMS 0x0000000086c00000, 0x0000000086c00000| Untracked 
| 109|0x0000000086d00000, 0x0000000086d00000, 0x0000000086e00000|  0%| F|  |TAMS 0x0000000086d00000, 0x0000000086d00000| Untracked 
| 110|0x0000000086e00000, 0x0000000086e00000, 0x0000000086f00000|  0%| F|  |TAMS 0x0000000086e00000, 0x0000000086e00000| Untracked 
| 111|0x0000000086f00000, 0x0000000086f00000, 0x0000000087000000|  0%| F|  |TAMS 0x0000000086f00000, 0x0000000086f00000| Untracked 
| 112|0x0000000087000000, 0x0000000087000000, 0x0000000087100000|  0%| F|  |TAMS 0x0000000087000000, 0x0000000087000000| Untracked 
| 113|0x0000000087100000, 0x0000000087100000, 0x0000000087200000|  0%| F|  |TAMS 0x0000000087100000, 0x0000000087100000| Untracked 
| 114|0x0000000087200000, 0x0000000087200000, 0x0000000087300000|  0%| F|  |TAMS 0x0000000087200000, 0x0000000087200000| Untracked 
| 115|0x0000000087300000, 0x0000000087300000, 0x0000000087400000|  0%| F|  |TAMS 0x0000000087300000, 0x0000000087300000| Untracked 
| 116|0x0000000087400000, 0x0000000087400000, 0x0000000087500000|  0%| F|  |TAMS 0x0000000087400000, 0x0000000087400000| Untracked 
| 117|0x0000000087500000, 0x0000000087500000, 0x0000000087600000|  0%| F|  |TAMS 0x0000000087500000, 0x0000000087500000| Untracked 
| 118|0x0000000087600000, 0x0000000087600000, 0x0000000087700000|  0%| F|  |TAMS 0x0000000087600000, 0x0000000087600000| Untracked 
| 119|0x0000000087700000, 0x0000000087700000, 0x0000000087800000|  0%| F|  |TAMS 0x0000000087700000, 0x0000000087700000| Untracked 
| 120|0x0000000087800000, 0x0000000087800000, 0x0000000087900000|  0%| F|  |TAMS 0x0000000087800000, 0x0000000087800000| Untracked 
| 121|0x0000000087900000, 0x0000000087900000, 0x0000000087a00000|  0%| F|  |TAMS 0x0000000087900000, 0x0000000087900000| Untracked 
| 122|0x0000000087a00000, 0x0000000087a00000, 0x0000000087b00000|  0%| F|  |TAMS 0x0000000087a00000, 0x0000000087a00000| Untracked 
| 201|0x000000008c900000, 0x000000008c900000, 0x000000008ca00000|  0%| F|  |TAMS 0x000000008c900000, 0x000000008c900000| Untracked 
| 202|0x000000008ca00000, 0x000000008ca00000, 0x000000008cb00000|  0%| F|  |TAMS 0x000000008ca00000, 0x000000008ca00000| Untracked 
| 203|0x000000008cb00000, 0x000000008cb00000, 0x000000008cc00000|  0%| F|  |TAMS 0x000000008cb00000, 0x000000008cb00000| Untracked 
| 204|0x000000008cc00000, 0x000000008cc00000, 0x000000008cd00000|  0%| F|  |TAMS 0x000000008cc00000, 0x000000008cc00000| Untracked 
| 205|0x000000008cd00000, 0x000000008cd00000, 0x000000008ce00000|  0%| F|  |TAMS 0x000000008cd00000, 0x000000008cd00000| Untracked 
| 206|0x000000008ce00000, 0x000000008ce00000, 0x000000008cf00000|  0%| F|  |TAMS 0x000000008ce00000, 0x000000008ce00000| Untracked 
| 207|0x000000008cf00000, 0x000000008cf00000, 0x000000008d000000|  0%| F|  |TAMS 0x000000008cf00000, 0x000000008cf00000| Untracked 
| 208|0x000000008d000000, 0x000000008d000000, 0x000000008d100000|  0%| F|  |TAMS 0x000000008d000000, 0x000000008d000000| Untracked 
| 253|0x000000008fd00000, 0x000000008fd00000, 0x000000008fe00000|  0%| F|  |TAMS 0x000000008fd00000, 0x000000008fd00000| Untracked 

Card table byte_map: [0x0000025d22600000,0x0000025d22a00000] _byte_map_base: 0x0000025d22200000

Marking Bits (Prev, Next): (CMBitMap*) 0x0000025d0fa6ab90, (CMBitMap*) 0x0000025d0fa6ab50
 Prev Bits: [0x0000025d24e00000, 0x0000025d26e00000)
 Next Bits: [0x0000025d22e00000, 0x0000025d24e00000)

Polling page: 0x0000025d0f1d0000

Metaspace:

Usage:
  Non-class:     75.72 MB used.
      Class:     12.13 MB used.
       Both:     87.85 MB used.

Virtual space:
  Non-class space:       80.00 MB reserved,      76.06 MB ( 95%) committed,  10 nodes.
      Class space:        1.00 GB reserved,      12.44 MB (  1%) committed,  1 nodes.
             Both:        1.08 GB reserved,      88.50 MB (  8%) committed. 

Chunk freelists:
   Non-Class:  3.86 MB
       Class:  3.48 MB
        Both:  7.34 MB

MaxMetaspaceSize: unlimited
CompressedClassSpaceSize: 1.00 GB
Initial GC threshold: 21.00 MB
Current GC threshold: 144.31 MB
CDS: off
MetaspaceReclaimPolicy: balanced
 - commit_granule_bytes: 65536.
 - commit_granule_words: 8192.
 - virtual_space_node_default_size: 1048576.
 - enlarge_chunks_in_place: 1.
 - new_chunks_are_fully_committed: 0.
 - uncommit_free_chunks: 1.
 - use_allocation_guard: 0.
 - handle_deallocations: 1.


Internal statistics:

num_allocs_failed_limit: 9.
num_arena_births: 960.
num_arena_deaths: 0.
num_vsnodes_births: 11.
num_vsnodes_deaths: 0.
num_space_committed: 1416.
num_space_uncommitted: 0.
num_chunks_returned_to_freelist: 9.
num_chunks_taken_from_freelist: 4226.
num_chunk_merges: 9.
num_chunk_splits: 2797.
num_chunks_enlarged: 1871.
num_purges: 0.
num_inconsistent_stats: 0.

CodeHeap 'non-profiled nmethods': size=120000Kb used=5462Kb max_used=5462Kb free=114538Kb
 bounds [0x0000025d1a9a0000, 0x0000025d1af00000, 0x0000025d21ed0000]
CodeHeap 'profiled nmethods': size=120000Kb used=17056Kb max_used=17056Kb free=102943Kb
 bounds [0x0000025d12ed0000, 0x0000025d13f80000, 0x0000025d1a400000]
CodeHeap 'non-nmethods': size=5760Kb used=2383Kb max_used=2485Kb free=3376Kb
 bounds [0x0000025d1a400000, 0x0000025d1a680000, 0x0000025d1a9a0000]
 total_blobs=9642 nmethods=8726 adapters=828
 compilation: enabled
              stopped_count=0, restarted_count=0
 full_count=0

Compilation events (20 events):
Event: 13.083 Thread 0x0000025d2a477410 9569   !   3       sun.nio.ch.NativeThreadSet::remove (50 bytes)
Event: 13.083 Thread 0x0000025d2a477410 nmethod 9569 0x0000025d13f74290 code [0x0000025d13f74440, 0x0000025d13f74728]
Event: 13.084 Thread 0x0000025d2a477410 9570       3       com.google.common.cache.LocalCache$Segment::enqueueNotification (67 bytes)
Event: 13.084 Thread 0x0000025d2a477410 nmethod 9570 0x0000025d13f74890 code [0x0000025d13f74a60, 0x0000025d13f74eb8]
Event: 13.085 Thread 0x0000025d349755f0 nmethod 9566 0x0000025d1aef4d10 code [0x0000025d1aef4ea0, 0x0000025d1aef5238]
Event: 13.085 Thread 0x0000025d349755f0 9532       4       sun.security.provider.ByteArrayAccess::i2bLittle (33 bytes)
Event: 13.086 Thread 0x0000025d2a477410 9571       3       com.google.common.cache.LocalCache$Segment::getNextEvictable (58 bytes)
Event: 13.086 Thread 0x0000025d2a477410 nmethod 9571 0x0000025d13f75090 code [0x0000025d13f752a0, 0x0000025d13f75a18]
Event: 13.086 Thread 0x0000025d2a477410 9572       3       com.google.common.cache.LocalCache$AccessQueue::iterator (13 bytes)
Event: 13.087 Thread 0x0000025d2a477410 nmethod 9572 0x0000025d13f75c90 code [0x0000025d13f75e60, 0x0000025d13f76388]
Event: 13.087 Thread 0x0000025d2a477410 9573       3       com.google.common.collect.AbstractSequentialIterator::next (31 bytes)
Event: 13.087 Thread 0x0000025d2a477410 nmethod 9573 0x0000025d13f76590 code [0x0000025d13f76780, 0x0000025d13f76d18]
Event: 13.087 Thread 0x0000025d2a477410 9574       3       com.google.common.collect.ImmutableSortedMap$1EntrySet::iterator (5 bytes)
Event: 13.088 Thread 0x0000025d2a477410 nmethod 9574 0x0000025d13f76f10 code [0x0000025d13f77100, 0x0000025d13f777e8]
Event: 13.088 Thread 0x0000025d2a477410 9575       3       org.gradle.internal.execution.steps.PreviousExecutionContext::<init> (11 bytes)
Event: 13.088 Thread 0x0000025d2a477410 nmethod 9575 0x0000025d13f77a10 code [0x0000025d13f77bc0, 0x0000025d13f77d68]
Event: 13.088 Thread 0x0000025d2a477410 9576       1       java.nio.HeapByteBuffer::isReadOnly (2 bytes)
Event: 13.089 Thread 0x0000025d2a477410 nmethod 9576 0x0000025d1aef5510 code [0x0000025d1aef56a0, 0x0000025d1aef5778]
Event: 13.089 Thread 0x0000025d2a477410 9577       3       sun.nio.cs.StreamDecoder::ensureOpen (18 bytes)
Event: 13.089 Thread 0x0000025d2a477410 nmethod 9577 0x0000025d13f77e10 code [0x0000025d13f77fc0, 0x0000025d13f781c8]

GC Heap History (20 events):
Event: 9.255 GC heap after
{Heap after GC invocations=21 (full 0):
 garbage-first heap   total 112640K, used 57208K [0x0000000080000000, 0x0000000100000000)
  region size 1024K, 3 young (3072K), 3 survivors (3072K)
 Metaspace       used 67026K, committed 67584K, reserved 1114112K
  class space    used 8907K, committed 9152K, reserved 1048576K
}
Event: 9.581 GC heap before
{Heap before GC invocations=21 (full 0):
 garbage-first heap   total 112640K, used 91000K [0x0000000080000000, 0x0000000100000000)
  region size 1024K, 36 young (36864K), 3 survivors (3072K)
 Metaspace       used 71568K, committed 72128K, reserved 1114112K
  class space    used 9524K, committed 9792K, reserved 1048576K
}
Event: 9.584 GC heap after
{Heap after GC invocations=22 (full 0):
 garbage-first heap   total 112640K, used 59300K [0x0000000080000000, 0x0000000100000000)
  region size 1024K, 5 young (5120K), 5 survivors (5120K)
 Metaspace       used 71568K, committed 72128K, reserved 1114112K
  class space    used 9524K, committed 9792K, reserved 1048576K
}
Event: 9.946 GC heap before
{Heap before GC invocations=23 (full 0):
 garbage-first heap   total 112640K, used 88996K [0x0000000080000000, 0x0000000100000000)
  region size 1024K, 37 young (37888K), 5 survivors (5120K)
 Metaspace       used 74161K, committed 74752K, reserved 1114112K
  class space    used 9868K, committed 10176K, reserved 1048576K
}
Event: 9.951 GC heap after
{Heap after GC invocations=24 (full 0):
 garbage-first heap   total 112640K, used 58342K [0x0000000080000000, 0x0000000100000000)
  region size 1024K, 5 young (5120K), 5 survivors (5120K)
 Metaspace       used 74161K, committed 74752K, reserved 1114112K
  class space    used 9868K, committed 10176K, reserved 1048576K
}
Event: 9.957 GC heap before
{Heap before GC invocations=24 (full 0):
 garbage-first heap   total 112640K, used 60390K [0x0000000080000000, 0x0000000100000000)
  region size 1024K, 6 young (6144K), 5 survivors (5120K)
 Metaspace       used 74203K, committed 74816K, reserved 1114112K
  class space    used 9872K, committed 10176K, reserved 1048576K
}
Event: 9.961 GC heap after
{Heap after GC invocations=25 (full 0):
 garbage-first heap   total 112640K, used 59044K [0x0000000080000000, 0x0000000100000000)
  region size 1024K, 1 young (1024K), 1 survivors (1024K)
 Metaspace       used 74203K, committed 74816K, reserved 1114112K
  class space    used 9872K, committed 10176K, reserved 1048576K
}
Event: 10.380 GC heap before
{Heap before GC invocations=25 (full 0):
 garbage-first heap   total 112640K, used 91812K [0x0000000080000000, 0x0000000100000000)
  region size 1024K, 33 young (33792K), 1 survivors (1024K)
 Metaspace       used 78270K, committed 78848K, reserved 1122304K
  class space    used 10620K, committed 10880K, reserved 1048576K
}
Event: 10.383 GC heap after
{Heap after GC invocations=26 (full 0):
 garbage-first heap   total 135168K, used 59754K [0x0000000080000000, 0x0000000100000000)
  region size 1024K, 2 young (2048K), 2 survivors (2048K)
 Metaspace       used 78270K, committed 78848K, reserved 1122304K
  class space    used 10620K, committed 10880K, reserved 1048576K
}
Event: 11.173 GC heap before
{Heap before GC invocations=27 (full 0):
 garbage-first heap   total 135168K, used 107882K [0x0000000080000000, 0x0000000100000000)
  region size 1024K, 49 young (50176K), 2 survivors (2048K)
 Metaspace       used 83199K, committed 83776K, reserved 1122304K
  class space    used 11348K, committed 11584K, reserved 1048576K
}
Event: 11.182 GC heap after
{Heap after GC invocations=28 (full 0):
 garbage-first heap   total 135168K, used 63106K [0x0000000080000000, 0x0000000100000000)
  region size 1024K, 5 young (5120K), 5 survivors (5120K)
 Metaspace       used 83199K, committed 83776K, reserved 1122304K
  class space    used 11348K, committed 11584K, reserved 1048576K
}
Event: 11.197 GC heap before
{Heap before GC invocations=28 (full 0):
 garbage-first heap   total 135168K, used 64130K [0x0000000080000000, 0x0000000100000000)
  region size 1024K, 6 young (6144K), 5 survivors (5120K)
 Metaspace       used 83364K, committed 83968K, reserved 1122304K
  class space    used 11366K, committed 11648K, reserved 1048576K
}
Event: 11.205 GC heap after
{Heap after GC invocations=29 (full 0):
 garbage-first heap   total 135168K, used 63141K [0x0000000080000000, 0x0000000100000000)
  region size 1024K, 1 young (1024K), 1 survivors (1024K)
 Metaspace       used 83364K, committed 83968K, reserved 1122304K
  class space    used 11366K, committed 11648K, reserved 1048576K
}
Event: 12.092 GC heap before
{Heap before GC invocations=29 (full 0):
 garbage-first heap   total 135168K, used 109221K [0x0000000080000000, 0x0000000100000000)
  region size 1024K, 46 young (47104K), 1 survivors (1024K)
 Metaspace       used 87855K, committed 88512K, reserved 1130496K
  class space    used 12011K, committed 12288K, reserved 1048576K
}
Event: 12.101 GC heap after
{Heap after GC invocations=30 (full 0):
 garbage-first heap   total 135168K, used 66851K [0x0000000080000000, 0x0000000100000000)
  region size 1024K, 5 young (5120K), 5 survivors (5120K)
 Metaspace       used 87855K, committed 88512K, reserved 1130496K
  class space    used 12011K, committed 12288K, reserved 1048576K
}
Event: 12.625 GC heap before
{Heap before GC invocations=31 (full 0):
 garbage-first heap   total 135168K, used 108835K [0x0000000080000000, 0x0000000100000000)
  region size 1024K, 46 young (47104K), 5 survivors (5120K)
 Metaspace       used 88569K, committed 89216K, reserved 1130496K
  class space    used 12134K, committed 12416K, reserved 1048576K
}
Event: 12.638 GC heap after
{Heap after GC invocations=32 (full 0):
 garbage-first heap   total 135168K, used 73153K [0x0000000080000000, 0x0000000100000000)
  region size 1024K, 6 young (6144K), 6 survivors (6144K)
 Metaspace       used 88569K, committed 89216K, reserved 1130496K
  class space    used 12134K, committed 12416K, reserved 1048576K
}
Event: 12.662 GC heap before
{Heap before GC invocations=32 (full 0):
 garbage-first heap   total 135168K, used 74177K [0x0000000080000000, 0x0000000100000000)
  region size 1024K, 7 young (7168K), 6 survivors (6144K)
 Metaspace       used 88708K, committed 89344K, reserved 1130496K
  class space    used 12159K, committed 12480K, reserved 1048576K
}
Event: 12.672 GC heap after
{Heap after GC invocations=33 (full 0):
 garbage-first heap   total 135168K, used 73810K [0x0000000080000000, 0x0000000100000000)
  region size 1024K, 1 young (1024K), 1 survivors (1024K)
 Metaspace       used 88708K, committed 89344K, reserved 1130496K
  class space    used 12159K, committed 12480K, reserved 1048576K
}
Event: 13.089 GC heap before
{Heap before GC invocations=33 (full 0):
 garbage-first heap   total 135168K, used 107602K [0x0000000080000000, 0x0000000100000000)
  region size 1024K, 35 young (35840K), 1 survivors (1024K)
 Metaspace       used 89960K, committed 90624K, reserved 1130496K
  class space    used 12418K, committed 12736K, reserved 1048576K
}

Dll operation events (2 events):
Event: 0.006 Loaded shared library D:\android studio\jbr\bin\java.dll
Event: 0.410 Loaded shared library D:\android studio\jbr\bin\verify.dll

Deoptimization events (20 events):
Event: 13.021 Thread 0x0000025d337868a0 DEOPT PACKING pc=0x0000025d1ad9f060 sp=0x000000f18edfe740
Event: 13.021 Thread 0x0000025d337868a0 DEOPT UNPACKING pc=0x0000025d1a4569a3 sp=0x000000f18edfe5f8 mode 2
Event: 13.021 Thread 0x0000025d3378c8e0 Uncommon trap: trap_request=0xfffffff4 fr.pc=0x0000025d1aeeb278 relative=0x00000000000000d8
Event: 13.021 Thread 0x0000025d2e726bd0 Uncommon trap: trap_request=0xfffffff4 fr.pc=0x0000025d1aeeb278 relative=0x00000000000000d8
Event: 13.021 Thread 0x0000025d3378c8e0 Uncommon trap: reason=null_check action=make_not_entrant pc=0x0000025d1aeeb278 method=org.gradle.tooling.internal.provider.runner.ClientBuildEventGenerator$Disabled.accept(Lorg/gradle/internal/operations/BuildOperationDescriptor;)Lorg/gradle/tooling/inter
Event: 13.021 Thread 0x0000025d2e726bd0 Uncommon trap: reason=null_check action=make_not_entrant pc=0x0000025d1aeeb278 method=org.gradle.tooling.internal.provider.runner.ClientBuildEventGenerator$Disabled.accept(Lorg/gradle/internal/operations/BuildOperationDescriptor;)Lorg/gradle/tooling/inter
Event: 13.021 Thread 0x0000025d3378c8e0 DEOPT PACKING pc=0x0000025d1aeeb278 sp=0x000000f18e1fe800
Event: 13.022 Thread 0x0000025d2e726bd0 DEOPT PACKING pc=0x0000025d1aeeb278 sp=0x000000f18d9fe2d0
Event: 13.022 Thread 0x0000025d3378c8e0 DEOPT UNPACKING pc=0x0000025d1a4569a3 sp=0x000000f18e1fe788 mode 2
Event: 13.022 Thread 0x0000025d2e726bd0 DEOPT UNPACKING pc=0x0000025d1a4569a3 sp=0x000000f18d9fe258 mode 2
Event: 13.038 Thread 0x0000025d2acc8d50 DEOPT PACKING pc=0x0000025d138c86a0 sp=0x000000f18bffe1e0
Event: 13.038 Thread 0x0000025d2acc8d50 DEOPT UNPACKING pc=0x0000025d1a457143 sp=0x000000f18bffd6a0 mode 0
Event: 13.051 Thread 0x0000025d33479dc0 DEOPT PACKING pc=0x0000025d13f3d817 sp=0x000000f1911fb480
Event: 13.051 Thread 0x0000025d33479dc0 DEOPT UNPACKING pc=0x0000025d1a457143 sp=0x000000f1911fa948 mode 0
Event: 13.052 Thread 0x0000025d2acc8d50 DEOPT PACKING pc=0x0000025d138c86a0 sp=0x000000f18bffe1e0
Event: 13.052 Thread 0x0000025d2acc8d50 DEOPT UNPACKING pc=0x0000025d1a457143 sp=0x000000f18bffd6a0 mode 0
Event: 13.064 Thread 0x0000025d2acc8d50 DEOPT PACKING pc=0x0000025d138c86a0 sp=0x000000f18bffe1e0
Event: 13.064 Thread 0x0000025d2acc8d50 DEOPT UNPACKING pc=0x0000025d1a457143 sp=0x000000f18bffd6a0 mode 0
Event: 13.086 Thread 0x0000025d2acc8d50 DEOPT PACKING pc=0x0000025d138c86a0 sp=0x000000f18bffe1e0
Event: 13.086 Thread 0x0000025d2acc8d50 DEOPT UNPACKING pc=0x0000025d1a457143 sp=0x000000f18bffd6a0 mode 0

Classes unloaded (0 events):
No events

Classes redefined (0 events):
No events

Internal exceptions (20 events):
Event: 12.702 Thread 0x0000025d33a17f40 Exception <a 'sun/nio/fs/WindowsException'{0x000000008cf9c168}> (0x000000008cf9c168) 
thrown [s\src\hotspot\share\prims\jni.cpp, line 517]
Event: 12.716 Thread 0x0000025d2acc7a10 Exception <a 'java/lang/NoSuchMethodError'{0x000000008ceb1968}: static Lorg/gradle/internal/build/event/types/DefaultTaskSkippedResult;.<clinit>()V> (0x000000008ceb1968) 
thrown [s\src\hotspot\share\prims\jni.cpp, line 1108]
Event: 12.721 Thread 0x0000025d2e537700 Exception <a 'java/lang/NoSuchMethodError'{0x000000008cec52c8}: static Lcom/android/buildanalyzer/common/AndroidGradlePluginAttributionData$BuildInfo;.<clinit>()V> (0x000000008cec52c8) 
thrown [s\src\hotspot\share\prims\jni.cpp, line 1108]
Event: 12.726 Thread 0x0000025d2e537700 Exception <a 'java/lang/NoSuchMethodError'{0x000000008cee8b38}: static Lcom/android/buildanalyzer/common/AndroidGradlePluginAttributionData$JavaInfo;.<clinit>()V> (0x000000008cee8b38) 
thrown [s\src\hotspot\share\prims\jni.cpp, line 1108]
Event: 12.738 Thread 0x0000025d2e537700 Exception <a 'java/lang/NoSuchMethodError'{0x000000008cd3d548}: static [Ljava/lang/String;.<clinit>()V> (0x000000008cd3d548) 
thrown [s\src\hotspot\share\prims\jni.cpp, line 1108]
Event: 12.741 Thread 0x0000025d2e537700 Exception <a 'java/lang/NoSuchMethodError'{0x000000008cd622e0}: static Lcom/android/buildanalyzer/common/AndroidGradlePluginAttributionData$TaskInfo;.<clinit>()V> (0x000000008cd622e0) 
thrown [s\src\hotspot\share\prims\jni.cpp, line 1108]
Event: 12.742 Thread 0x0000025d2e537700 Exception <a 'java/lang/NoSuchMethodError'{0x000000008cd85468}: static Lcom/android/buildanalyzer/common/AndroidGradlePluginAttributionData$TaskCategoryInfo;.<clinit>()V> (0x000000008cd85468) 
thrown [s\src\hotspot\share\prims\jni.cpp, line 1108]
Event: 12.753 Thread 0x0000025d2e537700 Exception <a 'java/lang/NoSuchMethodError'{0x000000008cc2cad8}: 'void java.lang.invoke.DirectMethodHandle$Holder.invokeSpecial(java.lang.Object, java.lang.Object, java.lang.Object, int)'> (0x000000008cc2cad8) 
thrown [s\src\hotspot\share\interpreter\linkResolver.cpp, line 771]
Event: 12.912 Thread 0x0000025d33a13be0 Exception <a 'java/lang/NoSuchMethodError'{0x00000000878b8b38}: 'void java.lang.invoke.DirectMethodHandle$Holder.invokeStatic(java.lang.Object, java.lang.Object, java.lang.Object, java.lang.Object, int, java.lang.Object, java.lang.Object)'> (0x00000000878b8b38) 
thrown [s\src\hotspot\share\interpreter\linkResolver.cpp, line 771]
Event: 12.941 Thread 0x0000025d33788a50 Exception <a 'java/lang/NoSuchMethodError'{0x0000000087390708}: 'java.lang.Object java.lang.invoke.DirectMethodHandle$Holder.invokeSpecialIFC(java.lang.Object, java.lang.Object, java.lang.Object)'> (0x0000000087390708) 
thrown [s\src\hotspot\share\interpreter\linkResolver.cpp, line 771]
Event: 12.941 Thread 0x0000025d337863d0 Exception <a 'java/lang/NoSuchMethodError'{0x0000000087353e08}: 'java.lang.Object java.lang.invoke.DirectMethodHandle$Holder.invokeSpecialIFC(java.lang.Object, java.lang.Object, java.lang.Object)'> (0x0000000087353e08) 
thrown [s\src\hotspot\share\interpreter\linkResolver.cpp, line 771]
Event: 12.941 Thread 0x0000025d3378a730 Exception <a 'java/lang/NoSuchMethodError'{0x0000000087360498}: 'java.lang.Object java.lang.invoke.DirectMethodHandle$Holder.invokeSpecialIFC(java.lang.Object, java.lang.Object, java.lang.Object)'> (0x0000000087360498) 
thrown [s\src\hotspot\share\interpreter\linkResolver.cpp, line 771]
Event: 12.941 Thread 0x0000025d33761c00 Exception <a 'java/lang/NoSuchMethodError'{0x0000000087378d18}: 'java.lang.Object java.lang.invoke.DirectMethodHandle$Holder.invokeSpecialIFC(java.lang.Object, java.lang.Object, java.lang.Object)'> (0x0000000087378d18) 
thrown [s\src\hotspot\share\interpreter\linkResolver.cpp, line 771]
Event: 12.941 Thread 0x0000025d33479dc0 Exception <a 'java/lang/NoSuchMethodError'{0x000000008736be30}: 'java.lang.Object java.lang.invoke.DirectMethodHandle$Holder.invokeSpecialIFC(java.lang.Object, java.lang.Object, java.lang.Object)'> (0x000000008736be30) 
thrown [s\src\hotspot\share\interpreter\linkResolver.cpp, line 771]
Event: 12.941 Thread 0x0000025d334780e0 Exception <a 'java/lang/NoSuchMethodError'{0x00000000873b1300}: 'java.lang.Object java.lang.invoke.DirectMethodHandle$Holder.invokeSpecialIFC(java.lang.Object, java.lang.Object, java.lang.Object)'> (0x00000000873b1300) 
thrown [s\src\hotspot\share\interpreter\linkResolver.cpp, line 771]
Event: 12.941 Thread 0x0000025d2e72aa60 Exception <a 'java/lang/NoSuchMethodError'{0x00000000873846e0}: 'java.lang.Object java.lang.invoke.DirectMethodHandle$Holder.invokeSpecialIFC(java.lang.Object, java.lang.Object, java.lang.Object)'> (0x00000000873846e0) 
thrown [s\src\hotspot\share\interpreter\linkResolver.cpp, line 771]
Event: 12.941 Thread 0x0000025d33a13be0 Exception <a 'java/lang/NoSuchMethodError'{0x000000008739dad0}: 'java.lang.Object java.lang.invoke.DirectMethodHandle$Holder.invokeSpecialIFC(java.lang.Object, java.lang.Object, java.lang.Object)'> (0x000000008739dad0) 
thrown [s\src\hotspot\share\interpreter\linkResolver.cpp, line 771]
Event: 12.999 Thread 0x0000025d33761260 Exception <a 'java/lang/NoSuchMethodError'{0x000000008758bc20}: 'void java.lang.invoke.DirectMethodHandle$Holder.invokeVirtual(java.lang.Object, java.lang.Object)'> (0x000000008758bc20) 
thrown [s\src\hotspot\share\interpreter\linkResolver.cpp, line 771]
Event: 13.021 Thread 0x0000025d3378c8e0 Implicit null exception at 0x0000025d1aeeb1e0 to 0x0000025d1aeeb26c
Event: 13.021 Thread 0x0000025d2e726bd0 Implicit null exception at 0x0000025d1aeeb1e0 to 0x0000025d1aeeb26c

VM Operations (20 events):
Event: 11.731 Executing VM operation: HandshakeAllThreads done
Event: 11.887 Executing VM operation: HandshakeAllThreads
Event: 11.888 Executing VM operation: HandshakeAllThreads done
Event: 12.092 Executing VM operation: G1CollectForAllocation
Event: 12.101 Executing VM operation: G1CollectForAllocation done
Event: 12.208 Executing VM operation: G1Concurrent
Event: 12.215 Executing VM operation: G1Concurrent done
Event: 12.264 Executing VM operation: G1Concurrent
Event: 12.264 Executing VM operation: G1Concurrent done
Event: 12.589 Executing VM operation: HandshakeAllThreads
Event: 12.589 Executing VM operation: HandshakeAllThreads done
Event: 12.625 Executing VM operation: G1CollectForAllocation
Event: 12.638 Executing VM operation: G1CollectForAllocation done
Event: 12.662 Executing VM operation: G1CollectForAllocation
Event: 12.673 Executing VM operation: G1CollectForAllocation done
Event: 12.686 Executing VM operation: HandshakeAllThreads
Event: 12.687 Executing VM operation: HandshakeAllThreads done
Event: 12.867 Executing VM operation: ICBufferFull
Event: 12.867 Executing VM operation: ICBufferFull done
Event: 13.089 Executing VM operation: G1CollectForAllocation

Events (20 events):
Event: 12.755 loading class java/io/ObjectInputStream$HandleTable
Event: 12.756 loading class java/io/ObjectInputStream$HandleTable done
Event: 12.756 loading class java/io/ObjectInputStream$HandleTable$HandleList
Event: 12.756 loading class java/io/ObjectInputStream$HandleTable$HandleList done
Event: 12.756 loading class java/io/ObjectInputStream$ValidationList
Event: 12.756 loading class java/io/ObjectInputStream$ValidationList done
Event: 12.756 loading class java/io/ObjectInputFilter$Config
Event: 12.756 loading class java/io/ObjectInputFilter$Config done
Event: 12.757 loading class java/io/ObjectInputFilter
Event: 12.757 loading class java/io/ObjectInputFilter done
Event: 12.757 loading class java/io/ObjectInputFilter$Config$BuiltinFilterFactory
Event: 12.758 loading class java/io/ObjectInputFilter$Config$BuiltinFilterFactory done
Event: 12.758 loading class jdk/internal/access/JavaObjectInputFilterAccess
Event: 12.758 loading class jdk/internal/access/JavaObjectInputFilterAccess done
Event: 12.758 loading class jdk/internal/event/DeserializationEvent
Event: 12.759 loading class jdk/internal/event/DeserializationEvent done
Event: 12.759 loading class java/io/ObjectInputStream$FieldValues
Event: 12.759 loading class java/io/ObjectInputStream$GetField
Event: 12.759 loading class java/io/ObjectInputStream$GetField done
Event: 12.759 loading class java/io/ObjectInputStream$FieldValues done


Dynamic libraries:
0x00007ff6907b0000 - 0x00007ff6907ba000 	D:\android studio\jbr\bin\java.exe
0x00007ffde6750000 - 0x00007ffde6967000 	C:\WINDOWS\SYSTEM32\ntdll.dll
0x00007ffde5820000 - 0x00007ffde58e4000 	C:\WINDOWS\System32\KERNEL32.DLL
0x00007ffde3c90000 - 0x00007ffde4036000 	C:\WINDOWS\System32\KERNELBASE.dll
0x00007ffde3ad0000 - 0x00007ffde3be1000 	C:\WINDOWS\System32\ucrtbase.dll
0x00007ffdcc710000 - 0x00007ffdcc727000 	D:\android studio\jbr\bin\jli.dll
0x00007ffdde030000 - 0x00007ffdde04b000 	D:\android studio\jbr\bin\VCRUNTIME140.dll
0x00007ffde60a0000 - 0x00007ffde624d000 	C:\WINDOWS\System32\USER32.dll
0x00007ffde3c60000 - 0x00007ffde3c86000 	C:\WINDOWS\System32\win32u.dll
0x00007ffdc8fc0000 - 0x00007ffdc9253000 	C:\WINDOWS\WinSxS\amd64_microsoft.windows.common-controls_6595b64144ccf1df_6.0.22621.2361_none_2712ced57382f843\COMCTL32.dll
0x00007ffde6250000 - 0x00007ffde6279000 	C:\WINDOWS\System32\GDI32.dll
0x00007ffde4390000 - 0x00007ffde44a8000 	C:\WINDOWS\System32\gdi32full.dll
0x00007ffde65a0000 - 0x00007ffde6647000 	C:\WINDOWS\System32\msvcrt.dll
0x00007ffde40c0000 - 0x00007ffde415a000 	C:\WINDOWS\System32\msvcp_win.dll
0x00007ffde6280000 - 0x00007ffde62b1000 	C:\WINDOWS\System32\IMM32.DLL
0x00007ffdcc800000 - 0x00007ffdcc80c000 	D:\android studio\jbr\bin\vcruntime140_1.dll
0x00007ffda8340000 - 0x00007ffda83cd000 	D:\android studio\jbr\bin\msvcp140.dll
0x00007ffd83b20000 - 0x00007ffd8478e000 	D:\android studio\jbr\bin\server\jvm.dll
0x00007ffde62c0000 - 0x00007ffde6370000 	C:\WINDOWS\System32\ADVAPI32.dll
0x00007ffde44b0000 - 0x00007ffde4556000 	C:\WINDOWS\System32\sechost.dll
0x00007ffde6480000 - 0x00007ffde6597000 	C:\WINDOWS\System32\RPCRT4.dll
0x00007ffdc8750000 - 0x00007ffdc8759000 	C:\WINDOWS\SYSTEM32\WSOCK32.dll
0x00007ffddd120000 - 0x00007ffddd154000 	C:\WINDOWS\SYSTEM32\WINMM.dll
0x00007ffddd5b0000 - 0x00007ffddd5ba000 	C:\WINDOWS\SYSTEM32\VERSION.dll
0x00007ffde4cd0000 - 0x00007ffde4d41000 	C:\WINDOWS\System32\WS2_32.dll
0x00007ffde2b10000 - 0x00007ffde2b28000 	C:\WINDOWS\SYSTEM32\kernel.appcore.dll
0x00007ffddec60000 - 0x00007ffddec6a000 	D:\android studio\jbr\bin\jimage.dll
0x00007ffde1420000 - 0x00007ffde164e000 	C:\WINDOWS\SYSTEM32\DBGHELP.DLL
0x00007ffde4640000 - 0x00007ffde49ca000 	C:\WINDOWS\System32\combase.dll
0x00007ffde4560000 - 0x00007ffde4637000 	C:\WINDOWS\System32\OLEAUT32.dll
0x00007ffdc7c60000 - 0x00007ffdc7c92000 	C:\WINDOWS\SYSTEM32\dbgcore.DLL
0x00007ffde4040000 - 0x00007ffde40ba000 	C:\WINDOWS\System32\bcryptPrimitives.dll
0x00007ffdcc780000 - 0x00007ffdcc7a5000 	D:\android studio\jbr\bin\java.dll
0x00007ffddec40000 - 0x00007ffddec58000 	D:\android studio\jbr\bin\zip.dll
0x00007ffde4d50000 - 0x00007ffde55a8000 	C:\WINDOWS\System32\SHELL32.dll
0x00007ffde1a30000 - 0x00007ffde2322000 	C:\WINDOWS\SYSTEM32\windows.storage.dll
0x00007ffde18f0000 - 0x00007ffde1a2e000 	C:\WINDOWS\SYSTEM32\wintypes.dll
0x00007ffde4a80000 - 0x00007ffde4b73000 	C:\WINDOWS\System32\SHCORE.dll
0x00007ffde5df0000 - 0x00007ffde5e4e000 	C:\WINDOWS\System32\shlwapi.dll
0x00007ffde3a00000 - 0x00007ffde3a26000 	C:\WINDOWS\SYSTEM32\profapi.dll
0x00007ffdcddd0000 - 0x00007ffdcdde9000 	D:\android studio\jbr\bin\net.dll
0x00007ffddcfe0000 - 0x00007ffddd117000 	C:\WINDOWS\SYSTEM32\WINHTTP.dll
0x00007ffde2f90000 - 0x00007ffde2ff9000 	C:\WINDOWS\system32\mswsock.dll
0x00007ffdcdd40000 - 0x00007ffdcdd56000 	D:\android studio\jbr\bin\nio.dll
0x00007ffdde930000 - 0x00007ffdde940000 	D:\android studio\jbr\bin\verify.dll
0x00007ffdcb2e0000 - 0x00007ffdcb307000 	C:\Users\hachem safae\.gradle\native\68d5fa5c4cc2d200863cafc0d521ce42e7d3e7ee720ec0a83991735586a16f82\windows-amd64\native-platform.dll
0x00007ffda81f0000 - 0x00007ffda8334000 	C:\Users\hachem safae\.gradle\native\e376f236ea51e6404a007f0833ffe2c6e607c4080706a723a18a27aeea778392\windows-amd64\native-platform-file-events.dll
0x00007ffdde210000 - 0x00007ffdde219000 	D:\android studio\jbr\bin\management.dll
0x00007ffddd8c0000 - 0x00007ffddd8cb000 	D:\android studio\jbr\bin\management_ext.dll
0x00007ffde6650000 - 0x00007ffde6658000 	C:\WINDOWS\System32\PSAPI.DLL
0x00007ffde31e0000 - 0x00007ffde31fb000 	C:\WINDOWS\SYSTEM32\CRYPTSP.dll
0x00007ffde2a70000 - 0x00007ffde2aa5000 	C:\WINDOWS\system32\rsaenh.dll
0x00007ffde3080000 - 0x00007ffde30ac000 	C:\WINDOWS\SYSTEM32\USERENV.dll
0x00007ffde33a0000 - 0x00007ffde33c8000 	C:\WINDOWS\SYSTEM32\bcrypt.dll
0x00007ffde3200000 - 0x00007ffde320c000 	C:\WINDOWS\SYSTEM32\CRYPTBASE.dll
0x00007ffde25d0000 - 0x00007ffde25fd000 	C:\WINDOWS\SYSTEM32\IPHLPAPI.DLL
0x00007ffde57f0000 - 0x00007ffde57f9000 	C:\WINDOWS\System32\NSI.dll
0x00007ffddcef0000 - 0x00007ffddcf09000 	C:\WINDOWS\SYSTEM32\dhcpcsvc6.DLL
0x00007ffddced0000 - 0x00007ffddceef000 	C:\WINDOWS\SYSTEM32\dhcpcsvc.DLL
0x00007ffde2600000 - 0x00007ffde26f9000 	C:\WINDOWS\SYSTEM32\DNSAPI.dll
0x00007ffdcc700000 - 0x00007ffdcc708000 	C:\WINDOWS\system32\wshunix.dll

dbghelp: loaded successfully - version: 4.0.5 - missing functions: none
symbol engine: initialized successfully - sym options: 0x614 - pdb path: .;D:\android studio\jbr\bin;C:\WINDOWS\SYSTEM32;C:\WINDOWS\WinSxS\amd64_microsoft.windows.common-controls_6595b64144ccf1df_6.0.22621.2361_none_2712ced57382f843;D:\android studio\jbr\bin\server;C:\Users\hachem safae\.gradle\native\68d5fa5c4cc2d200863cafc0d521ce42e7d3e7ee720ec0a83991735586a16f82\windows-amd64;C:\Users\hachem safae\.gradle\native\e376f236ea51e6404a007f0833ffe2c6e607c4080706a723a18a27aeea778392\windows-amd64

VM Arguments:
jvm_args: --add-opens=java.base/java.util=ALL-UNNAMED --add-opens=java.base/java.lang=ALL-UNNAMED --add-opens=java.base/java.lang.invoke=ALL-UNNAMED --add-opens=java.prefs/java.util.prefs=ALL-UNNAMED --add-opens=java.base/java.nio.charset=ALL-UNNAMED --add-opens=java.base/java.net=ALL-UNNAMED --add-opens=java.base/java.util.concurrent.atomic=ALL-UNNAMED -Xmx2048m -Dfile.encoding=UTF-8 -Duser.country=FR -Duser.language=fr -Duser.variant 
java_command: org.gradle.launcher.daemon.bootstrap.GradleDaemon 8.0
java_class_path (initial): C:\Users\hachem safae\.gradle\wrapper\dists\gradle-8.0-bin\ca5e32bp14vu59qr306oxotwh\gradle-8.0\lib\gradle-launcher-8.0.jar
Launcher Type: SUN_STANDARD

[Global flags]
     intx CICompilerCount                          = 4                                         {product} {ergonomic}
     uint ConcGCThreads                            = 2                                         {product} {ergonomic}
     uint G1ConcRefinementThreads                  = 8                                         {product} {ergonomic}
   size_t G1HeapRegionSize                         = 1048576                                   {product} {ergonomic}
    uintx GCDrainStackTargetSize                   = 64                                        {product} {ergonomic}
   size_t InitialHeapSize                          = 266338304                                 {product} {ergonomic}
   size_t MarkStackSize                            = 4194304                                   {product} {ergonomic}
   size_t MaxHeapSize                              = 2147483648                                {product} {command line}
   size_t MaxNewSize                               = 1287651328                                {product} {ergonomic}
   size_t MinHeapDeltaBytes                        = 1048576                                   {product} {ergonomic}
   size_t MinHeapSize                              = 8388608                                   {product} {ergonomic}
    uintx NonNMethodCodeHeapSize                   = 5839372                                {pd product} {ergonomic}
    uintx NonProfiledCodeHeapSize                  = 122909434                              {pd product} {ergonomic}
    uintx ProfiledCodeHeapSize                     = 122909434                              {pd product} {ergonomic}
    uintx ReservedCodeCacheSize                    = 251658240                              {pd product} {ergonomic}
     bool SegmentedCodeCache                       = true                                      {product} {ergonomic}
   size_t SoftMaxHeapSize                          = 2147483648                             {manageable} {ergonomic}
     bool UseCompressedClassPointers               = true                           {product lp64_product} {ergonomic}
     bool UseCompressedOops                        = true                           {product lp64_product} {ergonomic}
     bool UseG1GC                                  = true                                      {product} {ergonomic}
     bool UseLargePagesIndividualAllocation        = false                                  {pd product} {ergonomic}

Logging:
Log output configuration:
 #0: stdout all=warning uptime,level,tags
 #1: stderr all=off uptime,level,tags

Environment Variables:
JAVA_HOME=C:\Program Files\Java\jdk-17
PATH=C:\Program Files (x86)\Common Files\Oracle\Java\javapath;C:\Program Files (x86)\VMware\VMware Workstation\bin\;D:\oraclexe\app\oracle\product\11.2.0\server\bin;C:\Program Files\Common Files\Oracle\Java\javapath;C:\WINDOWS\system32;C:\WINDOWS;C:\WINDOWS\System32\Wbem;C:\WINDOWS\System32\WindowsPowerShell\v1.0\;C:\WINDOWS\System32\OpenSSH\;c:\Program Files (x86)\Microsoft SQL Server\100\Tools\Binn\;c:\Program Files\Microsoft SQL Server\100\Tools\Binn\;c:\Program Files\Microsoft SQL Server\100\DTS\Binn\;D:\java_jdk 8\bin;C:\Program Files\Java\jdk-17\bin;C:\Program Files\Java\jdk-11\bin;C:\Program Files\Java\jdk-19\bin;C:\Program Files\Common Files\Oracle\Java\javapath;C:\ProgramData\ComposerSetup\bin;D:\XAAMP\php\php.exe;D:\xamp\php;C:\Program Files\wkhtmltopdf\bin;D:\node;C:\Program Files\Git\cmd;C:\Program Files\nodejs\;C:\Program Files\MongoDB\Server\6.0\bin;D:\XAAMP\php;C:\Program Files\Java\apache-maven-3.9.5\bin;C:\Users\hachem safae\AppData\Local\Programs\Python\Python310\Scripts\;C:\Users\hachem safae\AppData\Local\Programs\Python\Python310\;C:\Program Files\MySQL\MySQL Shell 8.0\bin\;C:\Users\hachem safae\AppData\Local\Microsoft\WindowsApps;C:\Users\hachem safae\AppData\Roaming\Dashlane\6.2007.0.32704\bin\Firefox_Extension\{442718d9-475e-452a-b3e1-fb1ee16b8e9f}\components;C:\Users\hachem safae\AppData\Roaming\Dashlane\6.2007.0.32704\ucrt;C:\Users\hachem safae\AppData\Roaming\Dashlane\6.2007.0.32704\bin\Qt;C:\Users\hachem safae\AppData\Roaming\Dashlane\6.2007.0.32704\bin\Ssl;C:\Program Files\JetBrains\IntelliJ IDEA Community Edition 2020.2.2\bin;C:\Users\hachem safae\AppData\Local\Microsoft\WindowsApps;C:\Users\hachem safae\AppData\Local\Programs\Microsoft VS Code\bin;C:\Program Files\IntelliJ IDEA Community Edition 2022.3.2\bin;;C:\Users\hachem safae\AppData\Local\ComposerSetup\bin;C:\Users\hachem safae\AppData\Roaming\Composer\vendor\bin;C:\Users\hachem safae\AppData\Roaming\npm;D:\android2\platform-tools;D:\XAAMP\php;C:\wamp64\bin\php\php5.6.40;C:\;C:\Prog
USERNAME=hachem safae
OS=Windows_NT
PROCESSOR_IDENTIFIER=Intel64 Family 6 Model 142 Stepping 12, GenuineIntel
TMP=C:\Users\HACHEM~1\AppData\Local\Temp
TEMP=C:\Users\HACHEM~1\AppData\Local\Temp


JNI global refs:
JNI global refs: 28, weak refs: 2

JNI global refs memory usage: 843, weak refs: 841


---------------  S Y S T E M  ---------------

OS:
 Windows 11 , 64 bit Build 22621 (10.0.22621.2428)
OS uptime: 1 days 13:23 hours

CPU: total 8 (initial active 8) (4 cores per cpu, 2 threads per core) family 6 model 142 stepping 12 microcode 0xf6, cx8, cmov, fxsr, ht, mmx, 3dnowpref, sse, sse2, sse3, ssse3, sse4.1, sse4.2, popcnt, lzcnt, tsc, tscinvbit, avx, avx2, aes, erms, clmul, bmi1, bmi2, adx, fma, vzeroupper, clflush, clflushopt

Memory: 4k page, system-wide physical 16194M (2623M free)
TotalPageFile size 18242M (AvailPageFile size 71M)
current process WorkingSet (physical memory assigned to process): 390M, peak: 395M
current process commit charge ("private bytes"): 423M, peak: 499M

vm_info: OpenJDK 64-Bit Server VM (17.0.6+0-b2043.56-10027231) for windows-amd64 JRE (17.0.6+0-b2043.56-10027231), built on Apr 28 2023 00:43:19 by "androidbuild" with MS VC++ 16.10 / 16.11 (VS2019)

END.
