#
# There is insufficient memory for the Java Runtime Environment to continue.
# Native memory allocation (mmap) failed to map 30408704 bytes for G1 virtual space
# Possible reasons:
#   The system is out of physical RAM or swap space
#   The process is running with CompressedOops enabled, and the Java Heap may be blocking the growth of the native heap
# Possible solutions:
#   Reduce memory load on the system
#   Increase physical memory or swap space
#   Check if swap backing store is full
#   Decrease Java heap size (-Xmx/-Xms)
#   Decrease number of Java threads
#   Decrease Java thread stack sizes (-Xss)
#   Set larger code cache with -XX:ReservedCodeCacheSize=
#   JVM is running with Unscaled Compressed Oops mode in which the Java heap is
#     placed in the first 4GB address space. The Java Heap base address is the
#     maximum limit for the native heap growth. Please use -XX:HeapBaseMinAddress
#     to set the Java Heap base and to place the Java Heap above 4GB virtual address.
# This output file may be truncated or incomplete.
#
#  Out of Memory Error (os_windows.cpp:3769), pid=7260, tid=3108
#
# JRE version: OpenJDK Runtime Environment (17.0.6) (build 17.0.6+0-b2043.56-10027231)
# Java VM: OpenJDK 64-Bit Server VM (17.0.6+0-b2043.56-10027231, mixed mode, tiered, compressed oops, compressed class ptrs, g1 gc, windows-amd64)
# No core dump will be written. Minidumps are not enabled by default on client versions of Windows
#

---------------  S U M M A R Y ------------

Command Line: --add-opens=java.base/java.util=ALL-UNNAMED --add-opens=java.base/java.lang=ALL-UNNAMED --add-opens=java.base/java.lang.invoke=ALL-UNNAMED --add-opens=java.prefs/java.util.prefs=ALL-UNNAMED --add-opens=java.base/java.nio.charset=ALL-UNNAMED --add-opens=java.base/java.net=ALL-UNNAMED --add-opens=java.base/java.util.concurrent.atomic=ALL-UNNAMED -Xmx2048m -Dfile.encoding=UTF-8 -Duser.country=FR -Duser.language=fr -Duser.variant org.gradle.launcher.daemon.bootstrap.GradleDaemon 8.0

Host: Intel(R) Core(TM) i7-8565U CPU @ 1.80GHz, 8 cores, 15G,  Windows 11 , 64 bit Build 22621 (10.0.22621.2428)
Time: Sun Nov  5 08:20:15 2023 Maroc (heure d64 bit Build 22621 (10.0.22621.2428) elapsed time: 22.607535 seconds (0d 0h 0m 22s)

---------------  T H R E A D  ---------------

Current thread (0x000001e086ae7730):  VMThread "VM Thread" [stack: 0x000000d727200000,0x000000d727300000] [id=3108]

Stack: [0x000000d727200000,0x000000d727300000]
Native frames: (J=compiled Java code, j=interpreted, Vv=VM code, C=native code)
V  [jvm.dll+0x683c9a]
V  [jvm.dll+0x8427a4]
V  [jvm.dll+0x843f9e]
V  [jvm.dll+0x844603]
V  [jvm.dll+0x249b75]
V  [jvm.dll+0x680b69]
V  [jvm.dll+0x67505a]
V  [jvm.dll+0x309acb]
V  [jvm.dll+0x310f86]
V  [jvm.dll+0x3608ee]
V  [jvm.dll+0x360b1f]
V  [jvm.dll+0x2dfbf8]
V  [jvm.dll+0x2e2ce6]
V  [jvm.dll+0x2ed478]
V  [jvm.dll+0x322150]
V  [jvm.dll+0x848ccb]
V  [jvm.dll+0x849a04]
V  [jvm.dll+0x849f1d]
V  [jvm.dll+0x84a2f4]
V  [jvm.dll+0x84a3c0]
V  [jvm.dll+0x7f274a]
V  [jvm.dll+0x682ad5]
C  [ucrtbase.dll+0x29363]
C  [KERNEL32.DLL+0x1257d]
C  [ntdll.dll+0x5aa78]

VM_Operation (0x000000d726eff540): G1Concurrent, mode: safepoint, requested by thread 0x000001e0ead6b5c0


---------------  P R O C E S S  ---------------

Threads class SMR info:
_java_thread_list=0x000001e08ba5a7f0, length=127, elements={
0x000001e0eacbe120, 0x000001e087436c40, 0x000001e087438250, 0x000001e087482030,
0x000001e087482be0, 0x000001e087483da0, 0x000001e087487000, 0x000001e087488940,
0x000001e08748d080, 0x000001e087491540, 0x000001e087609e80, 0x000001e08761b3d0,
0x000001e08aadc010, 0x000001e089cfdd30, 0x000001e088db25b0, 0x000001e08902b1c0,
0x000001e08907c720, 0x000001e0883bc1f0, 0x000001e088ce5000, 0x000001e088179fb0,
0x000001e088179140, 0x000001e088179610, 0x000001e088179ae0, 0x000001e088178c70,
0x000001e08b36bfe0, 0x000001e08b372e90, 0x000001e08b36dcc0, 0x000001e08b370810,
0x000001e08b36e190, 0x000001e08b370ce0, 0x000001e08b3729c0, 0x000001e08b372020,
0x000001e08b36c4b0, 0x000001e08b3711b0, 0x000001e08b370340, 0x000001e08b373360,
0x000001e08b36e660, 0x000001e08b373830, 0x000001e08b36eb30, 0x000001e08b371680,
0x000001e08b36c980, 0x000001e08b36f4d0, 0x000001e0913db020, 0x000001e0913dbe90,
0x000001e08ba50aa0, 0x000001e0912fcb40, 0x000001e0912f9b20, 0x000001e0912ff690,
0x000001e0912fd4e0, 0x000001e0912fd010, 0x000001e0912f9650, 0x000001e0912f9ff0,
0x000001e0912fa4c0, 0x000001e0912fb330, 0x000001e091300030, 0x000001e0912fa990,
0x000001e0912fd9b0, 0x000001e0912fde80, 0x000001e0912fae60, 0x000001e0912fb800,
0x000001e0912fe350, 0x000001e0912fbcd0, 0x000001e0912fe820, 0x000001e0912fc1a0,
0x000001e0912fecf0, 0x000001e0912fc670, 0x000001e0912ff1c0, 0x000001e0912ffb60,
0x000001e0912f87e0, 0x000001e0912f8cb0, 0x000001e0913db4f0, 0x000001e0913d9ce0,
0x000001e0913da1b0, 0x000001e08d20fc90, 0x000001e08d20c7a0, 0x000001e08d20a5f0,
0x000001e08d209c50, 0x000001e08d20cc70, 0x000001e08d20d140, 0x000001e08d20d610,
0x000001e08d210160, 0x000001e08d20b930, 0x000001e08d20dae0, 0x000001e08d20be00,
0x000001e08d20c2d0, 0x000001e08d20aac0, 0x000001e08d2092b0, 0x000001e08d20af90,
0x000001e08d20dfb0, 0x000001e08d20a120, 0x000001e08d20e480, 0x000001e08d20e950,
0x000001e08d210630, 0x000001e08d20ee20, 0x000001e08d20f2f0, 0x000001e08d20f7c0,
0x000001e08d208de0, 0x000001e08d209780, 0x000001e08d20b460, 0x000001e08b229340,
0x000001e08b229ce0, 0x000001e08b223ca0, 0x000001e08b227190, 0x000001e08b223300,
0x000001e08b227b30, 0x000001e08b228e70, 0x000001e08b224fe0, 0x000001e08b229810,
0x000001e08b2284d0, 0x000001e08b224170, 0x000001e08b222490, 0x000001e08b2237d0,
0x000001e08b225980, 0x000001e08b226cc0, 0x000001e08b2267f0, 0x000001e08b227660,
0x000001e08b222960, 0x000001e08b2254b0, 0x000001e08b228000, 0x000001e08b222e30,
0x000001e08b225e50, 0x000001e08b224640, 0x000001e08b224b10, 0x000001e08b226320,
0x000001e08b2289a0, 0x000001e08ba519d0, 0x000001e08ebb9430
}

Java Threads: ( => current thread )
  0x000001e0eacbe120 JavaThread "main" [_thread_blocked, id=22700, stack(0x000000d726c00000,0x000000d726d00000)]
  0x000001e087436c40 JavaThread "Reference Handler" daemon [_thread_blocked, id=2536, stack(0x000000d727300000,0x000000d727400000)]
  0x000001e087438250 JavaThread "Finalizer" daemon [_thread_blocked, id=10556, stack(0x000000d727400000,0x000000d727500000)]
  0x000001e087482030 JavaThread "Signal Dispatcher" daemon [_thread_blocked, id=12268, stack(0x000000d727500000,0x000000d727600000)]
  0x000001e087482be0 JavaThread "Attach Listener" daemon [_thread_blocked, id=19176, stack(0x000000d727600000,0x000000d727700000)]
  0x000001e087483da0 JavaThread "Service Thread" daemon [_thread_blocked, id=17404, stack(0x000000d727700000,0x000000d727800000)]
  0x000001e087487000 JavaThread "Monitor Deflation Thread" daemon [_thread_blocked, id=11896, stack(0x000000d727800000,0x000000d727900000)]
  0x000001e087488940 JavaThread "C2 CompilerThread0" daemon [_thread_in_native, id=12724, stack(0x000000d727900000,0x000000d727a00000)]
  0x000001e08748d080 JavaThread "C1 CompilerThread0" daemon [_thread_blocked, id=13240, stack(0x000000d727a00000,0x000000d727b00000)]
  0x000001e087491540 JavaThread "Sweeper thread" daemon [_thread_blocked, id=24180, stack(0x000000d727b00000,0x000000d727c00000)]
  0x000001e087609e80 JavaThread "Common-Cleaner" daemon [_thread_blocked, id=8780, stack(0x000000d727c00000,0x000000d727d00000)]
  0x000001e08761b3d0 JavaThread "Notification Thread" daemon [_thread_blocked, id=7464, stack(0x000000d727d00000,0x000000d727e00000)]
  0x000001e08aadc010 JavaThread "Daemon health stats" [_thread_blocked, id=21100, stack(0x000000d728600000,0x000000d728700000)]
  0x000001e089cfdd30 JavaThread "Incoming local TCP Connector on port 57427" [_thread_in_native, id=1736, stack(0x000000d728500000,0x000000d728600000)]
  0x000001e088db25b0 JavaThread "Daemon periodic checks" [_thread_blocked, id=26072, stack(0x000000d728700000,0x000000d728800000)]
  0x000001e08902b1c0 JavaThread "Daemon" [_thread_blocked, id=1240, stack(0x000000d728800000,0x000000d728900000)]
  0x000001e08907c720 JavaThread "Handler for socket connection from /127.0.0.1:57427 to /127.0.0.1:57428" [_thread_in_native, id=21892, stack(0x000000d728900000,0x000000d728a00000)]
  0x000001e0883bc1f0 JavaThread "Cancel handler" [_thread_blocked, id=23408, stack(0x000000d728a00000,0x000000d728b00000)]
  0x000001e088ce5000 JavaThread "Daemon worker" [_thread_blocked, id=24788, stack(0x000000d728b00000,0x000000d728c00000)]
  0x000001e088179fb0 JavaThread "Asynchronous log dispatcher for DefaultDaemonConnection: socket connection from /127.0.0.1:57427 to /127.0.0.1:57428" [_thread_blocked, id=26132, stack(0x000000d728c00000,0x000000d728d00000)]
  0x000001e088179140 JavaThread "Stdin handler" [_thread_blocked, id=22216, stack(0x000000d728d00000,0x000000d728e00000)]
  0x000001e088179610 JavaThread "Daemon client event forwarder" [_thread_blocked, id=23816, stack(0x000000d728e00000,0x000000d728f00000)]
  0x000001e088179ae0 JavaThread "Cache worker for journal cache (C:\Users\hachem safae\.gradle\caches\journal-1)" [_thread_blocked, id=24928, stack(0x000000d727f00000,0x000000d728000000)]
  0x000001e088178c70 JavaThread "File lock request listener" [_thread_in_native, id=12056, stack(0x000000d729200000,0x000000d729300000)]
  0x000001e08b36bfe0 JavaThread "Cache worker for file hash cache (C:\Users\hachem safae\.gradle\caches\8.0\fileHashes)" [_thread_blocked, id=24572, stack(0x000000d729400000,0x000000d729500000)]
  0x000001e08b372e90 JavaThread "File watcher server" daemon [_thread_in_native, id=23780, stack(0x000000d729600000,0x000000d729700000)]
  0x000001e08b36dcc0 JavaThread "File watcher consumer" daemon [_thread_blocked, id=22492, stack(0x000000d729700000,0x000000d729800000)]
  0x000001e08b370810 JavaThread "jar transforms" [_thread_blocked, id=12944, stack(0x000000d729800000,0x000000d729900000)]
  0x000001e08b36e190 JavaThread "jar transforms Thread 2" [_thread_blocked, id=26520, stack(0x000000d729900000,0x000000d729a00000)]
  0x000001e08b370ce0 JavaThread "jar transforms Thread 3" [_thread_blocked, id=25544, stack(0x000000d729a00000,0x000000d729b00000)]
  0x000001e08b3729c0 JavaThread "jar transforms Thread 4" [_thread_blocked, id=22784, stack(0x000000d729b00000,0x000000d729c00000)]
  0x000001e08b372020 JavaThread "jar transforms Thread 5" [_thread_blocked, id=22080, stack(0x000000d729c00000,0x000000d729d00000)]
  0x000001e08b36c4b0 JavaThread "jar transforms Thread 6" [_thread_blocked, id=3056, stack(0x000000d729d00000,0x000000d729e00000)]
  0x000001e08b3711b0 JavaThread "jar transforms Thread 7" [_thread_blocked, id=17212, stack(0x000000d729e00000,0x000000d729f00000)]
  0x000001e08b370340 JavaThread "jar transforms Thread 8" [_thread_blocked, id=6512, stack(0x000000d729f00000,0x000000d72a000000)]
  0x000001e08b373360 JavaThread "Cache worker for checksums cache (D:\App_Android studio\projet_inscription\.gradle\8.0\checksums)" [_thread_blocked, id=7664, stack(0x000000d72a000000,0x000000d72a100000)]
  0x000001e08b36e660 JavaThread "Cache worker for cache directory md-rule (C:\Users\hachem safae\.gradle\caches\8.0\md-rule)" [_thread_blocked, id=2524, stack(0x000000d72a100000,0x000000d72a200000)]
  0x000001e08b373830 JavaThread "Cache worker for file content cache (C:\Users\hachem safae\.gradle\caches\8.0\fileContent)" [_thread_blocked, id=19684, stack(0x000000d72a200000,0x000000d72a300000)]
  0x000001e08b36eb30 JavaThread "Cache worker for file hash cache (D:\App_Android studio\projet_inscription\.gradle\8.0\fileHashes)" [_thread_blocked, id=7988, stack(0x000000d72a300000,0x000000d72a400000)]
  0x000001e08b371680 JavaThread "Cache worker for cache directory md-supplier (C:\Users\hachem safae\.gradle\caches\8.0\md-supplier)" [_thread_blocked, id=23508, stack(0x000000d72a400000,0x000000d72a500000)]
  0x000001e08b36c980 JavaThread "Cache worker for execution history cache (C:\Users\hachem safae\.gradle\caches\8.0\executionHistory)" [_thread_blocked, id=24692, stack(0x000000d72a500000,0x000000d72a600000)]
  0x000001e08b36f4d0 JavaThread "Cache worker for kotlin-dsl (C:\Users\hachem safae\.gradle\caches\8.0\kotlin-dsl)" [_thread_blocked, id=16564, stack(0x000000d72a600000,0x000000d72a700000)]
  0x000001e0913db020 JavaThread "Cache worker for dependencies-accessors (D:\App_Android studio\projet_inscription\.gradle\8.0\dependencies-accessors)" [_thread_blocked, id=896, stack(0x000000d729500000,0x000000d729600000)]
  0x000001e0913dbe90 JavaThread "Cache worker for Build Output Cleanup Cache (D:\App_Android studio\projet_inscription\.gradle\buildOutputCleanup)" [_thread_blocked, id=6004, stack(0x000000d72ad00000,0x000000d72ae00000)]
  0x000001e08ba50aa0 JavaThread "C2 CompilerThread1" daemon [_thread_blocked, id=22188, stack(0x000000d729300000,0x000000d729400000)]
  0x000001e0912fcb40 JavaThread "Unconstrained build operations" [_thread_blocked, id=11288, stack(0x000000d72ac00000,0x000000d72ad00000)]
  0x000001e0912f9b20 JavaThread "Unconstrained build operations Thread 2" [_thread_blocked, id=23644, stack(0x000000d72af00000,0x000000d72b000000)]
  0x000001e0912ff690 JavaThread "Unconstrained build operations Thread 3" [_thread_blocked, id=17512, stack(0x000000d72b000000,0x000000d72b100000)]
  0x000001e0912fd4e0 JavaThread "Unconstrained build operations Thread 4" [_thread_blocked, id=24248, stack(0x000000d72b100000,0x000000d72b200000)]
  0x000001e0912fd010 JavaThread "Unconstrained build operations Thread 5" [_thread_blocked, id=24688, stack(0x000000d72b200000,0x000000d72b300000)]
  0x000001e0912f9650 JavaThread "Unconstrained build operations Thread 6" [_thread_blocked, id=24296, stack(0x000000d72b300000,0x000000d72b400000)]
  0x000001e0912f9ff0 JavaThread "Unconstrained build operations Thread 7" [_thread_blocked, id=20632, stack(0x000000d72b400000,0x000000d72b500000)]
  0x000001e0912fa4c0 JavaThread "Unconstrained build operations Thread 8" [_thread_blocked, id=24136, stack(0x000000d72b500000,0x000000d72b600000)]
  0x000001e0912fb330 JavaThread "Unconstrained build operations Thread 9" [_thread_blocked, id=20240, stack(0x000000d72b600000,0x000000d72b700000)]
  0x000001e091300030 JavaThread "Unconstrained build operations Thread 10" [_thread_blocked, id=22904, stack(0x000000d72b700000,0x000000d72b800000)]
  0x000001e0912fa990 JavaThread "Unconstrained build operations Thread 11" [_thread_blocked, id=23876, stack(0x000000d72b800000,0x000000d72b900000)]
  0x000001e0912fd9b0 JavaThread "Unconstrained build operations Thread 12" [_thread_blocked, id=26436, stack(0x000000d72b900000,0x000000d72ba00000)]
  0x000001e0912fde80 JavaThread "Unconstrained build operations Thread 13" [_thread_blocked, id=26532, stack(0x000000d72ba00000,0x000000d72bb00000)]
  0x000001e0912fae60 JavaThread "Unconstrained build operations Thread 14" [_thread_blocked, id=9564, stack(0x000000d72bb00000,0x000000d72bc00000)]
  0x000001e0912fb800 JavaThread "Unconstrained build operations Thread 15" [_thread_blocked, id=14780, stack(0x000000d72bc00000,0x000000d72bd00000)]
  0x000001e0912fe350 JavaThread "Unconstrained build operations Thread 16" [_thread_blocked, id=20528, stack(0x000000d72bd00000,0x000000d72be00000)]
  0x000001e0912fbcd0 JavaThread "Unconstrained build operations Thread 17" [_thread_blocked, id=25244, stack(0x000000d72be00000,0x000000d72bf00000)]
  0x000001e0912fe820 JavaThread "Unconstrained build operations Thread 18" [_thread_blocked, id=22332, stack(0x000000d72bf00000,0x000000d72c000000)]
  0x000001e0912fc1a0 JavaThread "Unconstrained build operations Thread 19" [_thread_blocked, id=22116, stack(0x000000d72c000000,0x000000d72c100000)]
  0x000001e0912fecf0 JavaThread "Unconstrained build operations Thread 20" [_thread_blocked, id=26008, stack(0x000000d72c100000,0x000000d72c200000)]
  0x000001e0912fc670 JavaThread "Unconstrained build operations Thread 21" [_thread_blocked, id=23756, stack(0x000000d72c200000,0x000000d72c300000)]
  0x000001e0912ff1c0 JavaThread "Unconstrained build operations Thread 22" [_thread_blocked, id=17460, stack(0x000000d72c300000,0x000000d72c400000)]
  0x000001e0912ffb60 JavaThread "Unconstrained build operations Thread 23" [_thread_blocked, id=20812, stack(0x000000d72c400000,0x000000d72c500000)]
  0x000001e0912f87e0 JavaThread "Unconstrained build operations Thread 24" [_thread_blocked, id=25988, stack(0x000000d72c500000,0x000000d72c600000)]
  0x000001e0912f8cb0 JavaThread "Unconstrained build operations Thread 25" [_thread_blocked, id=26196, stack(0x000000d72c600000,0x000000d72c700000)]
  0x000001e0913db4f0 JavaThread "Unconstrained build operations Thread 26" [_thread_blocked, id=14132, stack(0x000000d72c700000,0x000000d72c800000)]
  0x000001e0913d9ce0 JavaThread "Unconstrained build operations Thread 27" [_thread_blocked, id=19196, stack(0x000000d72c800000,0x000000d72c900000)]
  0x000001e0913da1b0 JavaThread "Unconstrained build operations Thread 28" [_thread_blocked, id=8916, stack(0x000000d72c900000,0x000000d72ca00000)]
  0x000001e08d20fc90 JavaThread "Unconstrained build operations Thread 29" [_thread_blocked, id=4760, stack(0x000000d72ca00000,0x000000d72cb00000)]
  0x000001e08d20c7a0 JavaThread "Unconstrained build operations Thread 30" [_thread_blocked, id=22728, stack(0x000000d72cb00000,0x000000d72cc00000)]
  0x000001e08d20a5f0 JavaThread "Unconstrained build operations Thread 31" [_thread_blocked, id=25516, stack(0x000000d72cc00000,0x000000d72cd00000)]
  0x000001e08d209c50 JavaThread "Unconstrained build operations Thread 32" [_thread_blocked, id=25264, stack(0x000000d72cd00000,0x000000d72ce00000)]
  0x000001e08d20cc70 JavaThread "Unconstrained build operations Thread 33" [_thread_blocked, id=17752, stack(0x000000d72ce00000,0x000000d72cf00000)]
  0x000001e08d20d140 JavaThread "Unconstrained build operations Thread 34" [_thread_blocked, id=26176, stack(0x000000d72cf00000,0x000000d72d000000)]
  0x000001e08d20d610 JavaThread "Unconstrained build operations Thread 35" [_thread_blocked, id=6408, stack(0x000000d72d000000,0x000000d72d100000)]
  0x000001e08d210160 JavaThread "Unconstrained build operations Thread 36" [_thread_blocked, id=21160, stack(0x000000d72d100000,0x000000d72d200000)]
  0x000001e08d20b930 JavaThread "Unconstrained build operations Thread 37" [_thread_blocked, id=26248, stack(0x000000d72d200000,0x000000d72d300000)]
  0x000001e08d20dae0 JavaThread "Unconstrained build operations Thread 38" [_thread_blocked, id=24256, stack(0x000000d72d300000,0x000000d72d400000)]
  0x000001e08d20be00 JavaThread "Unconstrained build operations Thread 39" [_thread_blocked, id=3976, stack(0x000000d72d400000,0x000000d72d500000)]
  0x000001e08d20c2d0 JavaThread "Unconstrained build operations Thread 40" [_thread_blocked, id=23024, stack(0x000000d72d500000,0x000000d72d600000)]
  0x000001e08d20aac0 JavaThread "Unconstrained build operations Thread 41" [_thread_blocked, id=11612, stack(0x000000d72d600000,0x000000d72d700000)]
  0x000001e08d2092b0 JavaThread "Unconstrained build operations Thread 42" [_thread_blocked, id=26564, stack(0x000000d72d700000,0x000000d72d800000)]
  0x000001e08d20af90 JavaThread "Unconstrained build operations Thread 43" [_thread_blocked, id=20916, stack(0x000000d72d800000,0x000000d72d900000)]
  0x000001e08d20dfb0 JavaThread "Unconstrained build operations Thread 44" [_thread_blocked, id=19668, stack(0x000000d72d900000,0x000000d72da00000)]
  0x000001e08d20a120 JavaThread "Unconstrained build operations Thread 45" [_thread_blocked, id=26232, stack(0x000000d72da00000,0x000000d72db00000)]
  0x000001e08d20e480 JavaThread "Unconstrained build operations Thread 46" [_thread_blocked, id=328, stack(0x000000d72db00000,0x000000d72dc00000)]
  0x000001e08d20e950 JavaThread "Unconstrained build operations Thread 47" [_thread_blocked, id=24492, stack(0x000000d72dc00000,0x000000d72dd00000)]
  0x000001e08d210630 JavaThread "Unconstrained build operations Thread 48" [_thread_blocked, id=24824, stack(0x000000d72dd00000,0x000000d72de00000)]
  0x000001e08d20ee20 JavaThread "Unconstrained build operations Thread 49" [_thread_blocked, id=684, stack(0x000000d72de00000,0x000000d72df00000)]
  0x000001e08d20f2f0 JavaThread "Unconstrained build operations Thread 50" [_thread_blocked, id=20876, stack(0x000000d72df00000,0x000000d72e000000)]
  0x000001e08d20f7c0 JavaThread "Unconstrained build operations Thread 51" [_thread_blocked, id=17640, stack(0x000000d72e000000,0x000000d72e100000)]
  0x000001e08d208de0 JavaThread "Unconstrained build operations Thread 52" [_thread_blocked, id=17516, stack(0x000000d72e100000,0x000000d72e200000)]
  0x000001e08d209780 JavaThread "Unconstrained build operations Thread 53" [_thread_blocked, id=2732, stack(0x000000d72e200000,0x000000d72e300000)]
  0x000001e08d20b460 JavaThread "Unconstrained build operations Thread 54" [_thread_blocked, id=1948, stack(0x000000d72e300000,0x000000d72e400000)]
  0x000001e08b229340 JavaThread "Unconstrained build operations Thread 55" [_thread_blocked, id=26244, stack(0x000000d72e400000,0x000000d72e500000)]
  0x000001e08b229ce0 JavaThread "Unconstrained build operations Thread 56" [_thread_blocked, id=19380, stack(0x000000d72e500000,0x000000d72e600000)]
  0x000001e08b223ca0 JavaThread "Unconstrained build operations Thread 57" [_thread_blocked, id=10668, stack(0x000000d72e600000,0x000000d72e700000)]
  0x000001e08b227190 JavaThread "Unconstrained build operations Thread 58" [_thread_blocked, id=19520, stack(0x000000d72e700000,0x000000d72e800000)]
  0x000001e08b223300 JavaThread "Unconstrained build operations Thread 59" [_thread_blocked, id=6360, stack(0x000000d72e800000,0x000000d72e900000)]
  0x000001e08b227b30 JavaThread "Unconstrained build operations Thread 60" [_thread_blocked, id=5360, stack(0x000000d72e900000,0x000000d72ea00000)]
  0x000001e08b228e70 JavaThread "Unconstrained build operations Thread 61" [_thread_blocked, id=4336, stack(0x000000d72ea00000,0x000000d72eb00000)]
  0x000001e08b224fe0 JavaThread "Unconstrained build operations Thread 62" [_thread_blocked, id=18692, stack(0x000000d72eb00000,0x000000d72ec00000)]
  0x000001e08b229810 JavaThread "Unconstrained build operations Thread 63" [_thread_blocked, id=24844, stack(0x000000d72ec00000,0x000000d72ed00000)]
  0x000001e08b2284d0 JavaThread "Unconstrained build operations Thread 64" [_thread_blocked, id=23564, stack(0x000000d72ed00000,0x000000d72ee00000)]
  0x000001e08b224170 JavaThread "Unconstrained build operations Thread 65" [_thread_blocked, id=15692, stack(0x000000d72ee00000,0x000000d72ef00000)]
  0x000001e08b222490 JavaThread "Unconstrained build operations Thread 66" [_thread_blocked, id=17756, stack(0x000000d72ef00000,0x000000d72f000000)]
  0x000001e08b2237d0 JavaThread "Unconstrained build operations Thread 67" [_thread_blocked, id=5052, stack(0x000000d72f000000,0x000000d72f100000)]
  0x000001e08b225980 JavaThread "Unconstrained build operations Thread 68" [_thread_blocked, id=17908, stack(0x000000d72f100000,0x000000d72f200000)]
  0x000001e08b226cc0 JavaThread "Unconstrained build operations Thread 69" [_thread_blocked, id=24880, stack(0x000000d72f200000,0x000000d72f300000)]
  0x000001e08b2267f0 JavaThread "Unconstrained build operations Thread 70" [_thread_blocked, id=9144, stack(0x000000d72f300000,0x000000d72f400000)]
  0x000001e08b227660 JavaThread "Unconstrained build operations Thread 71" [_thread_blocked, id=25564, stack(0x000000d72f400000,0x000000d72f500000)]
  0x000001e08b222960 JavaThread "Unconstrained build operations Thread 72" [_thread_blocked, id=22276, stack(0x000000d72f500000,0x000000d72f600000)]
  0x000001e08b2254b0 JavaThread "Unconstrained build operations Thread 73" [_thread_blocked, id=4204, stack(0x000000d72f600000,0x000000d72f700000)]
  0x000001e08b228000 JavaThread "Unconstrained build operations Thread 74" [_thread_blocked, id=11680, stack(0x000000d72f700000,0x000000d72f800000)]
  0x000001e08b222e30 JavaThread "Unconstrained build operations Thread 75" [_thread_blocked, id=20496, stack(0x000000d72f800000,0x000000d72f900000)]
  0x000001e08b225e50 JavaThread "Unconstrained build operations Thread 76" [_thread_blocked, id=23292, stack(0x000000d72f900000,0x000000d72fa00000)]
  0x000001e08b224640 JavaThread "Unconstrained build operations Thread 77" [_thread_blocked, id=5204, stack(0x000000d72fa00000,0x000000d72fb00000)]
  0x000001e08b224b10 JavaThread "Unconstrained build operations Thread 78" [_thread_blocked, id=1920, stack(0x000000d72fb00000,0x000000d72fc00000)]
  0x000001e08b226320 JavaThread "Unconstrained build operations Thread 79" [_thread_blocked, id=22732, stack(0x000000d72fc00000,0x000000d72fd00000)]
  0x000001e08b2289a0 JavaThread "Unconstrained build operations Thread 80" [_thread_blocked, id=16904, stack(0x000000d72fd00000,0x000000d72fe00000)]
  0x000001e08ba519d0 JavaThread "C2 CompilerThread2" daemon [_thread_in_native, id=26060, stack(0x000000d72fe00000,0x000000d72ff00000)]
  0x000001e08ebb9430 JavaThread "Memory manager" [_thread_blocked, id=24860, stack(0x000000d72ff00000,0x000000d730000000)]

Other Threads:
=>0x000001e086ae7730 VMThread "VM Thread" [stack: 0x000000d727200000,0x000000d727300000] [id=3108]
  0x000001e0ead83d90 WatcherThread [stack: 0x000000d727e00000,0x000000d727f00000] [id=20368]
  0x000001e0ead5a680 GCTaskThread "GC Thread#0" [stack: 0x000000d726d00000,0x000000d726e00000] [id=4600]
  0x000001e087d3e640 GCTaskThread "GC Thread#1" [stack: 0x000000d728000000,0x000000d728100000] [id=2064]
  0x000001e087de7310 GCTaskThread "GC Thread#2" [stack: 0x000000d728100000,0x000000d728200000] [id=5884]
  0x000001e087de75c0 GCTaskThread "GC Thread#3" [stack: 0x000000d728200000,0x000000d728300000] [id=20112]
  0x000001e087e7c430 GCTaskThread "GC Thread#4" [stack: 0x000000d728300000,0x000000d728400000] [id=15504]
  0x000001e087e7cec0 GCTaskThread "GC Thread#5" [stack: 0x000000d728400000,0x000000d728500000] [id=23400]
  0x000001e088c55f70 GCTaskThread "GC Thread#6" [stack: 0x000000d728f00000,0x000000d729000000] [id=24112]
  0x000001e088c55760 GCTaskThread "GC Thread#7" [stack: 0x000000d729000000,0x000000d729100000] [id=18032]
  0x000001e0ead6b5c0 ConcurrentGCThread "G1 Main Marker" [stack: 0x000000d726e00000,0x000000d726f00000] [id=20100]
  0x000001e0ead6c770 ConcurrentGCThread "G1 Conc#0" [stack: 0x000000d726f00000,0x000000d727000000] [id=7340]
  0x000001e088c54740 ConcurrentGCThread "G1 Conc#1" [stack: 0x000000d729100000,0x000000d729200000] [id=9544]
  0x000001e0eadbe3f0 ConcurrentGCThread "G1 Refine#0" [stack: 0x000000d727000000,0x000000d727100000] [id=18340]
  0x000001e08d83d900 ConcurrentGCThread "G1 Refine#1" [stack: 0x000000d72a700000,0x000000d72a800000] [id=19868]
  0x000001e08d83ed20 ConcurrentGCThread "G1 Refine#2" [stack: 0x000000d72a800000,0x000000d72a900000] [id=10296]
  0x000001e08d83fb80 ConcurrentGCThread "G1 Refine#3" [stack: 0x000000d72a900000,0x000000d72aa00000] [id=3780]
  0x000001e08d83f5c0 ConcurrentGCThread "G1 Refine#4" [stack: 0x000000d72aa00000,0x000000d72ab00000] [id=20004]
  0x000001e08d840700 ConcurrentGCThread "G1 Refine#5" [stack: 0x000000d72ab00000,0x000000d72ac00000] [id=7780]
  0x000001e08699a1b0 ConcurrentGCThread "G1 Service" [stack: 0x000000d727100000,0x000000d727200000] [id=15464]

Threads with active compile tasks:
C2 CompilerThread0    22640 10358   !   4       java.util.jar.Attributes::read (494 bytes)
C2 CompilerThread1    22640 10433  s    4       java.io.BufferedInputStream::read (113 bytes)
C2 CompilerThread2    22640 10197   !   4       com.google.common.reflect.TypeVisitor::visit (244 bytes)

VM state: at safepoint (normal execution)

VM Mutex/Monitor currently owned by a thread:  ([mutex/lock_event])
[0x000001e0eacbbb60] Threads_lock - owner thread: 0x000001e086ae7730
[0x000001e0eacba840] Heap_lock - owner thread: 0x000001e0ead6b5c0

Heap address: 0x0000000080000000, size: 2048 MB, Compressed Oops mode: 32-bit

CDS archive(s) not mapped
Compressed class space mapped at: 0x0000000100000000-0x0000000140000000, reserved size: 1073741824
Narrow klass base: 0x0000000000000000, Narrow klass shift: 3, Narrow klass range: 0x140000000

GC Precious Log:
 CPUs: 8 total, 8 available
 Memory: 16194M
 Large Page Support: Disabled
 NUMA Support: Disabled
 Compressed Oops: Enabled (32-bit)
 Heap Region Size: 1M
 Heap Min Capacity: 8M
 Heap Initial Capacity: 254M
 Heap Max Capacity: 2G
 Pre-touch: Disabled
 Parallel Workers: 8
 Concurrent Workers: 2
 Concurrent Refinement Workers: 8
 Periodic GC: Disabled

Heap:
 garbage-first heap   total 218112K, used 146710K [0x0000000080000000, 0x0000000100000000)
  region size 1024K, 11 young (11264K), 2 survivors (2048K)
 Metaspace       used 130232K, committed 131008K, reserved 1163264K
  class space    used 16955K, committed 17280K, reserved 1048576K

Heap Regions: E=young(eden), S=young(survivor), O=old, HS=humongous(starts), HC=humongous(continues), CS=collection set, F=free, OA=open archive, CA=closed archive, TAMS=top-at-mark-start (previous, next)
|   0|0x0000000080000000, 0x0000000080100000, 0x0000000080100000|100%|HS|  |TAMS 0x0000000080100000, 0x0000000080000000| Complete 
|   1|0x0000000080100000, 0x0000000080200000, 0x0000000080200000|100%|HC|  |TAMS 0x0000000080200000, 0x0000000080100000| Complete 
|   2|0x0000000080200000, 0x0000000080300000, 0x0000000080300000|100%|HC|  |TAMS 0x0000000080300000, 0x0000000080200000| Complete 
|   3|0x0000000080300000, 0x0000000080400000, 0x0000000080400000|100%|HC|  |TAMS 0x0000000080400000, 0x0000000080300000| Complete 
|   4|0x0000000080400000, 0x0000000080500000, 0x0000000080500000|100%| O|  |TAMS 0x0000000080500000, 0x0000000080400000| Untracked 
|   5|0x0000000080500000, 0x0000000080600000, 0x0000000080600000|100%| O|  |TAMS 0x0000000080600000, 0x0000000080500000| Untracked 
|   6|0x0000000080600000, 0x0000000080700000, 0x0000000080700000|100%| O|  |TAMS 0x0000000080700000, 0x0000000080600000| Untracked 
|   7|0x0000000080700000, 0x0000000080800000, 0x0000000080800000|100%| O|  |TAMS 0x0000000080800000, 0x0000000080700000| Untracked 
|   8|0x0000000080800000, 0x0000000080900000, 0x0000000080900000|100%| O|  |TAMS 0x0000000080900000, 0x0000000080800000| Untracked 
|   9|0x0000000080900000, 0x0000000080a00000, 0x0000000080a00000|100%| O|  |TAMS 0x0000000080a00000, 0x0000000080900000| Untracked 
|  10|0x0000000080a00000, 0x0000000080b00000, 0x0000000080b00000|100%| O|  |TAMS 0x0000000080b00000, 0x0000000080a00000| Untracked 
|  11|0x0000000080b00000, 0x0000000080c00000, 0x0000000080c00000|100%| O|  |TAMS 0x0000000080c00000, 0x0000000080b00000| Untracked 
|  12|0x0000000080c00000, 0x0000000080d00000, 0x0000000080d00000|100%| O|  |TAMS 0x0000000080d00000, 0x0000000080c00000| Untracked 
|  13|0x0000000080d00000, 0x0000000080e00000, 0x0000000080e00000|100%| O|  |TAMS 0x0000000080e00000, 0x0000000080d00000| Untracked 
|  14|0x0000000080e00000, 0x0000000080f00000, 0x0000000080f00000|100%| O|  |TAMS 0x0000000080f00000, 0x0000000080e00000| Untracked 
|  15|0x0000000080f00000, 0x0000000081000000, 0x0000000081000000|100%| O|  |TAMS 0x0000000081000000, 0x0000000080f00000| Untracked 
|  16|0x0000000081000000, 0x0000000081100000, 0x0000000081100000|100%| O|  |TAMS 0x0000000081100000, 0x0000000081000000| Untracked 
|  17|0x0000000081100000, 0x0000000081200000, 0x0000000081200000|100%| O|  |TAMS 0x0000000081200000, 0x0000000081100000| Untracked 
|  18|0x0000000081200000, 0x0000000081300000, 0x0000000081300000|100%| O|  |TAMS 0x0000000081300000, 0x0000000081200000| Untracked 
|  19|0x0000000081300000, 0x0000000081400000, 0x0000000081400000|100%| O|  |TAMS 0x0000000081400000, 0x0000000081300000| Untracked 
|  20|0x0000000081400000, 0x0000000081500000, 0x0000000081500000|100%| O|  |TAMS 0x0000000081500000, 0x0000000081400000| Untracked 
|  21|0x0000000081500000, 0x0000000081600000, 0x0000000081600000|100%|HS|  |TAMS 0x0000000081600000, 0x0000000081500000| Complete 
|  22|0x0000000081600000, 0x0000000081700000, 0x0000000081700000|100%|HC|  |TAMS 0x0000000081700000, 0x0000000081600000| Complete 
|  23|0x0000000081700000, 0x0000000081800000, 0x0000000081800000|100%|HS|  |TAMS 0x0000000081800000, 0x0000000081700000| Complete 
|  24|0x0000000081800000, 0x0000000081900000, 0x0000000081900000|100%|HC|  |TAMS 0x0000000081900000, 0x0000000081800000| Complete 
|  25|0x0000000081900000, 0x0000000081a00000, 0x0000000081a00000|100%|HC|  |TAMS 0x0000000081a00000, 0x0000000081900000| Complete 
|  26|0x0000000081a00000, 0x0000000081b00000, 0x0000000081b00000|100%|HS|  |TAMS 0x0000000081b00000, 0x0000000081a00000| Complete 
|  27|0x0000000081b00000, 0x0000000081c00000, 0x0000000081c00000|100%|HC|  |TAMS 0x0000000081c00000, 0x0000000081b00000| Complete 
|  28|0x0000000081c00000, 0x0000000081d00000, 0x0000000081d00000|100%|HC|  |TAMS 0x0000000081d00000, 0x0000000081c00000| Complete 
|  29|0x0000000081d00000, 0x0000000081e00000, 0x0000000081e00000|100%| O|  |TAMS 0x0000000081e00000, 0x0000000081d00000| Untracked 
|  30|0x0000000081e00000, 0x0000000081f00000, 0x0000000081f00000|100%| O|  |TAMS 0x0000000081f00000, 0x0000000081e00000| Untracked 
|  31|0x0000000081f00000, 0x0000000082000000, 0x0000000082000000|100%| O|  |TAMS 0x0000000082000000, 0x0000000081f00000| Untracked 
|  32|0x0000000082000000, 0x0000000082100000, 0x0000000082100000|100%|HS|  |TAMS 0x0000000082100000, 0x0000000082000000| Complete 
|  33|0x0000000082100000, 0x0000000082200000, 0x0000000082200000|100%|HC|  |TAMS 0x0000000082200000, 0x0000000082100000| Complete 
|  34|0x0000000082200000, 0x0000000082300000, 0x0000000082300000|100%| O|  |TAMS 0x0000000082300000, 0x0000000082200000| Untracked 
|  35|0x0000000082300000, 0x0000000082400000, 0x0000000082400000|100%| O|  |TAMS 0x0000000082400000, 0x0000000082300000| Untracked 
|  36|0x0000000082400000, 0x0000000082500000, 0x0000000082500000|100%| O|  |TAMS 0x0000000082500000, 0x0000000082400000| Untracked 
|  37|0x0000000082500000, 0x0000000082600000, 0x0000000082600000|100%| O|  |TAMS 0x0000000082600000, 0x0000000082500000| Untracked 
|  38|0x0000000082600000, 0x0000000082700000, 0x0000000082700000|100%| O|  |TAMS 0x0000000082700000, 0x0000000082600000| Untracked 
|  39|0x0000000082700000, 0x0000000082800000, 0x0000000082800000|100%| O|  |TAMS 0x0000000082800000, 0x0000000082700000| Untracked 
|  40|0x0000000082800000, 0x0000000082900000, 0x0000000082900000|100%| O|  |TAMS 0x0000000082900000, 0x0000000082800000| Untracked 
|  41|0x0000000082900000, 0x0000000082a00000, 0x0000000082a00000|100%| O|  |TAMS 0x0000000082a00000, 0x0000000082900000| Untracked 
|  42|0x0000000082a00000, 0x0000000082b00000, 0x0000000082b00000|100%| O|  |TAMS 0x0000000082b00000, 0x0000000082a00000| Untracked 
|  43|0x0000000082b00000, 0x0000000082c00000, 0x0000000082c00000|100%| O|  |TAMS 0x0000000082c00000, 0x0000000082b00000| Untracked 
|  44|0x0000000082c00000, 0x0000000082d00000, 0x0000000082d00000|100%|HS|  |TAMS 0x0000000082d00000, 0x0000000082c00000| Complete 
|  45|0x0000000082d00000, 0x0000000082e00000, 0x0000000082e00000|100%|HC|  |TAMS 0x0000000082e00000, 0x0000000082d00000| Complete 
|  46|0x0000000082e00000, 0x0000000082f00000, 0x0000000082f00000|100%|HC|  |TAMS 0x0000000082f00000, 0x0000000082e00000| Complete 
|  47|0x0000000082f00000, 0x0000000083000000, 0x0000000083000000|100%|HC|  |TAMS 0x0000000083000000, 0x0000000082f00000| Complete 
|  48|0x0000000083000000, 0x0000000083100000, 0x0000000083100000|100%|HC|  |TAMS 0x0000000083100000, 0x0000000083000000| Complete 
|  49|0x0000000083100000, 0x0000000083200000, 0x0000000083200000|100%|HC|  |TAMS 0x0000000083200000, 0x0000000083100000| Complete 
|  50|0x0000000083200000, 0x0000000083300000, 0x0000000083300000|100%|HC|  |TAMS 0x0000000083300000, 0x0000000083200000| Complete 
|  51|0x0000000083300000, 0x0000000083400000, 0x0000000083400000|100%|HC|  |TAMS 0x0000000083400000, 0x0000000083300000| Complete 
|  52|0x0000000083400000, 0x0000000083500000, 0x0000000083500000|100%|HC|  |TAMS 0x0000000083500000, 0x0000000083400000| Complete 
|  53|0x0000000083500000, 0x0000000083600000, 0x0000000083600000|100%|HC|  |TAMS 0x0000000083600000, 0x0000000083500000| Complete 
|  54|0x0000000083600000, 0x0000000083700000, 0x0000000083700000|100%|HC|  |TAMS 0x0000000083700000, 0x0000000083600000| Complete 
|  55|0x0000000083700000, 0x0000000083800000, 0x0000000083800000|100%|HC|  |TAMS 0x0000000083800000, 0x0000000083700000| Complete 
|  56|0x0000000083800000, 0x0000000083900000, 0x0000000083900000|100%|HS|  |TAMS 0x0000000083900000, 0x0000000083800000| Complete 
|  57|0x0000000083900000, 0x0000000083a00000, 0x0000000083a00000|100%|HC|  |TAMS 0x0000000083a00000, 0x0000000083900000| Complete 
|  58|0x0000000083a00000, 0x0000000083b00000, 0x0000000083b00000|100%|HC|  |TAMS 0x0000000083b00000, 0x0000000083a00000| Complete 
|  59|0x0000000083b00000, 0x0000000083c00000, 0x0000000083c00000|100%|HS|  |TAMS 0x0000000083c00000, 0x0000000083b00000| Complete 
|  60|0x0000000083c00000, 0x0000000083d00000, 0x0000000083d00000|100%|HC|  |TAMS 0x0000000083d00000, 0x0000000083c00000| Complete 
|  61|0x0000000083d00000, 0x0000000083e00000, 0x0000000083e00000|100%|HC|  |TAMS 0x0000000083e00000, 0x0000000083d00000| Complete 
|  62|0x0000000083e00000, 0x0000000083f00000, 0x0000000083f00000|100%| O|  |TAMS 0x0000000083f00000, 0x0000000083e00000| Updating 
|  63|0x0000000083f00000, 0x0000000084000000, 0x0000000084000000|100%| O|  |TAMS 0x0000000084000000, 0x0000000083f00000| Updating 
|  64|0x0000000084000000, 0x0000000084100000, 0x0000000084100000|100%| O|  |TAMS 0x0000000084100000, 0x0000000084000000| Updating 
|  65|0x0000000084100000, 0x0000000084200000, 0x0000000084200000|100%| O|  |TAMS 0x0000000084200000, 0x0000000084100000| Untracked 
|  66|0x0000000084200000, 0x0000000084300000, 0x0000000084300000|100%| O|  |TAMS 0x0000000084300000, 0x0000000084200000| Untracked 
|  67|0x0000000084300000, 0x0000000084400000, 0x0000000084400000|100%|HS|  |TAMS 0x0000000084400000, 0x0000000084300000| Complete 
|  68|0x0000000084400000, 0x0000000084500000, 0x0000000084500000|100%|HC|  |TAMS 0x0000000084500000, 0x0000000084400000| Complete 
|  69|0x0000000084500000, 0x0000000084600000, 0x0000000084600000|100%|HC|  |TAMS 0x0000000084600000, 0x0000000084500000| Complete 
|  70|0x0000000084600000, 0x0000000084700000, 0x0000000084700000|100%|HC|  |TAMS 0x0000000084700000, 0x0000000084600000| Complete 
|  71|0x0000000084700000, 0x0000000084800000, 0x0000000084800000|100%| O|  |TAMS 0x0000000084800000, 0x0000000084700000| Untracked 
|  72|0x0000000084800000, 0x0000000084900000, 0x0000000084900000|100%| O|  |TAMS 0x0000000084900000, 0x0000000084800000| Untracked 
|  73|0x0000000084900000, 0x0000000084a00000, 0x0000000084a00000|100%| O|  |TAMS 0x0000000084a00000, 0x0000000084900000| Untracked 
|  74|0x0000000084a00000, 0x0000000084b00000, 0x0000000084b00000|100%| O|  |TAMS 0x0000000084b00000, 0x0000000084a00000| Untracked 
|  75|0x0000000084b00000, 0x0000000084c00000, 0x0000000084c00000|100%| O|  |TAMS 0x0000000084c00000, 0x0000000084b00000| Updating 
|  76|0x0000000084c00000, 0x0000000084d00000, 0x0000000084d00000|100%| O|  |TAMS 0x0000000084d00000, 0x0000000084c00000| Untracked 
|  77|0x0000000084d00000, 0x0000000084e00000, 0x0000000084e00000|100%| O|  |TAMS 0x0000000084e00000, 0x0000000084d00000| Untracked 
|  78|0x0000000084e00000, 0x0000000084f00000, 0x0000000084f00000|100%| O|  |TAMS 0x0000000084f00000, 0x0000000084e00000| Untracked 
|  79|0x0000000084f00000, 0x0000000085000000, 0x0000000085000000|100%| O|  |TAMS 0x0000000085000000, 0x0000000084f00000| Untracked 
|  80|0x0000000085000000, 0x0000000085100000, 0x0000000085100000|100%| O|  |TAMS 0x0000000085100000, 0x0000000085000000| Untracked 
|  81|0x0000000085100000, 0x0000000085200000, 0x0000000085200000|100%| O|  |TAMS 0x0000000085200000, 0x0000000085100000| Untracked 
|  82|0x0000000085200000, 0x0000000085300000, 0x0000000085300000|100%| O|  |TAMS 0x0000000085300000, 0x0000000085200000| Untracked 
|  83|0x0000000085300000, 0x0000000085400000, 0x0000000085400000|100%| O|  |TAMS 0x0000000085400000, 0x0000000085300000| Updating 
|  84|0x0000000085400000, 0x0000000085500000, 0x0000000085500000|100%|HS|  |TAMS 0x0000000085500000, 0x0000000085400000| Complete 
|  85|0x0000000085500000, 0x0000000085600000, 0x0000000085600000|100%|HC|  |TAMS 0x0000000085600000, 0x0000000085500000| Complete 
|  86|0x0000000085600000, 0x0000000085700000, 0x0000000085700000|100%|HC|  |TAMS 0x0000000085700000, 0x0000000085600000| Complete 
|  87|0x0000000085700000, 0x0000000085800000, 0x0000000085800000|100%|HC|  |TAMS 0x0000000085800000, 0x0000000085700000| Complete 
|  88|0x0000000085800000, 0x0000000085900000, 0x0000000085900000|100%|HC|  |TAMS 0x0000000085900000, 0x0000000085800000| Complete 
|  89|0x0000000085900000, 0x0000000085a00000, 0x0000000085a00000|100%|HC|  |TAMS 0x0000000085a00000, 0x0000000085900000| Complete 
|  90|0x0000000085a00000, 0x0000000085b00000, 0x0000000085b00000|100%| O|  |TAMS 0x0000000085b00000, 0x0000000085a00000| Updating 
|  91|0x0000000085b00000, 0x0000000085c00000, 0x0000000085c00000|100%| O|  |TAMS 0x0000000085c00000, 0x0000000085b00000| Updating 
|  92|0x0000000085c00000, 0x0000000085d00000, 0x0000000085d00000|100%| O|  |TAMS 0x0000000085d00000, 0x0000000085c00000| Untracked 
|  93|0x0000000085d00000, 0x0000000085e00000, 0x0000000085e00000|100%| O|  |TAMS 0x0000000085e00000, 0x0000000085d00000| Updating 
|  94|0x0000000085e00000, 0x0000000085f00000, 0x0000000085f00000|100%| O|  |TAMS 0x0000000085f00000, 0x0000000085e00000| Untracked 
|  95|0x0000000085f00000, 0x0000000086000000, 0x0000000086000000|100%|HS|  |TAMS 0x0000000085f00000, 0x0000000085f00000| Complete 
|  96|0x0000000086000000, 0x0000000086100000, 0x0000000086100000|100%| O|  |TAMS 0x0000000086100000, 0x0000000086000000| Updating 
|  97|0x0000000086100000, 0x0000000086200000, 0x0000000086200000|100%| O|  |TAMS 0x0000000086200000, 0x0000000086100000| Updating 
|  98|0x0000000086200000, 0x0000000086300000, 0x0000000086300000|100%| O|  |TAMS 0x0000000086300000, 0x0000000086200000| Updating 
|  99|0x0000000086300000, 0x0000000086400000, 0x0000000086400000|100%| O|  |TAMS 0x0000000086400000, 0x0000000086300000| Updating 
| 100|0x0000000086400000, 0x0000000086500000, 0x0000000086500000|100%| O|  |TAMS 0x0000000086500000, 0x0000000086400000| Updating 
| 101|0x0000000086500000, 0x0000000086600000, 0x0000000086600000|100%| O|  |TAMS 0x0000000086600000, 0x0000000086500000| Updating 
| 102|0x0000000086600000, 0x0000000086700000, 0x0000000086700000|100%| O|  |TAMS 0x0000000086700000, 0x0000000086600000| Updating 
| 103|0x0000000086700000, 0x0000000086800000, 0x0000000086800000|100%| O|  |TAMS 0x0000000086800000, 0x0000000086700000| Updating 
| 104|0x0000000086800000, 0x0000000086900000, 0x0000000086900000|100%| O|  |TAMS 0x0000000086900000, 0x0000000086800000| Updating 
| 105|0x0000000086900000, 0x0000000086a00000, 0x0000000086a00000|100%| O|  |TAMS 0x0000000086a00000, 0x0000000086900000| Updating 
| 106|0x0000000086a00000, 0x0000000086b00000, 0x0000000086b00000|100%| O|  |TAMS 0x0000000086b00000, 0x0000000086a00000| Updating 
| 107|0x0000000086b00000, 0x0000000086c00000, 0x0000000086c00000|100%| O|  |TAMS 0x0000000086c00000, 0x0000000086b00000| Updating 
| 108|0x0000000086c00000, 0x0000000086d00000, 0x0000000086d00000|100%| O|  |TAMS 0x0000000086d00000, 0x0000000086c00000| Updating 
| 109|0x0000000086d00000, 0x0000000086e00000, 0x0000000086e00000|100%| O|  |TAMS 0x0000000086e00000, 0x0000000086d00000| Updating 
| 110|0x0000000086e00000, 0x0000000086f00000, 0x0000000086f00000|100%| O|  |TAMS 0x0000000086f00000, 0x0000000086e00000| Updating 
| 111|0x0000000086f00000, 0x0000000087000000, 0x0000000087000000|100%| O|  |TAMS 0x0000000087000000, 0x0000000086f00000| Untracked 
| 112|0x0000000087000000, 0x0000000087100000, 0x0000000087100000|100%| O|  |TAMS 0x0000000087100000, 0x0000000087000000| Untracked 
| 113|0x0000000087100000, 0x0000000087200000, 0x0000000087200000|100%| O|  |TAMS 0x0000000087200000, 0x0000000087100000| Updating 
| 114|0x0000000087200000, 0x0000000087300000, 0x0000000087300000|100%| O|  |TAMS 0x0000000087300000, 0x0000000087200000| Updating 
| 115|0x0000000087300000, 0x0000000087400000, 0x0000000087400000|100%|HS|  |TAMS 0x0000000087400000, 0x0000000087300000| Complete 
| 116|0x0000000087400000, 0x0000000087500000, 0x0000000087500000|100%|HS|  |TAMS 0x0000000087500000, 0x0000000087400000| Complete 
| 117|0x0000000087500000, 0x0000000087600000, 0x0000000087600000|100%|HS|  |TAMS 0x0000000087600000, 0x0000000087500000| Complete 
| 118|0x0000000087600000, 0x0000000087700000, 0x0000000087700000|100%| O|  |TAMS 0x0000000087700000, 0x0000000087600000| Untracked 
| 119|0x0000000087700000, 0x0000000087800000, 0x0000000087800000|100%| O|  |TAMS 0x0000000087800000, 0x0000000087700000| Untracked 
| 120|0x0000000087800000, 0x0000000087900000, 0x0000000087900000|100%| O|  |TAMS 0x0000000087900000, 0x0000000087800000| Updating 
| 121|0x0000000087900000, 0x0000000087a00000, 0x0000000087a00000|100%| O|  |TAMS 0x0000000087a00000, 0x0000000087900000| Untracked 
| 122|0x0000000087a00000, 0x0000000087b00000, 0x0000000087b00000|100%| O|  |TAMS 0x0000000087b00000, 0x0000000087a00000| Untracked 
| 123|0x0000000087b00000, 0x0000000087c00000, 0x0000000087c00000|100%| O|  |TAMS 0x0000000087c00000, 0x0000000087b00000| Untracked 
| 124|0x0000000087c00000, 0x0000000087d00000, 0x0000000087d00000|100%| O|  |TAMS 0x0000000087d00000, 0x0000000087c00000| Untracked 
| 125|0x0000000087d00000, 0x0000000087e00000, 0x0000000087e00000|100%| O|  |TAMS 0x0000000087e00000, 0x0000000087d00000| Untracked 
| 126|0x0000000087e00000, 0x0000000087f00000, 0x0000000087f00000|100%| O|  |TAMS 0x0000000087f00000, 0x0000000087e00000| Untracked 
| 127|0x0000000087f00000, 0x0000000088000000, 0x0000000088000000|100%| O|  |TAMS 0x0000000088000000, 0x0000000087f00000| Untracked 
| 128|0x0000000088000000, 0x0000000088063c00, 0x0000000088100000| 38%| O|  |TAMS 0x0000000088063c00, 0x0000000088000000| Updating 
| 129|0x0000000088100000, 0x0000000088200000, 0x0000000088200000|100%|HS|  |TAMS 0x0000000088100000, 0x0000000088100000| Complete 
| 130|0x0000000088200000, 0x0000000088300000, 0x0000000088300000|100%|HS|  |TAMS 0x0000000088200000, 0x0000000088200000| Complete 
| 131|0x0000000088300000, 0x0000000088400000, 0x0000000088400000|100%|HS|  |TAMS 0x0000000088300000, 0x0000000088300000| Complete 
| 132|0x0000000088400000, 0x0000000088500000, 0x0000000088500000|100%|HS|  |TAMS 0x0000000088400000, 0x0000000088400000| Complete 
| 133|0x0000000088500000, 0x0000000088600000, 0x0000000088600000|100%|HS|  |TAMS 0x0000000088500000, 0x0000000088500000| Complete 
| 134|0x0000000088600000, 0x0000000088600000, 0x0000000088700000|  0%| F|  |TAMS 0x0000000088600000, 0x0000000088600000| Untracked 
| 135|0x0000000088700000, 0x0000000088700000, 0x0000000088800000|  0%| F|  |TAMS 0x0000000088700000, 0x0000000088700000| Untracked 
| 136|0x0000000088800000, 0x0000000088800000, 0x0000000088900000|  0%| F|  |TAMS 0x0000000088800000, 0x0000000088800000| Untracked 
| 137|0x0000000088900000, 0x0000000088900000, 0x0000000088a00000|  0%| F|  |TAMS 0x0000000088900000, 0x0000000088900000| Untracked 
| 138|0x0000000088a00000, 0x0000000088a00000, 0x0000000088b00000|  0%| F|  |TAMS 0x0000000088a00000, 0x0000000088a00000| Untracked 
| 139|0x0000000088b00000, 0x0000000088b00000, 0x0000000088c00000|  0%| F|  |TAMS 0x0000000088b00000, 0x0000000088b00000| Untracked 
| 140|0x0000000088c00000, 0x0000000088c00000, 0x0000000088d00000|  0%| F|  |TAMS 0x0000000088c00000, 0x0000000088c00000| Untracked 
| 141|0x0000000088d00000, 0x0000000088d00000, 0x0000000088e00000|  0%| F|  |TAMS 0x0000000088d00000, 0x0000000088d00000| Untracked 
| 142|0x0000000088e00000, 0x0000000088e00000, 0x0000000088f00000|  0%| F|  |TAMS 0x0000000088e00000, 0x0000000088e00000| Untracked 
| 143|0x0000000088f00000, 0x0000000088f00000, 0x0000000089000000|  0%| F|  |TAMS 0x0000000088f00000, 0x0000000088f00000| Untracked 
| 144|0x0000000089000000, 0x0000000089000000, 0x0000000089100000|  0%| F|  |TAMS 0x0000000089000000, 0x0000000089000000| Untracked 
| 145|0x0000000089100000, 0x0000000089100000, 0x0000000089200000|  0%| F|  |TAMS 0x0000000089100000, 0x0000000089100000| Untracked 
| 146|0x0000000089200000, 0x0000000089200000, 0x0000000089300000|  0%| F|  |TAMS 0x0000000089200000, 0x0000000089200000| Untracked 
| 147|0x0000000089300000, 0x0000000089300000, 0x0000000089400000|  0%| F|  |TAMS 0x0000000089300000, 0x0000000089300000| Untracked 
| 148|0x0000000089400000, 0x0000000089400000, 0x0000000089500000|  0%| F|  |TAMS 0x0000000089400000, 0x0000000089400000| Untracked 
| 149|0x0000000089500000, 0x0000000089500000, 0x0000000089600000|  0%| F|  |TAMS 0x0000000089500000, 0x0000000089500000| Untracked 
| 150|0x0000000089600000, 0x0000000089600000, 0x0000000089700000|  0%| F|  |TAMS 0x0000000089600000, 0x0000000089600000| Untracked 
| 151|0x0000000089700000, 0x0000000089700000, 0x0000000089800000|  0%| F|  |TAMS 0x0000000089700000, 0x0000000089700000| Untracked 
| 152|0x0000000089800000, 0x0000000089800000, 0x0000000089900000|  0%| F|  |TAMS 0x0000000089800000, 0x0000000089800000| Untracked 
| 153|0x0000000089900000, 0x0000000089900000, 0x0000000089a00000|  0%| F|  |TAMS 0x0000000089900000, 0x0000000089900000| Untracked 
| 154|0x0000000089a00000, 0x0000000089a00000, 0x0000000089b00000|  0%| F|  |TAMS 0x0000000089a00000, 0x0000000089a00000| Untracked 
| 155|0x0000000089b00000, 0x0000000089b00000, 0x0000000089c00000|  0%| F|  |TAMS 0x0000000089b00000, 0x0000000089b00000| Untracked 
| 156|0x0000000089c00000, 0x0000000089c00000, 0x0000000089d00000|  0%| F|  |TAMS 0x0000000089c00000, 0x0000000089c00000| Untracked 
| 157|0x0000000089d00000, 0x0000000089d00000, 0x0000000089e00000|  0%| F|  |TAMS 0x0000000089d00000, 0x0000000089d00000| Untracked 
| 158|0x0000000089e00000, 0x0000000089e00000, 0x0000000089f00000|  0%| F|  |TAMS 0x0000000089e00000, 0x0000000089e00000| Untracked 
| 159|0x0000000089f00000, 0x0000000089f00000, 0x000000008a000000|  0%| F|  |TAMS 0x0000000089f00000, 0x0000000089f00000| Untracked 
| 160|0x000000008a000000, 0x000000008a000000, 0x000000008a100000|  0%| F|  |TAMS 0x000000008a000000, 0x000000008a000000| Untracked 
| 161|0x000000008a100000, 0x000000008a100000, 0x000000008a200000|  0%| F|  |TAMS 0x000000008a100000, 0x000000008a100000| Untracked 
| 162|0x000000008a200000, 0x000000008a200000, 0x000000008a300000|  0%| F|  |TAMS 0x000000008a200000, 0x000000008a200000| Untracked 
| 163|0x000000008a300000, 0x000000008a300000, 0x000000008a400000|  0%| F|  |TAMS 0x000000008a300000, 0x000000008a300000| Untracked 
| 164|0x000000008a400000, 0x000000008a400000, 0x000000008a500000|  0%| F|  |TAMS 0x000000008a400000, 0x000000008a400000| Untracked 
| 165|0x000000008a500000, 0x000000008a500000, 0x000000008a600000|  0%| F|  |TAMS 0x000000008a500000, 0x000000008a500000| Untracked 
| 166|0x000000008a600000, 0x000000008a600000, 0x000000008a700000|  0%| F|  |TAMS 0x000000008a600000, 0x000000008a600000| Untracked 
| 167|0x000000008a700000, 0x000000008a700000, 0x000000008a800000|  0%| F|  |TAMS 0x000000008a700000, 0x000000008a700000| Untracked 
| 168|0x000000008a800000, 0x000000008a800000, 0x000000008a900000|  0%| F|  |TAMS 0x000000008a800000, 0x000000008a800000| Untracked 
| 169|0x000000008a900000, 0x000000008a900000, 0x000000008aa00000|  0%| F|  |TAMS 0x000000008a900000, 0x000000008a900000| Untracked 
| 170|0x000000008aa00000, 0x000000008aa00000, 0x000000008ab00000|  0%| F|  |TAMS 0x000000008aa00000, 0x000000008aa00000| Untracked 
| 171|0x000000008ab00000, 0x000000008ab00000, 0x000000008ac00000|  0%| F|  |TAMS 0x000000008ab00000, 0x000000008ab00000| Untracked 
| 172|0x000000008ac00000, 0x000000008ac00000, 0x000000008ad00000|  0%| F|  |TAMS 0x000000008ac00000, 0x000000008ac00000| Untracked 
| 173|0x000000008ad00000, 0x000000008ad00000, 0x000000008ae00000|  0%| F|  |TAMS 0x000000008ad00000, 0x000000008ad00000| Untracked 
| 174|0x000000008ae00000, 0x000000008ae00000, 0x000000008af00000|  0%| F|  |TAMS 0x000000008ae00000, 0x000000008ae00000| Untracked 
| 175|0x000000008af00000, 0x000000008af00000, 0x000000008b000000|  0%| F|  |TAMS 0x000000008af00000, 0x000000008af00000| Untracked 
| 176|0x000000008b000000, 0x000000008b000000, 0x000000008b100000|  0%| F|  |TAMS 0x000000008b000000, 0x000000008b000000| Untracked 
| 177|0x000000008b100000, 0x000000008b100000, 0x000000008b200000|  0%| F|  |TAMS 0x000000008b100000, 0x000000008b100000| Untracked 
| 178|0x000000008b200000, 0x000000008b200000, 0x000000008b300000|  0%| F|  |TAMS 0x000000008b200000, 0x000000008b200000| Untracked 
| 179|0x000000008b300000, 0x000000008b300000, 0x000000008b400000|  0%| F|  |TAMS 0x000000008b300000, 0x000000008b300000| Untracked 
| 180|0x000000008b400000, 0x000000008b400000, 0x000000008b500000|  0%| F|  |TAMS 0x000000008b400000, 0x000000008b400000| Untracked 
| 181|0x000000008b500000, 0x000000008b500000, 0x000000008b600000|  0%| F|  |TAMS 0x000000008b500000, 0x000000008b500000| Untracked 
| 182|0x000000008b600000, 0x000000008b600000, 0x000000008b700000|  0%| F|  |TAMS 0x000000008b600000, 0x000000008b600000| Untracked 
| 183|0x000000008b700000, 0x000000008b700000, 0x000000008b800000|  0%| F|  |TAMS 0x000000008b700000, 0x000000008b700000| Untracked 
| 184|0x000000008b800000, 0x000000008b800000, 0x000000008b900000|  0%| F|  |TAMS 0x000000008b800000, 0x000000008b800000| Untracked 
| 185|0x000000008b900000, 0x000000008b900000, 0x000000008ba00000|  0%| F|  |TAMS 0x000000008b900000, 0x000000008b900000| Untracked 
| 186|0x000000008ba00000, 0x000000008ba00000, 0x000000008bb00000|  0%| F|  |TAMS 0x000000008ba00000, 0x000000008ba00000| Untracked 
| 187|0x000000008bb00000, 0x000000008bb00000, 0x000000008bc00000|  0%| F|  |TAMS 0x000000008bb00000, 0x000000008bb00000| Untracked 
| 188|0x000000008bc00000, 0x000000008bc00000, 0x000000008bd00000|  0%| F|  |TAMS 0x000000008bc00000, 0x000000008bc00000| Untracked 
| 189|0x000000008bd00000, 0x000000008bd00000, 0x000000008be00000|  0%| F|  |TAMS 0x000000008bd00000, 0x000000008bd00000| Untracked 
| 190|0x000000008be00000, 0x000000008be00000, 0x000000008bf00000|  0%| F|  |TAMS 0x000000008be00000, 0x000000008be00000| Untracked 
| 191|0x000000008bf00000, 0x000000008bf00000, 0x000000008c000000|  0%| F|  |TAMS 0x000000008bf00000, 0x000000008bf00000| Untracked 
| 192|0x000000008c000000, 0x000000008c000000, 0x000000008c100000|  0%| F|  |TAMS 0x000000008c000000, 0x000000008c000000| Untracked 
| 193|0x000000008c100000, 0x000000008c100000, 0x000000008c200000|  0%| F|  |TAMS 0x000000008c100000, 0x000000008c100000| Untracked 
| 194|0x000000008c200000, 0x000000008c200000, 0x000000008c300000|  0%| F|  |TAMS 0x000000008c200000, 0x000000008c200000| Untracked 
| 195|0x000000008c300000, 0x000000008c300000, 0x000000008c400000|  0%| F|  |TAMS 0x000000008c300000, 0x000000008c300000| Untracked 
| 196|0x000000008c400000, 0x000000008c4e1f50, 0x000000008c500000| 88%| S|CS|TAMS 0x000000008c400000, 0x000000008c400000| Complete 
| 197|0x000000008c500000, 0x000000008c600000, 0x000000008c600000|100%| S|CS|TAMS 0x000000008c500000, 0x000000008c500000| Complete 
| 198|0x000000008c600000, 0x000000008c600000, 0x000000008c700000|  0%| F|  |TAMS 0x000000008c600000, 0x000000008c600000| Untracked 
| 199|0x000000008c700000, 0x000000008c700000, 0x000000008c800000|  0%| F|  |TAMS 0x000000008c700000, 0x000000008c700000| Untracked 
| 200|0x000000008c800000, 0x000000008c800000, 0x000000008c900000|  0%| F|  |TAMS 0x000000008c800000, 0x000000008c800000| Untracked 
| 201|0x000000008c900000, 0x000000008c900000, 0x000000008ca00000|  0%| F|  |TAMS 0x000000008c900000, 0x000000008c900000| Untracked 
| 202|0x000000008ca00000, 0x000000008ca00000, 0x000000008cb00000|  0%| F|  |TAMS 0x000000008ca00000, 0x000000008ca00000| Untracked 
| 203|0x000000008cb00000, 0x000000008cb00000, 0x000000008cc00000|  0%| F|  |TAMS 0x000000008cb00000, 0x000000008cb00000| Untracked 
| 204|0x000000008cc00000, 0x000000008cd00000, 0x000000008cd00000|100%| E|  |TAMS 0x000000008cc00000, 0x000000008cc00000| Complete 
| 205|0x000000008cd00000, 0x000000008ce00000, 0x000000008ce00000|100%| E|CS|TAMS 0x000000008cd00000, 0x000000008cd00000| Complete 
| 206|0x000000008ce00000, 0x000000008cf00000, 0x000000008cf00000|100%| E|CS|TAMS 0x000000008ce00000, 0x000000008ce00000| Complete 
| 207|0x000000008cf00000, 0x000000008d000000, 0x000000008d000000|100%| E|CS|TAMS 0x000000008cf00000, 0x000000008cf00000| Complete 
| 208|0x000000008d000000, 0x000000008d100000, 0x000000008d100000|100%| E|CS|TAMS 0x000000008d000000, 0x000000008d000000| Complete 
| 209|0x000000008d100000, 0x000000008d200000, 0x000000008d200000|100%| E|CS|TAMS 0x000000008d100000, 0x000000008d100000| Complete 
| 210|0x000000008d200000, 0x000000008d300000, 0x000000008d300000|100%| E|CS|TAMS 0x000000008d200000, 0x000000008d200000| Complete 
| 211|0x000000008d300000, 0x000000008d400000, 0x000000008d400000|100%| E|CS|TAMS 0x000000008d300000, 0x000000008d300000| Complete 
| 253|0x000000008fd00000, 0x000000008fe00000, 0x000000008fe00000|100%| E|CS|TAMS 0x000000008fd00000, 0x000000008fd00000| Complete 

Card table byte_map: [0x000001e0ff800000,0x000001e0ffc00000] _byte_map_base: 0x000001e0ff400000

Marking Bits (Prev, Next): (CMBitMap*) 0x000001e0ead5ac90, (CMBitMap*) 0x000001e0ead5acd0
 Prev Bits: [0x000001e080000000, 0x000001e082000000)
 Next Bits: [0x000001e082000000, 0x000001e084000000)

Polling page: 0x000001e0eaba0000

Metaspace:

Usage:
  Non-class:    110.62 MB used.
      Class:     16.56 MB used.
       Both:    127.18 MB used.

Virtual space:
  Non-class space:      112.00 MB reserved,     111.06 MB (>99%) committed,  14 nodes.
      Class space:        1.00 GB reserved,      16.88 MB (  2%) committed,  1 nodes.
             Both:        1.11 GB reserved,     127.94 MB ( 11%) committed. 

Chunk freelists:
   Non-Class:  250.00 KB
       Class:  3.16 MB
        Both:  3.41 MB

MaxMetaspaceSize: unlimited
CompressedClassSpaceSize: 1.00 GB
Initial GC threshold: 21.00 MB
Current GC threshold: 198.88 MB
CDS: off
MetaspaceReclaimPolicy: balanced
 - commit_granule_bytes: 65536.
 - commit_granule_words: 8192.
 - virtual_space_node_default_size: 1048576.
 - enlarge_chunks_in_place: 1.
 - new_chunks_are_fully_committed: 0.
 - uncommit_free_chunks: 1.
 - use_allocation_guard: 0.
 - handle_deallocations: 1.


Internal statistics:

num_allocs_failed_limit: 3.
num_arena_births: 916.
num_arena_deaths: 0.
num_vsnodes_births: 15.
num_vsnodes_deaths: 0.
num_space_committed: 2045.
num_space_uncommitted: 0.
num_chunks_returned_to_freelist: 3.
num_chunks_taken_from_freelist: 5145.
num_chunk_merges: 3.
num_chunk_splits: 3918.
num_chunks_enlarged: 3153.
num_purges: 0.
num_inconsistent_stats: 0.

CodeHeap 'non-profiled nmethods': size=120000Kb used=5059Kb max_used=5059Kb free=114940Kb
 bounds [0x000001e0f7460000, 0x000001e0f7960000, 0x000001e0fe990000]
CodeHeap 'profiled nmethods': size=120000Kb used=17776Kb max_used=17776Kb free=102223Kb
 bounds [0x000001e0ef990000, 0x000001e0f0af0000, 0x000001e0f6ec0000]
CodeHeap 'non-nmethods': size=5760Kb used=2551Kb max_used=2631Kb free=3209Kb
 bounds [0x000001e0f6ec0000, 0x000001e0f7180000, 0x000001e0f7460000]
 total_blobs=10096 nmethods=8984 adapters=1023
 compilation: enabled
              stopped_count=0, restarted_count=0
 full_count=0

Compilation events (20 events):
Event: 22.552 Thread 0x000001e08ba50aa0 nmethod 10384% 0x000001e0f77e6110 code [0x000001e0f77e62a0, 0x000001e0f77e6a18]
Event: 22.553 Thread 0x000001e08ba50aa0 10416       4       java.util.ImmutableCollections$MapN::probe (60 bytes)
Event: 22.572 Thread 0x000001e08748d080 10425       3       java.math.MutableBigInteger::add (346 bytes)
Event: 22.573 Thread 0x000001e08748d080 nmethod 10425 0x000001e0f0ae8810 code [0x000001e0f0ae8a20, 0x000001e0f0ae9448]
Event: 22.573 Thread 0x000001e08748d080 10427       3       java.math.MutableBigInteger::primitiveLeftShift (89 bytes)
Event: 22.573 Thread 0x000001e08748d080 nmethod 10427 0x000001e0f0ae9810 code [0x000001e0f0ae99c0, 0x000001e0f0ae9c38]
Event: 22.573 Thread 0x000001e08748d080 10426       3       java.math.MutableBigInteger::getLowestSetBit (74 bytes)
Event: 22.574 Thread 0x000001e08748d080 nmethod 10426 0x000001e0f0ae9d90 code [0x000001e0f0ae9f60, 0x000001e0f0aea2c8]
Event: 22.577 Thread 0x000001e08ba50aa0 nmethod 10416 0x000001e0f75b9210 code [0x000001e0f75b93c0, 0x000001e0f75b9b98]
Event: 22.577 Thread 0x000001e08ba50aa0 10408 %     4       java.math.BigInteger::shiftLeftImplWorker @ 9 (43 bytes)
Event: 22.584 Thread 0x000001e08748d080 10429       3       java.math.MutableBigInteger::<init> (21 bytes)
Event: 22.584 Thread 0x000001e08748d080 nmethod 10429 0x000001e0f0aea410 code [0x000001e0f0aea5a0, 0x000001e0f0aea778]
Event: 22.585 Thread 0x000001e08748d080 10430       3       java.math.BigInteger::multiplyToLen (20 bytes)
Event: 22.585 Thread 0x000001e08748d080 nmethod 10430 0x000001e0f0aea890 code [0x000001e0f0aeaac0, 0x000001e0f0aeb1e8]
Event: 22.586 Thread 0x000001e08748d080 10431       3       java.math.BigInteger::montgomeryMultiply (54 bytes)
Event: 22.586 Thread 0x000001e08748d080 nmethod 10431 0x000001e0f0aeb510 code [0x000001e0f0aeb700, 0x000001e0f0aebb18]
Event: 22.586 Thread 0x000001e08748d080 10432       3       java.math.BigInteger::implMontgomeryMultiply (22 bytes)
Event: 22.587 Thread 0x000001e08748d080 nmethod 10432 0x000001e0f0aebd10 code [0x000001e0f0aebec0, 0x000001e0f0aec038]
Event: 22.591 Thread 0x000001e08ba50aa0 nmethod 10408% 0x000001e0f75b8990 code [0x000001e0f75b8b20, 0x000001e0f75b9058]
Event: 22.591 Thread 0x000001e08ba50aa0 10433  s    4       java.io.BufferedInputStream::read (113 bytes)

GC Heap History (20 events):
Event: 12.884 GC heap before
{Heap before GC invocations=32 (full 0):
 garbage-first heap   total 176128K, used 136802K [0x0000000080000000, 0x0000000100000000)
  region size 1024K, 38 young (38912K), 3 survivors (3072K)
 Metaspace       used 87146K, committed 87744K, reserved 1130496K
  class space    used 11597K, committed 11840K, reserved 1048576K
}
Event: 12.895 GC heap after
{Heap after GC invocations=33 (full 0):
 garbage-first heap   total 211968K, used 104949K [0x0000000080000000, 0x0000000100000000)
  region size 1024K, 5 young (5120K), 5 survivors (5120K)
 Metaspace       used 87146K, committed 87744K, reserved 1130496K
  class space    used 11597K, committed 11840K, reserved 1048576K
}
Event: 12.937 GC heap before
{Heap before GC invocations=33 (full 0):
 garbage-first heap   total 211968K, used 110069K [0x0000000080000000, 0x0000000100000000)
  region size 1024K, 10 young (10240K), 5 survivors (5120K)
 Metaspace       used 87157K, committed 87744K, reserved 1130496K
  class space    used 11597K, committed 11840K, reserved 1048576K
}
Event: 12.949 GC heap after
{Heap after GC invocations=34 (full 0):
 garbage-first heap   total 211968K, used 105540K [0x0000000080000000, 0x0000000100000000)
  region size 1024K, 1 young (1024K), 1 survivors (1024K)
 Metaspace       used 87157K, committed 87744K, reserved 1130496K
  class space    used 11597K, committed 11840K, reserved 1048576K
}
Event: 13.737 GC heap before
{Heap before GC invocations=34 (full 0):
 garbage-first heap   total 211968K, used 165956K [0x0000000080000000, 0x0000000100000000)
  region size 1024K, 60 young (61440K), 1 survivors (1024K)
 Metaspace       used 91262K, committed 91840K, reserved 1130496K
  class space    used 12058K, committed 12288K, reserved 1048576K
}
Event: 13.744 GC heap after
{Heap after GC invocations=35 (full 0):
 garbage-first heap   total 211968K, used 109344K [0x0000000080000000, 0x0000000100000000)
  region size 1024K, 5 young (5120K), 5 survivors (5120K)
 Metaspace       used 91262K, committed 91840K, reserved 1130496K
  class space    used 12058K, committed 12288K, reserved 1048576K
}
Event: 14.856 GC heap before
{Heap before GC invocations=36 (full 0):
 garbage-first heap   total 211968K, used 167712K [0x0000000080000000, 0x0000000100000000)
  region size 1024K, 63 young (64512K), 5 survivors (5120K)
 Metaspace       used 98503K, committed 99136K, reserved 1138688K
  class space    used 12876K, committed 13120K, reserved 1048576K
}
Event: 14.863 GC heap after
{Heap after GC invocations=37 (full 0):
 garbage-first heap   total 211968K, used 111999K [0x0000000080000000, 0x0000000100000000)
  region size 1024K, 4 young (4096K), 4 survivors (4096K)
 Metaspace       used 98503K, committed 99136K, reserved 1138688K
  class space    used 12876K, committed 13120K, reserved 1048576K
}
Event: 16.085 GC heap before
{Heap before GC invocations=37 (full 0):
 garbage-first heap   total 211968K, used 171391K [0x0000000080000000, 0x0000000100000000)
  region size 1024K, 62 young (63488K), 4 survivors (4096K)
 Metaspace       used 108278K, committed 108864K, reserved 1146880K
  class space    used 13987K, committed 14208K, reserved 1048576K
}
Event: 16.094 GC heap after
{Heap after GC invocations=38 (full 0):
 garbage-first heap   total 211968K, used 114119K [0x0000000080000000, 0x0000000100000000)
  region size 1024K, 6 young (6144K), 6 survivors (6144K)
 Metaspace       used 108278K, committed 108864K, reserved 1146880K
  class space    used 13987K, committed 14208K, reserved 1048576K
}
Event: 17.927 GC heap before
{Heap before GC invocations=39 (full 0):
 garbage-first heap   total 211968K, used 173511K [0x0000000080000000, 0x0000000100000000)
  region size 1024K, 64 young (65536K), 6 survivors (6144K)
 Metaspace       used 117388K, committed 118080K, reserved 1155072K
  class space    used 15235K, committed 15552K, reserved 1048576K
}
Event: 17.938 GC heap after
{Heap after GC invocations=40 (full 0):
 garbage-first heap   total 211968K, used 118473K [0x0000000080000000, 0x0000000100000000)
  region size 1024K, 7 young (7168K), 7 survivors (7168K)
 Metaspace       used 117388K, committed 118080K, reserved 1155072K
  class space    used 15235K, committed 15552K, reserved 1048576K
}
Event: 20.812 GC heap before
{Heap before GC invocations=40 (full 0):
 garbage-first heap   total 211968K, used 159433K [0x0000000080000000, 0x0000000100000000)
  region size 1024K, 49 young (50176K), 7 survivors (7168K)
 Metaspace       used 121442K, committed 122176K, reserved 1155072K
  class space    used 15786K, committed 16064K, reserved 1048576K
}
Event: 20.821 GC heap after
{Heap after GC invocations=41 (full 0):
 garbage-first heap   total 211968K, used 122028K [0x0000000080000000, 0x0000000100000000)
  region size 1024K, 5 young (5120K), 5 survivors (5120K)
 Metaspace       used 121442K, committed 122176K, reserved 1155072K
  class space    used 15786K, committed 16064K, reserved 1048576K
}
Event: 22.036 GC heap before
{Heap before GC invocations=42 (full 0):
 garbage-first heap   total 217088K, used 179372K [0x0000000080000000, 0x0000000100000000)
  region size 1024K, 57 young (58368K), 5 survivors (5120K)
 Metaspace       used 127822K, committed 128576K, reserved 1163264K
  class space    used 16629K, committed 16960K, reserved 1048576K
}
Event: 22.043 GC heap after
{Heap after GC invocations=43 (full 0):
 garbage-first heap   total 217088K, used 130924K [0x0000000080000000, 0x0000000100000000)
  region size 1024K, 8 young (8192K), 8 survivors (8192K)
 Metaspace       used 127822K, committed 128576K, reserved 1163264K
  class space    used 16629K, committed 16960K, reserved 1048576K
}
Event: 22.096 GC heap before
{Heap before GC invocations=43 (full 0):
 garbage-first heap   total 217088K, used 132972K [0x0000000080000000, 0x0000000100000000)
  region size 1024K, 10 young (10240K), 8 survivors (8192K)
 Metaspace       used 128092K, committed 128832K, reserved 1163264K
  class space    used 16672K, committed 16960K, reserved 1048576K
}
Event: 22.104 GC heap after
{Heap after GC invocations=44 (full 0):
 garbage-first heap   total 217088K, used 131200K [0x0000000080000000, 0x0000000100000000)
  region size 1024K, 1 young (1024K), 1 survivors (1024K)
 Metaspace       used 128092K, committed 128832K, reserved 1163264K
  class space    used 16672K, committed 16960K, reserved 1048576K
}
Event: 22.485 GC heap before
{Heap before GC invocations=44 (full 0):
 garbage-first heap   total 217088K, used 143488K [0x0000000080000000, 0x0000000100000000)
  region size 1024K, 14 young (14336K), 1 survivors (1024K)
 Metaspace       used 130226K, committed 131008K, reserved 1163264K
  class space    used 16954K, committed 17280K, reserved 1048576K
}
Event: 22.488 GC heap after
{Heap after GC invocations=45 (full 0):
 garbage-first heap   total 217088K, used 132374K [0x0000000080000000, 0x0000000100000000)
  region size 1024K, 2 young (2048K), 2 survivors (2048K)
 Metaspace       used 130226K, committed 131008K, reserved 1163264K
  class space    used 16954K, committed 17280K, reserved 1048576K
}

Dll operation events (2 events):
Event: 0.014 Loaded shared library D:\android studio\jbr\bin\java.dll
Event: 0.686 Loaded shared library D:\android studio\jbr\bin\verify.dll

Deoptimization events (20 events):
Event: 22.566 Thread 0x000001e088ce5000 DEOPT PACKING pc=0x000001e0efc98810 sp=0x000000d728bf1d90
Event: 22.566 Thread 0x000001e088ce5000 DEOPT UNPACKING pc=0x000001e0f6f17143 sp=0x000000d728bf1208 mode 0
Event: 22.567 Thread 0x000001e088ce5000 DEOPT PACKING pc=0x000001e0efc98849 sp=0x000000d728bf1d90
Event: 22.567 Thread 0x000001e088ce5000 DEOPT UNPACKING pc=0x000001e0f6f17143 sp=0x000000d728bf1208 mode 0
Event: 22.567 Thread 0x000001e088ce5000 DEOPT PACKING pc=0x000001e0efc98810 sp=0x000000d728bf1d90
Event: 22.567 Thread 0x000001e088ce5000 DEOPT UNPACKING pc=0x000001e0f6f17143 sp=0x000000d728bf1208 mode 0
Event: 22.568 Thread 0x000001e088ce5000 DEOPT PACKING pc=0x000001e0efc98849 sp=0x000000d728bf1d90
Event: 22.568 Thread 0x000001e088ce5000 DEOPT UNPACKING pc=0x000001e0f6f17143 sp=0x000000d728bf1208 mode 0
Event: 22.569 Thread 0x000001e088ce5000 DEOPT PACKING pc=0x000001e0efc98810 sp=0x000000d728bf1d90
Event: 22.569 Thread 0x000001e088ce5000 DEOPT UNPACKING pc=0x000001e0f6f17143 sp=0x000000d728bf1208 mode 0
Event: 22.570 Thread 0x000001e088ce5000 DEOPT PACKING pc=0x000001e0efc98849 sp=0x000000d728bf1d90
Event: 22.570 Thread 0x000001e088ce5000 DEOPT UNPACKING pc=0x000001e0f6f17143 sp=0x000000d728bf1208 mode 0
Event: 22.570 Thread 0x000001e088ce5000 DEOPT PACKING pc=0x000001e0efc98810 sp=0x000000d728bf1d90
Event: 22.570 Thread 0x000001e088ce5000 DEOPT UNPACKING pc=0x000001e0f6f17143 sp=0x000000d728bf1208 mode 0
Event: 22.571 Thread 0x000001e088ce5000 DEOPT PACKING pc=0x000001e0efc98849 sp=0x000000d728bf1d90
Event: 22.571 Thread 0x000001e088ce5000 DEOPT UNPACKING pc=0x000001e0f6f17143 sp=0x000000d728bf1208 mode 0
Event: 22.571 Thread 0x000001e088ce5000 DEOPT PACKING pc=0x000001e0efc98849 sp=0x000000d728bf1d90
Event: 22.571 Thread 0x000001e088ce5000 DEOPT UNPACKING pc=0x000001e0f6f17143 sp=0x000000d728bf1208 mode 0
Event: 22.572 Thread 0x000001e088ce5000 DEOPT PACKING pc=0x000001e0efc98810 sp=0x000000d728bf1d90
Event: 22.572 Thread 0x000001e088ce5000 DEOPT UNPACKING pc=0x000001e0f6f17143 sp=0x000000d728bf1208 mode 0

Classes unloaded (0 events):
No events

Classes redefined (0 events):
No events

Internal exceptions (20 events):
Event: 16.410 Thread 0x000001e088ce5000 Exception <a 'java/lang/ClassNotFoundException'{0x000000008c4c2488}: org/jetbrains/plugins/gradle/model/scala/ScalaModelCustomizer> (0x000000008c4c2488) 
thrown [s\src\hotspot\share\classfile\systemDictionary.cpp, line 256]
Event: 16.416 Thread 0x000001e088ce5000 Exception <a 'java/lang/ClassNotFoundException'{0x000000008c4f33f0}: org/jetbrains/plugins/gradle/model/DependencyAccessorsModelBeanInfo> (0x000000008c4f33f0) 
thrown [s\src\hotspot\share\classfile\systemDictionary.cpp, line 256]
Event: 16.416 Thread 0x000001e088ce5000 Exception <a 'java/lang/ClassNotFoundException'{0x000000008c4fb770}: org/jetbrains/plugins/gradle/model/DependencyAccessorsModelCustomizer> (0x000000008c4fb770) 
thrown [s\src\hotspot\share\classfile\systemDictionary.cpp, line 256]
Event: 16.570 Thread 0x000001e088ce5000 Exception <a 'java/lang/ClassNotFoundException'{0x000000008bc566a0}: org/gradle/api/internal/project/DefaultProject_DecoratedBeanInfo> (0x000000008bc566a0) 
thrown [s\src\hotspot\share\classfile\systemDictionary.cpp, line 256]
Event: 16.571 Thread 0x000001e088ce5000 Exception <a 'java/lang/ClassNotFoundException'{0x000000008bc63198}: org/gradle/api/internal/project/DefaultProjectBeanInfo> (0x000000008bc63198) 
thrown [s\src\hotspot\share\classfile\systemDictionary.cpp, line 256]
Event: 16.571 Thread 0x000001e088ce5000 Exception <a 'java/lang/ClassNotFoundException'{0x000000008bc6fc98}: org/gradle/api/internal/project/DefaultProjectCustomizer> (0x000000008bc6fc98) 
thrown [s\src\hotspot\share\classfile\systemDictionary.cpp, line 256]
Event: 16.578 Thread 0x000001e088ce5000 Exception <a 'java/lang/ClassNotFoundException'{0x000000008bb19358}: org/gradle/api/internal/project/DefaultProject_DecoratedCustomizer> (0x000000008bb19358) 
thrown [s\src\hotspot\share\classfile\systemDictionary.cpp, line 256]
Event: 17.056 Thread 0x000001e088ce5000 Exception <a 'java/lang/NoSuchMethodError'{0x000000008a52e8f8}: 'java.lang.Object java.lang.invoke.DirectMethodHandle$Holder.newInvokeSpecial(java.lang.Object, java.lang.Object, java.lang.Object, java.lang.Object, java.lang.Object, int)'> (0x000000008a52e8f8) 
thrown [s\src\hotspot\share\interpreter\linkResolver.cpp, line 771]
Event: 17.056 Thread 0x000001e088ce5000 Exception <a 'java/lang/NoSuchMethodError'{0x000000008a533d08}: 'java.lang.Object java.lang.invoke.DirectMethodHandle$Holder.invokeSpecial(java.lang.Object, java.lang.Object, java.lang.Object, java.lang.Object, java.lang.Object, java.lang.Object, int)'> (0x000000008a533d08) 
thrown [s\src\hotspot\share\interpreter\linkResolver.cpp, line 771]
Event: 17.068 Thread 0x000001e088ce5000 Exception <a 'java/lang/NoSuchMethodError'{0x000000008a5d2df0}: 'void java.lang.invoke.DirectMethodHandle$Holder.invokeStatic(java.lang.Object, java.lang.Object, java.lang.Object, int, java.lang.Object)'> (0x000000008a5d2df0) 
thrown [s\src\hotspot\share\interpreter\linkResolver.cpp, line 771]
Event: 17.560 Thread 0x000001e088ce5000 Implicit null exception at 0x000001e0f7771172 to 0x000001e0f7771788
Event: 17.633 Thread 0x000001e088ce5000 Exception <a 'sun/nio/fs/WindowsException'{0x00000000899059f8}> (0x00000000899059f8) 
thrown [s\src\hotspot\share\prims\jni.cpp, line 517]
Event: 20.800 Thread 0x000001e08b3711b0 Exception <a 'sun/nio/fs/WindowsException'{0x000000008b0d78b0}> (0x000000008b0d78b0) 
thrown [s\src\hotspot\share\prims\jni.cpp, line 517]
Event: 20.803 Thread 0x000001e08b3711b0 Exception <a 'sun/nio/fs/WindowsException'{0x000000008a5c0128}> (0x000000008a5c0128) 
thrown [s\src\hotspot\share\prims\jni.cpp, line 517]
Event: 20.803 Thread 0x000001e08b3711b0 Exception <a 'sun/nio/fs/WindowsException'{0x000000008a5c02b8}> (0x000000008a5c02b8) 
thrown [s\src\hotspot\share\prims\jni.cpp, line 517]
Event: 20.810 Thread 0x000001e088ce5000 Implicit null exception at 0x000001e0f791880f to 0x000001e0f7918e70
Event: 20.823 Thread 0x000001e087438250 Implicit null exception at 0x000001e0f74850e0 to 0x000001e0f7485180
Event: 21.585 Thread 0x000001e088ce5000 Exception <a 'java/lang/NoSuchMethodError'{0x000000008b4af7c0}: 'int java.lang.invoke.DirectMethodHandle$Holder.invokeInterface(java.lang.Object, java.lang.Object, java.lang.Object, java.lang.Object)'> (0x000000008b4af7c0) 
thrown [s\src\hotspot\share\interpreter\linkResolver.cpp, line 771]
Event: 22.146 Thread 0x000001e088ce5000 Exception <a 'java/lang/IncompatibleClassChangeError'{0x000000008fd9a8c0}: Found class java.lang.Object, but interface was expected> (0x000000008fd9a8c0) 
thrown [s\src\hotspot\share\interpreter\linkResolver.cpp, line 838]
Event: 22.236 Thread 0x000001e088ce5000 Implicit null exception at 0x000001e0f7740fe0 to 0x000001e0f7741188

VM Operations (20 events):
Event: 20.737 Executing VM operation: HandshakeAllThreads done
Event: 20.812 Executing VM operation: G1TryInitiateConcMark
Event: 20.821 Executing VM operation: G1TryInitiateConcMark done
Event: 20.932 Executing VM operation: G1Concurrent
Event: 20.936 Executing VM operation: G1Concurrent done
Event: 20.977 Executing VM operation: G1Concurrent
Event: 20.978 Executing VM operation: G1Concurrent done
Event: 21.575 Executing VM operation: HandshakeAllThreads
Event: 21.575 Executing VM operation: HandshakeAllThreads done
Event: 21.583 Executing VM operation: HandshakeAllThreads
Event: 21.583 Executing VM operation: HandshakeAllThreads done
Event: 22.035 Executing VM operation: G1CollectForAllocation
Event: 22.043 Executing VM operation: G1CollectForAllocation done
Event: 22.096 Executing VM operation: G1CollectForAllocation
Event: 22.104 Executing VM operation: G1CollectForAllocation done
Event: 22.440 Executing VM operation: HandshakeAllThreads
Event: 22.440 Executing VM operation: HandshakeAllThreads done
Event: 22.485 Executing VM operation: G1TryInitiateConcMark
Event: 22.488 Executing VM operation: G1TryInitiateConcMark done
Event: 22.599 Executing VM operation: G1Concurrent

Events (20 events):
Event: 22.450 loading class java/security/cert/CertPathValidatorException
Event: 22.450 loading class java/security/cert/CertPathValidatorException done
Event: 22.451 loading class java/time/format/DateTimePrintContext
Event: 22.451 loading class java/time/format/DateTimePrintContext done
Event: 22.451 loading class java/time/Instant$1
Event: 22.451 loading class java/time/Instant$1 done
Event: 22.451 loading class java/security/cert/CertPathValidatorException$BasicReason
Event: 22.451 loading class java/security/cert/CertPathValidatorException$Reason
Event: 22.451 loading class java/security/cert/CertPathValidatorException$Reason done
Event: 22.451 loading class java/security/cert/CertPathValidatorException$BasicReason done
Event: 22.474 loading class java/util/Base64
Event: 22.474 loading class java/util/Base64 done
Event: 22.474 loading class java/util/Base64$Decoder
Event: 22.474 loading class java/util/Base64$Decoder done
Event: 22.474 loading class java/util/Base64$Encoder
Event: 22.475 loading class java/util/Base64$Encoder done
Event: 22.476 loading class java/util/jar/JarVerifier$VerifierStream
Event: 22.476 loading class java/util/jar/JarVerifier$VerifierStream done
Event: 22.476 loading class sun/security/util/ManifestEntryVerifier$SunProviderHolder
Event: 22.477 loading class sun/security/util/ManifestEntryVerifier$SunProviderHolder done


Dynamic libraries:
0x00007ff6907b0000 - 0x00007ff6907ba000 	D:\android studio\jbr\bin\java.exe
0x00007ffde6750000 - 0x00007ffde6967000 	C:\WINDOWS\SYSTEM32\ntdll.dll
0x00007ffde5820000 - 0x00007ffde58e4000 	C:\WINDOWS\System32\KERNEL32.DLL
0x00007ffde3c90000 - 0x00007ffde4036000 	C:\WINDOWS\System32\KERNELBASE.dll
0x00007ffde3ad0000 - 0x00007ffde3be1000 	C:\WINDOWS\System32\ucrtbase.dll
0x00007ffdcb3e0000 - 0x00007ffdcb3fb000 	D:\android studio\jbr\bin\VCRUNTIME140.dll
0x00007ffdcb750000 - 0x00007ffdcb767000 	D:\android studio\jbr\bin\jli.dll
0x00007ffde60a0000 - 0x00007ffde624d000 	C:\WINDOWS\System32\USER32.dll
0x00007ffde3c60000 - 0x00007ffde3c86000 	C:\WINDOWS\System32\win32u.dll
0x00007ffde6250000 - 0x00007ffde6279000 	C:\WINDOWS\System32\GDI32.dll
0x00007ffdc8fc0000 - 0x00007ffdc9253000 	C:\WINDOWS\WinSxS\amd64_microsoft.windows.common-controls_6595b64144ccf1df_6.0.22621.2361_none_2712ced57382f843\COMCTL32.dll
0x00007ffde4390000 - 0x00007ffde44a8000 	C:\WINDOWS\System32\gdi32full.dll
0x00007ffde65a0000 - 0x00007ffde6647000 	C:\WINDOWS\System32\msvcrt.dll
0x00007ffde40c0000 - 0x00007ffde415a000 	C:\WINDOWS\System32\msvcp_win.dll
0x00007ffde6280000 - 0x00007ffde62b1000 	C:\WINDOWS\System32\IMM32.DLL
0x00007ffdcb710000 - 0x00007ffdcb71c000 	D:\android studio\jbr\bin\vcruntime140_1.dll
0x00007ffdb1e90000 - 0x00007ffdb1f1d000 	D:\android studio\jbr\bin\msvcp140.dll
0x00007ffd45d90000 - 0x00007ffd469fe000 	D:\android studio\jbr\bin\server\jvm.dll
0x00007ffde62c0000 - 0x00007ffde6370000 	C:\WINDOWS\System32\ADVAPI32.dll
0x00007ffde44b0000 - 0x00007ffde4556000 	C:\WINDOWS\System32\sechost.dll
0x00007ffde6480000 - 0x00007ffde6597000 	C:\WINDOWS\System32\RPCRT4.dll
0x00007ffddd120000 - 0x00007ffddd154000 	C:\WINDOWS\SYSTEM32\WINMM.dll
0x00007ffdc8750000 - 0x00007ffdc8759000 	C:\WINDOWS\SYSTEM32\WSOCK32.dll
0x00007ffddd5b0000 - 0x00007ffddd5ba000 	C:\WINDOWS\SYSTEM32\VERSION.dll
0x00007ffde4cd0000 - 0x00007ffde4d41000 	C:\WINDOWS\System32\WS2_32.dll
0x00007ffde2b10000 - 0x00007ffde2b28000 	C:\WINDOWS\SYSTEM32\kernel.appcore.dll
0x00007ffddec40000 - 0x00007ffddec4a000 	D:\android studio\jbr\bin\jimage.dll
0x00007ffde1420000 - 0x00007ffde164e000 	C:\WINDOWS\SYSTEM32\DBGHELP.DLL
0x00007ffde4640000 - 0x00007ffde49ca000 	C:\WINDOWS\System32\combase.dll
0x00007ffde4560000 - 0x00007ffde4637000 	C:\WINDOWS\System32\OLEAUT32.dll
0x00007ffdc7c60000 - 0x00007ffdc7c92000 	C:\WINDOWS\SYSTEM32\dbgcore.DLL
0x00007ffde4040000 - 0x00007ffde40ba000 	C:\WINDOWS\System32\bcryptPrimitives.dll
0x00007ffdcc780000 - 0x00007ffdcc7a5000 	D:\android studio\jbr\bin\java.dll
0x00007ffdcddd0000 - 0x00007ffdcdde8000 	D:\android studio\jbr\bin\zip.dll
0x00007ffde4d50000 - 0x00007ffde55a8000 	C:\WINDOWS\System32\SHELL32.dll
0x00007ffde1a30000 - 0x00007ffde2322000 	C:\WINDOWS\SYSTEM32\windows.storage.dll
0x00007ffde18f0000 - 0x00007ffde1a2e000 	C:\WINDOWS\SYSTEM32\wintypes.dll
0x00007ffde4a80000 - 0x00007ffde4b73000 	C:\WINDOWS\System32\SHCORE.dll
0x00007ffde5df0000 - 0x00007ffde5e4e000 	C:\WINDOWS\System32\shlwapi.dll
0x00007ffde3a00000 - 0x00007ffde3a26000 	C:\WINDOWS\SYSTEM32\profapi.dll
0x00007ffdcdd40000 - 0x00007ffdcdd59000 	D:\android studio\jbr\bin\net.dll
0x00007ffddcfe0000 - 0x00007ffddd117000 	C:\WINDOWS\SYSTEM32\WINHTTP.dll
0x00007ffde2f90000 - 0x00007ffde2ff9000 	C:\WINDOWS\system32\mswsock.dll
0x00007ffdcc710000 - 0x00007ffdcc726000 	D:\android studio\jbr\bin\nio.dll
0x00007ffdde930000 - 0x00007ffdde940000 	D:\android studio\jbr\bin\verify.dll
0x00007ffdcb720000 - 0x00007ffdcb747000 	C:\Users\hachem safae\.gradle\native\68d5fa5c4cc2d200863cafc0d521ce42e7d3e7ee720ec0a83991735586a16f82\windows-amd64\native-platform.dll
0x00007ffdb1c10000 - 0x00007ffdb1d54000 	C:\Users\hachem safae\.gradle\native\e376f236ea51e6404a007f0833ffe2c6e607c4080706a723a18a27aeea778392\windows-amd64\native-platform-file-events.dll
0x00007ffddd8c0000 - 0x00007ffddd8c9000 	D:\android studio\jbr\bin\management.dll
0x00007ffdcdd80000 - 0x00007ffdcdd8b000 	D:\android studio\jbr\bin\management_ext.dll
0x00007ffde6650000 - 0x00007ffde6658000 	C:\WINDOWS\System32\PSAPI.DLL
0x00007ffde31e0000 - 0x00007ffde31fb000 	C:\WINDOWS\SYSTEM32\CRYPTSP.dll
0x00007ffde2a70000 - 0x00007ffde2aa5000 	C:\WINDOWS\system32\rsaenh.dll
0x00007ffde3080000 - 0x00007ffde30ac000 	C:\WINDOWS\SYSTEM32\USERENV.dll
0x00007ffde33a0000 - 0x00007ffde33c8000 	C:\WINDOWS\SYSTEM32\bcrypt.dll
0x00007ffde3200000 - 0x00007ffde320c000 	C:\WINDOWS\SYSTEM32\CRYPTBASE.dll
0x00007ffde25d0000 - 0x00007ffde25fd000 	C:\WINDOWS\SYSTEM32\IPHLPAPI.DLL
0x00007ffde57f0000 - 0x00007ffde57f9000 	C:\WINDOWS\System32\NSI.dll
0x00007ffddcef0000 - 0x00007ffddcf09000 	C:\WINDOWS\SYSTEM32\dhcpcsvc6.DLL
0x00007ffddced0000 - 0x00007ffddceef000 	C:\WINDOWS\SYSTEM32\dhcpcsvc.DLL
0x00007ffde2600000 - 0x00007ffde26f9000 	C:\WINDOWS\SYSTEM32\DNSAPI.dll
0x00007ffdde210000 - 0x00007ffdde218000 	C:\WINDOWS\system32\wshunix.dll
0x00007ffdda0a0000 - 0x00007ffdda0aa000 	C:\Windows\System32\rasadhlp.dll
0x00007ffddbfd0000 - 0x00007ffddc054000 	C:\WINDOWS\System32\fwpuclnt.dll

dbghelp: loaded successfully - version: 4.0.5 - missing functions: none
symbol engine: initialized successfully - sym options: 0x614 - pdb path: .;D:\android studio\jbr\bin;C:\WINDOWS\SYSTEM32;C:\WINDOWS\WinSxS\amd64_microsoft.windows.common-controls_6595b64144ccf1df_6.0.22621.2361_none_2712ced57382f843;D:\android studio\jbr\bin\server;C:\Users\hachem safae\.gradle\native\68d5fa5c4cc2d200863cafc0d521ce42e7d3e7ee720ec0a83991735586a16f82\windows-amd64;C:\Users\hachem safae\.gradle\native\e376f236ea51e6404a007f0833ffe2c6e607c4080706a723a18a27aeea778392\windows-amd64

VM Arguments:
jvm_args: --add-opens=java.base/java.util=ALL-UNNAMED --add-opens=java.base/java.lang=ALL-UNNAMED --add-opens=java.base/java.lang.invoke=ALL-UNNAMED --add-opens=java.prefs/java.util.prefs=ALL-UNNAMED --add-opens=java.base/java.nio.charset=ALL-UNNAMED --add-opens=java.base/java.net=ALL-UNNAMED --add-opens=java.base/java.util.concurrent.atomic=ALL-UNNAMED -Xmx2048m -Dfile.encoding=UTF-8 -Duser.country=FR -Duser.language=fr -Duser.variant 
java_command: org.gradle.launcher.daemon.bootstrap.GradleDaemon 8.0
java_class_path (initial): C:\Users\hachem safae\.gradle\wrapper\dists\gradle-8.0-bin\ca5e32bp14vu59qr306oxotwh\gradle-8.0\lib\gradle-launcher-8.0.jar
Launcher Type: SUN_STANDARD

[Global flags]
     intx CICompilerCount                          = 4                                         {product} {ergonomic}
     uint ConcGCThreads                            = 2                                         {product} {ergonomic}
     uint G1ConcRefinementThreads                  = 8                                         {product} {ergonomic}
   size_t G1HeapRegionSize                         = 1048576                                   {product} {ergonomic}
    uintx GCDrainStackTargetSize                   = 64                                        {product} {ergonomic}
   size_t InitialHeapSize                          = 266338304                                 {product} {ergonomic}
   size_t MarkStackSize                            = 4194304                                   {product} {ergonomic}
   size_t MaxHeapSize                              = 2147483648                                {product} {command line}
   size_t MaxNewSize                               = 1287651328                                {product} {ergonomic}
   size_t MinHeapDeltaBytes                        = 1048576                                   {product} {ergonomic}
   size_t MinHeapSize                              = 8388608                                   {product} {ergonomic}
    uintx NonNMethodCodeHeapSize                   = 5839372                                {pd product} {ergonomic}
    uintx NonProfiledCodeHeapSize                  = 122909434                              {pd product} {ergonomic}
    uintx ProfiledCodeHeapSize                     = 122909434                              {pd product} {ergonomic}
    uintx ReservedCodeCacheSize                    = 251658240                              {pd product} {ergonomic}
     bool SegmentedCodeCache                       = true                                      {product} {ergonomic}
   size_t SoftMaxHeapSize                          = 2147483648                             {manageable} {ergonomic}
     bool UseCompressedClassPointers               = true                           {product lp64_product} {ergonomic}
     bool UseCompressedOops                        = true                           {product lp64_product} {ergonomic}
     bool UseG1GC                                  = true                                      {product} {ergonomic}
     bool UseLargePagesIndividualAllocation        = false                                  {pd product} {ergonomic}

Logging:
Log output configuration:
 #0: stdout all=warning uptime,level,tags
 #1: stderr all=off uptime,level,tags

Environment Variables:
JAVA_HOME=C:\Program Files\Java\jdk-17
PATH=C:\Program Files (x86)\Common Files\Oracle\Java\javapath;C:\Program Files (x86)\VMware\VMware Workstation\bin\;D:\oraclexe\app\oracle\product\11.2.0\server\bin;C:\Program Files\Common Files\Oracle\Java\javapath;C:\WINDOWS\system32;C:\WINDOWS;C:\WINDOWS\System32\Wbem;C:\WINDOWS\System32\WindowsPowerShell\v1.0\;C:\WINDOWS\System32\OpenSSH\;c:\Program Files (x86)\Microsoft SQL Server\100\Tools\Binn\;c:\Program Files\Microsoft SQL Server\100\Tools\Binn\;c:\Program Files\Microsoft SQL Server\100\DTS\Binn\;D:\java_jdk 8\bin;C:\Program Files\Java\jdk-17\bin;C:\Program Files\Java\jdk-11\bin;C:\Program Files\Java\jdk-19\bin;C:\Program Files\Common Files\Oracle\Java\javapath;C:\ProgramData\ComposerSetup\bin;D:\XAAMP\php\php.exe;D:\xamp\php;C:\Program Files\wkhtmltopdf\bin;D:\node;C:\Program Files\Git\cmd;C:\Program Files\nodejs\;C:\Program Files\MongoDB\Server\6.0\bin;D:\XAAMP\php;C:\Program Files\Java\apache-maven-3.9.5\bin;C:\Users\hachem safae\AppData\Local\Programs\Python\Python310\Scripts\;C:\Users\hachem safae\AppData\Local\Programs\Python\Python310\;C:\Program Files\MySQL\MySQL Shell 8.0\bin\;C:\Users\hachem safae\AppData\Local\Microsoft\WindowsApps;C:\Users\hachem safae\AppData\Roaming\Dashlane\6.2007.0.32704\bin\Firefox_Extension\{442718d9-475e-452a-b3e1-fb1ee16b8e9f}\components;C:\Users\hachem safae\AppData\Roaming\Dashlane\6.2007.0.32704\ucrt;C:\Users\hachem safae\AppData\Roaming\Dashlane\6.2007.0.32704\bin\Qt;C:\Users\hachem safae\AppData\Roaming\Dashlane\6.2007.0.32704\bin\Ssl;C:\Program Files\JetBrains\IntelliJ IDEA Community Edition 2020.2.2\bin;C:\Users\hachem safae\AppData\Local\Microsoft\WindowsApps;C:\Users\hachem safae\AppData\Local\Programs\Microsoft VS Code\bin;C:\Program Files\IntelliJ IDEA Community Edition 2022.3.2\bin;;C:\Users\hachem safae\AppData\Local\ComposerSetup\bin;C:\Users\hachem safae\AppData\Roaming\Composer\vendor\bin;C:\Users\hachem safae\AppData\Roaming\npm;D:\android2\platform-tools;D:\XAAMP\php;C:\wamp64\bin\php\php5.6.40;C:\;C:\Prog
USERNAME=hachem safae
OS=Windows_NT
PROCESSOR_IDENTIFIER=Intel64 Family 6 Model 142 Stepping 12, GenuineIntel
TMP=C:\Users\HACHEM~1\AppData\Local\Temp
TEMP=C:\Users\HACHEM~1\AppData\Local\Temp


JNI global refs:
JNI global refs: 27, weak refs: 0

JNI global refs memory usage: 843, weak refs: 841


---------------  S Y S T E M  ---------------

OS:
 Windows 11 , 64 bit Build 22621 (10.0.22621.2428)
OS uptime: 1 days 13:12 hours

CPU: total 8 (initial active 8) (4 cores per cpu, 2 threads per core) family 6 model 142 stepping 12 microcode 0xf6, cx8, cmov, fxsr, ht, mmx, 3dnowpref, sse, sse2, sse3, ssse3, sse4.1, sse4.2, popcnt, lzcnt, tsc, tscinvbit, avx, avx2, aes, erms, clmul, bmi1, bmi2, adx, fma, vzeroupper, clflush, clflushopt

Memory: 4k page, system-wide physical 16194M (3131M free)
TotalPageFile size 18242M (AvailPageFile size 30M)
current process WorkingSet (physical memory assigned to process): 525M, peak: 533M
current process commit charge ("private bytes"): 561M, peak: 594M

vm_info: OpenJDK 64-Bit Server VM (17.0.6+0-b2043.56-10027231) for windows-amd64 JRE (17.0.6+0-b2043.56-10027231), built on Apr 28 2023 00:43:19 by "androidbuild" with MS VC++ 16.10 / 16.11 (VS2019)

END.
