#
# There is insufficient memory for the Java Runtime Environment to continue.
# Native memory allocation (mmap) failed to map 58720256 bytes for G1 virtual space
# Possible reasons:
#   The system is out of physical RAM or swap space
#   The process is running with CompressedOops enabled, and the Java Heap may be blocking the growth of the native heap
# Possible solutions:
#   Reduce memory load on the system
#   Increase physical memory or swap space
#   Check if swap backing store is full
#   Decrease Java heap size (-Xmx/-Xms)
#   Decrease number of Java threads
#   Decrease Java thread stack sizes (-Xss)
#   Set larger code cache with -XX:ReservedCodeCacheSize=
#   JVM is running with Unscaled Compressed Oops mode in which the Java heap is
#     placed in the first 4GB address space. The Java Heap base address is the
#     maximum limit for the native heap growth. Please use -XX:HeapBaseMinAddress
#     to set the Java Heap base and to place the Java Heap above 4GB virtual address.
# This output file may be truncated or incomplete.
#
#  Out of Memory Error (os_windows.cpp:3769), pid=26448, tid=8720
#
# JRE version: OpenJDK Runtime Environment (17.0.6) (build 17.0.6+0-b2043.56-10027231)
# Java VM: OpenJDK 64-Bit Server VM (17.0.6+0-b2043.56-10027231, mixed mode, tiered, compressed oops, compressed class ptrs, g1 gc, windows-amd64)
# No core dump will be written. Minidumps are not enabled by default on client versions of Windows
#

---------------  S U M M A R Y ------------

Command Line: --add-opens=java.base/java.util=ALL-UNNAMED --add-opens=java.base/java.lang=ALL-UNNAMED --add-opens=java.base/java.lang.invoke=ALL-UNNAMED --add-opens=java.prefs/java.util.prefs=ALL-UNNAMED --add-opens=java.base/java.nio.charset=ALL-UNNAMED --add-opens=java.base/java.net=ALL-UNNAMED --add-opens=java.base/java.util.concurrent.atomic=ALL-UNNAMED -Xmx2048m -Dfile.encoding=UTF-8 -Duser.country=FR -Duser.language=fr -Duser.variant org.gradle.launcher.daemon.bootstrap.GradleDaemon 8.0

Host: Intel(R) Core(TM) i7-8565U CPU @ 1.80GHz, 8 cores, 15G,  Windows 11 , 64 bit Build 22621 (10.0.22621.2428)
Time: Sun Nov  5 08:30:37 2023 Maroc (heure d64 bit Build 22621 (10.0.22621.2428) elapsed time: 13.321161 seconds (0d 0h 0m 13s)

---------------  T H R E A D  ---------------

Current thread (0x0000029399fddd50):  VMThread "VM Thread" [stack: 0x000000dfb0c00000,0x000000dfb0d00000] [id=8720]

Stack: [0x000000dfb0c00000,0x000000dfb0d00000]
Native frames: (J=compiled Java code, j=interpreted, Vv=VM code, C=native code)
V  [jvm.dll+0x683c9a]
V  [jvm.dll+0x8427a4]
V  [jvm.dll+0x843f9e]
V  [jvm.dll+0x844603]
V  [jvm.dll+0x249b75]
V  [jvm.dll+0x680b69]
V  [jvm.dll+0x67505a]
V  [jvm.dll+0x309acb]
V  [jvm.dll+0x310f86]
V  [jvm.dll+0x3608ee]
V  [jvm.dll+0x360b1f]
V  [jvm.dll+0x2dfbf8]
V  [jvm.dll+0x2ddec4]
V  [jvm.dll+0x2dd4cc]
V  [jvm.dll+0x321f3b]
V  [jvm.dll+0x848ccb]
V  [jvm.dll+0x849a04]
V  [jvm.dll+0x849f1d]
V  [jvm.dll+0x84a2f4]
V  [jvm.dll+0x84a3c0]
V  [jvm.dll+0x7f274a]
V  [jvm.dll+0x682ad5]
C  [ucrtbase.dll+0x29363]
C  [KERNEL32.DLL+0x1257d]
C  [ntdll.dll+0x5aa78]

VM_Operation (0x000000dfb9bfb1e0): G1CollectForAllocation, mode: safepoint, requested by thread 0x00000293a0c62c80


---------------  P R O C E S S  ---------------

Threads class SMR info:
_java_thread_list=0x00000293a4b7b720, length=137, elements={
0x00000293ff95bf20, 0x000002939a835030, 0x000002939a836450, 0x000002939a87f4e0,
0x000002939a87ffa0, 0x000002939a882970, 0x000002939a8839d0, 0x000002939a884e10,
0x000002939a885f60, 0x000002939a88ccb0, 0x000002939aa0f030, 0x000002939aa1e0c0,
0x000002939d0dc8f0, 0x000002939d0dcdc0, 0x000002939d0ddc30, 0x000002939d0da740,
0x000002939d0db5b0, 0x000002939d0dac10, 0x000002939d0dd760, 0x000002939d0dba80,
0x000002939d0da270, 0x000002939d0dbf50, 0x000002939d0db0e0, 0x000002939d0dc420,
0x000002939d0dd290, 0x00000293a01ba360, 0x00000293a01bceb0, 0x00000293a01bc040,
0x00000293a01bc9e0, 0x00000293a01bbb70, 0x00000293a01bc510, 0x00000293a01ba830,
0x00000293a01bad00, 0x00000293a01bb6a0, 0x000002939d1d73c0, 0x00000293a01bd380,
0x000002939e63fac0, 0x000002939e63ec50, 0x000002939e63caa0, 0x000002939e63e780,
0x000002939e63bc30, 0x000002939e63cf70, 0x000002939e63c100, 0x000002939e63f5f0,
0x000002939e63ff90, 0x000002939e640460, 0x000002939e640930, 0x000002939e6417a0,
0x000002939e642fb0, 0x000002939e63d910, 0x000002939e640e00, 0x000002939e63dde0,
0x000002939e63e2b0, 0x000002939d5833b0, 0x000002939d584bc0, 0x000002939d5863d0,
0x000002939d5880b0, 0x000002939d587be0, 0x000002939d588580, 0x000002939d588a50,
0x000002939d5868a0, 0x000002939d585090, 0x000002939d586d70, 0x000002939d5893f0,
0x000002939d585560, 0x000002939d585a30, 0x000002939d587710, 0x000002939d583d50,
0x000002939d585f00, 0x000002939d587240, 0x000002939d5898c0, 0x000002939d588f20,
0x000002939d582070, 0x000002939d582540, 0x000002939d582a10, 0x000002939d582ee0,
0x000002939d583880, 0x000002939d584220, 0x000002939d5846f0, 0x00000293a0680db0,
0x00000293a067b240, 0x00000293a067ec00, 0x00000293a0680410, 0x00000293a067dd90,
0x00000293a067ad70, 0x00000293a067b710, 0x00000293a067bbe0, 0x00000293a067d3f0,
0x00000293a06808e0, 0x00000293a0681280, 0x00000293a067e730, 0x00000293a067ff40,
0x00000293a067f0d0, 0x00000293a067d8c0, 0x00000293a0679a30, 0x00000293a0679f00,
0x00000293a067e260, 0x00000293a067a3d0, 0x00000293a067a8a0, 0x00000293a067c0b0,
0x00000293a067cf20, 0x00000293a067c580, 0x00000293a067f5a0, 0x00000293a067ca50,
0x00000293a067fa70, 0x00000293a0e2d2d0, 0x00000293a0e2e610, 0x00000293a0e2e140,
0x00000293a0e2bf90, 0x00000293a0e2dc70, 0x00000293a0e2c460, 0x00000293a0e2c930,
0x00000293a0e2bac0, 0x00000293a0e2eae0, 0x00000293a0e2ce00, 0x00000293a0e2d7a0,
0x00000293a0e2efb0, 0x00000293a0e2f480, 0x00000293a0c63620, 0x00000293a0c622e0,
0x00000293a0c68cc0, 0x00000293a0c687f0, 0x00000293a0c61940, 0x00000293a0c61e10,
0x00000293a0c66640, 0x00000293a0c64490, 0x00000293a0c63af0, 0x00000293a0405470,
0x00000293a0c69190, 0x00000293a0c66170, 0x00000293a0c66fe0, 0x00000293a0c62c80,
0x00000293a0c67e50, 0x00000293a0c674b0, 0x00000293a0c63150, 0x00000293a38473b0,
0x00000293a3849090
}

Java Threads: ( => current thread )
  0x00000293ff95bf20 JavaThread "main" [_thread_blocked, id=7780, stack(0x000000dfb0600000,0x000000dfb0700000)]
  0x000002939a835030 JavaThread "Reference Handler" daemon [_thread_blocked, id=8268, stack(0x000000dfb0d00000,0x000000dfb0e00000)]
  0x000002939a836450 JavaThread "Finalizer" daemon [_thread_blocked, id=20488, stack(0x000000dfb0e00000,0x000000dfb0f00000)]
  0x000002939a87f4e0 JavaThread "Signal Dispatcher" daemon [_thread_blocked, id=21780, stack(0x000000dfb0f00000,0x000000dfb1000000)]
  0x000002939a87ffa0 JavaThread "Attach Listener" daemon [_thread_blocked, id=3376, stack(0x000000dfb1000000,0x000000dfb1100000)]
  0x000002939a882970 JavaThread "Service Thread" daemon [_thread_blocked, id=23056, stack(0x000000dfb1100000,0x000000dfb1200000)]
  0x000002939a8839d0 JavaThread "Monitor Deflation Thread" daemon [_thread_blocked, id=25236, stack(0x000000dfb1200000,0x000000dfb1300000)]
  0x000002939a884e10 JavaThread "C2 CompilerThread0" daemon [_thread_in_native, id=2068, stack(0x000000dfb1300000,0x000000dfb1400000)]
  0x000002939a885f60 JavaThread "C1 CompilerThread0" daemon [_thread_blocked, id=23040, stack(0x000000dfb1400000,0x000000dfb1500000)]
  0x000002939a88ccb0 JavaThread "Sweeper thread" daemon [_thread_blocked, id=11608, stack(0x000000dfb1500000,0x000000dfb1600000)]
  0x000002939aa0f030 JavaThread "Common-Cleaner" daemon [_thread_blocked, id=16796, stack(0x000000dfb1600000,0x000000dfb1700000)]
  0x000002939aa1e0c0 JavaThread "Notification Thread" daemon [_thread_blocked, id=20156, stack(0x000000dfb1700000,0x000000dfb1800000)]
  0x000002939d0dc8f0 JavaThread "Daemon health stats" [_thread_blocked, id=22728, stack(0x000000dfb2000000,0x000000dfb2100000)]
  0x000002939d0dcdc0 JavaThread "Incoming local TCP Connector on port 57671" [_thread_in_native, id=26136, stack(0x000000dfb2100000,0x000000dfb2200000)]
  0x000002939d0ddc30 JavaThread "Daemon periodic checks" [_thread_blocked, id=24296, stack(0x000000dfb2200000,0x000000dfb2300000)]
  0x000002939d0da740 JavaThread "Daemon" [_thread_blocked, id=20752, stack(0x000000dfb2300000,0x000000dfb2400000)]
  0x000002939d0db5b0 JavaThread "Handler for socket connection from /127.0.0.1:57671 to /127.0.0.1:57672" [_thread_in_native, id=23816, stack(0x000000dfb2400000,0x000000dfb2500000)]
  0x000002939d0dac10 JavaThread "Cancel handler" [_thread_blocked, id=21324, stack(0x000000dfb2500000,0x000000dfb2600000)]
  0x000002939d0dd760 JavaThread "Daemon worker" [_thread_blocked, id=25848, stack(0x000000dfb2600000,0x000000dfb2700000)]
  0x000002939d0dba80 JavaThread "Asynchronous log dispatcher for DefaultDaemonConnection: socket connection from /127.0.0.1:57671 to /127.0.0.1:57672" [_thread_blocked, id=25852, stack(0x000000dfb2700000,0x000000dfb2800000)]
  0x000002939d0da270 JavaThread "Stdin handler" [_thread_blocked, id=25988, stack(0x000000dfb2800000,0x000000dfb2900000)]
  0x000002939d0dbf50 JavaThread "Daemon client event forwarder" [_thread_blocked, id=19536, stack(0x000000dfb2900000,0x000000dfb2a00000)]
  0x000002939d0db0e0 JavaThread "Cache worker for journal cache (C:\Users\hachem safae\.gradle\caches\journal-1)" [_thread_blocked, id=11512, stack(0x000000dfb2d00000,0x000000dfb2e00000)]
  0x000002939d0dc420 JavaThread "File lock request listener" [_thread_in_native, id=17568, stack(0x000000dfb2e00000,0x000000dfb2f00000)]
  0x000002939d0dd290 JavaThread "Cache worker for file hash cache (C:\Users\hachem safae\.gradle\caches\8.0\fileHashes)" [_thread_blocked, id=25012, stack(0x000000dfb2f00000,0x000000dfb3000000)]
  0x00000293a01ba360 JavaThread "File watcher server" daemon [_thread_blocked, id=18588, stack(0x000000dfb3000000,0x000000dfb3100000)]
  0x00000293a01bceb0 JavaThread "File watcher consumer" daemon [_thread_blocked, id=15116, stack(0x000000dfb3100000,0x000000dfb3200000)]
  0x00000293a01bc040 JavaThread "Cache worker for checksums cache (D:\App_Android studio\projet_inscription\.gradle\8.0\checksums)" [_thread_blocked, id=7220, stack(0x000000dfb3200000,0x000000dfb3300000)]
  0x00000293a01bc9e0 JavaThread "Cache worker for cache directory md-rule (C:\Users\hachem safae\.gradle\caches\8.0\md-rule)" [_thread_blocked, id=9108, stack(0x000000dfb3300000,0x000000dfb3400000)]
  0x00000293a01bbb70 JavaThread "Cache worker for file content cache (C:\Users\hachem safae\.gradle\caches\8.0\fileContent)" [_thread_blocked, id=17752, stack(0x000000dfb3400000,0x000000dfb3500000)]
  0x00000293a01bc510 JavaThread "Cache worker for file hash cache (D:\App_Android studio\projet_inscription\.gradle\8.0\fileHashes)" [_thread_blocked, id=26384, stack(0x000000dfb3500000,0x000000dfb3600000)]
  0x00000293a01ba830 JavaThread "Cache worker for cache directory md-supplier (C:\Users\hachem safae\.gradle\caches\8.0\md-supplier)" [_thread_blocked, id=26004, stack(0x000000dfb3600000,0x000000dfb3700000)]
  0x00000293a01bad00 JavaThread "Cache worker for execution history cache (C:\Users\hachem safae\.gradle\caches\8.0\executionHistory)" [_thread_blocked, id=12224, stack(0x000000dfb3700000,0x000000dfb3800000)]
  0x00000293a01bb6a0 JavaThread "jar transforms" [_thread_blocked, id=16076, stack(0x000000dfb1900000,0x000000dfb1a00000)]
  0x000002939d1d73c0 JavaThread "C2 CompilerThread1" daemon [_thread_blocked, id=11204, stack(0x000000dfb1f00000,0x000000dfb2000000)]
  0x00000293a01bd380 JavaThread "jar transforms Thread 2" [_thread_blocked, id=2888, stack(0x000000dfb3800000,0x000000dfb3900000)]
  0x000002939e63fac0 JavaThread "Cache worker for kotlin-dsl (C:\Users\hachem safae\.gradle\caches\8.0\kotlin-dsl)" [_thread_blocked, id=17908, stack(0x000000dfb3b00000,0x000000dfb3c00000)]
  0x000002939e63ec50 JavaThread "jar transforms Thread 3" [_thread_blocked, id=23788, stack(0x000000dfb3c00000,0x000000dfb3d00000)]
  0x000002939e63caa0 JavaThread "jar transforms Thread 4" [_thread_blocked, id=24716, stack(0x000000dfb3d00000,0x000000dfb3e00000)]
  0x000002939e63e780 JavaThread "Cache worker for dependencies-accessors (D:\App_Android studio\projet_inscription\.gradle\8.0\dependencies-accessors)" [_thread_blocked, id=17512, stack(0x000000dfb3e00000,0x000000dfb3f00000)]
  0x000002939e63bc30 JavaThread "Cache worker for Build Output Cleanup Cache (D:\App_Android studio\projet_inscription\.gradle\buildOutputCleanup)" [_thread_blocked, id=24916, stack(0x000000dfb3f00000,0x000000dfb4000000)]
  0x000002939e63cf70 JavaThread "jar transforms Thread 5" [_thread_blocked, id=19224, stack(0x000000dfb4000000,0x000000dfb4100000)]
  0x000002939e63c100 JavaThread "Unconstrained build operations" [_thread_blocked, id=20656, stack(0x000000dfb4100000,0x000000dfb4200000)]
  0x000002939e63f5f0 JavaThread "Unconstrained build operations Thread 2" [_thread_blocked, id=6692, stack(0x000000dfb4200000,0x000000dfb4300000)]
  0x000002939e63ff90 JavaThread "Unconstrained build operations Thread 3" [_thread_blocked, id=14356, stack(0x000000dfb4300000,0x000000dfb4400000)]
  0x000002939e640460 JavaThread "Unconstrained build operations Thread 4" [_thread_blocked, id=3944, stack(0x000000dfb4400000,0x000000dfb4500000)]
  0x000002939e640930 JavaThread "Unconstrained build operations Thread 5" [_thread_blocked, id=25632, stack(0x000000dfb4500000,0x000000dfb4600000)]
  0x000002939e6417a0 JavaThread "Unconstrained build operations Thread 6" [_thread_blocked, id=25244, stack(0x000000dfb4600000,0x000000dfb4700000)]
  0x000002939e642fb0 JavaThread "Unconstrained build operations Thread 7" [_thread_blocked, id=8644, stack(0x000000dfb4700000,0x000000dfb4800000)]
  0x000002939e63d910 JavaThread "Unconstrained build operations Thread 8" [_thread_blocked, id=23688, stack(0x000000dfb4800000,0x000000dfb4900000)]
  0x000002939e640e00 JavaThread "Unconstrained build operations Thread 9" [_thread_blocked, id=6116, stack(0x000000dfb4900000,0x000000dfb4a00000)]
  0x000002939e63dde0 JavaThread "Unconstrained build operations Thread 10" [_thread_blocked, id=23548, stack(0x000000dfb4a00000,0x000000dfb4b00000)]
  0x000002939e63e2b0 JavaThread "Unconstrained build operations Thread 11" [_thread_blocked, id=22348, stack(0x000000dfb4b00000,0x000000dfb4c00000)]
  0x000002939d5833b0 JavaThread "Unconstrained build operations Thread 12" [_thread_blocked, id=11288, stack(0x000000dfb4c00000,0x000000dfb4d00000)]
  0x000002939d584bc0 JavaThread "Unconstrained build operations Thread 13" [_thread_blocked, id=12196, stack(0x000000dfb4d00000,0x000000dfb4e00000)]
  0x000002939d5863d0 JavaThread "Unconstrained build operations Thread 14" [_thread_blocked, id=21340, stack(0x000000dfb4e00000,0x000000dfb4f00000)]
  0x000002939d5880b0 JavaThread "Unconstrained build operations Thread 15" [_thread_blocked, id=17520, stack(0x000000dfb4f00000,0x000000dfb5000000)]
  0x000002939d587be0 JavaThread "Unconstrained build operations Thread 16" [_thread_blocked, id=25004, stack(0x000000dfb5000000,0x000000dfb5100000)]
  0x000002939d588580 JavaThread "Unconstrained build operations Thread 17" [_thread_blocked, id=17608, stack(0x000000dfb5100000,0x000000dfb5200000)]
  0x000002939d588a50 JavaThread "Unconstrained build operations Thread 18" [_thread_blocked, id=11612, stack(0x000000dfb5200000,0x000000dfb5300000)]
  0x000002939d5868a0 JavaThread "Unconstrained build operations Thread 19" [_thread_blocked, id=25316, stack(0x000000dfb5300000,0x000000dfb5400000)]
  0x000002939d585090 JavaThread "Unconstrained build operations Thread 20" [_thread_blocked, id=13264, stack(0x000000dfb5400000,0x000000dfb5500000)]
  0x000002939d586d70 JavaThread "Unconstrained build operations Thread 21" [_thread_blocked, id=21148, stack(0x000000dfb5500000,0x000000dfb5600000)]
  0x000002939d5893f0 JavaThread "Unconstrained build operations Thread 22" [_thread_blocked, id=18464, stack(0x000000dfb5600000,0x000000dfb5700000)]
  0x000002939d585560 JavaThread "Unconstrained build operations Thread 23" [_thread_blocked, id=1308, stack(0x000000dfb5700000,0x000000dfb5800000)]
  0x000002939d585a30 JavaThread "Unconstrained build operations Thread 24" [_thread_blocked, id=4300, stack(0x000000dfb5800000,0x000000dfb5900000)]
  0x000002939d587710 JavaThread "Unconstrained build operations Thread 25" [_thread_blocked, id=20812, stack(0x000000dfb5900000,0x000000dfb5a00000)]
  0x000002939d583d50 JavaThread "Unconstrained build operations Thread 26" [_thread_blocked, id=4052, stack(0x000000dfb5a00000,0x000000dfb5b00000)]
  0x000002939d585f00 JavaThread "Unconstrained build operations Thread 27" [_thread_blocked, id=12544, stack(0x000000dfb5b00000,0x000000dfb5c00000)]
  0x000002939d587240 JavaThread "Unconstrained build operations Thread 28" [_thread_blocked, id=4612, stack(0x000000dfb5c00000,0x000000dfb5d00000)]
  0x000002939d5898c0 JavaThread "Unconstrained build operations Thread 29" [_thread_blocked, id=7604, stack(0x000000dfb5d00000,0x000000dfb5e00000)]
  0x000002939d588f20 JavaThread "Unconstrained build operations Thread 30" [_thread_blocked, id=21052, stack(0x000000dfb5e00000,0x000000dfb5f00000)]
  0x000002939d582070 JavaThread "Unconstrained build operations Thread 31" [_thread_blocked, id=20212, stack(0x000000dfb5f00000,0x000000dfb6000000)]
  0x000002939d582540 JavaThread "Unconstrained build operations Thread 32" [_thread_blocked, id=20388, stack(0x000000dfb6000000,0x000000dfb6100000)]
  0x000002939d582a10 JavaThread "Unconstrained build operations Thread 33" [_thread_blocked, id=22060, stack(0x000000dfb6100000,0x000000dfb6200000)]
  0x000002939d582ee0 JavaThread "Unconstrained build operations Thread 34" [_thread_blocked, id=25548, stack(0x000000dfb6200000,0x000000dfb6300000)]
  0x000002939d583880 JavaThread "Unconstrained build operations Thread 35" [_thread_blocked, id=7340, stack(0x000000dfb6300000,0x000000dfb6400000)]
  0x000002939d584220 JavaThread "Unconstrained build operations Thread 36" [_thread_blocked, id=11812, stack(0x000000dfb6400000,0x000000dfb6500000)]
  0x000002939d5846f0 JavaThread "Unconstrained build operations Thread 37" [_thread_blocked, id=24924, stack(0x000000dfb6500000,0x000000dfb6600000)]
  0x00000293a0680db0 JavaThread "Unconstrained build operations Thread 38" [_thread_blocked, id=22956, stack(0x000000dfb6600000,0x000000dfb6700000)]
  0x00000293a067b240 JavaThread "Unconstrained build operations Thread 39" [_thread_blocked, id=25968, stack(0x000000dfb6700000,0x000000dfb6800000)]
  0x00000293a067ec00 JavaThread "Unconstrained build operations Thread 40" [_thread_blocked, id=26084, stack(0x000000dfb6800000,0x000000dfb6900000)]
  0x00000293a0680410 JavaThread "Unconstrained build operations Thread 41" [_thread_blocked, id=20552, stack(0x000000dfb6900000,0x000000dfb6a00000)]
  0x00000293a067dd90 JavaThread "Unconstrained build operations Thread 42" [_thread_blocked, id=8668, stack(0x000000dfb6a00000,0x000000dfb6b00000)]
  0x00000293a067ad70 JavaThread "Unconstrained build operations Thread 43" [_thread_blocked, id=25248, stack(0x000000dfb6b00000,0x000000dfb6c00000)]
  0x00000293a067b710 JavaThread "Unconstrained build operations Thread 44" [_thread_blocked, id=21992, stack(0x000000dfb6c00000,0x000000dfb6d00000)]
  0x00000293a067bbe0 JavaThread "Unconstrained build operations Thread 45" [_thread_blocked, id=6688, stack(0x000000dfb6d00000,0x000000dfb6e00000)]
  0x00000293a067d3f0 JavaThread "Unconstrained build operations Thread 46" [_thread_blocked, id=18340, stack(0x000000dfb6e00000,0x000000dfb6f00000)]
  0x00000293a06808e0 JavaThread "Unconstrained build operations Thread 47" [_thread_blocked, id=22392, stack(0x000000dfb6f00000,0x000000dfb7000000)]
  0x00000293a0681280 JavaThread "Unconstrained build operations Thread 48" [_thread_blocked, id=22400, stack(0x000000dfb7000000,0x000000dfb7100000)]
  0x00000293a067e730 JavaThread "Unconstrained build operations Thread 49" [_thread_blocked, id=8500, stack(0x000000dfb7100000,0x000000dfb7200000)]
  0x00000293a067ff40 JavaThread "Unconstrained build operations Thread 50" [_thread_blocked, id=24528, stack(0x000000dfb7200000,0x000000dfb7300000)]
  0x00000293a067f0d0 JavaThread "Unconstrained build operations Thread 51" [_thread_blocked, id=24096, stack(0x000000dfb7300000,0x000000dfb7400000)]
  0x00000293a067d8c0 JavaThread "Unconstrained build operations Thread 52" [_thread_blocked, id=7620, stack(0x000000dfb7400000,0x000000dfb7500000)]
  0x00000293a0679a30 JavaThread "Unconstrained build operations Thread 53" [_thread_blocked, id=3660, stack(0x000000dfb7500000,0x000000dfb7600000)]
  0x00000293a0679f00 JavaThread "Unconstrained build operations Thread 54" [_thread_blocked, id=26492, stack(0x000000dfb7600000,0x000000dfb7700000)]
  0x00000293a067e260 JavaThread "Unconstrained build operations Thread 55" [_thread_blocked, id=24048, stack(0x000000dfb7700000,0x000000dfb7800000)]
  0x00000293a067a3d0 JavaThread "Unconstrained build operations Thread 56" [_thread_blocked, id=22860, stack(0x000000dfb7800000,0x000000dfb7900000)]
  0x00000293a067a8a0 JavaThread "Unconstrained build operations Thread 57" [_thread_blocked, id=26528, stack(0x000000dfb7900000,0x000000dfb7a00000)]
  0x00000293a067c0b0 JavaThread "Unconstrained build operations Thread 58" [_thread_blocked, id=26476, stack(0x000000dfb7a00000,0x000000dfb7b00000)]
  0x00000293a067cf20 JavaThread "Unconstrained build operations Thread 59" [_thread_blocked, id=7664, stack(0x000000dfb7b00000,0x000000dfb7c00000)]
  0x00000293a067c580 JavaThread "Unconstrained build operations Thread 60" [_thread_blocked, id=20904, stack(0x000000dfb7c00000,0x000000dfb7d00000)]
  0x00000293a067f5a0 JavaThread "Unconstrained build operations Thread 61" [_thread_blocked, id=24768, stack(0x000000dfb7d00000,0x000000dfb7e00000)]
  0x00000293a067ca50 JavaThread "Unconstrained build operations Thread 62" [_thread_blocked, id=20184, stack(0x000000dfb7e00000,0x000000dfb7f00000)]
  0x00000293a067fa70 JavaThread "Unconstrained build operations Thread 63" [_thread_blocked, id=10888, stack(0x000000dfb7f00000,0x000000dfb8000000)]
  0x00000293a0e2d2d0 JavaThread "Unconstrained build operations Thread 64" [_thread_blocked, id=26128, stack(0x000000dfb8000000,0x000000dfb8100000)]
  0x00000293a0e2e610 JavaThread "Unconstrained build operations Thread 65" [_thread_blocked, id=12024, stack(0x000000dfb8100000,0x000000dfb8200000)]
  0x00000293a0e2e140 JavaThread "Unconstrained build operations Thread 66" [_thread_blocked, id=9464, stack(0x000000dfb8200000,0x000000dfb8300000)]
  0x00000293a0e2bf90 JavaThread "Unconstrained build operations Thread 67" [_thread_blocked, id=7260, stack(0x000000dfb8300000,0x000000dfb8400000)]
  0x00000293a0e2dc70 JavaThread "Unconstrained build operations Thread 68" [_thread_blocked, id=20320, stack(0x000000dfb8400000,0x000000dfb8500000)]
  0x00000293a0e2c460 JavaThread "Unconstrained build operations Thread 69" [_thread_blocked, id=16228, stack(0x000000dfb8500000,0x000000dfb8600000)]
  0x00000293a0e2c930 JavaThread "Unconstrained build operations Thread 70" [_thread_blocked, id=15228, stack(0x000000dfb8600000,0x000000dfb8700000)]
  0x00000293a0e2bac0 JavaThread "Unconstrained build operations Thread 71" [_thread_blocked, id=21084, stack(0x000000dfb8700000,0x000000dfb8800000)]
  0x00000293a0e2eae0 JavaThread "Unconstrained build operations Thread 72" [_thread_blocked, id=19672, stack(0x000000dfb8800000,0x000000dfb8900000)]
  0x00000293a0e2ce00 JavaThread "Unconstrained build operations Thread 73" [_thread_blocked, id=26280, stack(0x000000dfb8900000,0x000000dfb8a00000)]
  0x00000293a0e2d7a0 JavaThread "Unconstrained build operations Thread 74" [_thread_blocked, id=23984, stack(0x000000dfb8a00000,0x000000dfb8b00000)]
  0x00000293a0e2efb0 JavaThread "Unconstrained build operations Thread 75" [_thread_blocked, id=7528, stack(0x000000dfb8b00000,0x000000dfb8c00000)]
  0x00000293a0e2f480 JavaThread "Unconstrained build operations Thread 76" [_thread_blocked, id=3392, stack(0x000000dfb8c00000,0x000000dfb8d00000)]
  0x00000293a0c63620 JavaThread "Unconstrained build operations Thread 77" [_thread_blocked, id=21728, stack(0x000000dfb8d00000,0x000000dfb8e00000)]
  0x00000293a0c622e0 JavaThread "Unconstrained build operations Thread 78" [_thread_blocked, id=8112, stack(0x000000dfb8e00000,0x000000dfb8f00000)]
  0x00000293a0c68cc0 JavaThread "Unconstrained build operations Thread 79" [_thread_blocked, id=25820, stack(0x000000dfb8f00000,0x000000dfb9000000)]
  0x00000293a0c687f0 JavaThread "Unconstrained build operations Thread 80" [_thread_blocked, id=24088, stack(0x000000dfb9000000,0x000000dfb9100000)]
  0x00000293a0c61940 JavaThread "jar transforms Thread 6" [_thread_blocked, id=21164, stack(0x000000dfb9100000,0x000000dfb9200000)]
  0x00000293a0c61e10 JavaThread "jar transforms Thread 7" [_thread_blocked, id=8756, stack(0x000000dfb9200000,0x000000dfb9300000)]
  0x00000293a0c66640 JavaThread "jar transforms Thread 8" [_thread_blocked, id=25592, stack(0x000000dfb9300000,0x000000dfb9400000)]
  0x00000293a0c64490 JavaThread "build event listener" [_thread_blocked, id=21612, stack(0x000000dfb9400000,0x000000dfb9500000)]
  0x00000293a0c63af0 JavaThread "Memory manager" [_thread_blocked, id=9960, stack(0x000000dfb9500000,0x000000dfb9600000)]
  0x00000293a0405470 JavaThread "C2 CompilerThread2" daemon [_thread_blocked, id=17088, stack(0x000000dfb3900000,0x000000dfb3a00000)]
  0x00000293a0c69190 JavaThread "included builds" [_thread_blocked, id=21868, stack(0x000000dfb9800000,0x000000dfb9900000)]
  0x00000293a0c66170 JavaThread "Execution worker" [_thread_blocked, id=13532, stack(0x000000dfb9900000,0x000000dfb9a00000)]
  0x00000293a0c66fe0 JavaThread "Execution worker Thread 2" [_thread_blocked, id=15692, stack(0x000000dfb9a00000,0x000000dfb9b00000)]
  0x00000293a0c62c80 JavaThread "Execution worker Thread 3" [_thread_blocked, id=19032, stack(0x000000dfb9b00000,0x000000dfb9c00000)]
  0x00000293a0c67e50 JavaThread "Execution worker Thread 4" [_thread_blocked, id=18924, stack(0x000000dfb9c00000,0x000000dfb9d00000)]
  0x00000293a0c674b0 JavaThread "Execution worker Thread 5" [_thread_blocked, id=25400, stack(0x000000dfb9d00000,0x000000dfb9e00000)]
  0x00000293a0c63150 JavaThread "Execution worker Thread 6" [_thread_blocked, id=3616, stack(0x000000dfb9e00000,0x000000dfb9f00000)]
  0x00000293a38473b0 JavaThread "Execution worker Thread 7" [_thread_blocked, id=25932, stack(0x000000dfb9f00000,0x000000dfba000000)]
  0x00000293a3849090 JavaThread "Cache worker for execution history cache (D:\App_Android studio\projet_inscription\.gradle\8.0\executionHistory)" [_thread_blocked, id=24596, stack(0x000000dfba000000,0x000000dfba100000)]

Other Threads:
=>0x0000029399fddd50 VMThread "VM Thread" [stack: 0x000000dfb0c00000,0x000000dfb0d00000] [id=8720]
  0x00000293ff9d2f60 WatcherThread [stack: 0x000000dfb1800000,0x000000dfb1900000] [id=6696]
  0x00000293ff9b99f0 GCTaskThread "GC Thread#0" [stack: 0x000000dfb0700000,0x000000dfb0800000] [id=19764]
  0x000002939afb22b0 GCTaskThread "GC Thread#1" [stack: 0x000000dfb1a00000,0x000000dfb1b00000] [id=21216]
  0x000002939c03e4f0 GCTaskThread "GC Thread#2" [stack: 0x000000dfb1b00000,0x000000dfb1c00000] [id=24880]
  0x000002939b165030 GCTaskThread "GC Thread#3" [stack: 0x000000dfb1c00000,0x000000dfb1d00000] [id=17712]
  0x000002939b1652e0 GCTaskThread "GC Thread#4" [stack: 0x000000dfb1d00000,0x000000dfb1e00000] [id=9564]
  0x000002939c13a370 GCTaskThread "GC Thread#5" [stack: 0x000000dfb1e00000,0x000000dfb1f00000] [id=26200]
  0x000002939d5a6230 GCTaskThread "GC Thread#6" [stack: 0x000000dfb2a00000,0x000000dfb2b00000] [id=26532]
  0x000002939db58db0 GCTaskThread "GC Thread#7" [stack: 0x000000dfb2b00000,0x000000dfb2c00000] [id=26524]
  0x00000293ff9ca840 ConcurrentGCThread "G1 Main Marker" [stack: 0x000000dfb0800000,0x000000dfb0900000] [id=22232]
  0x00000293ff9cb900 ConcurrentGCThread "G1 Conc#0" [stack: 0x000000dfb0900000,0x000000dfb0a00000] [id=23888]
  0x000002939db3ce70 ConcurrentGCThread "G1 Conc#1" [stack: 0x000000dfb2c00000,0x000000dfb2d00000] [id=21160]
  0x00000293ffa1e260 ConcurrentGCThread "G1 Refine#0" [stack: 0x000000dfb0a00000,0x000000dfb0b00000] [id=26212]
  0x000002939d477370 ConcurrentGCThread "G1 Refine#1" [stack: 0x000000dfb3a00000,0x000000dfb3b00000] [id=3168]
  0x00000293a4a41f90 ConcurrentGCThread "G1 Refine#2" [stack: 0x000000dfb9600000,0x000000dfb9700000] [id=23444]
  0x00000293a4a42df0 ConcurrentGCThread "G1 Refine#3" [stack: 0x000000dfb9700000,0x000000dfb9800000] [id=23860]
  0x00000293ffa1eb90 ConcurrentGCThread "G1 Service" [stack: 0x000000dfb0b00000,0x000000dfb0c00000] [id=17896]

Threads with active compile tasks:
C2 CompilerThread0    13355 10916       4       org.objectweb.asm.ClassReader::readCode (5109 bytes)
C2 CompilerThread1    13355 10989       4       org.gradle.internal.normalization.java.impl.ApiMemberWriter::writeMethodAnnotations (90 bytes)
C2 CompilerThread2    13355 10973       4       org.objectweb.asm.MethodWriter::putMethodInfo (1274 bytes)

VM state: at safepoint (normal execution)

VM Mutex/Monitor currently owned by a thread:  ([mutex/lock_event])
[0x00000293fdf5bbd0] Threads_lock - owner thread: 0x0000029399fddd50
[0x00000293fdf5ba20] Heap_lock - owner thread: 0x00000293a0c62c80

Heap address: 0x0000000080000000, size: 2048 MB, Compressed Oops mode: 32-bit

CDS archive(s) not mapped
Compressed class space mapped at: 0x0000000100000000-0x0000000140000000, reserved size: 1073741824
Narrow klass base: 0x0000000000000000, Narrow klass shift: 3, Narrow klass range: 0x140000000

GC Precious Log:
 CPUs: 8 total, 8 available
 Memory: 16194M
 Large Page Support: Disabled
 NUMA Support: Disabled
 Compressed Oops: Enabled (32-bit)
 Heap Region Size: 1M
 Heap Min Capacity: 8M
 Heap Initial Capacity: 254M
 Heap Max Capacity: 2G
 Pre-touch: Disabled
 Parallel Workers: 8
 Concurrent Workers: 2
 Concurrent Refinement Workers: 8
 Periodic GC: Disabled

Heap:
 garbage-first heap   total 157696K, used 87329K [0x0000000080000000, 0x0000000100000000)
  region size 1024K, 1 young (1024K), 1 survivors (1024K)
 Metaspace       used 91297K, committed 92032K, reserved 1130496K
  class space    used 12528K, committed 12864K, reserved 1048576K

Heap Regions: E=young(eden), S=young(survivor), O=old, HS=humongous(starts), HC=humongous(continues), CS=collection set, F=free, OA=open archive, CA=closed archive, TAMS=top-at-mark-start (previous, next)
|   0|0x0000000080000000, 0x0000000080100000, 0x0000000080100000|100%|HS|  |TAMS 0x0000000080100000, 0x0000000080100000| Complete 
|   1|0x0000000080100000, 0x0000000080200000, 0x0000000080200000|100%|HC|  |TAMS 0x0000000080200000, 0x0000000080200000| Complete 
|   2|0x0000000080200000, 0x0000000080300000, 0x0000000080300000|100%|HC|  |TAMS 0x0000000080300000, 0x0000000080300000| Complete 
|   3|0x0000000080300000, 0x0000000080400000, 0x0000000080400000|100%|HC|  |TAMS 0x0000000080400000, 0x0000000080400000| Complete 
|   4|0x0000000080400000, 0x0000000080500000, 0x0000000080500000|100%| O|  |TAMS 0x0000000080500000, 0x0000000080500000| Untracked 
|   5|0x0000000080500000, 0x0000000080600000, 0x0000000080600000|100%| O|  |TAMS 0x0000000080600000, 0x0000000080600000| Untracked 
|   6|0x0000000080600000, 0x0000000080700000, 0x0000000080700000|100%| O|  |TAMS 0x0000000080700000, 0x0000000080700000| Untracked 
|   7|0x0000000080700000, 0x0000000080800000, 0x0000000080800000|100%| O|  |TAMS 0x0000000080800000, 0x0000000080800000| Untracked 
|   8|0x0000000080800000, 0x0000000080900000, 0x0000000080900000|100%| O|  |TAMS 0x0000000080900000, 0x0000000080900000| Untracked 
|   9|0x0000000080900000, 0x0000000080a00000, 0x0000000080a00000|100%| O|  |TAMS 0x0000000080a00000, 0x0000000080a00000| Untracked 
|  10|0x0000000080a00000, 0x0000000080b00000, 0x0000000080b00000|100%| O|  |TAMS 0x0000000080b00000, 0x0000000080b00000| Untracked 
|  11|0x0000000080b00000, 0x0000000080c00000, 0x0000000080c00000|100%| O|  |TAMS 0x0000000080c00000, 0x0000000080c00000| Untracked 
|  12|0x0000000080c00000, 0x0000000080d00000, 0x0000000080d00000|100%| O|  |TAMS 0x0000000080d00000, 0x0000000080d00000| Untracked 
|  13|0x0000000080d00000, 0x0000000080e00000, 0x0000000080e00000|100%| O|  |TAMS 0x0000000080e00000, 0x0000000080e00000| Untracked 
|  14|0x0000000080e00000, 0x0000000080f00000, 0x0000000080f00000|100%| O|  |TAMS 0x0000000080f00000, 0x0000000080f00000| Untracked 
|  15|0x0000000080f00000, 0x0000000081000000, 0x0000000081000000|100%| O|  |TAMS 0x0000000081000000, 0x0000000081000000| Untracked 
|  16|0x0000000081000000, 0x0000000081100000, 0x0000000081100000|100%| O|  |TAMS 0x0000000081100000, 0x0000000081100000| Untracked 
|  17|0x0000000081100000, 0x0000000081200000, 0x0000000081200000|100%| O|  |TAMS 0x0000000081200000, 0x0000000081200000| Untracked 
|  18|0x0000000081200000, 0x0000000081300000, 0x0000000081300000|100%| O|  |TAMS 0x0000000081300000, 0x0000000081300000| Untracked 
|  19|0x0000000081300000, 0x0000000081400000, 0x0000000081400000|100%| O|  |TAMS 0x0000000081400000, 0x0000000081400000| Untracked 
|  20|0x0000000081400000, 0x0000000081500000, 0x0000000081500000|100%| O|  |TAMS 0x0000000081500000, 0x0000000081500000| Untracked 
|  21|0x0000000081500000, 0x0000000081600000, 0x0000000081600000|100%| O|  |TAMS 0x0000000081600000, 0x0000000081600000| Untracked 
|  22|0x0000000081600000, 0x0000000081700000, 0x0000000081700000|100%| O|  |TAMS 0x0000000081700000, 0x0000000081700000| Untracked 
|  23|0x0000000081700000, 0x0000000081800000, 0x0000000081800000|100%| O|  |TAMS 0x0000000081800000, 0x0000000081800000| Untracked 
|  24|0x0000000081800000, 0x0000000081800000, 0x0000000081900000|  0%| F|  |TAMS 0x0000000081800000, 0x0000000081800000| Untracked 
|  25|0x0000000081900000, 0x0000000081a00000, 0x0000000081a00000|100%| O|  |TAMS 0x0000000081a00000, 0x0000000081a00000| Untracked 
|  26|0x0000000081a00000, 0x0000000081b00000, 0x0000000081b00000|100%| O|  |TAMS 0x0000000081b00000, 0x0000000081b00000| Untracked 
|  27|0x0000000081b00000, 0x0000000081c00000, 0x0000000081c00000|100%| O|  |TAMS 0x0000000081c00000, 0x0000000081c00000| Untracked 
|  28|0x0000000081c00000, 0x0000000081d00000, 0x0000000081d00000|100%| O|  |TAMS 0x0000000081d00000, 0x0000000081d00000| Untracked 
|  29|0x0000000081d00000, 0x0000000081e00000, 0x0000000081e00000|100%| O|  |TAMS 0x0000000081e00000, 0x0000000081e00000| Untracked 
|  30|0x0000000081e00000, 0x0000000081f00000, 0x0000000081f00000|100%| O|  |TAMS 0x0000000081f00000, 0x0000000081f00000| Untracked 
|  31|0x0000000081f00000, 0x0000000082000000, 0x0000000082000000|100%| O|  |TAMS 0x0000000082000000, 0x0000000082000000| Untracked 
|  32|0x0000000082000000, 0x0000000082100000, 0x0000000082100000|100%|HS|  |TAMS 0x0000000082100000, 0x0000000082100000| Complete 
|  33|0x0000000082100000, 0x0000000082200000, 0x0000000082200000|100%|HS|  |TAMS 0x0000000082200000, 0x0000000082200000| Complete 
|  34|0x0000000082200000, 0x0000000082300000, 0x0000000082300000|100%|HS|  |TAMS 0x0000000082300000, 0x0000000082300000| Complete 
|  35|0x0000000082300000, 0x0000000082400000, 0x0000000082400000|100%| O|  |TAMS 0x0000000082400000, 0x0000000082400000| Untracked 
|  36|0x0000000082400000, 0x0000000082500000, 0x0000000082500000|100%| O|  |TAMS 0x0000000082500000, 0x0000000082500000| Untracked 
|  37|0x0000000082500000, 0x0000000082600000, 0x0000000082600000|100%| O|  |TAMS 0x0000000082600000, 0x0000000082600000| Untracked 
|  38|0x0000000082600000, 0x0000000082700000, 0x0000000082700000|100%| O|  |TAMS 0x0000000082700000, 0x0000000082700000| Untracked 
|  39|0x0000000082700000, 0x0000000082700000, 0x0000000082800000|  0%| F|  |TAMS 0x0000000082700000, 0x0000000082700000| Untracked 
|  40|0x0000000082800000, 0x0000000082900000, 0x0000000082900000|100%| O|  |TAMS 0x0000000082900000, 0x0000000082900000| Untracked 
|  41|0x0000000082900000, 0x0000000082a00000, 0x0000000082a00000|100%| O|  |TAMS 0x0000000082a00000, 0x0000000082a00000| Untracked 
|  42|0x0000000082a00000, 0x0000000082b00000, 0x0000000082b00000|100%| O|  |TAMS 0x0000000082b00000, 0x0000000082b00000| Untracked 
|  43|0x0000000082b00000, 0x0000000082c00000, 0x0000000082c00000|100%| O|  |TAMS 0x0000000082c00000, 0x0000000082c00000| Untracked 
|  44|0x0000000082c00000, 0x0000000082d00000, 0x0000000082d00000|100%| O|  |TAMS 0x0000000082d00000, 0x0000000082d00000| Untracked 
|  45|0x0000000082d00000, 0x0000000082e00000, 0x0000000082e00000|100%| O|  |TAMS 0x0000000082e00000, 0x0000000082e00000| Untracked 
|  46|0x0000000082e00000, 0x0000000082f00000, 0x0000000082f00000|100%| O|  |TAMS 0x0000000082f00000, 0x0000000082f00000| Untracked 
|  47|0x0000000082f00000, 0x0000000083000000, 0x0000000083000000|100%| O|  |TAMS 0x0000000083000000, 0x0000000083000000| Untracked 
|  48|0x0000000083000000, 0x0000000083100000, 0x0000000083100000|100%| O|  |TAMS 0x0000000083100000, 0x0000000083100000| Untracked 
|  49|0x0000000083100000, 0x0000000083200000, 0x0000000083200000|100%| O|  |TAMS 0x0000000083200000, 0x0000000083200000| Untracked 
|  50|0x0000000083200000, 0x0000000083300000, 0x0000000083300000|100%| O|  |TAMS 0x0000000083300000, 0x0000000083300000| Untracked 
|  51|0x0000000083300000, 0x0000000083400000, 0x0000000083400000|100%| O|  |TAMS 0x0000000083400000, 0x0000000083400000| Untracked 
|  52|0x0000000083400000, 0x0000000083500000, 0x0000000083500000|100%| O|  |TAMS 0x0000000083500000, 0x0000000083500000| Untracked 
|  53|0x0000000083500000, 0x0000000083600000, 0x0000000083600000|100%| O|  |TAMS 0x0000000083600000, 0x0000000083600000| Untracked 
|  54|0x0000000083600000, 0x0000000083700000, 0x0000000083700000|100%| O|  |TAMS 0x0000000083700000, 0x0000000083700000| Untracked 
|  55|0x0000000083700000, 0x0000000083800000, 0x0000000083800000|100%| O|  |TAMS 0x0000000083800000, 0x0000000083800000| Untracked 
|  56|0x0000000083800000, 0x0000000083900000, 0x0000000083900000|100%| O|  |TAMS 0x0000000083900000, 0x0000000083900000| Untracked 
|  57|0x0000000083900000, 0x0000000083a00000, 0x0000000083a00000|100%| O|  |TAMS 0x0000000083a00000, 0x0000000083a00000| Untracked 
|  58|0x0000000083a00000, 0x0000000083b00000, 0x0000000083b00000|100%| O|  |TAMS 0x0000000083b00000, 0x0000000083b00000| Untracked 
|  59|0x0000000083b00000, 0x0000000083c00000, 0x0000000083c00000|100%| O|  |TAMS 0x0000000083c00000, 0x0000000083c00000| Untracked 
|  60|0x0000000083c00000, 0x0000000083d00000, 0x0000000083d00000|100%| O|  |TAMS 0x0000000083d00000, 0x0000000083d00000| Untracked 
|  61|0x0000000083d00000, 0x0000000083e00000, 0x0000000083e00000|100%| O|  |TAMS 0x0000000083e00000, 0x0000000083e00000| Untracked 
|  62|0x0000000083e00000, 0x0000000083f00000, 0x0000000083f00000|100%| O|  |TAMS 0x0000000083f00000, 0x0000000083f00000| Untracked 
|  63|0x0000000083f00000, 0x0000000084000000, 0x0000000084000000|100%| O|  |TAMS 0x0000000084000000, 0x0000000084000000| Untracked 
|  64|0x0000000084000000, 0x0000000084100000, 0x0000000084100000|100%| O|  |TAMS 0x0000000084100000, 0x0000000084100000| Untracked 
|  65|0x0000000084100000, 0x0000000084200000, 0x0000000084200000|100%| O|  |TAMS 0x0000000084200000, 0x0000000084200000| Untracked 
|  66|0x0000000084200000, 0x0000000084300000, 0x0000000084300000|100%| O|  |TAMS 0x0000000084300000, 0x0000000084300000| Untracked 
|  67|0x0000000084300000, 0x0000000084400000, 0x0000000084400000|100%| O|  |TAMS 0x0000000084400000, 0x0000000084400000| Untracked 
|  68|0x0000000084400000, 0x0000000084500000, 0x0000000084500000|100%| O|  |TAMS 0x0000000084500000, 0x0000000084500000| Untracked 
|  69|0x0000000084500000, 0x0000000084600000, 0x0000000084600000|100%| O|  |TAMS 0x0000000084600000, 0x0000000084600000| Untracked 
|  70|0x0000000084600000, 0x0000000084700000, 0x0000000084700000|100%| O|  |TAMS 0x0000000084700000, 0x0000000084700000| Untracked 
|  71|0x0000000084700000, 0x0000000084800000, 0x0000000084800000|100%| O|  |TAMS 0x00000000847e9400, 0x0000000084800000| Untracked 
|  72|0x0000000084800000, 0x0000000084900000, 0x0000000084900000|100%| O|  |TAMS 0x0000000084800000, 0x0000000084900000| Untracked 
|  73|0x0000000084900000, 0x0000000084a00000, 0x0000000084a00000|100%| O|  |TAMS 0x0000000084900000, 0x0000000084a00000| Untracked 
|  74|0x0000000084a00000, 0x0000000084b00000, 0x0000000084b00000|100%| O|  |TAMS 0x0000000084a00000, 0x0000000084b00000| Untracked 
|  75|0x0000000084b00000, 0x0000000084c00000, 0x0000000084c00000|100%| O|  |TAMS 0x0000000084b00000, 0x0000000084c00000| Untracked 
|  76|0x0000000084c00000, 0x0000000084d00000, 0x0000000084d00000|100%| O|  |TAMS 0x0000000084c00000, 0x0000000084d00000| Untracked 
|  77|0x0000000084d00000, 0x0000000084e00000, 0x0000000084e00000|100%|HS|  |TAMS 0x0000000084d00000, 0x0000000084e00000| Complete 
|  78|0x0000000084e00000, 0x0000000084f00000, 0x0000000084f00000|100%|HC|  |TAMS 0x0000000084e00000, 0x0000000084f00000| Complete 
|  79|0x0000000084f00000, 0x0000000085000000, 0x0000000085000000|100%| O|  |TAMS 0x0000000084f00000, 0x0000000085000000| Untracked 
|  80|0x0000000085000000, 0x0000000085100000, 0x0000000085100000|100%| O|  |TAMS 0x0000000085000000, 0x0000000085100000| Untracked 
|  81|0x0000000085100000, 0x0000000085200000, 0x0000000085200000|100%| O|  |TAMS 0x0000000085100000, 0x0000000085200000| Untracked 
|  82|0x0000000085200000, 0x0000000085300000, 0x0000000085300000|100%| O|  |TAMS 0x0000000085200000, 0x0000000085300000| Untracked 
|  83|0x0000000085300000, 0x0000000085400000, 0x0000000085400000|100%| O|  |TAMS 0x0000000085300000, 0x0000000085400000| Untracked 
|  84|0x0000000085400000, 0x0000000085500000, 0x0000000085500000|100%| O|  |TAMS 0x0000000085400000, 0x0000000085500000| Untracked 
|  85|0x0000000085500000, 0x0000000085600000, 0x0000000085600000|100%| O|  |TAMS 0x0000000085500000, 0x0000000085600000| Untracked 
|  86|0x0000000085600000, 0x0000000085700000, 0x0000000085700000|100%| O|  |TAMS 0x0000000085600000, 0x0000000085700000| Untracked 
|  87|0x0000000085700000, 0x0000000085700000, 0x0000000085800000|  0%| F|  |TAMS 0x0000000085700000, 0x0000000085700000| Untracked 
|  88|0x0000000085800000, 0x0000000085800000, 0x0000000085900000|  0%| F|  |TAMS 0x0000000085800000, 0x0000000085800000| Untracked 
|  89|0x0000000085900000, 0x0000000085900000, 0x0000000085a00000|  0%| F|  |TAMS 0x0000000085900000, 0x0000000085900000| Untracked 
|  90|0x0000000085a00000, 0x0000000085a00000, 0x0000000085b00000|  0%| F|  |TAMS 0x0000000085a00000, 0x0000000085a00000| Untracked 
|  91|0x0000000085b00000, 0x0000000085b00000, 0x0000000085c00000|  0%| F|  |TAMS 0x0000000085b00000, 0x0000000085b00000| Untracked 
|  92|0x0000000085c00000, 0x0000000085c00000, 0x0000000085d00000|  0%| F|  |TAMS 0x0000000085c00000, 0x0000000085c00000| Untracked 
|  93|0x0000000085d00000, 0x0000000085d00000, 0x0000000085e00000|  0%| F|  |TAMS 0x0000000085d00000, 0x0000000085d00000| Untracked 
|  94|0x0000000085e00000, 0x0000000085e00000, 0x0000000085f00000|  0%| F|  |TAMS 0x0000000085e00000, 0x0000000085e00000| Untracked 
|  95|0x0000000085f00000, 0x0000000085f00000, 0x0000000086000000|  0%| F|  |TAMS 0x0000000085f00000, 0x0000000085f00000| Untracked 
|  96|0x0000000086000000, 0x0000000086000000, 0x0000000086100000|  0%| F|  |TAMS 0x0000000086000000, 0x0000000086000000| Untracked 
|  97|0x0000000086100000, 0x0000000086100000, 0x0000000086200000|  0%| F|  |TAMS 0x0000000086100000, 0x0000000086100000| Untracked 
|  98|0x0000000086200000, 0x0000000086200000, 0x0000000086300000|  0%| F|  |TAMS 0x0000000086200000, 0x0000000086200000| Untracked 
|  99|0x0000000086300000, 0x0000000086300000, 0x0000000086400000|  0%| F|  |TAMS 0x0000000086300000, 0x0000000086300000| Untracked 
| 100|0x0000000086400000, 0x0000000086400000, 0x0000000086500000|  0%| F|  |TAMS 0x0000000086400000, 0x0000000086400000| Untracked 
| 101|0x0000000086500000, 0x0000000086500000, 0x0000000086600000|  0%| F|  |TAMS 0x0000000086500000, 0x0000000086500000| Untracked 
| 102|0x0000000086600000, 0x0000000086600000, 0x0000000086700000|  0%| F|  |TAMS 0x0000000086600000, 0x0000000086600000| Untracked 
| 103|0x0000000086700000, 0x0000000086700000, 0x0000000086800000|  0%| F|  |TAMS 0x0000000086700000, 0x0000000086700000| Untracked 
| 104|0x0000000086800000, 0x0000000086800000, 0x0000000086900000|  0%| F|  |TAMS 0x0000000086800000, 0x0000000086800000| Untracked 
| 105|0x0000000086900000, 0x0000000086900000, 0x0000000086a00000|  0%| F|  |TAMS 0x0000000086900000, 0x0000000086900000| Untracked 
| 106|0x0000000086a00000, 0x0000000086a00000, 0x0000000086b00000|  0%| F|  |TAMS 0x0000000086a00000, 0x0000000086a00000| Untracked 
| 107|0x0000000086b00000, 0x0000000086b00000, 0x0000000086c00000|  0%| F|  |TAMS 0x0000000086b00000, 0x0000000086b00000| Untracked 
| 108|0x0000000086c00000, 0x0000000086c00000, 0x0000000086d00000|  0%| F|  |TAMS 0x0000000086c00000, 0x0000000086c00000| Untracked 
| 109|0x0000000086d00000, 0x0000000086d00000, 0x0000000086e00000|  0%| F|  |TAMS 0x0000000086d00000, 0x0000000086d00000| Untracked 
| 110|0x0000000086e00000, 0x0000000086e00000, 0x0000000086f00000|  0%| F|  |TAMS 0x0000000086e00000, 0x0000000086e00000| Untracked 
| 111|0x0000000086f00000, 0x0000000086f00000, 0x0000000087000000|  0%| F|  |TAMS 0x0000000086f00000, 0x0000000086f00000| Untracked 
| 112|0x0000000087000000, 0x0000000087000000, 0x0000000087100000|  0%| F|  |TAMS 0x0000000087000000, 0x0000000087000000| Untracked 
| 113|0x0000000087100000, 0x0000000087148530, 0x0000000087200000| 28%| S|CS|TAMS 0x0000000087100000, 0x0000000087100000| Complete 
| 114|0x0000000087200000, 0x0000000087200000, 0x0000000087300000|  0%| F|  |TAMS 0x0000000087200000, 0x0000000087200000| Untracked 
| 115|0x0000000087300000, 0x0000000087300000, 0x0000000087400000|  0%| F|  |TAMS 0x0000000087300000, 0x0000000087300000| Untracked 
| 116|0x0000000087400000, 0x0000000087400000, 0x0000000087500000|  0%| F|  |TAMS 0x0000000087400000, 0x0000000087400000| Untracked 
| 117|0x0000000087500000, 0x0000000087500000, 0x0000000087600000|  0%| F|  |TAMS 0x0000000087500000, 0x0000000087500000| Untracked 
| 118|0x0000000087600000, 0x0000000087600000, 0x0000000087700000|  0%| F|  |TAMS 0x0000000087600000, 0x0000000087600000| Untracked 
| 119|0x0000000087700000, 0x0000000087700000, 0x0000000087800000|  0%| F|  |TAMS 0x0000000087700000, 0x0000000087700000| Untracked 
| 120|0x0000000087800000, 0x0000000087800000, 0x0000000087900000|  0%| F|  |TAMS 0x0000000087800000, 0x0000000087800000| Untracked 
| 121|0x0000000087900000, 0x0000000087900000, 0x0000000087a00000|  0%| F|  |TAMS 0x0000000087900000, 0x0000000087900000| Untracked 
| 122|0x0000000087a00000, 0x0000000087a00000, 0x0000000087b00000|  0%| F|  |TAMS 0x0000000087a00000, 0x0000000087a00000| Untracked 
| 123|0x0000000087b00000, 0x0000000087b00000, 0x0000000087c00000|  0%| F|  |TAMS 0x0000000087b00000, 0x0000000087b00000| Untracked 
| 124|0x0000000087c00000, 0x0000000087c00000, 0x0000000087d00000|  0%| F|  |TAMS 0x0000000087c00000, 0x0000000087c00000| Untracked 
| 125|0x0000000087d00000, 0x0000000087d00000, 0x0000000087e00000|  0%| F|  |TAMS 0x0000000087d00000, 0x0000000087d00000| Untracked 
| 126|0x0000000087e00000, 0x0000000087e00000, 0x0000000087f00000|  0%| F|  |TAMS 0x0000000087e00000, 0x0000000087e00000| Untracked 
| 127|0x0000000087f00000, 0x0000000087f00000, 0x0000000088000000|  0%| F|  |TAMS 0x0000000087f00000, 0x0000000087f00000| Untracked 
| 128|0x0000000088000000, 0x0000000088000000, 0x0000000088100000|  0%| F|  |TAMS 0x0000000088000000, 0x0000000088000000| Untracked 
| 129|0x0000000088100000, 0x0000000088100000, 0x0000000088200000|  0%| F|  |TAMS 0x0000000088100000, 0x0000000088100000| Untracked 
| 130|0x0000000088200000, 0x0000000088200000, 0x0000000088300000|  0%| F|  |TAMS 0x0000000088200000, 0x0000000088200000| Untracked 
| 131|0x0000000088300000, 0x0000000088300000, 0x0000000088400000|  0%| F|  |TAMS 0x0000000088300000, 0x0000000088300000| Untracked 
| 132|0x0000000088400000, 0x0000000088400000, 0x0000000088500000|  0%| F|  |TAMS 0x0000000088400000, 0x0000000088400000| Untracked 
| 133|0x0000000088500000, 0x0000000088500000, 0x0000000088600000|  0%| F|  |TAMS 0x0000000088500000, 0x0000000088500000| Untracked 
| 134|0x0000000088600000, 0x0000000088600000, 0x0000000088700000|  0%| F|  |TAMS 0x0000000088600000, 0x0000000088600000| Untracked 
| 135|0x0000000088700000, 0x0000000088700000, 0x0000000088800000|  0%| F|  |TAMS 0x0000000088700000, 0x0000000088700000| Untracked 
| 136|0x0000000088800000, 0x0000000088800000, 0x0000000088900000|  0%| F|  |TAMS 0x0000000088800000, 0x0000000088800000| Untracked 
| 137|0x0000000088900000, 0x0000000088900000, 0x0000000088a00000|  0%| F|  |TAMS 0x0000000088900000, 0x0000000088900000| Untracked 
| 138|0x0000000088a00000, 0x0000000088a00000, 0x0000000088b00000|  0%| F|  |TAMS 0x0000000088a00000, 0x0000000088a00000| Untracked 
| 139|0x0000000088b00000, 0x0000000088b00000, 0x0000000088c00000|  0%| F|  |TAMS 0x0000000088b00000, 0x0000000088b00000| Untracked 
| 140|0x0000000088c00000, 0x0000000088c00000, 0x0000000088d00000|  0%| F|  |TAMS 0x0000000088c00000, 0x0000000088c00000| Untracked 
| 141|0x0000000088d00000, 0x0000000088d00000, 0x0000000088e00000|  0%| F|  |TAMS 0x0000000088d00000, 0x0000000088d00000| Untracked 
| 142|0x0000000088e00000, 0x0000000088e00000, 0x0000000088f00000|  0%| F|  |TAMS 0x0000000088e00000, 0x0000000088e00000| Untracked 
| 143|0x0000000088f00000, 0x0000000088f00000, 0x0000000089000000|  0%| F|  |TAMS 0x0000000088f00000, 0x0000000088f00000| Untracked 
| 200|0x000000008c800000, 0x000000008c800000, 0x000000008c900000|  0%| F|  |TAMS 0x000000008c800000, 0x000000008c800000| Untracked 
| 201|0x000000008c900000, 0x000000008c900000, 0x000000008ca00000|  0%| F|  |TAMS 0x000000008c900000, 0x000000008c900000| Untracked 
| 202|0x000000008ca00000, 0x000000008ca00000, 0x000000008cb00000|  0%| F|  |TAMS 0x000000008ca00000, 0x000000008ca00000| Untracked 
| 203|0x000000008cb00000, 0x000000008cb00000, 0x000000008cc00000|  0%| F|  |TAMS 0x000000008cb00000, 0x000000008cb00000| Untracked 
| 204|0x000000008cc00000, 0x000000008cc00000, 0x000000008cd00000|  0%| F|  |TAMS 0x000000008cc00000, 0x000000008cc00000| Untracked 
| 205|0x000000008cd00000, 0x000000008cd00000, 0x000000008ce00000|  0%| F|  |TAMS 0x000000008cd00000, 0x000000008cd00000| Untracked 
| 206|0x000000008ce00000, 0x000000008ce00000, 0x000000008cf00000|  0%| F|  |TAMS 0x000000008ce00000, 0x000000008ce00000| Untracked 
| 207|0x000000008cf00000, 0x000000008cf00000, 0x000000008d000000|  0%| F|  |TAMS 0x000000008cf00000, 0x000000008cf00000| Untracked 
| 208|0x000000008d000000, 0x000000008d000000, 0x000000008d100000|  0%| F|  |TAMS 0x000000008d000000, 0x000000008d000000| Untracked 
| 253|0x000000008fd00000, 0x000000008fd00000, 0x000000008fe00000|  0%| F|  |TAMS 0x000000008fd00000, 0x000000008fd00000| Untracked 

Card table byte_map: [0x0000029392d60000,0x0000029393160000] _byte_map_base: 0x0000029392960000

Marking Bits (Prev, Next): (CMBitMap*) 0x00000293ff9b9f50, (CMBitMap*) 0x00000293ff9b9f10
 Prev Bits: [0x0000029395560000, 0x0000029397560000)
 Next Bits: [0x0000029393560000, 0x0000029395560000)

Polling page: 0x00000293fe110000

Metaspace:

Usage:
  Non-class:     76.92 MB used.
      Class:     12.23 MB used.
       Both:     89.16 MB used.

Virtual space:
  Non-class space:       80.00 MB reserved,      77.31 MB ( 97%) committed,  10 nodes.
      Class space:        1.00 GB reserved,      12.56 MB (  1%) committed,  1 nodes.
             Both:        1.08 GB reserved,      89.88 MB (  8%) committed. 

Chunk freelists:
   Non-Class:  1.80 MB
       Class:  3.36 MB
        Both:  5.16 MB

MaxMetaspaceSize: unlimited
CompressedClassSpaceSize: 1.00 GB
Initial GC threshold: 21.00 MB
Current GC threshold: 148.69 MB
CDS: off
MetaspaceReclaimPolicy: balanced
 - commit_granule_bytes: 65536.
 - commit_granule_words: 8192.
 - virtual_space_node_default_size: 1048576.
 - enlarge_chunks_in_place: 1.
 - new_chunks_are_fully_committed: 0.
 - uncommit_free_chunks: 1.
 - use_allocation_guard: 0.
 - handle_deallocations: 1.


Internal statistics:

num_allocs_failed_limit: 6.
num_arena_births: 990.
num_arena_deaths: 0.
num_vsnodes_births: 11.
num_vsnodes_deaths: 0.
num_space_committed: 1438.
num_space_uncommitted: 0.
num_chunks_returned_to_freelist: 6.
num_chunks_taken_from_freelist: 4335.
num_chunk_merges: 6.
num_chunk_splits: 2856.
num_chunks_enlarged: 1912.
num_purges: 0.
num_inconsistent_stats: 0.

CodeHeap 'non-profiled nmethods': size=120000Kb used=5550Kb max_used=5850Kb free=114449Kb
 bounds [0x000002938aed0000, 0x000002938b490000, 0x0000029392400000]
CodeHeap 'profiled nmethods': size=120000Kb used=18049Kb max_used=18420Kb free=101950Kb
 bounds [0x0000029383400000, 0x0000029384620000, 0x000002938a930000]
CodeHeap 'non-nmethods': size=5760Kb used=2387Kb max_used=2479Kb free=3372Kb
 bounds [0x000002938a930000, 0x000002938abb0000, 0x000002938aed0000]
 total_blobs=10292 nmethods=9376 adapters=828
 compilation: enabled
              stopped_count=0, restarted_count=0
 full_count=0

Compilation events (20 events):
Event: 13.245 Thread 0x000002939d1d73c0 nmethod 10975 0x000002938afa0910 code [0x000002938afa0b80, 0x000002938afa1638]
Event: 13.245 Thread 0x000002939d1d73c0 10992       4       org.objectweb.asm.AnnotationWriter::putAnnotations (67 bytes)
Event: 13.263 Thread 0x000002939a885f60 10997       2       com.google.common.collect.Ordering$ArbitraryOrdering::compare (81 bytes)
Event: 13.264 Thread 0x000002939a885f60 nmethod 10997 0x0000029383f3b010 code [0x0000029383f3b200, 0x0000029383f3b5a8]
Event: 13.271 Thread 0x000002939d1d73c0 nmethod 10992 0x000002938af9e810 code [0x000002938af9ea40, 0x000002938af9fb10]
Event: 13.271 Thread 0x000002939d1d73c0 10994       4       org.objectweb.asm.Attribute::putAttributes (78 bytes)
Event: 13.281 Thread 0x000002939d1d73c0 nmethod 10994 0x000002938b190710 code [0x000002938b190900, 0x000002938b1910e0]
Event: 13.281 Thread 0x000002939d1d73c0 10991       4       org.objectweb.asm.AnnotationWriter::computeAnnotationsSize (66 bytes)
Event: 13.282 Thread 0x000002939a885f60 10999       3       com.google.common.collect.RegularImmutableSortedSet::internalArray (8 bytes)
Event: 13.283 Thread 0x000002939a885f60 nmethod 10999 0x0000029383cf8890 code [0x0000029383cf8a40, 0x0000029383cf8c08]
Event: 13.284 Thread 0x000002939d1d73c0 nmethod 10991 0x000002938b190110 code [0x000002938b1902c0, 0x000002938b1904b8]
Event: 13.285 Thread 0x000002939d1d73c0 10993       4       org.objectweb.asm.Attribute::computeAttributesSize (62 bytes)
Event: 13.285 Thread 0x000002939a885f60 11000       3       org.objectweb.asm.MethodVisitor::visitFieldInsn (20 bytes)
Event: 13.285 Thread 0x000002939a885f60 nmethod 11000 0x0000029383c4ea90 code [0x0000029383c4ec40, 0x0000029383c4ee48]
Event: 13.286 Thread 0x000002939d1d73c0 nmethod 10993 0x000002938b18fc90 code [0x000002938b18fe20, 0x000002938b18ff78]
Event: 13.286 Thread 0x000002939d1d73c0 11001       4       org.objectweb.asm.Type::getArgumentsAndReturnSizes (140 bytes)
Event: 13.300 Thread 0x000002939d1d73c0 nmethod 11001 0x000002938b18f110 code [0x000002938b18f2a0, 0x000002938b18f858]
Event: 13.300 Thread 0x000002939d1d73c0 10989       4       org.gradle.internal.normalization.java.impl.ApiMemberWriter::writeMethodAnnotations (90 bytes)
Event: 13.312 Thread 0x000002939a885f60 11006       2       org.objectweb.asm.ClassWriter::visitAnnotation (40 bytes)
Event: 13.313 Thread 0x000002939a885f60 nmethod 11006 0x0000029383c4e590 code [0x0000029383c4e740, 0x0000029383c4e998]

GC Heap History (20 events):
Event: 9.143 GC heap after
{Heap after GC invocations=22 (full 0):
 garbage-first heap   total 128000K, used 53370K [0x0000000080000000, 0x0000000100000000)
  region size 1024K, 3 young (3072K), 3 survivors (3072K)
 Metaspace       used 68986K, committed 69568K, reserved 1114112K
  class space    used 9192K, committed 9472K, reserved 1048576K
}
Event: 9.568 GC heap before
{Heap before GC invocations=22 (full 0):
 garbage-first heap   total 128000K, used 93306K [0x0000000080000000, 0x0000000100000000)
  region size 1024K, 42 young (43008K), 3 survivors (3072K)
 Metaspace       used 72960K, committed 73600K, reserved 1114112K
  class space    used 9689K, committed 9984K, reserved 1048576K
}
Event: 9.573 GC heap after
{Heap after GC invocations=23 (full 0):
 garbage-first heap   total 128000K, used 57203K [0x0000000080000000, 0x0000000100000000)
  region size 1024K, 6 young (6144K), 6 survivors (6144K)
 Metaspace       used 72960K, committed 73600K, reserved 1114112K
  class space    used 9689K, committed 9984K, reserved 1048576K
}
Event: 10.011 GC heap before
{Heap before GC invocations=23 (full 0):
 garbage-first heap   total 128000K, used 97139K [0x0000000080000000, 0x0000000100000000)
  region size 1024K, 44 young (45056K), 6 survivors (6144K)
 Metaspace       used 77583K, committed 78208K, reserved 1122304K
  class space    used 10540K, committed 10816K, reserved 1048576K
}
Event: 10.015 GC heap after
{Heap after GC invocations=24 (full 0):
 garbage-first heap   total 128000K, used 59754K [0x0000000080000000, 0x0000000100000000)
  region size 1024K, 3 young (3072K), 3 survivors (3072K)
 Metaspace       used 77583K, committed 78208K, reserved 1122304K
  class space    used 10540K, committed 10816K, reserved 1048576K
}
Event: 10.484 GC heap before
{Heap before GC invocations=24 (full 0):
 garbage-first heap   total 128000K, used 98666K [0x0000000080000000, 0x0000000100000000)
  region size 1024K, 41 young (41984K), 3 survivors (3072K)
 Metaspace       used 81515K, committed 82112K, reserved 1122304K
  class space    used 11098K, committed 11392K, reserved 1048576K
}
Event: 10.489 GC heap after
{Heap after GC invocations=25 (full 0):
 garbage-first heap   total 128000K, used 62171K [0x0000000080000000, 0x0000000100000000)
  region size 1024K, 5 young (5120K), 5 survivors (5120K)
 Metaspace       used 81515K, committed 82112K, reserved 1122304K
  class space    used 11098K, committed 11392K, reserved 1048576K
}
Event: 10.930 GC heap before
{Heap before GC invocations=25 (full 0):
 garbage-first heap   total 128000K, used 101083K [0x0000000080000000, 0x0000000100000000)
  region size 1024K, 43 young (44032K), 5 survivors (5120K)
 Metaspace       used 86536K, committed 87168K, reserved 1130496K
  class space    used 11832K, committed 12160K, reserved 1048576K
}
Event: 10.936 GC heap after
{Heap after GC invocations=26 (full 0):
 garbage-first heap   total 157696K, used 65228K [0x0000000080000000, 0x0000000100000000)
  region size 1024K, 6 young (6144K), 6 survivors (6144K)
 Metaspace       used 86536K, committed 87168K, reserved 1130496K
  class space    used 11832K, committed 12160K, reserved 1048576K
}
Event: 11.328 GC heap before
{Heap before GC invocations=26 (full 0):
 garbage-first heap   total 157696K, used 122572K [0x0000000080000000, 0x0000000100000000)
  region size 1024K, 62 young (63488K), 6 survivors (6144K)
 Metaspace       used 87970K, committed 88576K, reserved 1130496K
  class space    used 12008K, committed 12288K, reserved 1048576K
}
Event: 11.337 GC heap after
{Heap after GC invocations=27 (full 0):
 garbage-first heap   total 157696K, used 73272K [0x0000000080000000, 0x0000000100000000)
  region size 1024K, 8 young (8192K), 8 survivors (8192K)
 Metaspace       used 87970K, committed 88576K, reserved 1130496K
  class space    used 12008K, committed 12288K, reserved 1048576K
}
Event: 11.816 GC heap before
{Heap before GC invocations=27 (full 0):
 garbage-first heap   total 157696K, used 122424K [0x0000000080000000, 0x0000000100000000)
  region size 1024K, 56 young (57344K), 8 survivors (8192K)
 Metaspace       used 89998K, committed 90624K, reserved 1130496K
  class space    used 12417K, committed 12736K, reserved 1048576K
}
Event: 11.833 GC heap after
{Heap after GC invocations=28 (full 0):
 garbage-first heap   total 157696K, used 79961K [0x0000000080000000, 0x0000000100000000)
  region size 1024K, 7 young (7168K), 7 survivors (7168K)
 Metaspace       used 89998K, committed 90624K, reserved 1130496K
  class space    used 12417K, committed 12736K, reserved 1048576K
}
Event: 12.299 GC heap before
{Heap before GC invocations=28 (full 0):
 garbage-first heap   total 157696K, used 122969K [0x0000000080000000, 0x0000000100000000)
  region size 1024K, 50 young (51200K), 7 survivors (7168K)
 Metaspace       used 90490K, committed 91072K, reserved 1130496K
  class space    used 12451K, committed 12736K, reserved 1048576K
}
Event: 12.307 GC heap after
{Heap after GC invocations=29 (full 0):
 garbage-first heap   total 157696K, used 83014K [0x0000000080000000, 0x0000000100000000)
  region size 1024K, 5 young (5120K), 5 survivors (5120K)
 Metaspace       used 90490K, committed 91072K, reserved 1130496K
  class space    used 12451K, committed 12736K, reserved 1048576K
}
Event: 12.923 GC heap before
{Heap before GC invocations=30 (full 0):
 garbage-first heap   total 157696K, used 127046K [0x0000000080000000, 0x0000000100000000)
  region size 1024K, 47 young (48128K), 5 survivors (5120K)
 Metaspace       used 91173K, committed 91840K, reserved 1130496K
  class space    used 12525K, committed 12800K, reserved 1048576K
}
Event: 12.932 GC heap after
{Heap after GC invocations=31 (full 0):
 garbage-first heap   total 157696K, used 88650K [0x0000000080000000, 0x0000000100000000)
  region size 1024K, 6 young (6144K), 6 survivors (6144K)
 Metaspace       used 91173K, committed 91840K, reserved 1130496K
  class space    used 12525K, committed 12800K, reserved 1048576K
}
Event: 12.955 GC heap before
{Heap before GC invocations=31 (full 0):
 garbage-first heap   total 157696K, used 89674K [0x0000000080000000, 0x0000000100000000)
  region size 1024K, 7 young (7168K), 6 survivors (6144K)
 Metaspace       used 91173K, committed 91840K, reserved 1130496K
  class space    used 12525K, committed 12800K, reserved 1048576K
}
Event: 12.961 GC heap after
{Heap after GC invocations=32 (full 0):
 garbage-first heap   total 157696K, used 87604K [0x0000000080000000, 0x0000000100000000)
  region size 1024K, 1 young (1024K), 1 survivors (1024K)
 Metaspace       used 91173K, committed 91840K, reserved 1130496K
  class space    used 12525K, committed 12800K, reserved 1048576K
}
Event: 13.316 GC heap before
{Heap before GC invocations=32 (full 0):
 garbage-first heap   total 157696K, used 127540K [0x0000000080000000, 0x0000000100000000)
  region size 1024K, 40 young (40960K), 1 survivors (1024K)
 Metaspace       used 91297K, committed 92032K, reserved 1130496K
  class space    used 12528K, committed 12864K, reserved 1048576K
}

Dll operation events (2 events):
Event: 0.006 Loaded shared library D:\android studio\jbr\bin\java.dll
Event: 0.364 Loaded shared library D:\android studio\jbr\bin\verify.dll

Deoptimization events (20 events):
Event: 12.913 Thread 0x00000293a0c62c80 Uncommon trap: trap_request=0xffffff45 fr.pc=0x000002938af24214 relative=0x0000000000000334
Event: 12.913 Thread 0x00000293a0c62c80 Uncommon trap: reason=unstable_if action=reinterpret pc=0x000002938af24214 method=org.objectweb.asm.Attribute.putAttributes(Lorg/objectweb/asm/SymbolTable;IILorg/objectweb/asm/ByteVector;)V @ 59 c2
Event: 12.913 Thread 0x00000293a0c62c80 DEOPT PACKING pc=0x000002938af24214 sp=0x000000dfb9bfbe70
Event: 12.913 Thread 0x00000293a0c62c80 DEOPT UNPACKING pc=0x000002938a9869a3 sp=0x000000dfb9bfbe20 mode 2
Event: 12.917 Thread 0x00000293a0c62c80 Uncommon trap: trap_request=0xffffff45 fr.pc=0x000002938b2d1634 relative=0x00000000000002f4
Event: 12.917 Thread 0x00000293a0c62c80 Uncommon trap: reason=unstable_if action=reinterpret pc=0x000002938b2d1634 method=org.objectweb.asm.MethodVisitor.visitFieldInsn(ILjava/lang/String;Ljava/lang/String;Ljava/lang/String;)V @ 4 c2
Event: 12.917 Thread 0x00000293a0c62c80 DEOPT PACKING pc=0x000002938b2d1634 sp=0x000000dfb9bfbc70
Event: 12.917 Thread 0x00000293a0c62c80 DEOPT UNPACKING pc=0x000002938a9869a3 sp=0x000000dfb9bfbc40 mode 2
Event: 12.936 Thread 0x00000293a0c62c80 Uncommon trap: trap_request=0xffffff45 fr.pc=0x000002938af2aadc relative=0x000000000000045c
Event: 12.936 Thread 0x00000293a0c62c80 Uncommon trap: reason=unstable_if action=reinterpret pc=0x000002938af2aadc method=org.objectweb.asm.Type.getArgumentsAndReturnSizes(Ljava/lang/String;)I @ 25 c2
Event: 12.936 Thread 0x00000293a0c62c80 DEOPT PACKING pc=0x000002938af2aadc sp=0x000000dfb9bfbc10
Event: 12.936 Thread 0x00000293a0c62c80 DEOPT UNPACKING pc=0x000002938a9869a3 sp=0x000000dfb9bfbb98 mode 2
Event: 13.022 Thread 0x00000293a0c62c80 Uncommon trap: trap_request=0xffffff45 fr.pc=0x000002938b013adc relative=0x00000000000001bc
Event: 13.022 Thread 0x00000293a0c62c80 Uncommon trap: reason=unstable_if action=reinterpret pc=0x000002938b013adc method=org.objectweb.asm.Type.getTypeInternal(Ljava/lang/String;II)Lorg/objectweb/asm/Type; @ 5 c2
Event: 13.022 Thread 0x00000293a0c62c80 DEOPT PACKING pc=0x000002938b013adc sp=0x000000dfb9bfbb40
Event: 13.022 Thread 0x00000293a0c62c80 DEOPT UNPACKING pc=0x000002938a9869a3 sp=0x000000dfb9bfbad8 mode 2
Event: 13.067 Thread 0x00000293a0c62c80 Uncommon trap: trap_request=0xffffff45 fr.pc=0x000002938b25598c relative=0x0000000000001eac
Event: 13.067 Thread 0x00000293a0c62c80 Uncommon trap: reason=unstable_if action=reinterpret pc=0x000002938b25598c method=org.objectweb.asm.SymbolTable.addConstant(Ljava/lang/Object;)Lorg/objectweb/asm/Symbol; @ 126 c2
Event: 13.067 Thread 0x00000293a0c62c80 DEOPT PACKING pc=0x000002938b25598c sp=0x000000dfb9bfbb10
Event: 13.067 Thread 0x00000293a0c62c80 DEOPT UNPACKING pc=0x000002938a9869a3 sp=0x000000dfb9bfbae0 mode 2

Classes unloaded (0 events):
No events

Classes redefined (0 events):
No events

Internal exceptions (20 events):
Event: 11.642 Thread 0x00000293a067cf20 Implicit null exception at 0x000002938b420c60 to 0x000002938b420cec
Event: 11.898 Thread 0x00000293a0680db0 Exception <a 'java/lang/NoSuchMethodError'{0x000000008cfc9640}: 'void java.lang.invoke.DirectMethodHandle$Holder.invokeVirtual(java.lang.Object, java.lang.Object)'> (0x000000008cfc9640) 
thrown [s\src\hotspot\share\interpreter\linkResolver.cpp, line 771]
Event: 11.982 Thread 0x000002939d588a50 Implicit null exception at 0x000002938b447e40 to 0x000002938b448890
Event: 11.982 Thread 0x000002939d588a50 Implicit null exception at 0x000002938b447e40 to 0x000002938b448890
Event: 11.982 Thread 0x000002939d5880b0 Implicit null exception at 0x000002938b447e40 to 0x000002938b448890
Event: 11.982 Thread 0x000002939d5880b0 Implicit null exception at 0x000002938b447e40 to 0x000002938b448890
Event: 12.367 Thread 0x00000293a0c62c80 Exception <a 'java/lang/NoSuchMethodError'{0x000000008cfeb5d8}: static Lcom/android/build/gradle/internal/scope/InternalArtifactType;.<clinit>()V> (0x000000008cfeb5d8) 
thrown [s\src\hotspot\share\prims\jni.cpp, line 1108]
Event: 12.367 Thread 0x00000293a0c62c80 Exception <a 'java/lang/NoSuchMethodError'{0x000000008cfecd30}: static Lcom/android/build/gradle/internal/scope/InternalArtifactType;.<clinit>()V> (0x000000008cfecd30) 
thrown [s\src\hotspot\share\prims\jni.cpp, line 1108]
Event: 12.367 Thread 0x00000293a0c62c80 Exception <a 'java/lang/NoSuchMethodError'{0x000000008cfefed0}: static Lcom/android/build/api/artifact/Artifact$Single;.<clinit>()V> (0x000000008cfefed0) 
thrown [s\src\hotspot\share\prims\jni.cpp, line 1108]
Event: 12.368 Thread 0x00000293a0c62c80 Exception <a 'java/lang/NoSuchMethodError'{0x000000008cff2460}: static Ljava/lang/Object;.<clinit>()V> (0x000000008cff2460) 
thrown [s\src\hotspot\share\prims\jni.cpp, line 1108]
Event: 12.369 Thread 0x00000293a0c62c80 Exception <a 'java/lang/NoSuchMethodError'{0x000000008ce09028}: static Lcom/android/build/api/artifact/ArtifactKind;.<clinit>()V> (0x000000008ce09028) 
thrown [s\src\hotspot\share\prims\jni.cpp, line 1108]
Event: 12.370 Thread 0x00000293a0c62c80 Exception <a 'java/lang/NoSuchMethodError'{0x000000008ce0a1e8}: static Lcom/android/build/api/artifact/ArtifactKind;.<clinit>()V> (0x000000008ce0a1e8) 
thrown [s\src\hotspot\share\prims\jni.cpp, line 1108]
Event: 12.769 Thread 0x00000293a0c62c80 Exception <a 'sun/nio/fs/WindowsException'{0x000000008791b6a0}> (0x000000008791b6a0) 
thrown [s\src\hotspot\share\prims\jni.cpp, line 517]
Event: 12.769 Thread 0x00000293a0c62c80 Exception <a 'sun/nio/fs/WindowsException'{0x000000008791d470}> (0x000000008791d470) 
thrown [s\src\hotspot\share\prims\jni.cpp, line 517]
Event: 12.770 Thread 0x00000293a0c62c80 Exception <a 'sun/nio/fs/WindowsException'{0x0000000087921788}> (0x0000000087921788) 
thrown [s\src\hotspot\share\prims\jni.cpp, line 517]
Event: 12.799 Thread 0x00000293a0c62c80 Exception <a 'java/lang/NoSuchMethodError'{0x000000008799b558}: 'int java.lang.invoke.DirectMethodHandle$Holder.invokeSpecial(java.lang.Object, java.lang.Object, java.lang.Object, java.lang.Object, java.lang.Object)'> (0x000000008799b558) 
thrown [s\src\hotspot\share\interpreter\linkResolver.cpp, line 771]
Event: 12.810 Thread 0x00000293a0c62c80 Exception <a 'java/lang/NoSuchMethodError'{0x00000000879edcf0}: static Ljava/lang/Object;.<clinit>()V> (0x00000000879edcf0) 
thrown [s\src\hotspot\share\prims\jni.cpp, line 1108]
Event: 12.907 Thread 0x00000293a0c62c80 Implicit null exception at 0x000002938aff9095 to 0x000002938aff991c
Event: 12.907 Thread 0x00000293a0c62c80 Implicit null exception at 0x000002938b071060 to 0x000002938b0710e9
Event: 12.917 Thread 0x00000293a0c62c80 Implicit null exception at 0x000002938b2d1380 to 0x000002938b2d1618

VM Operations (20 events):
Event: 12.417 Executing VM operation: G1Concurrent done
Event: 12.491 Executing VM operation: G1Concurrent
Event: 12.492 Executing VM operation: G1Concurrent done
Event: 12.722 Executing VM operation: HandshakeAllThreads
Event: 12.723 Executing VM operation: HandshakeAllThreads done
Event: 12.759 Executing VM operation: ICBufferFull
Event: 12.760 Executing VM operation: ICBufferFull done
Event: 12.783 Executing VM operation: HandshakeAllThreads
Event: 12.784 Executing VM operation: HandshakeAllThreads done
Event: 12.796 Executing VM operation: HandshakeAllThreads
Event: 12.796 Executing VM operation: HandshakeAllThreads done
Event: 12.798 Executing VM operation: HandshakeAllThreads
Event: 12.798 Executing VM operation: HandshakeAllThreads done
Event: 12.906 Executing VM operation: HandshakeAllThreads
Event: 12.906 Executing VM operation: HandshakeAllThreads done
Event: 12.922 Executing VM operation: G1CollectForAllocation
Event: 12.932 Executing VM operation: G1CollectForAllocation done
Event: 12.954 Executing VM operation: G1CollectForAllocation
Event: 12.961 Executing VM operation: G1CollectForAllocation done
Event: 13.316 Executing VM operation: G1CollectForAllocation

Events (20 events):
Event: 12.378 Thread 0x000002939a88ccb0 flushing nmethod 0x0000029384380e10
Event: 12.378 Thread 0x000002939a88ccb0 flushing nmethod 0x000002938438ec10
Event: 12.378 Thread 0x000002939a88ccb0 flushing nmethod 0x00000293843ad710
Event: 12.378 Thread 0x000002939a88ccb0 flushing nmethod 0x00000293843ae090
Event: 12.378 Thread 0x000002939a88ccb0 flushing nmethod 0x00000293843b8690
Event: 12.379 Thread 0x000002939a88ccb0 flushing nmethod 0x000002938442a910
Event: 12.379 Thread 0x000002939a88ccb0 flushing nmethod 0x000002938442ac90
Event: 12.379 Thread 0x000002939a88ccb0 flushing nmethod 0x000002938442bf90
Event: 12.379 Thread 0x000002939a88ccb0 flushing nmethod 0x000002938442c390
Event: 12.379 Thread 0x000002939a88ccb0 flushing nmethod 0x000002938442ea10
Event: 12.379 Thread 0x000002939a88ccb0 flushing nmethod 0x000002938443c590
Event: 12.379 Thread 0x000002939a88ccb0 flushing nmethod 0x000002938443e490
Event: 12.379 Thread 0x000002939a88ccb0 flushing nmethod 0x0000029384449a10
Event: 12.379 Thread 0x000002939a88ccb0 flushing nmethod 0x0000029384449d10
Event: 12.379 Thread 0x000002939a88ccb0 flushing nmethod 0x000002938444ab10
Event: 12.379 Thread 0x000002939a88ccb0 flushing nmethod 0x0000029384455010
Event: 12.379 Thread 0x000002939a88ccb0 flushing nmethod 0x0000029384477110
Event: 12.379 Thread 0x000002939a88ccb0 flushing nmethod 0x0000029384477610
Event: 12.379 Thread 0x000002939a88ccb0 flushing nmethod 0x000002938447c790
Event: 12.379 Thread 0x000002939a88ccb0 flushing nmethod 0x000002938449fe90


Dynamic libraries:
0x00007ff6907b0000 - 0x00007ff6907ba000 	D:\android studio\jbr\bin\java.exe
0x00007ffde6750000 - 0x00007ffde6967000 	C:\WINDOWS\SYSTEM32\ntdll.dll
0x00007ffde5820000 - 0x00007ffde58e4000 	C:\WINDOWS\System32\KERNEL32.DLL
0x00007ffde3c90000 - 0x00007ffde4036000 	C:\WINDOWS\System32\KERNELBASE.dll
0x00007ffde3ad0000 - 0x00007ffde3be1000 	C:\WINDOWS\System32\ucrtbase.dll
0x00007ffdcc710000 - 0x00007ffdcc727000 	D:\android studio\jbr\bin\jli.dll
0x00007ffdcc7f0000 - 0x00007ffdcc80b000 	D:\android studio\jbr\bin\VCRUNTIME140.dll
0x00007ffde60a0000 - 0x00007ffde624d000 	C:\WINDOWS\System32\USER32.dll
0x00007ffde3c60000 - 0x00007ffde3c86000 	C:\WINDOWS\System32\win32u.dll
0x00007ffdc8fc0000 - 0x00007ffdc9253000 	C:\WINDOWS\WinSxS\amd64_microsoft.windows.common-controls_6595b64144ccf1df_6.0.22621.2361_none_2712ced57382f843\COMCTL32.dll
0x00007ffde6250000 - 0x00007ffde6279000 	C:\WINDOWS\System32\GDI32.dll
0x00007ffde65a0000 - 0x00007ffde6647000 	C:\WINDOWS\System32\msvcrt.dll
0x00007ffde4390000 - 0x00007ffde44a8000 	C:\WINDOWS\System32\gdi32full.dll
0x00007ffde40c0000 - 0x00007ffde415a000 	C:\WINDOWS\System32\msvcp_win.dll
0x00007ffde6280000 - 0x00007ffde62b1000 	C:\WINDOWS\System32\IMM32.DLL
0x00007ffdcb600000 - 0x00007ffdcb60c000 	D:\android studio\jbr\bin\vcruntime140_1.dll
0x00007ffda8340000 - 0x00007ffda83cd000 	D:\android studio\jbr\bin\msvcp140.dll
0x00007ffd83b20000 - 0x00007ffd8478e000 	D:\android studio\jbr\bin\server\jvm.dll
0x00007ffde62c0000 - 0x00007ffde6370000 	C:\WINDOWS\System32\ADVAPI32.dll
0x00007ffde44b0000 - 0x00007ffde4556000 	C:\WINDOWS\System32\sechost.dll
0x00007ffde6480000 - 0x00007ffde6597000 	C:\WINDOWS\System32\RPCRT4.dll
0x00007ffddd120000 - 0x00007ffddd154000 	C:\WINDOWS\SYSTEM32\WINMM.dll
0x00007ffdc8750000 - 0x00007ffdc8759000 	C:\WINDOWS\SYSTEM32\WSOCK32.dll
0x00007ffddd5b0000 - 0x00007ffddd5ba000 	C:\WINDOWS\SYSTEM32\VERSION.dll
0x00007ffde4cd0000 - 0x00007ffde4d41000 	C:\WINDOWS\System32\WS2_32.dll
0x00007ffde2b10000 - 0x00007ffde2b28000 	C:\WINDOWS\SYSTEM32\kernel.appcore.dll
0x00007ffddec60000 - 0x00007ffddec6a000 	D:\android studio\jbr\bin\jimage.dll
0x00007ffde1420000 - 0x00007ffde164e000 	C:\WINDOWS\SYSTEM32\DBGHELP.DLL
0x00007ffde4640000 - 0x00007ffde49ca000 	C:\WINDOWS\System32\combase.dll
0x00007ffde4560000 - 0x00007ffde4637000 	C:\WINDOWS\System32\OLEAUT32.dll
0x00007ffdc7c60000 - 0x00007ffdc7c92000 	C:\WINDOWS\SYSTEM32\dbgcore.DLL
0x00007ffde4040000 - 0x00007ffde40ba000 	C:\WINDOWS\System32\bcryptPrimitives.dll
0x00007ffdcc780000 - 0x00007ffdcc7a5000 	D:\android studio\jbr\bin\java.dll
0x00007ffddec40000 - 0x00007ffddec58000 	D:\android studio\jbr\bin\zip.dll
0x00007ffde4d50000 - 0x00007ffde55a8000 	C:\WINDOWS\System32\SHELL32.dll
0x00007ffde1a30000 - 0x00007ffde2322000 	C:\WINDOWS\SYSTEM32\windows.storage.dll
0x00007ffde18f0000 - 0x00007ffde1a2e000 	C:\WINDOWS\SYSTEM32\wintypes.dll
0x00007ffde4a80000 - 0x00007ffde4b73000 	C:\WINDOWS\System32\SHCORE.dll
0x00007ffde5df0000 - 0x00007ffde5e4e000 	C:\WINDOWS\System32\shlwapi.dll
0x00007ffde3a00000 - 0x00007ffde3a26000 	C:\WINDOWS\SYSTEM32\profapi.dll
0x00007ffdcddd0000 - 0x00007ffdcdde9000 	D:\android studio\jbr\bin\net.dll
0x00007ffddcfe0000 - 0x00007ffddd117000 	C:\WINDOWS\SYSTEM32\WINHTTP.dll
0x00007ffde2f90000 - 0x00007ffde2ff9000 	C:\WINDOWS\system32\mswsock.dll
0x00007ffdcdd40000 - 0x00007ffdcdd56000 	D:\android studio\jbr\bin\nio.dll
0x00007ffdde930000 - 0x00007ffdde940000 	D:\android studio\jbr\bin\verify.dll
0x00007ffdcb2e0000 - 0x00007ffdcb307000 	C:\Users\hachem safae\.gradle\native\68d5fa5c4cc2d200863cafc0d521ce42e7d3e7ee720ec0a83991735586a16f82\windows-amd64\native-platform.dll
0x00007ffda81f0000 - 0x00007ffda8334000 	C:\Users\hachem safae\.gradle\native\e376f236ea51e6404a007f0833ffe2c6e607c4080706a723a18a27aeea778392\windows-amd64\native-platform-file-events.dll
0x00007ffdde210000 - 0x00007ffdde219000 	D:\android studio\jbr\bin\management.dll
0x00007ffddd8c0000 - 0x00007ffddd8cb000 	D:\android studio\jbr\bin\management_ext.dll
0x00007ffde6650000 - 0x00007ffde6658000 	C:\WINDOWS\System32\PSAPI.DLL
0x00007ffde31e0000 - 0x00007ffde31fb000 	C:\WINDOWS\SYSTEM32\CRYPTSP.dll
0x00007ffde2a70000 - 0x00007ffde2aa5000 	C:\WINDOWS\system32\rsaenh.dll
0x00007ffde3080000 - 0x00007ffde30ac000 	C:\WINDOWS\SYSTEM32\USERENV.dll
0x00007ffde33a0000 - 0x00007ffde33c8000 	C:\WINDOWS\SYSTEM32\bcrypt.dll
0x00007ffde3200000 - 0x00007ffde320c000 	C:\WINDOWS\SYSTEM32\CRYPTBASE.dll
0x00007ffde25d0000 - 0x00007ffde25fd000 	C:\WINDOWS\SYSTEM32\IPHLPAPI.DLL
0x00007ffde57f0000 - 0x00007ffde57f9000 	C:\WINDOWS\System32\NSI.dll
0x00007ffddcef0000 - 0x00007ffddcf09000 	C:\WINDOWS\SYSTEM32\dhcpcsvc6.DLL
0x00007ffddced0000 - 0x00007ffddceef000 	C:\WINDOWS\SYSTEM32\dhcpcsvc.DLL
0x00007ffde2600000 - 0x00007ffde26f9000 	C:\WINDOWS\SYSTEM32\DNSAPI.dll
0x00007ffdcc700000 - 0x00007ffdcc708000 	C:\WINDOWS\system32\wshunix.dll

dbghelp: loaded successfully - version: 4.0.5 - missing functions: none
symbol engine: initialized successfully - sym options: 0x614 - pdb path: .;D:\android studio\jbr\bin;C:\WINDOWS\SYSTEM32;C:\WINDOWS\WinSxS\amd64_microsoft.windows.common-controls_6595b64144ccf1df_6.0.22621.2361_none_2712ced57382f843;D:\android studio\jbr\bin\server;C:\Users\hachem safae\.gradle\native\68d5fa5c4cc2d200863cafc0d521ce42e7d3e7ee720ec0a83991735586a16f82\windows-amd64;C:\Users\hachem safae\.gradle\native\e376f236ea51e6404a007f0833ffe2c6e607c4080706a723a18a27aeea778392\windows-amd64

VM Arguments:
jvm_args: --add-opens=java.base/java.util=ALL-UNNAMED --add-opens=java.base/java.lang=ALL-UNNAMED --add-opens=java.base/java.lang.invoke=ALL-UNNAMED --add-opens=java.prefs/java.util.prefs=ALL-UNNAMED --add-opens=java.base/java.nio.charset=ALL-UNNAMED --add-opens=java.base/java.net=ALL-UNNAMED --add-opens=java.base/java.util.concurrent.atomic=ALL-UNNAMED -Xmx2048m -Dfile.encoding=UTF-8 -Duser.country=FR -Duser.language=fr -Duser.variant 
java_command: org.gradle.launcher.daemon.bootstrap.GradleDaemon 8.0
java_class_path (initial): C:\Users\hachem safae\.gradle\wrapper\dists\gradle-8.0-bin\ca5e32bp14vu59qr306oxotwh\gradle-8.0\lib\gradle-launcher-8.0.jar
Launcher Type: SUN_STANDARD

[Global flags]
     intx CICompilerCount                          = 4                                         {product} {ergonomic}
     uint ConcGCThreads                            = 2                                         {product} {ergonomic}
     uint G1ConcRefinementThreads                  = 8                                         {product} {ergonomic}
   size_t G1HeapRegionSize                         = 1048576                                   {product} {ergonomic}
    uintx GCDrainStackTargetSize                   = 64                                        {product} {ergonomic}
   size_t InitialHeapSize                          = 266338304                                 {product} {ergonomic}
   size_t MarkStackSize                            = 4194304                                   {product} {ergonomic}
   size_t MaxHeapSize                              = 2147483648                                {product} {command line}
   size_t MaxNewSize                               = 1287651328                                {product} {ergonomic}
   size_t MinHeapDeltaBytes                        = 1048576                                   {product} {ergonomic}
   size_t MinHeapSize                              = 8388608                                   {product} {ergonomic}
    uintx NonNMethodCodeHeapSize                   = 5839372                                {pd product} {ergonomic}
    uintx NonProfiledCodeHeapSize                  = 122909434                              {pd product} {ergonomic}
    uintx ProfiledCodeHeapSize                     = 122909434                              {pd product} {ergonomic}
    uintx ReservedCodeCacheSize                    = 251658240                              {pd product} {ergonomic}
     bool SegmentedCodeCache                       = true                                      {product} {ergonomic}
   size_t SoftMaxHeapSize                          = 2147483648                             {manageable} {ergonomic}
     bool UseCompressedClassPointers               = true                           {product lp64_product} {ergonomic}
     bool UseCompressedOops                        = true                           {product lp64_product} {ergonomic}
     bool UseG1GC                                  = true                                      {product} {ergonomic}
     bool UseLargePagesIndividualAllocation        = false                                  {pd product} {ergonomic}

Logging:
Log output configuration:
 #0: stdout all=warning uptime,level,tags
 #1: stderr all=off uptime,level,tags

Environment Variables:
JAVA_HOME=C:\Program Files\Java\jdk-17
PATH=C:\Program Files (x86)\Common Files\Oracle\Java\javapath;C:\Program Files (x86)\VMware\VMware Workstation\bin\;D:\oraclexe\app\oracle\product\11.2.0\server\bin;C:\Program Files\Common Files\Oracle\Java\javapath;C:\WINDOWS\system32;C:\WINDOWS;C:\WINDOWS\System32\Wbem;C:\WINDOWS\System32\WindowsPowerShell\v1.0\;C:\WINDOWS\System32\OpenSSH\;c:\Program Files (x86)\Microsoft SQL Server\100\Tools\Binn\;c:\Program Files\Microsoft SQL Server\100\Tools\Binn\;c:\Program Files\Microsoft SQL Server\100\DTS\Binn\;D:\java_jdk 8\bin;C:\Program Files\Java\jdk-17\bin;C:\Program Files\Java\jdk-11\bin;C:\Program Files\Java\jdk-19\bin;C:\Program Files\Common Files\Oracle\Java\javapath;C:\ProgramData\ComposerSetup\bin;D:\XAAMP\php\php.exe;D:\xamp\php;C:\Program Files\wkhtmltopdf\bin;D:\node;C:\Program Files\Git\cmd;C:\Program Files\nodejs\;C:\Program Files\MongoDB\Server\6.0\bin;D:\XAAMP\php;C:\Program Files\Java\apache-maven-3.9.5\bin;C:\Users\hachem safae\AppData\Local\Programs\Python\Python310\Scripts\;C:\Users\hachem safae\AppData\Local\Programs\Python\Python310\;C:\Program Files\MySQL\MySQL Shell 8.0\bin\;C:\Users\hachem safae\AppData\Local\Microsoft\WindowsApps;C:\Users\hachem safae\AppData\Roaming\Dashlane\6.2007.0.32704\bin\Firefox_Extension\{442718d9-475e-452a-b3e1-fb1ee16b8e9f}\components;C:\Users\hachem safae\AppData\Roaming\Dashlane\6.2007.0.32704\ucrt;C:\Users\hachem safae\AppData\Roaming\Dashlane\6.2007.0.32704\bin\Qt;C:\Users\hachem safae\AppData\Roaming\Dashlane\6.2007.0.32704\bin\Ssl;C:\Program Files\JetBrains\IntelliJ IDEA Community Edition 2020.2.2\bin;C:\Users\hachem safae\AppData\Local\Microsoft\WindowsApps;C:\Users\hachem safae\AppData\Local\Programs\Microsoft VS Code\bin;C:\Program Files\IntelliJ IDEA Community Edition 2022.3.2\bin;;C:\Users\hachem safae\AppData\Local\ComposerSetup\bin;C:\Users\hachem safae\AppData\Roaming\Composer\vendor\bin;C:\Users\hachem safae\AppData\Roaming\npm;D:\android2\platform-tools;D:\XAAMP\php;C:\wamp64\bin\php\php5.6.40;C:\;C:\Prog
USERNAME=hachem safae
OS=Windows_NT
PROCESSOR_IDENTIFIER=Intel64 Family 6 Model 142 Stepping 12, GenuineIntel
TMP=C:\Users\HACHEM~1\AppData\Local\Temp
TEMP=C:\Users\HACHEM~1\AppData\Local\Temp


JNI global refs:
JNI global refs: 29, weak refs: 17

JNI global refs memory usage: 843, weak refs: 841


---------------  S Y S T E M  ---------------

OS:
 Windows 11 , 64 bit Build 22621 (10.0.22621.2428)
OS uptime: 1 days 13:23 hours

CPU: total 8 (initial active 8) (4 cores per cpu, 2 threads per core) family 6 model 142 stepping 12 microcode 0xf6, cx8, cmov, fxsr, ht, mmx, 3dnowpref, sse, sse2, sse3, ssse3, sse4.1, sse4.2, popcnt, lzcnt, tsc, tscinvbit, avx, avx2, aes, erms, clmul, bmi1, bmi2, adx, fma, vzeroupper, clflush, clflushopt

Memory: 4k page, system-wide physical 16194M (2574M free)
TotalPageFile size 18242M (AvailPageFile size 26M)
current process WorkingSet (physical memory assigned to process): 426M, peak: 426M
current process commit charge ("private bytes"): 461M, peak: 517M

vm_info: OpenJDK 64-Bit Server VM (17.0.6+0-b2043.56-10027231) for windows-amd64 JRE (17.0.6+0-b2043.56-10027231), built on Apr 28 2023 00:43:19 by "androidbuild" with MS VC++ 16.10 / 16.11 (VS2019)

END.
