#
# There is insufficient memory for the Java Runtime Environment to continue.
# Native memory allocation (malloc) failed to allocate 1045296 bytes for Chunk::new
# Possible reasons:
#   The system is out of physical RAM or swap space
#   The process is running with CompressedOops enabled, and the Java Heap may be blocking the growth of the native heap
# Possible solutions:
#   Reduce memory load on the system
#   Increase physical memory or swap space
#   Check if swap backing store is full
#   Decrease Java heap size (-Xmx/-Xms)
#   Decrease number of Java threads
#   Decrease Java thread stack sizes (-Xss)
#   Set larger code cache with -XX:ReservedCodeCacheSize=
#   JVM is running with Unscaled Compressed Oops mode in which the Java heap is
#     placed in the first 4GB address space. The Java Heap base address is the
#     maximum limit for the native heap growth. Please use -XX:HeapBaseMinAddress
#     to set the Java Heap base and to place the Java Heap above 4GB virtual address.
# This output file may be truncated or incomplete.
#
#  Out of Memory Error (arena.cpp:189), pid=1308, tid=4336
#
# JRE version: OpenJDK Runtime Environment (17.0.6) (build 17.0.6+0-b2043.56-10027231)
# Java VM: OpenJDK 64-Bit Server VM (17.0.6+0-b2043.56-10027231, mixed mode, tiered, compressed oops, compressed class ptrs, g1 gc, windows-amd64)
# No core dump will be written. Minidumps are not enabled by default on client versions of Windows
#

---------------  S U M M A R Y ------------

Command Line: --add-opens=java.base/java.util=ALL-UNNAMED --add-opens=java.base/java.lang=ALL-UNNAMED --add-opens=java.base/java.lang.invoke=ALL-UNNAMED --add-opens=java.prefs/java.util.prefs=ALL-UNNAMED --add-opens=java.base/java.nio.charset=ALL-UNNAMED --add-opens=java.base/java.net=ALL-UNNAMED --add-opens=java.base/java.util.concurrent.atomic=ALL-UNNAMED -Xmx2048m -Dfile.encoding=UTF-8 -Duser.country=FR -Duser.language=fr -Duser.variant org.gradle.launcher.daemon.bootstrap.GradleDaemon 8.0

Host: Intel(R) Core(TM) i7-8565U CPU @ 1.80GHz, 8 cores, 15G,  Windows 11 , 64 bit Build 22621 (10.0.22621.2428)
Time: Sun Nov  5 08:21:52 2023 Maroc (heure d64 bit Build 22621 (10.0.22621.2428) elapsed time: 16.984700 seconds (0d 0h 0m 16s)

---------------  T H R E A D  ---------------

Current thread (0x000001f96bb32b80):  JavaThread "C2 CompilerThread1" daemon [_thread_in_native, id=4336, stack(0x000000f8ac900000,0x000000f8aca00000)]


Current CompileTask:
C2:  16984 8852       4       java.util.regex.Pattern::split (288 bytes)

Stack: [0x000000f8ac900000,0x000000f8aca00000]
Native frames: (J=compiled Java code, j=interpreted, Vv=VM code, C=native code)
V  [jvm.dll+0x683c9a]
V  [jvm.dll+0x8427a4]
V  [jvm.dll+0x843f9e]
V  [jvm.dll+0x844603]
V  [jvm.dll+0x249b75]
V  [jvm.dll+0xabcac]
V  [jvm.dll+0xac27c]
V  [jvm.dll+0x368802]
V  [jvm.dll+0x332f31]
V  [jvm.dll+0x3323da]
V  [jvm.dll+0x21c201]
V  [jvm.dll+0x21b621]
V  [jvm.dll+0x1a4fdd]
V  [jvm.dll+0x22b098]
V  [jvm.dll+0x229159]
V  [jvm.dll+0x7f81ec]
V  [jvm.dll+0x7f274a]
V  [jvm.dll+0x682ad5]
C  [ucrtbase.dll+0x29363]
C  [KERNEL32.DLL+0x1257d]
C  [ntdll.dll+0x5aa78]


---------------  P R O C E S S  ---------------

Threads class SMR info:
_java_thread_list=0x000001f9688483b0, length=126, elements={
0x000001f94adfa710, 0x000001f9658390c0, 0x000001f965839f30, 0x000001f9658804e0,
0x000001f965881090, 0x000001f965881c40, 0x000001f965884700, 0x000001f965888fa0,
0x000001f965891a50, 0x000001f965895b80, 0x000001f965a0d180, 0x000001f965a0f660,
0x000001f966864050, 0x000001f966594550, 0x000001f966594080, 0x000001f966594a20,
0x000001f9665936e0, 0x000001f966591ed0, 0x000001f9665923a0, 0x000001f966593bb0,
0x000001f966592870, 0x000001f966591060, 0x000001f966591530, 0x000001f966591a00,
0x000001f966592d40, 0x000001f96ad7f8a0, 0x000001f96ad840d0, 0x000001f96ad81580,
0x000001f96ad858e0, 0x000001f96ad83260, 0x000001f96ad83c00, 0x000001f96ad7e090,
0x000001f96ad80240, 0x000001f96ad810b0, 0x000001f96ad83730, 0x000001f96ad7fd70,
0x000001f96ad80710, 0x000001f96ad7e560, 0x000001f96ad84f40, 0x000001f96ad7ef00,
0x000001f96ad81a50, 0x000001f96ad828c0, 0x000001f96ad85410, 0x000001f96ad7ea30,
0x000001f967e9fd60, 0x000001f967ea1a40, 0x000001f967ea23e0, 0x000001f967ea5da0,
0x000001f967e9f3c0, 0x000001f967ea1f10, 0x000001f967ea0230, 0x000001f967ea28b0,
0x000001f967e9f890, 0x000001f967ea2d80, 0x000001f967ea0700, 0x000001f967ea40c0,
0x000001f967ea3250, 0x000001f967ea0bd0, 0x000001f967ea3720, 0x000001f967ea10a0,
0x000001f967ea4a60, 0x000001f967ea3bf0, 0x000001f967ea4f30, 0x000001f967ea4590,
0x000001f967ea5400, 0x000001f967ea6270, 0x000001f967ea58d0, 0x000001f967ea6740,
0x000001f967ea1570, 0x000001f967e9eef0, 0x000001f96b043530, 0x000001f96b043ed0,
0x000001f96b041d20, 0x000001f96b0473c0, 0x000001f96b0426c0, 0x000001f96b046080,
0x000001f96b042b90, 0x000001f96b047890, 0x000001f96b045bb0, 0x000001f96b0421f0,
0x000001f96b046a20, 0x000001f96b043a00, 0x000001f96b043060, 0x000001f96b045210,
0x000001f96b046ef0, 0x000001f96b0443a0, 0x000001f96b047d60, 0x000001f96b044870,
0x000001f96b046550, 0x000001f96b048230, 0x000001f96b044d40, 0x000001f96b0456e0,
0x000001f96b048700, 0x000001f96b048bd0, 0x000001f96b041380, 0x000001f96b041850,
0x000001f9673bdad0, 0x000001f9673c3fe0, 0x000001f9673bf2e0, 0x000001f9673c0150,
0x000001f9673c44b0, 0x000001f9673c0af0, 0x000001f9673bfc80, 0x000001f9673be940,
0x000001f9673c1960, 0x000001f9673bee10, 0x000001f9673c0620, 0x000001f9673c2ca0,
0x000001f9673bf7b0, 0x000001f9673c3170, 0x000001f9673bdfa0, 0x000001f9673c0fc0,
0x000001f9673c1490, 0x000001f9673c3b10, 0x000001f9673c1e30, 0x000001f9673c3640,
0x000001f9673c27d0, 0x000001f9673c2300, 0x000001f9673bd600, 0x000001f9673c4980,
0x000001f9673be470, 0x000001f9673bd130, 0x000001f9698c5990, 0x000001f9698c5e60,
0x000001f9698c9cf0, 0x000001f96bb32b80
}

Java Threads: ( => current thread )
  0x000001f94adfa710 JavaThread "main" [_thread_blocked, id=23844, stack(0x000000f8aa200000,0x000000f8aa300000)]
  0x000001f9658390c0 JavaThread "Reference Handler" daemon [_thread_blocked, id=6116, stack(0x000000f8aa900000,0x000000f8aaa00000)]
  0x000001f965839f30 JavaThread "Finalizer" daemon [_thread_blocked, id=18592, stack(0x000000f8aaa00000,0x000000f8aab00000)]
  0x000001f9658804e0 JavaThread "Signal Dispatcher" daemon [_thread_blocked, id=24020, stack(0x000000f8aab00000,0x000000f8aac00000)]
  0x000001f965881090 JavaThread "Attach Listener" daemon [_thread_blocked, id=18332, stack(0x000000f8aac00000,0x000000f8aad00000)]
  0x000001f965881c40 JavaThread "Service Thread" daemon [_thread_blocked, id=21792, stack(0x000000f8aad00000,0x000000f8aae00000)]
  0x000001f965884700 JavaThread "Monitor Deflation Thread" daemon [_thread_blocked, id=10976, stack(0x000000f8aae00000,0x000000f8aaf00000)]
  0x000001f965888fa0 JavaThread "C2 CompilerThread0" daemon [_thread_blocked, id=10888, stack(0x000000f8aaf00000,0x000000f8ab000000)]
  0x000001f965891a50 JavaThread "C1 CompilerThread0" daemon [_thread_blocked, id=24188, stack(0x000000f8ab000000,0x000000f8ab100000)]
  0x000001f965895b80 JavaThread "Sweeper thread" daemon [_thread_blocked, id=25376, stack(0x000000f8ab100000,0x000000f8ab200000)]
  0x000001f965a0d180 JavaThread "Common-Cleaner" daemon [_thread_blocked, id=24836, stack(0x000000f8ab200000,0x000000f8ab300000)]
  0x000001f965a0f660 JavaThread "Notification Thread" daemon [_thread_blocked, id=1176, stack(0x000000f8ab300000,0x000000f8ab400000)]
  0x000001f966864050 JavaThread "Daemon health stats" [_thread_blocked, id=25672, stack(0x000000f8abc00000,0x000000f8abd00000)]
  0x000001f966594550 JavaThread "Incoming local TCP Connector on port 57438" [_thread_in_native, id=22984, stack(0x000000f8abb00000,0x000000f8abc00000)]
  0x000001f966594080 JavaThread "Daemon periodic checks" [_thread_blocked, id=17472, stack(0x000000f8abd00000,0x000000f8abe00000)]
  0x000001f966594a20 JavaThread "Daemon" [_thread_blocked, id=3000, stack(0x000000f8abe00000,0x000000f8abf00000)]
  0x000001f9665936e0 JavaThread "Handler for socket connection from /127.0.0.1:57438 to /127.0.0.1:57439" [_thread_in_native, id=9536, stack(0x000000f8abf00000,0x000000f8ac000000)]
  0x000001f966591ed0 JavaThread "Cancel handler" [_thread_blocked, id=3292, stack(0x000000f8ac000000,0x000000f8ac100000)]
  0x000001f9665923a0 JavaThread "Daemon worker" [_thread_in_vm, id=19420, stack(0x000000f8ac100000,0x000000f8ac200000)]
  0x000001f966593bb0 JavaThread "Asynchronous log dispatcher for DefaultDaemonConnection: socket connection from /127.0.0.1:57438 to /127.0.0.1:57439" [_thread_blocked, id=23020, stack(0x000000f8ac200000,0x000000f8ac300000)]
  0x000001f966592870 JavaThread "Stdin handler" [_thread_blocked, id=25596, stack(0x000000f8ac300000,0x000000f8ac400000)]
  0x000001f966591060 JavaThread "Daemon client event forwarder" [_thread_blocked, id=22260, stack(0x000000f8ac400000,0x000000f8ac500000)]
  0x000001f966591530 JavaThread "Cache worker for journal cache (C:\Users\hachem safae\.gradle\caches\journal-1)" [_thread_blocked, id=21024, stack(0x000000f8ab500000,0x000000f8ab600000)]
  0x000001f966591a00 JavaThread "File lock request listener" [_thread_in_native, id=26128, stack(0x000000f8ac800000,0x000000f8ac900000)]
  0x000001f966592d40 JavaThread "Cache worker for file hash cache (C:\Users\hachem safae\.gradle\caches\8.0\fileHashes)" [_thread_blocked, id=22300, stack(0x000000f8aca00000,0x000000f8acb00000)]
  0x000001f96ad7f8a0 JavaThread "File watcher server" daemon [_thread_in_native, id=18984, stack(0x000000f8acc00000,0x000000f8acd00000)]
  0x000001f96ad840d0 JavaThread "File watcher consumer" daemon [_thread_blocked, id=8980, stack(0x000000f8acd00000,0x000000f8ace00000)]
  0x000001f96ad81580 JavaThread "jar transforms" [_thread_blocked, id=11156, stack(0x000000f8ace00000,0x000000f8acf00000)]
  0x000001f96ad858e0 JavaThread "jar transforms Thread 2" [_thread_blocked, id=14356, stack(0x000000f8acf00000,0x000000f8ad000000)]
  0x000001f96ad83260 JavaThread "jar transforms Thread 3" [_thread_blocked, id=22680, stack(0x000000f8ad000000,0x000000f8ad100000)]
  0x000001f96ad83c00 JavaThread "jar transforms Thread 4" [_thread_blocked, id=13224, stack(0x000000f8ad100000,0x000000f8ad200000)]
  0x000001f96ad7e090 JavaThread "jar transforms Thread 5" [_thread_blocked, id=25856, stack(0x000000f8ad200000,0x000000f8ad300000)]
  0x000001f96ad80240 JavaThread "jar transforms Thread 6" [_thread_blocked, id=10468, stack(0x000000f8ad300000,0x000000f8ad400000)]
  0x000001f96ad810b0 JavaThread "jar transforms Thread 7" [_thread_blocked, id=6688, stack(0x000000f8ad400000,0x000000f8ad500000)]
  0x000001f96ad83730 JavaThread "jar transforms Thread 8" [_thread_blocked, id=7488, stack(0x000000f8ad500000,0x000000f8ad600000)]
  0x000001f96ad7fd70 JavaThread "Cache worker for checksums cache (D:\App_Android studio\projet_inscription\.gradle\8.0\checksums)" [_thread_blocked, id=26572, stack(0x000000f8acb00000,0x000000f8acc00000)]
  0x000001f96ad80710 JavaThread "Cache worker for cache directory md-rule (C:\Users\hachem safae\.gradle\caches\8.0\md-rule)" [_thread_blocked, id=18368, stack(0x000000f8ad600000,0x000000f8ad700000)]
  0x000001f96ad7e560 JavaThread "Cache worker for file content cache (C:\Users\hachem safae\.gradle\caches\8.0\fileContent)" [_thread_blocked, id=25100, stack(0x000000f8ad700000,0x000000f8ad800000)]
  0x000001f96ad84f40 JavaThread "Cache worker for file hash cache (D:\App_Android studio\projet_inscription\.gradle\8.0\fileHashes)" [_thread_blocked, id=25984, stack(0x000000f8ad800000,0x000000f8ad900000)]
  0x000001f96ad7ef00 JavaThread "Cache worker for cache directory md-supplier (C:\Users\hachem safae\.gradle\caches\8.0\md-supplier)" [_thread_blocked, id=23688, stack(0x000000f8ad900000,0x000000f8ada00000)]
  0x000001f96ad81a50 JavaThread "Cache worker for execution history cache (C:\Users\hachem safae\.gradle\caches\8.0\executionHistory)" [_thread_blocked, id=3044, stack(0x000000f8adb00000,0x000000f8adc00000)]
  0x000001f96ad828c0 JavaThread "Cache worker for kotlin-dsl (C:\Users\hachem safae\.gradle\caches\8.0\kotlin-dsl)" [_thread_blocked, id=7724, stack(0x000000f8adc00000,0x000000f8add00000)]
  0x000001f96ad85410 JavaThread "Cache worker for dependencies-accessors (D:\App_Android studio\projet_inscription\.gradle\8.0\dependencies-accessors)" [_thread_blocked, id=9240, stack(0x000000f8add00000,0x000000f8ade00000)]
  0x000001f96ad7ea30 JavaThread "Cache worker for Build Output Cleanup Cache (D:\App_Android studio\projet_inscription\.gradle\buildOutputCleanup)" [_thread_blocked, id=23500, stack(0x000000f8ade00000,0x000000f8adf00000)]
  0x000001f967e9fd60 JavaThread "Unconstrained build operations" [_thread_blocked, id=21148, stack(0x000000f8adf00000,0x000000f8ae000000)]
  0x000001f967ea1a40 JavaThread "Unconstrained build operations Thread 2" [_thread_blocked, id=25836, stack(0x000000f8ae000000,0x000000f8ae100000)]
  0x000001f967ea23e0 JavaThread "Unconstrained build operations Thread 3" [_thread_blocked, id=22292, stack(0x000000f8ae100000,0x000000f8ae200000)]
  0x000001f967ea5da0 JavaThread "Unconstrained build operations Thread 4" [_thread_blocked, id=21936, stack(0x000000f8ae200000,0x000000f8ae300000)]
  0x000001f967e9f3c0 JavaThread "Unconstrained build operations Thread 5" [_thread_blocked, id=25860, stack(0x000000f8ae300000,0x000000f8ae400000)]
  0x000001f967ea1f10 JavaThread "Unconstrained build operations Thread 6" [_thread_blocked, id=13912, stack(0x000000f8ae400000,0x000000f8ae500000)]
  0x000001f967ea0230 JavaThread "Unconstrained build operations Thread 7" [_thread_blocked, id=8668, stack(0x000000f8ae500000,0x000000f8ae600000)]
  0x000001f967ea28b0 JavaThread "Unconstrained build operations Thread 8" [_thread_blocked, id=2840, stack(0x000000f8ae600000,0x000000f8ae700000)]
  0x000001f967e9f890 JavaThread "Unconstrained build operations Thread 9" [_thread_blocked, id=23092, stack(0x000000f8ae700000,0x000000f8ae800000)]
  0x000001f967ea2d80 JavaThread "Unconstrained build operations Thread 10" [_thread_blocked, id=5660, stack(0x000000f8ae800000,0x000000f8ae900000)]
  0x000001f967ea0700 JavaThread "Unconstrained build operations Thread 11" [_thread_blocked, id=20340, stack(0x000000f8ae900000,0x000000f8aea00000)]
  0x000001f967ea40c0 JavaThread "Unconstrained build operations Thread 12" [_thread_blocked, id=25552, stack(0x000000f8aea00000,0x000000f8aeb00000)]
  0x000001f967ea3250 JavaThread "Unconstrained build operations Thread 13" [_thread_blocked, id=19756, stack(0x000000f8aeb00000,0x000000f8aec00000)]
  0x000001f967ea0bd0 JavaThread "Unconstrained build operations Thread 14" [_thread_blocked, id=15948, stack(0x000000f8aec00000,0x000000f8aed00000)]
  0x000001f967ea3720 JavaThread "Unconstrained build operations Thread 15" [_thread_blocked, id=7752, stack(0x000000f8aed00000,0x000000f8aee00000)]
  0x000001f967ea10a0 JavaThread "Unconstrained build operations Thread 16" [_thread_blocked, id=15864, stack(0x000000f8aee00000,0x000000f8aef00000)]
  0x000001f967ea4a60 JavaThread "Unconstrained build operations Thread 17" [_thread_blocked, id=7036, stack(0x000000f8aef00000,0x000000f8af000000)]
  0x000001f967ea3bf0 JavaThread "Unconstrained build operations Thread 18" [_thread_blocked, id=18184, stack(0x000000f8af000000,0x000000f8af100000)]
  0x000001f967ea4f30 JavaThread "Unconstrained build operations Thread 19" [_thread_blocked, id=23736, stack(0x000000f8af100000,0x000000f8af200000)]
  0x000001f967ea4590 JavaThread "Unconstrained build operations Thread 20" [_thread_blocked, id=26476, stack(0x000000f8af200000,0x000000f8af300000)]
  0x000001f967ea5400 JavaThread "Unconstrained build operations Thread 21" [_thread_blocked, id=20696, stack(0x000000f8af300000,0x000000f8af400000)]
  0x000001f967ea6270 JavaThread "Unconstrained build operations Thread 22" [_thread_blocked, id=23824, stack(0x000000f8af400000,0x000000f8af500000)]
  0x000001f967ea58d0 JavaThread "Unconstrained build operations Thread 23" [_thread_blocked, id=23320, stack(0x000000f8af500000,0x000000f8af600000)]
  0x000001f967ea6740 JavaThread "Unconstrained build operations Thread 24" [_thread_blocked, id=7340, stack(0x000000f8af600000,0x000000f8af700000)]
  0x000001f967ea1570 JavaThread "Unconstrained build operations Thread 25" [_thread_blocked, id=18340, stack(0x000000f8af700000,0x000000f8af800000)]
  0x000001f967e9eef0 JavaThread "Unconstrained build operations Thread 26" [_thread_blocked, id=20100, stack(0x000000f8af800000,0x000000f8af900000)]
  0x000001f96b043530 JavaThread "Unconstrained build operations Thread 27" [_thread_blocked, id=8780, stack(0x000000f8af900000,0x000000f8afa00000)]
  0x000001f96b043ed0 JavaThread "Unconstrained build operations Thread 28" [_thread_blocked, id=24180, stack(0x000000f8afa00000,0x000000f8afb00000)]
  0x000001f96b041d20 JavaThread "Unconstrained build operations Thread 29" [_thread_blocked, id=13240, stack(0x000000f8afb00000,0x000000f8afc00000)]
  0x000001f96b0473c0 JavaThread "Unconstrained build operations Thread 30" [_thread_blocked, id=12724, stack(0x000000f8afc00000,0x000000f8afd00000)]
  0x000001f96b0426c0 JavaThread "Unconstrained build operations Thread 31" [_thread_blocked, id=11896, stack(0x000000f8afd00000,0x000000f8afe00000)]
  0x000001f96b046080 JavaThread "Unconstrained build operations Thread 32" [_thread_blocked, id=17404, stack(0x000000f8afe00000,0x000000f8aff00000)]
  0x000001f96b042b90 JavaThread "Unconstrained build operations Thread 33" [_thread_blocked, id=8976, stack(0x000000f8aff00000,0x000000f8b0000000)]
  0x000001f96b047890 JavaThread "Unconstrained build operations Thread 34" [_thread_blocked, id=15464, stack(0x000000f8b0000000,0x000000f8b0100000)]
  0x000001f96b045bb0 JavaThread "Unconstrained build operations Thread 35" [_thread_blocked, id=23940, stack(0x000000f8b0100000,0x000000f8b0200000)]
  0x000001f96b0421f0 JavaThread "Unconstrained build operations Thread 36" [_thread_blocked, id=2536, stack(0x000000f8b0200000,0x000000f8b0300000)]
  0x000001f96b046a20 JavaThread "Unconstrained build operations Thread 37" [_thread_blocked, id=12268, stack(0x000000f8b0300000,0x000000f8b0400000)]
  0x000001f96b043a00 JavaThread "Unconstrained build operations Thread 38" [_thread_blocked, id=19176, stack(0x000000f8b0400000,0x000000f8b0500000)]
  0x000001f96b043060 JavaThread "Unconstrained build operations Thread 39" [_thread_blocked, id=4600, stack(0x000000f8b0500000,0x000000f8b0600000)]
  0x000001f96b045210 JavaThread "Unconstrained build operations Thread 40" [_thread_blocked, id=2064, stack(0x000000f8b0600000,0x000000f8b0700000)]
  0x000001f96b046ef0 JavaThread "Unconstrained build operations Thread 41" [_thread_blocked, id=5884, stack(0x000000f8b0700000,0x000000f8b0800000)]
  0x000001f96b0443a0 JavaThread "Unconstrained build operations Thread 42" [_thread_blocked, id=20112, stack(0x000000f8b0800000,0x000000f8b0900000)]
  0x000001f96b047d60 JavaThread "Unconstrained build operations Thread 43" [_thread_blocked, id=15504, stack(0x000000f8b0900000,0x000000f8b0a00000)]
  0x000001f96b044870 JavaThread "Unconstrained build operations Thread 44" [_thread_blocked, id=11456, stack(0x000000f8b0a00000,0x000000f8b0b00000)]
  0x000001f96b046550 JavaThread "Unconstrained build operations Thread 45" [_thread_blocked, id=8164, stack(0x000000f8b0b00000,0x000000f8b0c00000)]
  0x000001f96b048230 JavaThread "Unconstrained build operations Thread 46" [_thread_blocked, id=2100, stack(0x000000f8b0c00000,0x000000f8b0d00000)]
  0x000001f96b044d40 JavaThread "Unconstrained build operations Thread 47" [_thread_blocked, id=22212, stack(0x000000f8b0d00000,0x000000f8b0e00000)]
  0x000001f96b0456e0 JavaThread "Unconstrained build operations Thread 48" [_thread_blocked, id=22004, stack(0x000000f8b0e00000,0x000000f8b0f00000)]
  0x000001f96b048700 JavaThread "Unconstrained build operations Thread 49" [_thread_blocked, id=21892, stack(0x000000f8b0f00000,0x000000f8b1000000)]
  0x000001f96b048bd0 JavaThread "Unconstrained build operations Thread 50" [_thread_blocked, id=23408, stack(0x000000f8b1000000,0x000000f8b1100000)]
  0x000001f96b041380 JavaThread "Unconstrained build operations Thread 51" [_thread_blocked, id=1240, stack(0x000000f8b1100000,0x000000f8b1200000)]
  0x000001f96b041850 JavaThread "Unconstrained build operations Thread 52" [_thread_blocked, id=12056, stack(0x000000f8b1200000,0x000000f8b1300000)]
  0x000001f9673bdad0 JavaThread "Unconstrained build operations Thread 53" [_thread_blocked, id=9544, stack(0x000000f8b1300000,0x000000f8b1400000)]
  0x000001f9673c3fe0 JavaThread "Unconstrained build operations Thread 54" [_thread_blocked, id=24928, stack(0x000000f8b1400000,0x000000f8b1500000)]
  0x000001f9673bf2e0 JavaThread "Unconstrained build operations Thread 55" [_thread_blocked, id=1736, stack(0x000000f8b1500000,0x000000f8b1600000)]
  0x000001f9673c0150 JavaThread "Unconstrained build operations Thread 56" [_thread_blocked, id=22700, stack(0x000000f8b1600000,0x000000f8b1700000)]
  0x000001f9673c44b0 JavaThread "Unconstrained build operations Thread 57" [_thread_blocked, id=24112, stack(0x000000f8b1700000,0x000000f8b1800000)]
  0x000001f9673c0af0 JavaThread "Unconstrained build operations Thread 58" [_thread_blocked, id=18032, stack(0x000000f8b1800000,0x000000f8b1900000)]
  0x000001f9673bfc80 JavaThread "Unconstrained build operations Thread 59" [_thread_blocked, id=23816, stack(0x000000f8b1900000,0x000000f8b1a00000)]
  0x000001f9673be940 JavaThread "Unconstrained build operations Thread 60" [_thread_blocked, id=22216, stack(0x000000f8b1a00000,0x000000f8b1b00000)]
  0x000001f9673c1960 JavaThread "Unconstrained build operations Thread 61" [_thread_blocked, id=26072, stack(0x000000f8b1b00000,0x000000f8b1c00000)]
  0x000001f9673bee10 JavaThread "Unconstrained build operations Thread 62" [_thread_blocked, id=12944, stack(0x000000f8b1c00000,0x000000f8b1d00000)]
  0x000001f9673c0620 JavaThread "Unconstrained build operations Thread 63" [_thread_blocked, id=26520, stack(0x000000f8b1d00000,0x000000f8b1e00000)]
  0x000001f9673c2ca0 JavaThread "Unconstrained build operations Thread 64" [_thread_blocked, id=22492, stack(0x000000f8b1e00000,0x000000f8b1f00000)]
  0x000001f9673bf7b0 JavaThread "Unconstrained build operations Thread 65" [_thread_blocked, id=7988, stack(0x000000f8b1f00000,0x000000f8b2000000)]
  0x000001f9673c3170 JavaThread "Unconstrained build operations Thread 66" [_thread_blocked, id=19684, stack(0x000000f8b2000000,0x000000f8b2100000)]
  0x000001f9673bdfa0 JavaThread "Unconstrained build operations Thread 67" [_thread_blocked, id=2524, stack(0x000000f8b2100000,0x000000f8b2200000)]
  0x000001f9673c0fc0 JavaThread "Unconstrained build operations Thread 68" [_thread_blocked, id=7664, stack(0x000000f8b2200000,0x000000f8b2300000)]
  0x000001f9673c1490 JavaThread "Unconstrained build operations Thread 69" [_thread_blocked, id=6512, stack(0x000000f8b2300000,0x000000f8b2400000)]
  0x000001f9673c3b10 JavaThread "Unconstrained build operations Thread 70" [_thread_blocked, id=17212, stack(0x000000f8b2400000,0x000000f8b2500000)]
  0x000001f9673c1e30 JavaThread "Unconstrained build operations Thread 71" [_thread_blocked, id=24572, stack(0x000000f8b2500000,0x000000f8b2600000)]
  0x000001f9673c3640 JavaThread "Unconstrained build operations Thread 72" [_thread_blocked, id=24588, stack(0x000000f8b2600000,0x000000f8b2700000)]
  0x000001f9673c27d0 JavaThread "Unconstrained build operations Thread 73" [_thread_blocked, id=26132, stack(0x000000f8b2700000,0x000000f8b2800000)]
  0x000001f9673c2300 JavaThread "Unconstrained build operations Thread 74" [_thread_blocked, id=22784, stack(0x000000f8b2800000,0x000000f8b2900000)]
  0x000001f9673bd600 JavaThread "Unconstrained build operations Thread 75" [_thread_blocked, id=22080, stack(0x000000f8b2900000,0x000000f8b2a00000)]
  0x000001f9673c4980 JavaThread "Unconstrained build operations Thread 76" [_thread_blocked, id=3056, stack(0x000000f8b2a00000,0x000000f8b2b00000)]
  0x000001f9673be470 JavaThread "Unconstrained build operations Thread 77" [_thread_blocked, id=25544, stack(0x000000f8b2b00000,0x000000f8b2c00000)]
  0x000001f9673bd130 JavaThread "Unconstrained build operations Thread 78" [_thread_blocked, id=23780, stack(0x000000f8b2c00000,0x000000f8b2d00000)]
  0x000001f9698c5990 JavaThread "Unconstrained build operations Thread 79" [_thread_blocked, id=4072, stack(0x000000f8b2d00000,0x000000f8b2e00000)]
  0x000001f9698c5e60 JavaThread "Unconstrained build operations Thread 80" [_thread_blocked, id=19376, stack(0x000000f8b2e00000,0x000000f8b2f00000)]
  0x000001f9698c9cf0 JavaThread "Memory manager" [_thread_blocked, id=1376, stack(0x000000f8b2f00000,0x000000f8b3000000)]
=>0x000001f96bb32b80 JavaThread "C2 CompilerThread1" daemon [_thread_in_native, id=4336, stack(0x000000f8ac900000,0x000000f8aca00000)]

Other Threads:
  0x000001f964c7ece0 VMThread "VM Thread" [stack: 0x000000f8aa800000,0x000000f8aa900000] [id=6692]
  0x000001f94ae77d20 WatcherThread [stack: 0x000000f8ab400000,0x000000f8ab500000] [id=11372]
  0x000001f94ae57390 GCTaskThread "GC Thread#0" [stack: 0x000000f8aa300000,0x000000f8aa400000] [id=5632]
  0x000001f966673d00 GCTaskThread "GC Thread#1" [stack: 0x000000f8ab600000,0x000000f8ab700000] [id=26264]
  0x000001f96669e640 GCTaskThread "GC Thread#2" [stack: 0x000000f8ab700000,0x000000f8ab800000] [id=26000]
  0x000001f966597030 GCTaskThread "GC Thread#3" [stack: 0x000000f8ab800000,0x000000f8ab900000] [id=22360]
  0x000001f9665972e0 GCTaskThread "GC Thread#4" [stack: 0x000000f8ab900000,0x000000f8aba00000] [id=26120]
  0x000001f966427600 GCTaskThread "GC Thread#5" [stack: 0x000000f8aba00000,0x000000f8abb00000] [id=5248]
  0x000001f9671d8050 GCTaskThread "GC Thread#6" [stack: 0x000000f8ac500000,0x000000f8ac600000] [id=22272]
  0x000001f96891e050 GCTaskThread "GC Thread#7" [stack: 0x000000f8ac600000,0x000000f8ac700000] [id=25384]
  0x000001f94ae682d0 ConcurrentGCThread "G1 Main Marker" [stack: 0x000000f8aa400000,0x000000f8aa500000] [id=20824]
  0x000001f94ae69480 ConcurrentGCThread "G1 Conc#0" [stack: 0x000000f8aa500000,0x000000f8aa600000] [id=20064]
  0x000001f967ce76d0 ConcurrentGCThread "G1 Conc#1" [stack: 0x000000f8ac700000,0x000000f8ac800000] [id=22884]
  0x000001f94aebec00 ConcurrentGCThread "G1 Refine#0" [stack: 0x000000f8aa600000,0x000000f8aa700000] [id=3944]
  0x000001f964b067e0 ConcurrentGCThread "G1 Service" [stack: 0x000000f8aa700000,0x000000f8aa800000] [id=25436]

Threads with active compile tasks:
C2 CompilerThread1    17016 8852       4       java.util.regex.Pattern::split (288 bytes)

VM state: not at safepoint (normal execution)

VM Mutex/Monitor currently owned by a thread: None

Heap address: 0x0000000080000000, size: 2048 MB, Compressed Oops mode: 32-bit

CDS archive(s) not mapped
Compressed class space mapped at: 0x0000000100000000-0x0000000140000000, reserved size: 1073741824
Narrow klass base: 0x0000000000000000, Narrow klass shift: 3, Narrow klass range: 0x140000000

GC Precious Log:
 CPUs: 8 total, 8 available
 Memory: 16194M
 Large Page Support: Disabled
 NUMA Support: Disabled
 Compressed Oops: Enabled (32-bit)
 Heap Region Size: 1M
 Heap Min Capacity: 8M
 Heap Initial Capacity: 254M
 Heap Max Capacity: 2G
 Pre-touch: Disabled
 Parallel Workers: 8
 Concurrent Workers: 2
 Concurrent Refinement Workers: 8
 Periodic GC: Disabled

Heap:
 garbage-first heap   total 232448K, used 151957K [0x0000000080000000, 0x0000000100000000)
  region size 1024K, 22 young (22528K), 3 survivors (3072K)
 Metaspace       used 104308K, committed 104960K, reserved 1146880K
  class space    used 13942K, committed 14208K, reserved 1048576K

Heap Regions: E=young(eden), S=young(survivor), O=old, HS=humongous(starts), HC=humongous(continues), CS=collection set, F=free, OA=open archive, CA=closed archive, TAMS=top-at-mark-start (previous, next)
|   0|0x0000000080000000, 0x0000000080100000, 0x0000000080100000|100%|HS|  |TAMS 0x0000000080100000, 0x0000000080000000| Complete 
|   1|0x0000000080100000, 0x0000000080200000, 0x0000000080200000|100%|HC|  |TAMS 0x0000000080200000, 0x0000000080100000| Complete 
|   2|0x0000000080200000, 0x0000000080300000, 0x0000000080300000|100%|HC|  |TAMS 0x0000000080300000, 0x0000000080200000| Complete 
|   3|0x0000000080300000, 0x0000000080400000, 0x0000000080400000|100%|HC|  |TAMS 0x0000000080400000, 0x0000000080300000| Complete 
|   4|0x0000000080400000, 0x0000000080500000, 0x0000000080500000|100%| O|  |TAMS 0x0000000080500000, 0x0000000080400000| Untracked 
|   5|0x0000000080500000, 0x0000000080600000, 0x0000000080600000|100%| O|  |TAMS 0x0000000080600000, 0x0000000080500000| Untracked 
|   6|0x0000000080600000, 0x0000000080700000, 0x0000000080700000|100%| O|  |TAMS 0x0000000080700000, 0x0000000080600000| Untracked 
|   7|0x0000000080700000, 0x0000000080800000, 0x0000000080800000|100%| O|  |TAMS 0x0000000080800000, 0x0000000080700000| Untracked 
|   8|0x0000000080800000, 0x0000000080900000, 0x0000000080900000|100%| O|  |TAMS 0x0000000080900000, 0x0000000080800000| Untracked 
|   9|0x0000000080900000, 0x0000000080a00000, 0x0000000080a00000|100%| O|  |TAMS 0x0000000080a00000, 0x0000000080900000| Untracked 
|  10|0x0000000080a00000, 0x0000000080aece00, 0x0000000080b00000| 92%| O|  |TAMS 0x0000000080aece00, 0x0000000080a00000| Untracked 
|  11|0x0000000080b00000, 0x0000000080c00000, 0x0000000080c00000|100%| O|  |TAMS 0x0000000080c00000, 0x0000000080b00000| Untracked 
|  12|0x0000000080c00000, 0x0000000080d00000, 0x0000000080d00000|100%| O|  |TAMS 0x0000000080d00000, 0x0000000080c00000| Untracked 
|  13|0x0000000080d00000, 0x0000000080e00000, 0x0000000080e00000|100%| O|  |TAMS 0x0000000080e00000, 0x0000000080d00000| Untracked 
|  14|0x0000000080e00000, 0x0000000080f00000, 0x0000000080f00000|100%| O|  |TAMS 0x0000000080f00000, 0x0000000080e00000| Untracked 
|  15|0x0000000080f00000, 0x0000000081000000, 0x0000000081000000|100%| O|  |TAMS 0x0000000081000000, 0x0000000080f00000| Untracked 
|  16|0x0000000081000000, 0x0000000081100000, 0x0000000081100000|100%| O|  |TAMS 0x0000000081100000, 0x0000000081000000| Untracked 
|  17|0x0000000081100000, 0x0000000081200000, 0x0000000081200000|100%| O|  |TAMS 0x0000000081200000, 0x0000000081100000| Untracked 
|  18|0x0000000081200000, 0x0000000081300000, 0x0000000081300000|100%|HS|  |TAMS 0x0000000081300000, 0x0000000081200000| Complete 
|  19|0x0000000081300000, 0x0000000081400000, 0x0000000081400000|100%|HC|  |TAMS 0x0000000081400000, 0x0000000081300000| Complete 
|  20|0x0000000081400000, 0x0000000081500000, 0x0000000081500000|100%|HS|  |TAMS 0x0000000081500000, 0x0000000081400000| Complete 
|  21|0x0000000081500000, 0x0000000081600000, 0x0000000081600000|100%|HC|  |TAMS 0x0000000081600000, 0x0000000081500000| Complete 
|  22|0x0000000081600000, 0x0000000081700000, 0x0000000081700000|100%|HC|  |TAMS 0x0000000081700000, 0x0000000081600000| Complete 
|  23|0x0000000081700000, 0x0000000081800000, 0x0000000081800000|100%| O|  |TAMS 0x0000000081800000, 0x0000000081700000| Untracked 
|  24|0x0000000081800000, 0x0000000081900000, 0x0000000081900000|100%| O|  |TAMS 0x0000000081900000, 0x0000000081800000| Untracked 
|  25|0x0000000081900000, 0x0000000081a00000, 0x0000000081a00000|100%| O|  |TAMS 0x0000000081a00000, 0x0000000081900000| Untracked 
|  26|0x0000000081a00000, 0x0000000081b00000, 0x0000000081b00000|100%| O|  |TAMS 0x0000000081b00000, 0x0000000081a00000| Untracked 
|  27|0x0000000081b00000, 0x0000000081c00000, 0x0000000081c00000|100%|HS|  |TAMS 0x0000000081c00000, 0x0000000081b00000| Complete 
|  28|0x0000000081c00000, 0x0000000081d00000, 0x0000000081d00000|100%|HC|  |TAMS 0x0000000081d00000, 0x0000000081c00000| Complete 
|  29|0x0000000081d00000, 0x0000000081e00000, 0x0000000081e00000|100%|HC|  |TAMS 0x0000000081e00000, 0x0000000081d00000| Complete 
|  30|0x0000000081e00000, 0x0000000081f00000, 0x0000000081f00000|100%| O|  |TAMS 0x0000000081f00000, 0x0000000081e00000| Complete 
|  31|0x0000000081f00000, 0x0000000082000000, 0x0000000082000000|100%| O|  |TAMS 0x0000000082000000, 0x0000000081f00000| Untracked 
|  32|0x0000000082000000, 0x0000000082100000, 0x0000000082100000|100%| O|  |TAMS 0x0000000082100000, 0x0000000082000000| Untracked 
|  33|0x0000000082100000, 0x0000000082200000, 0x0000000082200000|100%|HS|  |TAMS 0x0000000082200000, 0x0000000082100000| Complete 
|  34|0x0000000082200000, 0x0000000082300000, 0x0000000082300000|100%|HC|  |TAMS 0x0000000082300000, 0x0000000082200000| Complete 
|  35|0x0000000082300000, 0x0000000082400000, 0x0000000082400000|100%| O|  |TAMS 0x0000000082400000, 0x0000000082300000| Untracked 
|  36|0x0000000082400000, 0x0000000082500000, 0x0000000082500000|100%| O|  |TAMS 0x0000000082500000, 0x0000000082400000| Untracked 
|  37|0x0000000082500000, 0x0000000082600000, 0x0000000082600000|100%| O|  |TAMS 0x0000000082600000, 0x0000000082500000| Untracked 
|  38|0x0000000082600000, 0x0000000082700000, 0x0000000082700000|100%| O|  |TAMS 0x0000000082700000, 0x0000000082600000| Untracked 
|  39|0x0000000082700000, 0x0000000082800000, 0x0000000082800000|100%| O|  |TAMS 0x0000000082800000, 0x0000000082700000| Untracked 
|  40|0x0000000082800000, 0x0000000082900000, 0x0000000082900000|100%| O|  |TAMS 0x0000000082900000, 0x0000000082800000| Untracked 
|  41|0x0000000082900000, 0x0000000082a00000, 0x0000000082a00000|100%| O|  |TAMS 0x0000000082a00000, 0x0000000082900000| Untracked 
|  42|0x0000000082a00000, 0x0000000082b00000, 0x0000000082b00000|100%| O|  |TAMS 0x0000000082b00000, 0x0000000082a00000| Untracked 
|  43|0x0000000082b00000, 0x0000000082c00000, 0x0000000082c00000|100%| O|  |TAMS 0x0000000082c00000, 0x0000000082b00000| Untracked 
|  44|0x0000000082c00000, 0x0000000082d00000, 0x0000000082d00000|100%|HS|  |TAMS 0x0000000082d00000, 0x0000000082c00000| Complete 
|  45|0x0000000082d00000, 0x0000000082e00000, 0x0000000082e00000|100%|HC|  |TAMS 0x0000000082e00000, 0x0000000082d00000| Complete 
|  46|0x0000000082e00000, 0x0000000082f00000, 0x0000000082f00000|100%|HC|  |TAMS 0x0000000082f00000, 0x0000000082e00000| Complete 
|  47|0x0000000082f00000, 0x0000000083000000, 0x0000000083000000|100%|HC|  |TAMS 0x0000000083000000, 0x0000000082f00000| Complete 
|  48|0x0000000083000000, 0x0000000083100000, 0x0000000083100000|100%|HC|  |TAMS 0x0000000083100000, 0x0000000083000000| Complete 
|  49|0x0000000083100000, 0x0000000083200000, 0x0000000083200000|100%|HC|  |TAMS 0x0000000083200000, 0x0000000083100000| Complete 
|  50|0x0000000083200000, 0x0000000083300000, 0x0000000083300000|100%|HC|  |TAMS 0x0000000083300000, 0x0000000083200000| Complete 
|  51|0x0000000083300000, 0x0000000083400000, 0x0000000083400000|100%|HC|  |TAMS 0x0000000083400000, 0x0000000083300000| Complete 
|  52|0x0000000083400000, 0x0000000083500000, 0x0000000083500000|100%|HC|  |TAMS 0x0000000083500000, 0x0000000083400000| Complete 
|  53|0x0000000083500000, 0x0000000083600000, 0x0000000083600000|100%|HC|  |TAMS 0x0000000083600000, 0x0000000083500000| Complete 
|  54|0x0000000083600000, 0x0000000083700000, 0x0000000083700000|100%|HC|  |TAMS 0x0000000083700000, 0x0000000083600000| Complete 
|  55|0x0000000083700000, 0x0000000083800000, 0x0000000083800000|100%|HC|  |TAMS 0x0000000083800000, 0x0000000083700000| Complete 
|  56|0x0000000083800000, 0x0000000083900000, 0x0000000083900000|100%|HS|  |TAMS 0x0000000083900000, 0x0000000083800000| Complete 
|  57|0x0000000083900000, 0x0000000083a00000, 0x0000000083a00000|100%|HC|  |TAMS 0x0000000083a00000, 0x0000000083900000| Complete 
|  58|0x0000000083a00000, 0x0000000083b00000, 0x0000000083b00000|100%|HC|  |TAMS 0x0000000083b00000, 0x0000000083a00000| Complete 
|  59|0x0000000083b00000, 0x0000000083c00000, 0x0000000083c00000|100%|HS|  |TAMS 0x0000000083c00000, 0x0000000083b00000| Complete 
|  60|0x0000000083c00000, 0x0000000083d00000, 0x0000000083d00000|100%|HC|  |TAMS 0x0000000083d00000, 0x0000000083c00000| Complete 
|  61|0x0000000083d00000, 0x0000000083e00000, 0x0000000083e00000|100%|HC|  |TAMS 0x0000000083e00000, 0x0000000083d00000| Complete 
|  62|0x0000000083e00000, 0x0000000083f00000, 0x0000000083f00000|100%| O|  |TAMS 0x0000000083f00000, 0x0000000083e00000| Untracked 
|  63|0x0000000083f00000, 0x0000000084000000, 0x0000000084000000|100%| O|  |TAMS 0x0000000084000000, 0x0000000083f00000| Untracked 
|  64|0x0000000084000000, 0x0000000084100000, 0x0000000084100000|100%| O|  |TAMS 0x0000000084100000, 0x0000000084000000| Untracked 
|  65|0x0000000084100000, 0x0000000084200000, 0x0000000084200000|100%| O|  |TAMS 0x0000000084200000, 0x0000000084100000| Untracked 
|  66|0x0000000084200000, 0x0000000084300000, 0x0000000084300000|100%| O|  |TAMS 0x0000000084300000, 0x0000000084200000| Untracked 
|  67|0x0000000084300000, 0x0000000084400000, 0x0000000084400000|100%| O|  |TAMS 0x0000000084400000, 0x0000000084300000| Untracked 
|  68|0x0000000084400000, 0x0000000084500000, 0x0000000084500000|100%| O|  |TAMS 0x0000000084500000, 0x0000000084400000| Untracked 
|  69|0x0000000084500000, 0x0000000084600000, 0x0000000084600000|100%| O|  |TAMS 0x0000000084600000, 0x0000000084500000| Untracked 
|  70|0x0000000084600000, 0x0000000084700000, 0x0000000084700000|100%|HS|  |TAMS 0x0000000084700000, 0x0000000084600000| Complete 
|  71|0x0000000084700000, 0x0000000084800000, 0x0000000084800000|100%|HS|  |TAMS 0x0000000084800000, 0x0000000084700000| Complete 
|  72|0x0000000084800000, 0x0000000084900000, 0x0000000084900000|100%|HS|  |TAMS 0x0000000084900000, 0x0000000084800000| Complete 
|  73|0x0000000084900000, 0x0000000084a00000, 0x0000000084a00000|100%| O|  |TAMS 0x0000000084a00000, 0x0000000084900000| Untracked 
|  74|0x0000000084a00000, 0x0000000084b00000, 0x0000000084b00000|100%| O|  |TAMS 0x0000000084b00000, 0x0000000084a00000| Untracked 
|  75|0x0000000084b00000, 0x0000000084c00000, 0x0000000084c00000|100%| O|  |TAMS 0x0000000084c00000, 0x0000000084b00000| Untracked 
|  76|0x0000000084c00000, 0x0000000084d00000, 0x0000000084d00000|100%| O|  |TAMS 0x0000000084d00000, 0x0000000084c00000| Untracked 
|  77|0x0000000084d00000, 0x0000000084e00000, 0x0000000084e00000|100%| O|  |TAMS 0x0000000084e00000, 0x0000000084d00000| Untracked 
|  78|0x0000000084e00000, 0x0000000084f00000, 0x0000000084f00000|100%| O|  |TAMS 0x0000000084f00000, 0x0000000084e00000| Untracked 
|  79|0x0000000084f00000, 0x0000000085000000, 0x0000000085000000|100%| O|  |TAMS 0x0000000085000000, 0x0000000084f00000| Untracked 
|  80|0x0000000085000000, 0x0000000085100000, 0x0000000085100000|100%| O|  |TAMS 0x0000000085100000, 0x0000000085000000| Untracked 
|  81|0x0000000085100000, 0x0000000085200000, 0x0000000085200000|100%| O|  |TAMS 0x0000000085200000, 0x0000000085100000| Untracked 
|  82|0x0000000085200000, 0x0000000085300000, 0x0000000085300000|100%| O|  |TAMS 0x0000000085300000, 0x0000000085200000| Untracked 
|  83|0x0000000085300000, 0x0000000085400000, 0x0000000085400000|100%| O|  |TAMS 0x0000000085400000, 0x0000000085300000| Untracked 
|  84|0x0000000085400000, 0x0000000085500000, 0x0000000085500000|100%| O|  |TAMS 0x0000000085500000, 0x0000000085400000| Untracked 
|  85|0x0000000085500000, 0x0000000085600000, 0x0000000085600000|100%| O|  |TAMS 0x0000000085600000, 0x0000000085500000| Untracked 
|  86|0x0000000085600000, 0x0000000085700000, 0x0000000085700000|100%| O|  |TAMS 0x0000000085700000, 0x0000000085600000| Untracked 
|  87|0x0000000085700000, 0x0000000085800000, 0x0000000085800000|100%| O|  |TAMS 0x0000000085800000, 0x0000000085700000| Untracked 
|  88|0x0000000085800000, 0x0000000085900000, 0x0000000085900000|100%| O|  |TAMS 0x0000000085900000, 0x0000000085800000| Untracked 
|  89|0x0000000085900000, 0x0000000085a00000, 0x0000000085a00000|100%| O|  |TAMS 0x0000000085a00000, 0x0000000085900000| Untracked 
|  90|0x0000000085a00000, 0x0000000085b00000, 0x0000000085b00000|100%| O|  |TAMS 0x0000000085b00000, 0x0000000085a00000| Untracked 
|  91|0x0000000085b00000, 0x0000000085c00000, 0x0000000085c00000|100%| O|  |TAMS 0x0000000085c00000, 0x0000000085b00000| Untracked 
|  92|0x0000000085c00000, 0x0000000085d00000, 0x0000000085d00000|100%| O|  |TAMS 0x0000000085d00000, 0x0000000085c00000| Untracked 
|  93|0x0000000085d00000, 0x0000000085d00000, 0x0000000085e00000|  0%| F|  |TAMS 0x0000000085d00000, 0x0000000085d00000| Untracked 
|  94|0x0000000085e00000, 0x0000000085f00000, 0x0000000085f00000|100%|HS|  |TAMS 0x0000000085f00000, 0x0000000085e00000| Complete 
|  95|0x0000000085f00000, 0x0000000086000000, 0x0000000086000000|100%|HC|  |TAMS 0x0000000086000000, 0x0000000085f00000| Complete 
|  96|0x0000000086000000, 0x0000000086100000, 0x0000000086100000|100%|HC|  |TAMS 0x0000000086100000, 0x0000000086000000| Complete 
|  97|0x0000000086100000, 0x0000000086200000, 0x0000000086200000|100%|HC|  |TAMS 0x0000000086200000, 0x0000000086100000| Complete 
|  98|0x0000000086200000, 0x0000000086300000, 0x0000000086300000|100%|HS|  |TAMS 0x0000000086300000, 0x0000000086200000| Complete 
|  99|0x0000000086300000, 0x0000000086400000, 0x0000000086400000|100%|HC|  |TAMS 0x0000000086400000, 0x0000000086300000| Complete 
| 100|0x0000000086400000, 0x0000000086500000, 0x0000000086500000|100%|HC|  |TAMS 0x0000000086500000, 0x0000000086400000| Complete 
| 101|0x0000000086500000, 0x0000000086600000, 0x0000000086600000|100%|HC|  |TAMS 0x0000000086600000, 0x0000000086500000| Complete 
| 102|0x0000000086600000, 0x0000000086700000, 0x0000000086700000|100%|HC|  |TAMS 0x0000000086700000, 0x0000000086600000| Complete 
| 103|0x0000000086700000, 0x0000000086800000, 0x0000000086800000|100%|HC|  |TAMS 0x0000000086800000, 0x0000000086700000| Complete 
| 104|0x0000000086800000, 0x0000000086900000, 0x0000000086900000|100%| O|  |TAMS 0x0000000086900000, 0x0000000086800000| Untracked 
| 105|0x0000000086900000, 0x0000000086a00000, 0x0000000086a00000|100%| O|  |TAMS 0x0000000086a00000, 0x0000000086900000| Untracked 
| 106|0x0000000086a00000, 0x0000000086b00000, 0x0000000086b00000|100%| O|  |TAMS 0x0000000086b00000, 0x0000000086a00000| Untracked 
| 107|0x0000000086b00000, 0x0000000086c00000, 0x0000000086c00000|100%| O|  |TAMS 0x0000000086c00000, 0x0000000086b00000| Untracked 
| 108|0x0000000086c00000, 0x0000000086d00000, 0x0000000086d00000|100%| O|  |TAMS 0x0000000086d00000, 0x0000000086c00000| Untracked 
| 109|0x0000000086d00000, 0x0000000086e00000, 0x0000000086e00000|100%| O|  |TAMS 0x0000000086e00000, 0x0000000086d00000| Untracked 
| 110|0x0000000086e00000, 0x0000000086f00000, 0x0000000086f00000|100%| O|  |TAMS 0x0000000086f00000, 0x0000000086e00000| Untracked 
| 111|0x0000000086f00000, 0x0000000087000000, 0x0000000087000000|100%| O|  |TAMS 0x0000000087000000, 0x0000000086f00000| Untracked 
| 112|0x0000000087000000, 0x0000000087100000, 0x0000000087100000|100%| O|  |TAMS 0x0000000087100000, 0x0000000087000000| Untracked 
| 113|0x0000000087100000, 0x0000000087200000, 0x0000000087200000|100%| O|  |TAMS 0x0000000087200000, 0x0000000087100000| Untracked 
| 114|0x0000000087200000, 0x0000000087300000, 0x0000000087300000|100%| O|  |TAMS 0x0000000087300000, 0x0000000087200000| Untracked 
| 115|0x0000000087300000, 0x0000000087400000, 0x0000000087400000|100%| O|  |TAMS 0x0000000087400000, 0x0000000087300000| Untracked 
| 116|0x0000000087400000, 0x0000000087500000, 0x0000000087500000|100%| O|  |TAMS 0x0000000087500000, 0x0000000087400000| Untracked 
| 117|0x0000000087500000, 0x0000000087600000, 0x0000000087600000|100%| O|  |TAMS 0x0000000087600000, 0x0000000087500000| Untracked 
| 118|0x0000000087600000, 0x0000000087700000, 0x0000000087700000|100%| O|  |TAMS 0x0000000087700000, 0x0000000087600000| Untracked 
| 119|0x0000000087700000, 0x0000000087800000, 0x0000000087800000|100%| O|  |TAMS 0x0000000087800000, 0x0000000087700000| Untracked 
| 120|0x0000000087800000, 0x0000000087900000, 0x0000000087900000|100%| O|  |TAMS 0x0000000087900000, 0x0000000087800000| Untracked 
| 121|0x0000000087900000, 0x0000000087a00000, 0x0000000087a00000|100%| O|  |TAMS 0x0000000087a00000, 0x0000000087900000| Untracked 
| 122|0x0000000087a00000, 0x0000000087b00000, 0x0000000087b00000|100%| O|  |TAMS 0x0000000087b00000, 0x0000000087a00000| Untracked 
| 123|0x0000000087b00000, 0x0000000087c00000, 0x0000000087c00000|100%| O|  |TAMS 0x0000000087c00000, 0x0000000087b00000| Untracked 
| 124|0x0000000087c00000, 0x0000000087d00000, 0x0000000087d00000|100%| O|  |TAMS 0x0000000087d00000, 0x0000000087c00000| Untracked 
| 125|0x0000000087d00000, 0x0000000087e00000, 0x0000000087e00000|100%| O|  |TAMS 0x0000000087e00000, 0x0000000087d00000| Untracked 
| 126|0x0000000087e00000, 0x0000000087f00000, 0x0000000087f00000|100%| O|  |TAMS 0x0000000087f00000, 0x0000000087e00000| Untracked 
| 127|0x0000000087f00000, 0x0000000088000000, 0x0000000088000000|100%| O|  |TAMS 0x0000000088000000, 0x0000000087f00000| Untracked 
| 128|0x0000000088000000, 0x000000008809f400, 0x0000000088100000| 62%| O|  |TAMS 0x000000008809f400, 0x0000000088000000| Untracked 
| 129|0x0000000088100000, 0x0000000088100000, 0x0000000088200000|  0%| F|  |TAMS 0x0000000088100000, 0x0000000088100000| Untracked 
| 130|0x0000000088200000, 0x0000000088200000, 0x0000000088300000|  0%| F|  |TAMS 0x0000000088200000, 0x0000000088200000| Untracked 
| 131|0x0000000088300000, 0x0000000088300000, 0x0000000088400000|  0%| F|  |TAMS 0x0000000088300000, 0x0000000088300000| Untracked 
| 132|0x0000000088400000, 0x0000000088400000, 0x0000000088500000|  0%| F|  |TAMS 0x0000000088400000, 0x0000000088400000| Untracked 
| 133|0x0000000088500000, 0x0000000088500000, 0x0000000088600000|  0%| F|  |TAMS 0x0000000088500000, 0x0000000088500000| Untracked 
| 134|0x0000000088600000, 0x0000000088600000, 0x0000000088700000|  0%| F|  |TAMS 0x0000000088600000, 0x0000000088600000| Untracked 
| 135|0x0000000088700000, 0x0000000088700000, 0x0000000088800000|  0%| F|  |TAMS 0x0000000088700000, 0x0000000088700000| Untracked 
| 136|0x0000000088800000, 0x0000000088800000, 0x0000000088900000|  0%| F|  |TAMS 0x0000000088800000, 0x0000000088800000| Untracked 
| 137|0x0000000088900000, 0x0000000088900000, 0x0000000088a00000|  0%| F|  |TAMS 0x0000000088900000, 0x0000000088900000| Untracked 
| 138|0x0000000088a00000, 0x0000000088a00000, 0x0000000088b00000|  0%| F|  |TAMS 0x0000000088a00000, 0x0000000088a00000| Untracked 
| 139|0x0000000088b00000, 0x0000000088b00000, 0x0000000088c00000|  0%| F|  |TAMS 0x0000000088b00000, 0x0000000088b00000| Untracked 
| 140|0x0000000088c00000, 0x0000000088c00000, 0x0000000088d00000|  0%| F|  |TAMS 0x0000000088c00000, 0x0000000088c00000| Untracked 
| 141|0x0000000088d00000, 0x0000000088d00000, 0x0000000088e00000|  0%| F|  |TAMS 0x0000000088d00000, 0x0000000088d00000| Untracked 
| 142|0x0000000088e00000, 0x0000000088e00000, 0x0000000088f00000|  0%| F|  |TAMS 0x0000000088e00000, 0x0000000088e00000| Untracked 
| 143|0x0000000088f00000, 0x0000000088f00000, 0x0000000089000000|  0%| F|  |TAMS 0x0000000088f00000, 0x0000000088f00000| Untracked 
| 144|0x0000000089000000, 0x0000000089000000, 0x0000000089100000|  0%| F|  |TAMS 0x0000000089000000, 0x0000000089000000| Untracked 
| 145|0x0000000089100000, 0x0000000089100000, 0x0000000089200000|  0%| F|  |TAMS 0x0000000089100000, 0x0000000089100000| Untracked 
| 146|0x0000000089200000, 0x0000000089200000, 0x0000000089300000|  0%| F|  |TAMS 0x0000000089200000, 0x0000000089200000| Untracked 
| 147|0x0000000089300000, 0x0000000089300000, 0x0000000089400000|  0%| F|  |TAMS 0x0000000089300000, 0x0000000089300000| Untracked 
| 148|0x0000000089400000, 0x0000000089400000, 0x0000000089500000|  0%| F|  |TAMS 0x0000000089400000, 0x0000000089400000| Untracked 
| 149|0x0000000089500000, 0x0000000089500000, 0x0000000089600000|  0%| F|  |TAMS 0x0000000089500000, 0x0000000089500000| Untracked 
| 150|0x0000000089600000, 0x0000000089600000, 0x0000000089700000|  0%| F|  |TAMS 0x0000000089600000, 0x0000000089600000| Untracked 
| 151|0x0000000089700000, 0x0000000089700000, 0x0000000089800000|  0%| F|  |TAMS 0x0000000089700000, 0x0000000089700000| Untracked 
| 152|0x0000000089800000, 0x0000000089800000, 0x0000000089900000|  0%| F|  |TAMS 0x0000000089800000, 0x0000000089800000| Untracked 
| 153|0x0000000089900000, 0x0000000089900000, 0x0000000089a00000|  0%| F|  |TAMS 0x0000000089900000, 0x0000000089900000| Untracked 
| 154|0x0000000089a00000, 0x0000000089a00000, 0x0000000089b00000|  0%| F|  |TAMS 0x0000000089a00000, 0x0000000089a00000| Untracked 
| 155|0x0000000089b00000, 0x0000000089b00000, 0x0000000089c00000|  0%| F|  |TAMS 0x0000000089b00000, 0x0000000089b00000| Untracked 
| 156|0x0000000089c00000, 0x0000000089c00000, 0x0000000089d00000|  0%| F|  |TAMS 0x0000000089c00000, 0x0000000089c00000| Untracked 
| 157|0x0000000089d00000, 0x0000000089d00000, 0x0000000089e00000|  0%| F|  |TAMS 0x0000000089d00000, 0x0000000089d00000| Untracked 
| 158|0x0000000089e00000, 0x0000000089e00000, 0x0000000089f00000|  0%| F|  |TAMS 0x0000000089e00000, 0x0000000089e00000| Untracked 
| 159|0x0000000089f00000, 0x0000000089f00000, 0x000000008a000000|  0%| F|  |TAMS 0x0000000089f00000, 0x0000000089f00000| Untracked 
| 160|0x000000008a000000, 0x000000008a000000, 0x000000008a100000|  0%| F|  |TAMS 0x000000008a000000, 0x000000008a000000| Untracked 
| 161|0x000000008a100000, 0x000000008a100000, 0x000000008a200000|  0%| F|  |TAMS 0x000000008a100000, 0x000000008a100000| Untracked 
| 162|0x000000008a200000, 0x000000008a200000, 0x000000008a300000|  0%| F|  |TAMS 0x000000008a200000, 0x000000008a200000| Untracked 
| 163|0x000000008a300000, 0x000000008a3d9540, 0x000000008a400000| 84%| S|CS|TAMS 0x000000008a300000, 0x000000008a300000| Complete 
| 164|0x000000008a400000, 0x000000008a500000, 0x000000008a500000|100%| S|CS|TAMS 0x000000008a400000, 0x000000008a400000| Complete 
| 165|0x000000008a500000, 0x000000008a600000, 0x000000008a600000|100%| S|CS|TAMS 0x000000008a500000, 0x000000008a500000| Complete 
| 166|0x000000008a600000, 0x000000008a600000, 0x000000008a700000|  0%| F|  |TAMS 0x000000008a600000, 0x000000008a600000| Untracked 
| 167|0x000000008a700000, 0x000000008a700000, 0x000000008a800000|  0%| F|  |TAMS 0x000000008a700000, 0x000000008a700000| Untracked 
| 168|0x000000008a800000, 0x000000008a800000, 0x000000008a900000|  0%| F|  |TAMS 0x000000008a800000, 0x000000008a800000| Untracked 
| 169|0x000000008a900000, 0x000000008a900000, 0x000000008aa00000|  0%| F|  |TAMS 0x000000008a900000, 0x000000008a900000| Untracked 
| 170|0x000000008aa00000, 0x000000008aa00000, 0x000000008ab00000|  0%| F|  |TAMS 0x000000008aa00000, 0x000000008aa00000| Untracked 
| 171|0x000000008ab00000, 0x000000008ab00000, 0x000000008ac00000|  0%| F|  |TAMS 0x000000008ab00000, 0x000000008ab00000| Untracked 
| 172|0x000000008ac00000, 0x000000008ac00000, 0x000000008ad00000|  0%| F|  |TAMS 0x000000008ac00000, 0x000000008ac00000| Untracked 
| 173|0x000000008ad00000, 0x000000008ad00000, 0x000000008ae00000|  0%| F|  |TAMS 0x000000008ad00000, 0x000000008ad00000| Untracked 
| 174|0x000000008ae00000, 0x000000008ae00000, 0x000000008af00000|  0%| F|  |TAMS 0x000000008ae00000, 0x000000008ae00000| Untracked 
| 175|0x000000008af00000, 0x000000008af00000, 0x000000008b000000|  0%| F|  |TAMS 0x000000008af00000, 0x000000008af00000| Untracked 
| 176|0x000000008b000000, 0x000000008b000000, 0x000000008b100000|  0%| F|  |TAMS 0x000000008b000000, 0x000000008b000000| Untracked 
| 177|0x000000008b100000, 0x000000008b100000, 0x000000008b200000|  0%| F|  |TAMS 0x000000008b100000, 0x000000008b100000| Untracked 
| 178|0x000000008b200000, 0x000000008b200000, 0x000000008b300000|  0%| F|  |TAMS 0x000000008b200000, 0x000000008b200000| Untracked 
| 179|0x000000008b300000, 0x000000008b300000, 0x000000008b400000|  0%| F|  |TAMS 0x000000008b300000, 0x000000008b300000| Untracked 
| 180|0x000000008b400000, 0x000000008b400000, 0x000000008b500000|  0%| F|  |TAMS 0x000000008b400000, 0x000000008b400000| Untracked 
| 181|0x000000008b500000, 0x000000008b500000, 0x000000008b600000|  0%| F|  |TAMS 0x000000008b500000, 0x000000008b500000| Untracked 
| 182|0x000000008b600000, 0x000000008b600000, 0x000000008b700000|  0%| F|  |TAMS 0x000000008b600000, 0x000000008b600000| Untracked 
| 183|0x000000008b700000, 0x000000008b700000, 0x000000008b800000|  0%| F|  |TAMS 0x000000008b700000, 0x000000008b700000| Untracked 
| 184|0x000000008b800000, 0x000000008b800000, 0x000000008b900000|  0%| F|  |TAMS 0x000000008b800000, 0x000000008b800000| Untracked 
| 185|0x000000008b900000, 0x000000008b900000, 0x000000008ba00000|  0%| F|  |TAMS 0x000000008b900000, 0x000000008b900000| Untracked 
| 186|0x000000008ba00000, 0x000000008ba00000, 0x000000008bb00000|  0%| F|  |TAMS 0x000000008ba00000, 0x000000008ba00000| Untracked 
| 187|0x000000008bb00000, 0x000000008bb00000, 0x000000008bc00000|  0%| F|  |TAMS 0x000000008bb00000, 0x000000008bb00000| Untracked 
| 188|0x000000008bc00000, 0x000000008bc00000, 0x000000008bd00000|  0%| F|  |TAMS 0x000000008bc00000, 0x000000008bc00000| Untracked 
| 189|0x000000008bd00000, 0x000000008bd00000, 0x000000008be00000|  0%| F|  |TAMS 0x000000008bd00000, 0x000000008bd00000| Untracked 
| 190|0x000000008be00000, 0x000000008be00000, 0x000000008bf00000|  0%| F|  |TAMS 0x000000008be00000, 0x000000008be00000| Untracked 
| 191|0x000000008bf00000, 0x000000008bf00000, 0x000000008c000000|  0%| F|  |TAMS 0x000000008bf00000, 0x000000008bf00000| Untracked 
| 192|0x000000008c000000, 0x000000008c000000, 0x000000008c100000|  0%| F|  |TAMS 0x000000008c000000, 0x000000008c000000| Untracked 
| 193|0x000000008c100000, 0x000000008c100000, 0x000000008c200000|  0%| F|  |TAMS 0x000000008c100000, 0x000000008c100000| Untracked 
| 194|0x000000008c200000, 0x000000008c200000, 0x000000008c300000|  0%| F|  |TAMS 0x000000008c200000, 0x000000008c200000| Untracked 
| 195|0x000000008c300000, 0x000000008c300000, 0x000000008c400000|  0%| F|  |TAMS 0x000000008c300000, 0x000000008c300000| Untracked 
| 196|0x000000008c400000, 0x000000008c400000, 0x000000008c500000|  0%| F|  |TAMS 0x000000008c400000, 0x000000008c400000| Untracked 
| 197|0x000000008c500000, 0x000000008c500000, 0x000000008c600000|  0%| F|  |TAMS 0x000000008c500000, 0x000000008c500000| Untracked 
| 198|0x000000008c600000, 0x000000008c600000, 0x000000008c700000|  0%| F|  |TAMS 0x000000008c600000, 0x000000008c600000| Untracked 
| 199|0x000000008c700000, 0x000000008c700000, 0x000000008c800000|  0%| F|  |TAMS 0x000000008c700000, 0x000000008c700000| Untracked 
| 200|0x000000008c800000, 0x000000008c800000, 0x000000008c900000|  0%| F|  |TAMS 0x000000008c800000, 0x000000008c800000| Untracked 
| 201|0x000000008c900000, 0x000000008c900000, 0x000000008ca00000|  0%| F|  |TAMS 0x000000008c900000, 0x000000008c900000| Untracked 
| 202|0x000000008ca00000, 0x000000008ca00000, 0x000000008cb00000|  0%| F|  |TAMS 0x000000008ca00000, 0x000000008ca00000| Untracked 
| 203|0x000000008cb00000, 0x000000008cb00000, 0x000000008cc00000|  0%| F|  |TAMS 0x000000008cb00000, 0x000000008cb00000| Untracked 
| 204|0x000000008cc00000, 0x000000008cc00000, 0x000000008cd00000|  0%| F|  |TAMS 0x000000008cc00000, 0x000000008cc00000| Untracked 
| 205|0x000000008cd00000, 0x000000008cd00000, 0x000000008ce00000|  0%| F|  |TAMS 0x000000008cd00000, 0x000000008cd00000| Untracked 
| 206|0x000000008ce00000, 0x000000008ce00000, 0x000000008cf00000|  0%| F|  |TAMS 0x000000008ce00000, 0x000000008ce00000| Untracked 
| 207|0x000000008cf00000, 0x000000008cf00000, 0x000000008d000000|  0%| F|  |TAMS 0x000000008cf00000, 0x000000008cf00000| Untracked 
| 208|0x000000008d000000, 0x000000008d100000, 0x000000008d100000|100%| E|CS|TAMS 0x000000008d000000, 0x000000008d000000| Complete 
| 209|0x000000008d100000, 0x000000008d200000, 0x000000008d200000|100%| E|CS|TAMS 0x000000008d100000, 0x000000008d100000| Complete 
| 210|0x000000008d200000, 0x000000008d300000, 0x000000008d300000|100%| E|CS|TAMS 0x000000008d200000, 0x000000008d200000| Complete 
| 211|0x000000008d300000, 0x000000008d400000, 0x000000008d400000|100%| E|CS|TAMS 0x000000008d300000, 0x000000008d300000| Complete 
| 212|0x000000008d400000, 0x000000008d500000, 0x000000008d500000|100%| E|CS|TAMS 0x000000008d400000, 0x000000008d400000| Complete 
| 213|0x000000008d500000, 0x000000008d600000, 0x000000008d600000|100%| E|CS|TAMS 0x000000008d500000, 0x000000008d500000| Complete 
| 214|0x000000008d600000, 0x000000008d700000, 0x000000008d700000|100%| E|CS|TAMS 0x000000008d600000, 0x000000008d600000| Complete 
| 215|0x000000008d700000, 0x000000008d800000, 0x000000008d800000|100%| E|CS|TAMS 0x000000008d700000, 0x000000008d700000| Complete 
| 216|0x000000008d800000, 0x000000008d900000, 0x000000008d900000|100%| E|CS|TAMS 0x000000008d800000, 0x000000008d800000| Complete 
| 217|0x000000008d900000, 0x000000008da00000, 0x000000008da00000|100%| E|CS|TAMS 0x000000008d900000, 0x000000008d900000| Complete 
| 218|0x000000008da00000, 0x000000008db00000, 0x000000008db00000|100%| E|CS|TAMS 0x000000008da00000, 0x000000008da00000| Complete 
| 219|0x000000008db00000, 0x000000008dc00000, 0x000000008dc00000|100%| E|CS|TAMS 0x000000008db00000, 0x000000008db00000| Complete 
| 220|0x000000008dc00000, 0x000000008dd00000, 0x000000008dd00000|100%| E|CS|TAMS 0x000000008dc00000, 0x000000008dc00000| Complete 
| 221|0x000000008dd00000, 0x000000008de00000, 0x000000008de00000|100%| E|CS|TAMS 0x000000008dd00000, 0x000000008dd00000| Complete 
| 222|0x000000008de00000, 0x000000008df00000, 0x000000008df00000|100%| E|CS|TAMS 0x000000008de00000, 0x000000008de00000| Complete 
| 223|0x000000008df00000, 0x000000008e000000, 0x000000008e000000|100%| E|CS|TAMS 0x000000008df00000, 0x000000008df00000| Complete 
| 224|0x000000008e000000, 0x000000008e100000, 0x000000008e100000|100%| E|CS|TAMS 0x000000008e000000, 0x000000008e000000| Complete 
| 225|0x000000008e100000, 0x000000008e200000, 0x000000008e200000|100%| E|CS|TAMS 0x000000008e100000, 0x000000008e100000| Complete 
| 253|0x000000008fd00000, 0x000000008fe00000, 0x000000008fe00000|100%| E|CS|TAMS 0x000000008fd00000, 0x000000008fd00000| Complete 

Card table byte_map: [0x000001f95d9f0000,0x000001f95ddf0000] _byte_map_base: 0x000001f95d5f0000

Marking Bits (Prev, Next): (CMBitMap*) 0x000001f94ae579e0, (CMBitMap*) 0x000001f94ae579a0
 Prev Bits: [0x000001f9601f0000, 0x000001f9621f0000)
 Next Bits: [0x000001f95e1f0000, 0x000001f9601f0000)

Polling page: 0x000001f948d90000

Metaspace:

Usage:
  Non-class:     88.30 MB used.
      Class:     13.62 MB used.
       Both:    101.92 MB used.

Virtual space:
  Non-class space:       96.00 MB reserved,      88.69 MB ( 92%) committed,  12 nodes.
      Class space:        1.00 GB reserved,      13.94 MB (  1%) committed,  1 nodes.
             Both:        1.09 GB reserved,     102.62 MB (  9%) committed. 

Chunk freelists:
   Non-Class:  2.66 MB
       Class:  2.11 MB
        Both:  4.77 MB

MaxMetaspaceSize: unlimited
CompressedClassSpaceSize: 1.00 GB
Initial GC threshold: 21.00 MB
Current GC threshold: 168.12 MB
CDS: off
MetaspaceReclaimPolicy: balanced
 - commit_granule_bytes: 65536.
 - commit_granule_words: 8192.
 - virtual_space_node_default_size: 1048576.
 - enlarge_chunks_in_place: 1.
 - new_chunks_are_fully_committed: 0.
 - uncommit_free_chunks: 1.
 - use_allocation_guard: 0.
 - handle_deallocations: 1.


Internal statistics:

num_allocs_failed_limit: 3.
num_arena_births: 914.
num_arena_deaths: 0.
num_vsnodes_births: 13.
num_vsnodes_deaths: 0.
num_space_committed: 1640.
num_space_uncommitted: 0.
num_chunks_returned_to_freelist: 3.
num_chunks_taken_from_freelist: 4481.
num_chunk_merges: 3.
num_chunk_splits: 3225.
num_chunks_enlarged: 2435.
num_purges: 0.
num_inconsistent_stats: 0.

CodeHeap 'non-profiled nmethods': size=120000Kb used=4601Kb max_used=4989Kb free=115398Kb
 bounds [0x000001f955d90000, 0x000001f956270000, 0x000001f95d2c0000]
CodeHeap 'profiled nmethods': size=120000Kb used=14938Kb max_used=15931Kb free=105061Kb
 bounds [0x000001f94e2c0000, 0x000001f94f250000, 0x000001f9557f0000]
CodeHeap 'non-nmethods': size=5760Kb used=2414Kb max_used=2475Kb free=3345Kb
 bounds [0x000001f9557f0000, 0x000001f955a60000, 0x000001f955d90000]
 total_blobs=8694 nmethods=7740 adapters=865
 compilation: enabled
              stopped_count=0, restarted_count=0
 full_count=0

Compilation events (20 events):
Event: 16.897 Thread 0x000001f965891a50 nmethod 8875 0x000001f94e2e1b90 code [0x000001f94e2e1d60, 0x000001f94e2e20f8]
Event: 16.897 Thread 0x000001f965891a50 8874       1       org.jetbrains.kotlin.load.java.structure.impl.classFiles.BinaryJavaMethodBase$Companion$MethodInfo::getReturnType (5 bytes)
Event: 16.897 Thread 0x000001f965891a50 nmethod 8874 0x000001f9560a0c10 code [0x000001f9560a0da0, 0x000001f9560a0e78]
Event: 16.898 Thread 0x000001f965891a50 8876       3       org.jetbrains.kotlin.load.java.lazy.LazyJavaResolverContext::getStorageManager (8 bytes)
Event: 16.898 Thread 0x000001f965891a50 nmethod 8876 0x000001f94e596590 code [0x000001f94e596720, 0x000001f94e596858]
Event: 16.907 Thread 0x000001f965891a50 8879       3       org.jetbrains.kotlin.com.intellij.util.text.CharArrayUtil::shiftForward (102 bytes)
Event: 16.908 Thread 0x000001f965891a50 nmethod 8879 0x000001f94e875b10 code [0x000001f94e875da0, 0x000001f94e876ad8]
Event: 16.908 Thread 0x000001f965891a50 8880       3       org.jetbrains.kotlin.com.intellij.openapi.vfs.VirtualFile::findFileByRelativePath (145 bytes)
Event: 16.909 Thread 0x000001f965891a50 nmethod 8880 0x000001f94ee19c90 code [0x000001f94ee19f80, 0x000001f94ee1ae98]
Event: 16.909 Thread 0x000001f965891a50 8878       3       org.jetbrains.kotlin.com.intellij.util.text.CharArrayUtil::shiftForward (31 bytes)
Event: 16.910 Thread 0x000001f965891a50 nmethod 8878 0x000001f94e3b8b90 code [0x000001f94e3b8d60, 0x000001f94e3b9038]
Event: 16.910 Thread 0x000001f965891a50 8881       3       jdk.internal.jrtfs.JrtFileSystem::iteratorOf (98 bytes)
Event: 16.912 Thread 0x000001f965891a50 nmethod 8881 0x000001f94eeff210 code [0x000001f94eeff600, 0x000001f94ef01488]
Event: 16.913 Thread 0x000001f965888fa0 nmethod 8864 0x000001f955fe7c90 code [0x000001f955fe7e40, 0x000001f955fe8708]
Event: 16.913 Thread 0x000001f965888fa0 8877       4       org.jetbrains.kotlin.com.intellij.openapi.vfs.VirtualFile::getExtension (24 bytes)
Event: 16.925 Thread 0x000001f965888fa0 nmethod 8877 0x000001f955deca10 code [0x000001f955decbe0, 0x000001f955ded2d8]
Event: 16.925 Thread 0x000001f965888fa0 8871       4       jdk.internal.jrtfs.JrtFileSystem$$Lambda$972/0x0000000100c1fd78::apply (16 bytes)
Event: 16.935 Thread 0x000001f965888fa0 nmethod 8871 0x000001f95614c090 code [0x000001f95614c260, 0x000001f95614c868]
Event: 16.935 Thread 0x000001f965888fa0 8872       4       jdk.internal.jrtfs.JrtFileSystem::lambda$iteratorOf$2 (20 bytes)
Event: 16.944 Thread 0x000001f965888fa0 nmethod 8872 0x000001f95602fb90 code [0x000001f95602fd40, 0x000001f956030308]

GC Heap History (20 events):
Event: 11.758 GC heap before
{Heap before GC invocations=35 (full 0):
 garbage-first heap   total 148480K, used 118251K [0x0000000080000000, 0x0000000100000000)
  region size 1024K, 30 young (30720K), 1 survivors (1024K)
 Metaspace       used 70445K, committed 71168K, reserved 1114112K
  class space    used 9415K, committed 9728K, reserved 1048576K
}
Event: 11.763 GC heap after
{Heap after GC invocations=36 (full 0):
 garbage-first heap   total 210944K, used 90003K [0x0000000080000000, 0x0000000100000000)
  region size 1024K, 2 young (2048K), 2 survivors (2048K)
 Metaspace       used 70445K, committed 71168K, reserved 1114112K
  class space    used 9415K, committed 9728K, reserved 1048576K
}
Event: 13.076 GC heap before
{Heap before GC invocations=37 (full 0):
 garbage-first heap   total 210944K, used 158611K [0x0000000080000000, 0x0000000100000000)
  region size 1024K, 69 young (70656K), 2 survivors (2048K)
 Metaspace       used 78895K, committed 79616K, reserved 1122304K
  class space    used 10525K, committed 10816K, reserved 1048576K
}
Event: 13.084 GC heap after
{Heap after GC invocations=38 (full 0):
 garbage-first heap   total 210944K, used 94791K [0x0000000080000000, 0x0000000100000000)
  region size 1024K, 7 young (7168K), 7 survivors (7168K)
 Metaspace       used 78895K, committed 79616K, reserved 1122304K
  class space    used 10525K, committed 10816K, reserved 1048576K
}
Event: 13.133 GC heap before
{Heap before GC invocations=38 (full 0):
 garbage-first heap   total 210944K, used 96839K [0x0000000080000000, 0x0000000100000000)
  region size 1024K, 10 young (10240K), 7 survivors (7168K)
 Metaspace       used 79529K, committed 80192K, reserved 1122304K
  class space    used 10601K, committed 10880K, reserved 1048576K
}
Event: 13.143 GC heap after
{Heap after GC invocations=39 (full 0):
 garbage-first heap   total 210944K, used 94935K [0x0000000080000000, 0x0000000100000000)
  region size 1024K, 1 young (1024K), 1 survivors (1024K)
 Metaspace       used 79529K, committed 80192K, reserved 1122304K
  class space    used 10601K, committed 10880K, reserved 1048576K
}
Event: 13.178 GC heap before
{Heap before GC invocations=39 (full 0):
 garbage-first heap   total 210944K, used 96983K [0x0000000080000000, 0x0000000100000000)
  region size 1024K, 4 young (4096K), 1 survivors (1024K)
 Metaspace       used 79878K, committed 80576K, reserved 1122304K
  class space    used 10645K, committed 10944K, reserved 1048576K
}
Event: 13.179 GC heap after
{Heap after GC invocations=40 (full 0):
 garbage-first heap   total 210944K, used 94381K [0x0000000080000000, 0x0000000100000000)
  region size 1024K, 1 young (1024K), 1 survivors (1024K)
 Metaspace       used 79878K, committed 80576K, reserved 1122304K
  class space    used 10645K, committed 10944K, reserved 1048576K
}
Event: 14.270 GC heap before
{Heap before GC invocations=41 (full 0):
 garbage-first heap   total 210944K, used 178349K [0x0000000080000000, 0x0000000100000000)
  region size 1024K, 74 young (75776K), 1 survivors (1024K)
 Metaspace       used 88404K, committed 89152K, reserved 1130496K
  class space    used 12188K, committed 12480K, reserved 1048576K
}
Event: 14.280 GC heap after
{Heap after GC invocations=42 (full 0):
 garbage-first heap   total 210944K, used 114401K [0x0000000080000000, 0x0000000100000000)
  region size 1024K, 10 young (10240K), 10 survivors (10240K)
 Metaspace       used 88404K, committed 89152K, reserved 1130496K
  class space    used 12188K, committed 12480K, reserved 1048576K
}
Event: 14.291 GC heap before
{Heap before GC invocations=42 (full 0):
 garbage-first heap   total 210944K, used 115425K [0x0000000080000000, 0x0000000100000000)
  region size 1024K, 11 young (11264K), 10 survivors (10240K)
 Metaspace       used 88404K, committed 89152K, reserved 1130496K
  class space    used 12188K, committed 12480K, reserved 1048576K
}
Event: 14.300 GC heap after
{Heap after GC invocations=43 (full 0):
 garbage-first heap   total 210944K, used 115192K [0x0000000080000000, 0x0000000100000000)
  region size 1024K, 2 young (2048K), 2 survivors (2048K)
 Metaspace       used 88404K, committed 89152K, reserved 1130496K
  class space    used 12188K, committed 12480K, reserved 1048576K
}
Event: 14.905 GC heap before
{Heap before GC invocations=43 (full 0):
 garbage-first heap   total 210944K, used 167416K [0x0000000080000000, 0x0000000100000000)
  region size 1024K, 53 young (54272K), 2 survivors (2048K)
 Metaspace       used 90353K, committed 91008K, reserved 1130496K
  class space    used 12431K, committed 12736K, reserved 1048576K
}
Event: 14.920 GC heap after
{Heap after GC invocations=44 (full 0):
 garbage-first heap   total 210944K, used 119234K [0x0000000080000000, 0x0000000100000000)
  region size 1024K, 7 young (7168K), 7 survivors (7168K)
 Metaspace       used 90353K, committed 91008K, reserved 1130496K
  class space    used 12431K, committed 12736K, reserved 1048576K
}
Event: 15.727 GC heap before
{Heap before GC invocations=45 (full 0):
 garbage-first heap   total 210944K, used 172482K [0x0000000080000000, 0x0000000100000000)
  region size 1024K, 53 young (54272K), 7 survivors (7168K)
 Metaspace       used 95709K, committed 96448K, reserved 1138688K
  class space    used 13016K, committed 13312K, reserved 1048576K
}
Event: 15.735 GC heap after
{Heap after GC invocations=46 (full 0):
 garbage-first heap   total 210944K, used 131056K [0x0000000080000000, 0x0000000100000000)
  region size 1024K, 6 young (6144K), 6 survivors (6144K)
 Metaspace       used 95709K, committed 96448K, reserved 1138688K
  class space    used 13016K, committed 13312K, reserved 1048576K
}
Event: 15.796 GC heap before
{Heap before GC invocations=46 (full 0):
 garbage-first heap   total 210944K, used 134128K [0x0000000080000000, 0x0000000100000000)
  region size 1024K, 10 young (10240K), 6 survivors (6144K)
 Metaspace       used 96276K, committed 97024K, reserved 1138688K
  class space    used 13059K, committed 13376K, reserved 1048576K
}
Event: 15.801 GC heap after
{Heap after GC invocations=47 (full 0):
 garbage-first heap   total 210944K, used 131618K [0x0000000080000000, 0x0000000100000000)
  region size 1024K, 1 young (1024K), 1 survivors (1024K)
 Metaspace       used 96276K, committed 97024K, reserved 1138688K
  class space    used 13059K, committed 13376K, reserved 1048576K
}
Event: 16.639 GC heap before
{Heap before GC invocations=47 (full 0):
 garbage-first heap   total 210944K, used 171554K [0x0000000080000000, 0x0000000100000000)
  region size 1024K, 40 young (40960K), 1 survivors (1024K)
 Metaspace       used 101986K, committed 102656K, reserved 1138688K
  class space    used 13647K, committed 13952K, reserved 1048576K
}
Event: 16.644 GC heap after
{Heap after GC invocations=48 (full 0):
 garbage-first heap   total 210944K, used 133525K [0x0000000080000000, 0x0000000100000000)
  region size 1024K, 3 young (3072K), 3 survivors (3072K)
 Metaspace       used 101986K, committed 102656K, reserved 1138688K
  class space    used 13647K, committed 13952K, reserved 1048576K
}

Dll operation events (2 events):
Event: 0.011 Loaded shared library D:\android studio\jbr\bin\java.dll
Event: 0.680 Loaded shared library D:\android studio\jbr\bin\verify.dll

Deoptimization events (20 events):
Event: 16.552 Thread 0x000001f9665923a0 Uncommon trap: trap_request=0xffffffc6 fr.pc=0x000001f95621e5b4 relative=0x00000000000009b4
Event: 16.552 Thread 0x000001f9665923a0 Uncommon trap: reason=bimorphic_or_optimized_type_check action=maybe_recompile pc=0x000001f95621e5b4 method=org.jetbrains.kotlin.protobuf.CodedInputStream.tryRefillBuffer(I)Z @ 177 c2
Event: 16.552 Thread 0x000001f9665923a0 DEOPT PACKING pc=0x000001f95621e5b4 sp=0x000000f8ac1f4210
Event: 16.552 Thread 0x000001f9665923a0 DEOPT UNPACKING pc=0x000001f9558469a3 sp=0x000000f8ac1f4100 mode 2
Event: 16.555 Thread 0x000001f9665923a0 Uncommon trap: trap_request=0xffffffc6 fr.pc=0x000001f95621e5b4 relative=0x00000000000009b4
Event: 16.555 Thread 0x000001f9665923a0 Uncommon trap: reason=bimorphic_or_optimized_type_check action=maybe_recompile pc=0x000001f95621e5b4 method=org.jetbrains.kotlin.protobuf.CodedInputStream.tryRefillBuffer(I)Z @ 177 c2
Event: 16.555 Thread 0x000001f9665923a0 DEOPT PACKING pc=0x000001f95621e5b4 sp=0x000000f8ac1f4210
Event: 16.555 Thread 0x000001f9665923a0 DEOPT UNPACKING pc=0x000001f9558469a3 sp=0x000000f8ac1f4100 mode 2
Event: 16.564 Thread 0x000001f9665923a0 Uncommon trap: trap_request=0xffffff45 fr.pc=0x000001f95620641c relative=0x000000000000085c
Event: 16.564 Thread 0x000001f9665923a0 Uncommon trap: reason=unstable_if action=reinterpret pc=0x000001f95620641c method=org.jetbrains.org.objectweb.asm.ClassReader.readUtf(II[C)Ljava/lang/String; @ 41 c2
Event: 16.564 Thread 0x000001f9665923a0 DEOPT PACKING pc=0x000001f95620641c sp=0x000000f8ac1f3ad0
Event: 16.564 Thread 0x000001f9665923a0 DEOPT UNPACKING pc=0x000001f9558469a3 sp=0x000000f8ac1f39f8 mode 2
Event: 16.564 Thread 0x000001f9665923a0 Uncommon trap: trap_request=0xffffffc6 fr.pc=0x000001f95621fc74 relative=0x0000000000000614
Event: 16.564 Thread 0x000001f9665923a0 Uncommon trap: reason=bimorphic_or_optimized_type_check action=maybe_recompile pc=0x000001f95621fc74 method=org.jetbrains.kotlin.protobuf.CodedInputStream.tryRefillBuffer(I)Z @ 177 c2
Event: 16.564 Thread 0x000001f9665923a0 DEOPT PACKING pc=0x000001f95621fc74 sp=0x000000f8ac1f3d10
Event: 16.564 Thread 0x000001f9665923a0 DEOPT UNPACKING pc=0x000001f9558469a3 sp=0x000000f8ac1f3c58 mode 2
Event: 16.599 Thread 0x000001f9665923a0 Uncommon trap: trap_request=0xffffff45 fr.pc=0x000001f9561f9364 relative=0x0000000000000724
Event: 16.599 Thread 0x000001f9665923a0 Uncommon trap: reason=unstable_if action=reinterpret pc=0x000001f9561f9364 method=org.jetbrains.org.objectweb.asm.ClassReader.readUtf(II[C)Ljava/lang/String; @ 41 c2
Event: 16.599 Thread 0x000001f9665923a0 DEOPT PACKING pc=0x000001f9561f9364 sp=0x000000f8ac1f35e0
Event: 16.599 Thread 0x000001f9665923a0 DEOPT UNPACKING pc=0x000001f9558469a3 sp=0x000000f8ac1f35a8 mode 2

Classes unloaded (0 events):
No events

Classes redefined (0 events):
No events

Internal exceptions (20 events):
Event: 10.747 Thread 0x000001f9665923a0 Implicit null exception at 0x000001f955f94e0c to 0x000001f955f94f42
Event: 10.912 Thread 0x000001f9665923a0 Exception <a 'sun/nio/fs/WindowsException'{0x0000000087ba6d90}> (0x0000000087ba6d90) 
thrown [s\src\hotspot\share\prims\jni.cpp, line 517]
Event: 11.634 Thread 0x000001f9665923a0 Implicit null exception at 0x000001f95610e149 to 0x000001f95610e21c
Event: 12.582 Thread 0x000001f9665923a0 Exception <a 'java/lang/NoSuchMethodError'{0x000000008a347090}: 'void java.lang.invoke.DirectMethodHandle$Holder.invokeVirtual(java.lang.Object, java.lang.Object)'> (0x000000008a347090) 
thrown [s\src\hotspot\share\interpreter\linkResolver.cpp, line 771]
Event: 12.713 Thread 0x000001f9665923a0 Exception <a 'java/lang/NoSuchMethodError'{0x0000000089d9c5b0}: 'int java.lang.invoke.DelegatingMethodHandle$Holder.reinvoke_L(java.lang.Object, java.lang.Object, java.lang.Object, long, int, int)'> (0x0000000089d9c5b0) 
thrown [s\src\hotspot\share\interpreter\linkResolver.cpp, line 771]
Event: 12.715 Thread 0x000001f9665923a0 Exception <a 'java/lang/NoSuchMethodError'{0x0000000089dac398}: 'int java.lang.invoke.DelegatingMethodHandle$Holder.reinvoke_L(java.lang.Object, java.lang.Object, java.lang.Object, long, long, long)'> (0x0000000089dac398) 
thrown [s\src\hotspot\share\interpreter\linkResolver.cpp, line 771]
Event: 12.716 Thread 0x000001f9665923a0 Exception <a 'java/lang/NoSuchMethodError'{0x0000000089dbc488}: 'int java.lang.invoke.DelegatingMethodHandle$Holder.reinvoke_L(java.lang.Object, java.lang.Object, java.lang.Object, long, java.lang.Object, java.lang.Object)'> (0x0000000089dbc488) 
thrown [s\src\hotspot\share\interpreter\linkResolver.cpp, line 771]
Event: 12.717 Thread 0x000001f9665923a0 Exception <a 'java/lang/NoSuchMethodError'{0x0000000089dcc3c0}: 'void java.lang.invoke.DelegatingMethodHandle$Holder.reinvoke_L(java.lang.Object, java.lang.Object, java.lang.Object, long, java.lang.Object)'> (0x0000000089dcc3c0) 
thrown [s\src\hotspot\share\interpreter\linkResolver.cpp, line 771]
Event: 12.718 Thread 0x000001f9665923a0 Exception <a 'java/lang/NoSuchMethodError'{0x0000000089dd4cf0}: 'java.lang.Object java.lang.invoke.DirectMethodHandle$Holder.invokeSpecial(java.lang.Object, java.lang.Object, java.lang.Object, java.lang.Object, long)'> (0x0000000089dd4cf0) 
thrown [s\src\hotspot\share\interpreter\linkResolver.cpp, line 771]
Event: 12.722 Thread 0x000001f9665923a0 Exception <a 'java/lang/NoSuchMethodError'{0x0000000089df9c88}: 'long java.lang.invoke.Invokers$Holder.invoke_MT(java.lang.Object, java.lang.Object, java.lang.Object, java.lang.Object)'> (0x0000000089df9c88) 
thrown [s\src\hotspot\share\interpreter\linkResolver.cpp, line 771]
Event: 12.723 Thread 0x000001f9665923a0 Exception <a 'java/lang/NoSuchMethodError'{0x0000000089c03210}: 'int java.lang.invoke.Invokers$Holder.invoke_MT(java.lang.Object, java.lang.Object, java.lang.Object, java.lang.Object)'> (0x0000000089c03210) 
thrown [s\src\hotspot\share\interpreter\linkResolver.cpp, line 771]
Event: 12.726 Thread 0x000001f9665923a0 Exception <a 'java/lang/NoSuchMethodError'{0x0000000089c141c8}: 'int java.lang.invoke.DelegatingMethodHandle$Holder.reinvoke_L(java.lang.Object, java.lang.Object, java.lang.Object, long, int)'> (0x0000000089c141c8) 
thrown [s\src\hotspot\share\interpreter\linkResolver.cpp, line 771]
Event: 12.729 Thread 0x000001f9665923a0 Exception <a 'java/lang/NoSuchMethodError'{0x0000000089c277b8}: 'java.lang.Object java.lang.invoke.Invokers$Holder.invokeExact_MT(java.lang.Object, java.lang.Object, long, java.lang.Object)'> (0x0000000089c277b8) 
thrown [s\src\hotspot\share\interpreter\linkResolver.cpp, line 771]
Event: 12.982 Thread 0x000001f9665923a0 Exception <a 'java/lang/NoSuchMethodError'{0x0000000089148af8}: 'long java.lang.invoke.DirectMethodHandle$Holder.invokeStatic(java.lang.Object)'> (0x0000000089148af8) 
thrown [s\src\hotspot\share\interpreter\linkResolver.cpp, line 771]
Event: 12.982 Thread 0x000001f9665923a0 Exception <a 'java/lang/NoSuchMethodError'{0x000000008914d698}: 'long java.lang.invoke.DirectMethodHandle$Holder.invokeStaticInit(java.lang.Object)'> (0x000000008914d698) 
thrown [s\src\hotspot\share\interpreter\linkResolver.cpp, line 771]
Event: 14.007 Thread 0x000001f9665923a0 Exception <a 'java/lang/NoSuchMethodError'{0x000000008a0c4c00}: 'java.lang.Object java.lang.invoke.Invokers$Holder.invoke_MT(java.lang.Object, java.lang.Object, java.lang.Object)'> (0x000000008a0c4c00) 
thrown [s\src\hotspot\share\interpreter\linkResolver.cpp, line 771]
Event: 14.282 Thread 0x000001f9665923a0 Implicit null exception at 0x000001f9561cb3eb to 0x000001f9561cd524
Event: 14.304 Thread 0x000001f9665923a0 Implicit null exception at 0x000001f9561cf2d6 to 0x000001f9561d12f0
Event: 14.318 Thread 0x000001f9665923a0 Implicit null exception at 0x000001f9561c22a0 to 0x000001f9561c2325
Event: 14.736 Thread 0x000001f9665923a0 Implicit null exception at 0x000001f9561a6d93 to 0x000001f9561a6ed8

VM Operations (20 events):
Event: 15.796 Executing VM operation: G1CollectForAllocation
Event: 15.801 Executing VM operation: G1CollectForAllocation done
Event: 16.339 Executing VM operation: HandshakeAllThreads
Event: 16.340 Executing VM operation: HandshakeAllThreads done
Event: 16.406 Executing VM operation: HandshakeAllThreads
Event: 16.407 Executing VM operation: HandshakeAllThreads done
Event: 16.530 Executing VM operation: HandshakeAllThreads
Event: 16.530 Executing VM operation: HandshakeAllThreads done
Event: 16.545 Executing VM operation: HandshakeAllThreads
Event: 16.545 Executing VM operation: HandshakeAllThreads done
Event: 16.639 Executing VM operation: G1CollectForAllocation
Event: 16.644 Executing VM operation: G1CollectForAllocation done
Event: 16.757 Executing VM operation: G1Concurrent
Event: 16.761 Executing VM operation: G1Concurrent done
Event: 16.819 Executing VM operation: G1Concurrent
Event: 16.819 Executing VM operation: G1Concurrent done
Event: 16.838 Executing VM operation: HandshakeAllThreads
Event: 16.838 Executing VM operation: HandshakeAllThreads done
Event: 16.859 Executing VM operation: HandshakeAllThreads
Event: 16.859 Executing VM operation: HandshakeAllThreads done

Events (20 events):
Event: 16.871 Thread 0x000001f965895b80 flushing nmethod 0x000001f94ee22b90
Event: 16.871 Thread 0x000001f965895b80 flushing nmethod 0x000001f94ee27390
Event: 16.871 Thread 0x000001f965895b80 flushing nmethod 0x000001f94ee31e90
Event: 16.871 Thread 0x000001f965895b80 flushing nmethod 0x000001f94ee41e90
Event: 16.871 Thread 0x000001f965895b80 flushing nmethod 0x000001f94ee43190
Event: 16.871 Thread 0x000001f965895b80 flushing nmethod 0x000001f94ee45b90
Event: 16.872 Thread 0x000001f965895b80 flushing nmethod 0x000001f94ee83a90
Event: 16.872 Thread 0x000001f965895b80 flushing nmethod 0x000001f94eef5110
Event: 16.872 Thread 0x000001f965895b80 flushing nmethod 0x000001f94eef5b90
Event: 16.872 Thread 0x000001f965895b80 flushing nmethod 0x000001f94eef6290
Event: 16.872 Thread 0x000001f965895b80 flushing nmethod 0x000001f94eef6710
Event: 16.872 Thread 0x000001f965895b80 flushing nmethod 0x000001f94eef8010
Event: 16.872 Thread 0x000001f965895b80 flushing nmethod 0x000001f94eef8410
Event: 16.872 Thread 0x000001f965895b80 flushing nmethod 0x000001f94eef8b90
Event: 16.872 Thread 0x000001f965895b80 flushing nmethod 0x000001f94eeff210
Event: 16.872 Thread 0x000001f965895b80 flushing nmethod 0x000001f94ef00710
Event: 16.872 Thread 0x000001f965895b80 flushing nmethod 0x000001f94ef05410
Event: 16.872 Thread 0x000001f965895b80 flushing nmethod 0x000001f94ef06010
Event: 16.872 Thread 0x000001f965895b80 flushing nmethod 0x000001f94ef46310
Event: 16.872 Thread 0x000001f965895b80 flushing nmethod 0x000001f94ef73010


Dynamic libraries:
0x00007ff6907b0000 - 0x00007ff6907ba000 	D:\android studio\jbr\bin\java.exe
0x00007ffde6750000 - 0x00007ffde6967000 	C:\WINDOWS\SYSTEM32\ntdll.dll
0x00007ffde5820000 - 0x00007ffde58e4000 	C:\WINDOWS\System32\KERNEL32.DLL
0x00007ffde3c90000 - 0x00007ffde4036000 	C:\WINDOWS\System32\KERNELBASE.dll
0x00007ffde3ad0000 - 0x00007ffde3be1000 	C:\WINDOWS\System32\ucrtbase.dll
0x00007ffdcb750000 - 0x00007ffdcb767000 	D:\android studio\jbr\bin\jli.dll
0x00007ffddec50000 - 0x00007ffddec6b000 	D:\android studio\jbr\bin\VCRUNTIME140.dll
0x00007ffde60a0000 - 0x00007ffde624d000 	C:\WINDOWS\System32\USER32.dll
0x00007ffde3c60000 - 0x00007ffde3c86000 	C:\WINDOWS\System32\win32u.dll
0x00007ffde6250000 - 0x00007ffde6279000 	C:\WINDOWS\System32\GDI32.dll
0x00007ffdc8fc0000 - 0x00007ffdc9253000 	C:\WINDOWS\WinSxS\amd64_microsoft.windows.common-controls_6595b64144ccf1df_6.0.22621.2361_none_2712ced57382f843\COMCTL32.dll
0x00007ffde4390000 - 0x00007ffde44a8000 	C:\WINDOWS\System32\gdi32full.dll
0x00007ffde65a0000 - 0x00007ffde6647000 	C:\WINDOWS\System32\msvcrt.dll
0x00007ffde40c0000 - 0x00007ffde415a000 	C:\WINDOWS\System32\msvcp_win.dll
0x00007ffde6280000 - 0x00007ffde62b1000 	C:\WINDOWS\System32\IMM32.DLL
0x00007ffdcb710000 - 0x00007ffdcb71c000 	D:\android studio\jbr\bin\vcruntime140_1.dll
0x00007ffdb1c20000 - 0x00007ffdb1cad000 	D:\android studio\jbr\bin\msvcp140.dll
0x00007ffd45d90000 - 0x00007ffd469fe000 	D:\android studio\jbr\bin\server\jvm.dll
0x00007ffde62c0000 - 0x00007ffde6370000 	C:\WINDOWS\System32\ADVAPI32.dll
0x00007ffde44b0000 - 0x00007ffde4556000 	C:\WINDOWS\System32\sechost.dll
0x00007ffde6480000 - 0x00007ffde6597000 	C:\WINDOWS\System32\RPCRT4.dll
0x00007ffdc8750000 - 0x00007ffdc8759000 	C:\WINDOWS\SYSTEM32\WSOCK32.dll
0x00007ffddd120000 - 0x00007ffddd154000 	C:\WINDOWS\SYSTEM32\WINMM.dll
0x00007ffddd5b0000 - 0x00007ffddd5ba000 	C:\WINDOWS\SYSTEM32\VERSION.dll
0x00007ffde4cd0000 - 0x00007ffde4d41000 	C:\WINDOWS\System32\WS2_32.dll
0x00007ffde2b10000 - 0x00007ffde2b28000 	C:\WINDOWS\SYSTEM32\kernel.appcore.dll
0x00007ffddec40000 - 0x00007ffddec4a000 	D:\android studio\jbr\bin\jimage.dll
0x00007ffde1420000 - 0x00007ffde164e000 	C:\WINDOWS\SYSTEM32\DBGHELP.DLL
0x00007ffde4640000 - 0x00007ffde49ca000 	C:\WINDOWS\System32\combase.dll
0x00007ffde4560000 - 0x00007ffde4637000 	C:\WINDOWS\System32\OLEAUT32.dll
0x00007ffdc7c60000 - 0x00007ffdc7c92000 	C:\WINDOWS\SYSTEM32\dbgcore.DLL
0x00007ffde4040000 - 0x00007ffde40ba000 	C:\WINDOWS\System32\bcryptPrimitives.dll
0x00007ffdcc780000 - 0x00007ffdcc7a5000 	D:\android studio\jbr\bin\java.dll
0x00007ffdcddd0000 - 0x00007ffdcdde8000 	D:\android studio\jbr\bin\zip.dll
0x00007ffde4d50000 - 0x00007ffde55a8000 	C:\WINDOWS\System32\SHELL32.dll
0x00007ffde1a30000 - 0x00007ffde2322000 	C:\WINDOWS\SYSTEM32\windows.storage.dll
0x00007ffde18f0000 - 0x00007ffde1a2e000 	C:\WINDOWS\SYSTEM32\wintypes.dll
0x00007ffde4a80000 - 0x00007ffde4b73000 	C:\WINDOWS\System32\SHCORE.dll
0x00007ffde5df0000 - 0x00007ffde5e4e000 	C:\WINDOWS\System32\shlwapi.dll
0x00007ffde3a00000 - 0x00007ffde3a26000 	C:\WINDOWS\SYSTEM32\profapi.dll
0x00007ffdcdd40000 - 0x00007ffdcdd59000 	D:\android studio\jbr\bin\net.dll
0x00007ffddcfe0000 - 0x00007ffddd117000 	C:\WINDOWS\SYSTEM32\WINHTTP.dll
0x00007ffde2f90000 - 0x00007ffde2ff9000 	C:\WINDOWS\system32\mswsock.dll
0x00007ffdcc710000 - 0x00007ffdcc726000 	D:\android studio\jbr\bin\nio.dll
0x00007ffdde930000 - 0x00007ffdde940000 	D:\android studio\jbr\bin\verify.dll
0x00007ffdcb720000 - 0x00007ffdcb747000 	C:\Users\hachem safae\.gradle\native\68d5fa5c4cc2d200863cafc0d521ce42e7d3e7ee720ec0a83991735586a16f82\windows-amd64\native-platform.dll
0x00007ffda8770000 - 0x00007ffda88b4000 	C:\Users\hachem safae\.gradle\native\e376f236ea51e6404a007f0833ffe2c6e607c4080706a723a18a27aeea778392\windows-amd64\native-platform-file-events.dll
0x00007ffddd8c0000 - 0x00007ffddd8c9000 	D:\android studio\jbr\bin\management.dll
0x00007ffdcdd80000 - 0x00007ffdcdd8b000 	D:\android studio\jbr\bin\management_ext.dll
0x00007ffde6650000 - 0x00007ffde6658000 	C:\WINDOWS\System32\PSAPI.DLL
0x00007ffde31e0000 - 0x00007ffde31fb000 	C:\WINDOWS\SYSTEM32\CRYPTSP.dll
0x00007ffde2a70000 - 0x00007ffde2aa5000 	C:\WINDOWS\system32\rsaenh.dll
0x00007ffde3080000 - 0x00007ffde30ac000 	C:\WINDOWS\SYSTEM32\USERENV.dll
0x00007ffde33a0000 - 0x00007ffde33c8000 	C:\WINDOWS\SYSTEM32\bcrypt.dll
0x00007ffde3200000 - 0x00007ffde320c000 	C:\WINDOWS\SYSTEM32\CRYPTBASE.dll
0x00007ffde25d0000 - 0x00007ffde25fd000 	C:\WINDOWS\SYSTEM32\IPHLPAPI.DLL
0x00007ffde57f0000 - 0x00007ffde57f9000 	C:\WINDOWS\System32\NSI.dll
0x00007ffddcef0000 - 0x00007ffddcf09000 	C:\WINDOWS\SYSTEM32\dhcpcsvc6.DLL
0x00007ffddced0000 - 0x00007ffddceef000 	C:\WINDOWS\SYSTEM32\dhcpcsvc.DLL
0x00007ffde2600000 - 0x00007ffde26f9000 	C:\WINDOWS\SYSTEM32\DNSAPI.dll
0x00007ffdde210000 - 0x00007ffdde218000 	C:\WINDOWS\system32\wshunix.dll

dbghelp: loaded successfully - version: 4.0.5 - missing functions: none
symbol engine: initialized successfully - sym options: 0x614 - pdb path: .;D:\android studio\jbr\bin;C:\WINDOWS\SYSTEM32;C:\WINDOWS\WinSxS\amd64_microsoft.windows.common-controls_6595b64144ccf1df_6.0.22621.2361_none_2712ced57382f843;D:\android studio\jbr\bin\server;C:\Users\hachem safae\.gradle\native\68d5fa5c4cc2d200863cafc0d521ce42e7d3e7ee720ec0a83991735586a16f82\windows-amd64;C:\Users\hachem safae\.gradle\native\e376f236ea51e6404a007f0833ffe2c6e607c4080706a723a18a27aeea778392\windows-amd64

VM Arguments:
jvm_args: --add-opens=java.base/java.util=ALL-UNNAMED --add-opens=java.base/java.lang=ALL-UNNAMED --add-opens=java.base/java.lang.invoke=ALL-UNNAMED --add-opens=java.prefs/java.util.prefs=ALL-UNNAMED --add-opens=java.base/java.nio.charset=ALL-UNNAMED --add-opens=java.base/java.net=ALL-UNNAMED --add-opens=java.base/java.util.concurrent.atomic=ALL-UNNAMED -Xmx2048m -Dfile.encoding=UTF-8 -Duser.country=FR -Duser.language=fr -Duser.variant 
java_command: org.gradle.launcher.daemon.bootstrap.GradleDaemon 8.0
java_class_path (initial): C:\Users\hachem safae\.gradle\wrapper\dists\gradle-8.0-bin\ca5e32bp14vu59qr306oxotwh\gradle-8.0\lib\gradle-launcher-8.0.jar
Launcher Type: SUN_STANDARD

[Global flags]
     intx CICompilerCount                          = 4                                         {product} {ergonomic}
     uint ConcGCThreads                            = 2                                         {product} {ergonomic}
     uint G1ConcRefinementThreads                  = 8                                         {product} {ergonomic}
   size_t G1HeapRegionSize                         = 1048576                                   {product} {ergonomic}
    uintx GCDrainStackTargetSize                   = 64                                        {product} {ergonomic}
   size_t InitialHeapSize                          = 266338304                                 {product} {ergonomic}
   size_t MarkStackSize                            = 4194304                                   {product} {ergonomic}
   size_t MaxHeapSize                              = 2147483648                                {product} {command line}
   size_t MaxNewSize                               = 1287651328                                {product} {ergonomic}
   size_t MinHeapDeltaBytes                        = 1048576                                   {product} {ergonomic}
   size_t MinHeapSize                              = 8388608                                   {product} {ergonomic}
    uintx NonNMethodCodeHeapSize                   = 5839372                                {pd product} {ergonomic}
    uintx NonProfiledCodeHeapSize                  = 122909434                              {pd product} {ergonomic}
    uintx ProfiledCodeHeapSize                     = 122909434                              {pd product} {ergonomic}
    uintx ReservedCodeCacheSize                    = 251658240                              {pd product} {ergonomic}
     bool SegmentedCodeCache                       = true                                      {product} {ergonomic}
   size_t SoftMaxHeapSize                          = 2147483648                             {manageable} {ergonomic}
     bool UseCompressedClassPointers               = true                           {product lp64_product} {ergonomic}
     bool UseCompressedOops                        = true                           {product lp64_product} {ergonomic}
     bool UseG1GC                                  = true                                      {product} {ergonomic}
     bool UseLargePagesIndividualAllocation        = false                                  {pd product} {ergonomic}

Logging:
Log output configuration:
 #0: stdout all=warning uptime,level,tags
 #1: stderr all=off uptime,level,tags

Environment Variables:
JAVA_HOME=C:\Program Files\Java\jdk-17
PATH=C:\Program Files (x86)\Common Files\Oracle\Java\javapath;C:\Program Files (x86)\VMware\VMware Workstation\bin\;D:\oraclexe\app\oracle\product\11.2.0\server\bin;C:\Program Files\Common Files\Oracle\Java\javapath;C:\WINDOWS\system32;C:\WINDOWS;C:\WINDOWS\System32\Wbem;C:\WINDOWS\System32\WindowsPowerShell\v1.0\;C:\WINDOWS\System32\OpenSSH\;c:\Program Files (x86)\Microsoft SQL Server\100\Tools\Binn\;c:\Program Files\Microsoft SQL Server\100\Tools\Binn\;c:\Program Files\Microsoft SQL Server\100\DTS\Binn\;D:\java_jdk 8\bin;C:\Program Files\Java\jdk-17\bin;C:\Program Files\Java\jdk-11\bin;C:\Program Files\Java\jdk-19\bin;C:\Program Files\Common Files\Oracle\Java\javapath;C:\ProgramData\ComposerSetup\bin;D:\XAAMP\php\php.exe;D:\xamp\php;C:\Program Files\wkhtmltopdf\bin;D:\node;C:\Program Files\Git\cmd;C:\Program Files\nodejs\;C:\Program Files\MongoDB\Server\6.0\bin;D:\XAAMP\php;C:\Program Files\Java\apache-maven-3.9.5\bin;C:\Users\hachem safae\AppData\Local\Programs\Python\Python310\Scripts\;C:\Users\hachem safae\AppData\Local\Programs\Python\Python310\;C:\Program Files\MySQL\MySQL Shell 8.0\bin\;C:\Users\hachem safae\AppData\Local\Microsoft\WindowsApps;C:\Users\hachem safae\AppData\Roaming\Dashlane\6.2007.0.32704\bin\Firefox_Extension\{442718d9-475e-452a-b3e1-fb1ee16b8e9f}\components;C:\Users\hachem safae\AppData\Roaming\Dashlane\6.2007.0.32704\ucrt;C:\Users\hachem safae\AppData\Roaming\Dashlane\6.2007.0.32704\bin\Qt;C:\Users\hachem safae\AppData\Roaming\Dashlane\6.2007.0.32704\bin\Ssl;C:\Program Files\JetBrains\IntelliJ IDEA Community Edition 2020.2.2\bin;C:\Users\hachem safae\AppData\Local\Microsoft\WindowsApps;C:\Users\hachem safae\AppData\Local\Programs\Microsoft VS Code\bin;C:\Program Files\IntelliJ IDEA Community Edition 2022.3.2\bin;;C:\Users\hachem safae\AppData\Local\ComposerSetup\bin;C:\Users\hachem safae\AppData\Roaming\Composer\vendor\bin;C:\Users\hachem safae\AppData\Roaming\npm;D:\android2\platform-tools;D:\XAAMP\php;C:\wamp64\bin\php\php5.6.40;C:\;C:\Prog
USERNAME=hachem safae
OS=Windows_NT
PROCESSOR_IDENTIFIER=Intel64 Family 6 Model 142 Stepping 12, GenuineIntel
TMP=C:\Users\HACHEM~1\AppData\Local\Temp
TEMP=C:\Users\HACHEM~1\AppData\Local\Temp


JNI global refs:
JNI global refs: 25, weak refs: 0

JNI global refs memory usage: 843, weak refs: 841


---------------  S Y S T E M  ---------------

OS:
 Windows 11 , 64 bit Build 22621 (10.0.22621.2428)
OS uptime: 1 days 13:14 hours

CPU: total 8 (initial active 8) (4 cores per cpu, 2 threads per core) family 6 model 142 stepping 12 microcode 0xf6, cx8, cmov, fxsr, ht, mmx, 3dnowpref, sse, sse2, sse3, ssse3, sse4.1, sse4.2, popcnt, lzcnt, tsc, tscinvbit, avx, avx2, aes, erms, clmul, bmi1, bmi2, adx, fma, vzeroupper, clflush, clflushopt

Memory: 4k page, system-wide physical 16194M (3123M free)
TotalPageFile size 18242M (AvailPageFile size 7M)
current process WorkingSet (physical memory assigned to process): 481M, peak: 481M
current process commit charge ("private bytes"): 524M, peak: 525M

vm_info: OpenJDK 64-Bit Server VM (17.0.6+0-b2043.56-10027231) for windows-amd64 JRE (17.0.6+0-b2043.56-10027231), built on Apr 28 2023 00:43:19 by "androidbuild" with MS VC++ 16.10 / 16.11 (VS2019)

END.
