#
# There is insufficient memory for the Java Runtime Environment to continue.
# Native memory allocation (mmap) failed to map 91226112 bytes for G1 virtual space
# Possible reasons:
#   The system is out of physical RAM or swap space
#   The process is running with CompressedOops enabled, and the Java Heap may be blocking the growth of the native heap
# Possible solutions:
#   Reduce memory load on the system
#   Increase physical memory or swap space
#   Check if swap backing store is full
#   Decrease Java heap size (-Xmx/-Xms)
#   Decrease number of Java threads
#   Decrease Java thread stack sizes (-Xss)
#   Set larger code cache with -XX:ReservedCodeCacheSize=
#   JVM is running with Unscaled Compressed Oops mode in which the Java heap is
#     placed in the first 4GB address space. The Java Heap base address is the
#     maximum limit for the native heap growth. Please use -XX:HeapBaseMinAddress
#     to set the Java Heap base and to place the Java Heap above 4GB virtual address.
# This output file may be truncated or incomplete.
#
#  Out of Memory Error (os_windows.cpp:3769), pid=22380, tid=21484
#
# JRE version: OpenJDK Runtime Environment (17.0.6) (build 17.0.6+0-b2043.56-10027231)
# Java VM: OpenJDK 64-Bit Server VM (17.0.6+0-b2043.56-10027231, mixed mode, tiered, compressed oops, compressed class ptrs, g1 gc, windows-amd64)
# No core dump will be written. Minidumps are not enabled by default on client versions of Windows
#

---------------  S U M M A R Y ------------

Command Line: --add-opens=java.base/java.util=ALL-UNNAMED --add-opens=java.base/java.lang=ALL-UNNAMED --add-opens=java.base/java.lang.invoke=ALL-UNNAMED --add-opens=java.prefs/java.util.prefs=ALL-UNNAMED --add-opens=java.base/java.nio.charset=ALL-UNNAMED --add-opens=java.base/java.net=ALL-UNNAMED --add-opens=java.base/java.util.concurrent.atomic=ALL-UNNAMED -Xmx2048m -Dfile.encoding=UTF-8 -Duser.country=FR -Duser.language=fr -Duser.variant org.gradle.launcher.daemon.bootstrap.GradleDaemon 8.0

Host: Intel(R) Core(TM) i7-8565U CPU @ 1.80GHz, 8 cores, 15G,  Windows 11 , 64 bit Build 22621 (10.0.22621.2428)
Time: Sun Nov  5 08:21:01 2023 Maroc (heure d64 bit Build 22621 (10.0.22621.2428) elapsed time: 14.002932 seconds (0d 0h 0m 14s)

---------------  T H R E A D  ---------------

Current thread (0x0000021dc7838b00):  VMThread "VM Thread" [stack: 0x0000009548000000,0x0000009548100000] [id=21484]

Stack: [0x0000009548000000,0x0000009548100000]
Native frames: (J=compiled Java code, j=interpreted, Vv=VM code, C=native code)
V  [jvm.dll+0x683c9a]
V  [jvm.dll+0x8427a4]
V  [jvm.dll+0x843f9e]
V  [jvm.dll+0x844603]
V  [jvm.dll+0x249b75]
V  [jvm.dll+0x680b69]
V  [jvm.dll+0x67505a]
V  [jvm.dll+0x309acb]
V  [jvm.dll+0x310f86]
V  [jvm.dll+0x3608ee]
V  [jvm.dll+0x360b1f]
V  [jvm.dll+0x2dfbf8]
V  [jvm.dll+0x2ddec4]
V  [jvm.dll+0x2dd4cc]
V  [jvm.dll+0x322261]
V  [jvm.dll+0x848ccb]
V  [jvm.dll+0x849a04]
V  [jvm.dll+0x849f1d]
V  [jvm.dll+0x84a2f4]
V  [jvm.dll+0x84a3c0]
V  [jvm.dll+0x7f274a]
V  [jvm.dll+0x682ad5]
C  [ucrtbase.dll+0x29363]
C  [KERNEL32.DLL+0x1257d]
C  [ntdll.dll+0x5aa78]

VM_Operation (0x0000009549af4ab0): G1TryInitiateConcMark, mode: safepoint, requested by thread 0x0000021dc8852e20


---------------  P R O C E S S  ---------------

Threads class SMR info:
_java_thread_list=0x0000021dca7d8f50, length=125, elements={
0x0000021dacf4c960, 0x0000021dc785a250, 0x0000021dc785b0c0, 0x0000021dc7847630,
0x0000021dc78481e0, 0x0000021dc7888420, 0x0000021dc7888ce0, 0x0000021dc7891de0,
0x0000021dc7895d80, 0x0000021dc7898780, 0x0000021dc7a06900, 0x0000021dc7a071e0,
0x0000021dc90a91d0, 0x0000021dca2895f0, 0x0000021dc90d0f30, 0x0000021dca2476c0,
0x0000021dca583050, 0x0000021dc8852950, 0x0000021dc8852e20, 0x0000021dc8851610,
0x0000021dc8851140, 0x0000021dc884f930, 0x0000021dc884fe00, 0x0000021dc88502d0,
0x0000021dc8850c70, 0x0000021dc8851ae0, 0x0000021dc8851fb0, 0x0000021dc8852480,
0x0000021dc88532f0, 0x0000021dcc28f560, 0x0000021dcc28f090, 0x0000021dcc28e6f0,
0x0000021dcc290d70, 0x0000021dcc28ca10, 0x0000021dcc291be0, 0x0000021dcc292580,
0x0000021dcc2933f0, 0x0000021dcc28dd50, 0x0000021dcc28ebc0, 0x0000021dcc28fa30,
0x0000021dcc28e220, 0x0000021dcc28bba0, 0x0000021dcc2908a0, 0x0000021dcc28d3b0,
0x0000021dcdafdfc0, 0x0000021dcdafdaf0, 0x0000021dcdafe490, 0x0000021dcdb02cc0,
0x0000021dcdb049a0, 0x0000021dcdafee30, 0x0000021dcdb04000, 0x0000021dcdaff300,
0x0000021dcdb00fe0, 0x0000021dcdb00640, 0x0000021dcdaff7d0, 0x0000021dcdb044d0,
0x0000021dcdaffca0, 0x0000021dcdb03190, 0x0000021dcdb027f0, 0x0000021dcdb014b0,
0x0000021dcdb01980, 0x0000021dcdb03660, 0x0000021dcdb01e50, 0x0000021dcdafd620,
0x0000021dcdb02320, 0x0000021dcdb00170, 0x0000021dcdb00b10, 0x0000021dcdb03b30,
0x0000021dcdafd150, 0x0000021dc88507a0, 0x0000021dcd49d110, 0x0000021dcd49c2a0,
0x0000021dcd49e920, 0x0000021dcd49f2c0, 0x0000021dcd49e450, 0x0000021dcd49f790,
0x0000021dcd4a1e10, 0x0000021dcd4a2c80, 0x0000021dcd49fc60, 0x0000021dcd49bdd0,
0x0000021dcd4a1470, 0x0000021dcd4a0600, 0x0000021dcd49c770, 0x0000021dcd4a1940,
0x0000021dcd49d5e0, 0x0000021dcd49df80, 0x0000021dcd4a0ad0, 0x0000021dcd49dab0,
0x0000021dcd4a22e0, 0x0000021dcd4a3150, 0x0000021dcd4a0130, 0x0000021dcd49cc40,
0x0000021dcd4a0fa0, 0x0000021dcd49edf0, 0x0000021dcd4a27b0, 0x0000021dcd49b900,
0x0000021dcd6e5ef0, 0x0000021dcd6e7bd0, 0x0000021dcd6e2a00, 0x0000021dcd6e2ed0,
0x0000021dcd6e33a0, 0x0000021dcd6e7230, 0x0000021dcd6e7700, 0x0000021dcd6e3870,
0x0000021dcd6e3d40, 0x0000021dcd6e4210, 0x0000021dcd6e63c0, 0x0000021dcd6e1b90,
0x0000021dcd6e46e0, 0x0000021dcd6e80a0, 0x0000021dcd6e5a20, 0x0000021dcd6e4bb0,
0x0000021dcd6e5550, 0x0000021dcd6e0850, 0x0000021dcd6e6890, 0x0000021dcd6e5080,
0x0000021dcd6e0d20, 0x0000021dcd6e11f0, 0x0000021dcd6e6d60, 0x0000021dcd6e16c0,
0x0000021dcd6e2060, 0x0000021dcd6e2530, 0x0000021dcca4d310, 0x0000021dcca524e0,
0x0000021dcca4f990
}

Java Threads: ( => current thread )
  0x0000021dacf4c960 JavaThread "main" [_thread_blocked, id=19064, stack(0x0000009547a00000,0x0000009547b00000)]
  0x0000021dc785a250 JavaThread "Reference Handler" daemon [_thread_blocked, id=9016, stack(0x0000009548100000,0x0000009548200000)]
  0x0000021dc785b0c0 JavaThread "Finalizer" daemon [_thread_blocked, id=24544, stack(0x0000009548200000,0x0000009548300000)]
  0x0000021dc7847630 JavaThread "Signal Dispatcher" daemon [_thread_blocked, id=16628, stack(0x0000009548300000,0x0000009548400000)]
  0x0000021dc78481e0 JavaThread "Attach Listener" daemon [_thread_blocked, id=21028, stack(0x0000009548400000,0x0000009548500000)]
  0x0000021dc7888420 JavaThread "Service Thread" daemon [_thread_blocked, id=24364, stack(0x0000009548500000,0x0000009548600000)]
  0x0000021dc7888ce0 JavaThread "Monitor Deflation Thread" daemon [_thread_blocked, id=19544, stack(0x0000009548600000,0x0000009548700000)]
  0x0000021dc7891de0 JavaThread "C2 CompilerThread0" daemon [_thread_in_native, id=22508, stack(0x0000009548700000,0x0000009548800000)]
  0x0000021dc7895d80 JavaThread "C1 CompilerThread0" daemon [_thread_blocked, id=2988, stack(0x0000009548800000,0x0000009548900000)]
  0x0000021dc7898780 JavaThread "Sweeper thread" daemon [_thread_blocked, id=25728, stack(0x0000009548900000,0x0000009548a00000)]
  0x0000021dc7a06900 JavaThread "Common-Cleaner" daemon [_thread_blocked, id=25560, stack(0x0000009548a00000,0x0000009548b00000)]
  0x0000021dc7a071e0 JavaThread "Notification Thread" daemon [_thread_blocked, id=18904, stack(0x0000009548b00000,0x0000009548c00000)]
  0x0000021dc90a91d0 JavaThread "Daemon health stats" [_thread_blocked, id=6392, stack(0x0000009549400000,0x0000009549500000)]
  0x0000021dca2895f0 JavaThread "Incoming local TCP Connector on port 57433" [_thread_in_native, id=19060, stack(0x0000009549500000,0x0000009549600000)]
  0x0000021dc90d0f30 JavaThread "Daemon periodic checks" [_thread_blocked, id=23996, stack(0x0000009549600000,0x0000009549700000)]
  0x0000021dca2476c0 JavaThread "Daemon" [_thread_blocked, id=23124, stack(0x0000009549700000,0x0000009549800000)]
  0x0000021dca583050 JavaThread "Handler for socket connection from /127.0.0.1:57433 to /127.0.0.1:57434" [_thread_in_native, id=25892, stack(0x0000009549800000,0x0000009549900000)]
  0x0000021dc8852950 JavaThread "Cancel handler" [_thread_blocked, id=6764, stack(0x0000009549900000,0x0000009549a00000)]
  0x0000021dc8852e20 JavaThread "Daemon worker" [_thread_blocked, id=18404, stack(0x0000009549a00000,0x0000009549b00000)]
  0x0000021dc8851610 JavaThread "Asynchronous log dispatcher for DefaultDaemonConnection: socket connection from /127.0.0.1:57433 to /127.0.0.1:57434" [_thread_blocked, id=19280, stack(0x0000009549b00000,0x0000009549c00000)]
  0x0000021dc8851140 JavaThread "Stdin handler" [_thread_blocked, id=24184, stack(0x0000009549c00000,0x0000009549d00000)]
  0x0000021dc884f930 JavaThread "Daemon client event forwarder" [_thread_blocked, id=20312, stack(0x0000009549d00000,0x0000009549e00000)]
  0x0000021dc884fe00 JavaThread "Cache worker for journal cache (C:\Users\hachem safae\.gradle\caches\journal-1)" [_thread_blocked, id=21476, stack(0x0000009548d00000,0x0000009548e00000)]
  0x0000021dc88502d0 JavaThread "File lock request listener" [_thread_in_native, id=25080, stack(0x0000009548e00000,0x0000009548f00000)]
  0x0000021dc8850c70 JavaThread "Cache worker for file hash cache (C:\Users\hachem safae\.gradle\caches\8.0\fileHashes)" [_thread_blocked, id=8148, stack(0x000000954a200000,0x000000954a300000)]
  0x0000021dc8851ae0 JavaThread "File watcher server" daemon [_thread_in_native, id=25236, stack(0x000000954a300000,0x000000954a400000)]
  0x0000021dc8851fb0 JavaThread "File watcher consumer" daemon [_thread_blocked, id=6120, stack(0x000000954a400000,0x000000954a500000)]
  0x0000021dc8852480 JavaThread "jar transforms" [_thread_blocked, id=24984, stack(0x000000954a500000,0x000000954a600000)]
  0x0000021dc88532f0 JavaThread "jar transforms Thread 2" [_thread_blocked, id=17016, stack(0x000000954a600000,0x000000954a700000)]
  0x0000021dcc28f560 JavaThread "jar transforms Thread 3" [_thread_blocked, id=25912, stack(0x000000954a700000,0x000000954a800000)]
  0x0000021dcc28f090 JavaThread "jar transforms Thread 4" [_thread_blocked, id=23548, stack(0x000000954a800000,0x000000954a900000)]
  0x0000021dcc28e6f0 JavaThread "jar transforms Thread 5" [_thread_blocked, id=25528, stack(0x000000954a900000,0x000000954aa00000)]
  0x0000021dcc290d70 JavaThread "jar transforms Thread 6" [_thread_blocked, id=18764, stack(0x000000954aa00000,0x000000954ab00000)]
  0x0000021dcc28ca10 JavaThread "jar transforms Thread 7" [_thread_blocked, id=10064, stack(0x000000954ab00000,0x000000954ac00000)]
  0x0000021dcc291be0 JavaThread "jar transforms Thread 8" [_thread_blocked, id=1624, stack(0x000000954ac00000,0x000000954ad00000)]
  0x0000021dcc292580 JavaThread "Cache worker for checksums cache (D:\App_Android studio\projet_inscription\.gradle\8.0\checksums)" [_thread_blocked, id=24420, stack(0x000000954ae00000,0x000000954af00000)]
  0x0000021dcc2933f0 JavaThread "Cache worker for cache directory md-rule (C:\Users\hachem safae\.gradle\caches\8.0\md-rule)" [_thread_blocked, id=19856, stack(0x000000954af00000,0x000000954b000000)]
  0x0000021dcc28dd50 JavaThread "Cache worker for file content cache (C:\Users\hachem safae\.gradle\caches\8.0\fileContent)" [_thread_blocked, id=1528, stack(0x000000954b000000,0x000000954b100000)]
  0x0000021dcc28ebc0 JavaThread "Cache worker for file hash cache (D:\App_Android studio\projet_inscription\.gradle\8.0\fileHashes)" [_thread_blocked, id=19888, stack(0x000000954b100000,0x000000954b200000)]
  0x0000021dcc28fa30 JavaThread "Cache worker for cache directory md-supplier (C:\Users\hachem safae\.gradle\caches\8.0\md-supplier)" [_thread_blocked, id=24696, stack(0x000000954b200000,0x000000954b300000)]
  0x0000021dcc28e220 JavaThread "Cache worker for execution history cache (C:\Users\hachem safae\.gradle\caches\8.0\executionHistory)" [_thread_blocked, id=21172, stack(0x000000954b300000,0x000000954b400000)]
  0x0000021dcc28bba0 JavaThread "Cache worker for kotlin-dsl (C:\Users\hachem safae\.gradle\caches\8.0\kotlin-dsl)" [_thread_blocked, id=1376, stack(0x000000954b400000,0x000000954b500000)]
  0x0000021dcc2908a0 JavaThread "Cache worker for dependencies-accessors (D:\App_Android studio\projet_inscription\.gradle\8.0\dependencies-accessors)" [_thread_blocked, id=22868, stack(0x000000954b500000,0x000000954b600000)]
  0x0000021dcc28d3b0 JavaThread "Cache worker for Build Output Cleanup Cache (D:\App_Android studio\projet_inscription\.gradle\buildOutputCleanup)" [_thread_blocked, id=8096, stack(0x000000954b600000,0x000000954b700000)]
  0x0000021dcdafdfc0 JavaThread "Unconstrained build operations" [_thread_blocked, id=8004, stack(0x000000954b700000,0x000000954b800000)]
  0x0000021dcdafdaf0 JavaThread "Unconstrained build operations Thread 2" [_thread_blocked, id=3660, stack(0x000000954b800000,0x000000954b900000)]
  0x0000021dcdafe490 JavaThread "Unconstrained build operations Thread 3" [_thread_blocked, id=21236, stack(0x000000954b900000,0x000000954ba00000)]
  0x0000021dcdb02cc0 JavaThread "Unconstrained build operations Thread 4" [_thread_blocked, id=17588, stack(0x000000954ba00000,0x000000954bb00000)]
  0x0000021dcdb049a0 JavaThread "Unconstrained build operations Thread 5" [_thread_blocked, id=9756, stack(0x000000954bb00000,0x000000954bc00000)]
  0x0000021dcdafee30 JavaThread "Unconstrained build operations Thread 6" [_thread_blocked, id=13484, stack(0x000000954bc00000,0x000000954bd00000)]
  0x0000021dcdb04000 JavaThread "Unconstrained build operations Thread 7" [_thread_blocked, id=25372, stack(0x000000954bd00000,0x000000954be00000)]
  0x0000021dcdaff300 JavaThread "Unconstrained build operations Thread 8" [_thread_blocked, id=26352, stack(0x000000954be00000,0x000000954bf00000)]
  0x0000021dcdb00fe0 JavaThread "Unconstrained build operations Thread 9" [_thread_blocked, id=7516, stack(0x000000954bf00000,0x000000954c000000)]
  0x0000021dcdb00640 JavaThread "Unconstrained build operations Thread 10" [_thread_blocked, id=24120, stack(0x000000954c000000,0x000000954c100000)]
  0x0000021dcdaff7d0 JavaThread "Unconstrained build operations Thread 11" [_thread_blocked, id=21512, stack(0x000000954c100000,0x000000954c200000)]
  0x0000021dcdb044d0 JavaThread "Unconstrained build operations Thread 12" [_thread_blocked, id=22716, stack(0x000000954c200000,0x000000954c300000)]
  0x0000021dcdaffca0 JavaThread "Unconstrained build operations Thread 13" [_thread_blocked, id=19068, stack(0x000000954c300000,0x000000954c400000)]
  0x0000021dcdb03190 JavaThread "Unconstrained build operations Thread 14" [_thread_blocked, id=19108, stack(0x000000954c400000,0x000000954c500000)]
  0x0000021dcdb027f0 JavaThread "Unconstrained build operations Thread 15" [_thread_blocked, id=1144, stack(0x000000954c500000,0x000000954c600000)]
  0x0000021dcdb014b0 JavaThread "Unconstrained build operations Thread 16" [_thread_blocked, id=4092, stack(0x000000954c600000,0x000000954c700000)]
  0x0000021dcdb01980 JavaThread "Unconstrained build operations Thread 17" [_thread_blocked, id=21928, stack(0x000000954c700000,0x000000954c800000)]
  0x0000021dcdb03660 JavaThread "Unconstrained build operations Thread 18" [_thread_blocked, id=24820, stack(0x000000954c800000,0x000000954c900000)]
  0x0000021dcdb01e50 JavaThread "Unconstrained build operations Thread 19" [_thread_blocked, id=11608, stack(0x000000954c900000,0x000000954ca00000)]
  0x0000021dcdafd620 JavaThread "Unconstrained build operations Thread 20" [_thread_blocked, id=24016, stack(0x000000954ca00000,0x000000954cb00000)]
  0x0000021dcdb02320 JavaThread "Unconstrained build operations Thread 21" [_thread_blocked, id=25940, stack(0x000000954cb00000,0x000000954cc00000)]
  0x0000021dcdb00170 JavaThread "Unconstrained build operations Thread 22" [_thread_blocked, id=2068, stack(0x000000954cc00000,0x000000954cd00000)]
  0x0000021dcdb00b10 JavaThread "Unconstrained build operations Thread 23" [_thread_blocked, id=17896, stack(0x000000954cd00000,0x000000954ce00000)]
  0x0000021dcdb03b30 JavaThread "Unconstrained build operations Thread 24" [_thread_blocked, id=20536, stack(0x000000954ce00000,0x000000954cf00000)]
  0x0000021dcdafd150 JavaThread "Unconstrained build operations Thread 25" [_thread_blocked, id=23628, stack(0x000000954cf00000,0x000000954d000000)]
  0x0000021dc88507a0 JavaThread "Unconstrained build operations Thread 26" [_thread_blocked, id=26444, stack(0x000000954d000000,0x000000954d100000)]
  0x0000021dcd49d110 JavaThread "Unconstrained build operations Thread 27" [_thread_blocked, id=23576, stack(0x000000954d100000,0x000000954d200000)]
  0x0000021dcd49c2a0 JavaThread "Unconstrained build operations Thread 28" [_thread_blocked, id=3784, stack(0x000000954d200000,0x000000954d300000)]
  0x0000021dcd49e920 JavaThread "Unconstrained build operations Thread 29" [_thread_blocked, id=19212, stack(0x000000954d300000,0x000000954d400000)]
  0x0000021dcd49f2c0 JavaThread "Unconstrained build operations Thread 30" [_thread_blocked, id=25692, stack(0x000000954d400000,0x000000954d500000)]
  0x0000021dcd49e450 JavaThread "Unconstrained build operations Thread 31" [_thread_blocked, id=24452, stack(0x000000954d500000,0x000000954d600000)]
  0x0000021dcd49f790 JavaThread "Unconstrained build operations Thread 32" [_thread_blocked, id=26004, stack(0x000000954d600000,0x000000954d700000)]
  0x0000021dcd4a1e10 JavaThread "Unconstrained build operations Thread 33" [_thread_blocked, id=23624, stack(0x000000954d700000,0x000000954d800000)]
  0x0000021dcd4a2c80 JavaThread "Unconstrained build operations Thread 34" [_thread_blocked, id=19932, stack(0x000000954d800000,0x000000954d900000)]
  0x0000021dcd49fc60 JavaThread "Unconstrained build operations Thread 35" [_thread_blocked, id=18312, stack(0x000000954d900000,0x000000954da00000)]
  0x0000021dcd49bdd0 JavaThread "Unconstrained build operations Thread 36" [_thread_blocked, id=25588, stack(0x000000954da00000,0x000000954db00000)]
  0x0000021dcd4a1470 JavaThread "Unconstrained build operations Thread 37" [_thread_blocked, id=22372, stack(0x000000954db00000,0x000000954dc00000)]
  0x0000021dcd4a0600 JavaThread "Unconstrained build operations Thread 38" [_thread_blocked, id=23860, stack(0x000000954dc00000,0x000000954dd00000)]
  0x0000021dcd49c770 JavaThread "Unconstrained build operations Thread 39" [_thread_blocked, id=8388, stack(0x000000954dd00000,0x000000954de00000)]
  0x0000021dcd4a1940 JavaThread "Unconstrained build operations Thread 40" [_thread_blocked, id=23676, stack(0x000000954de00000,0x000000954df00000)]
  0x0000021dcd49d5e0 JavaThread "Unconstrained build operations Thread 41" [_thread_blocked, id=18752, stack(0x000000954df00000,0x000000954e000000)]
  0x0000021dcd49df80 JavaThread "Unconstrained build operations Thread 42" [_thread_blocked, id=12492, stack(0x000000954e000000,0x000000954e100000)]
  0x0000021dcd4a0ad0 JavaThread "Unconstrained build operations Thread 43" [_thread_blocked, id=18876, stack(0x000000954e100000,0x000000954e200000)]
  0x0000021dcd49dab0 JavaThread "Unconstrained build operations Thread 44" [_thread_blocked, id=25852, stack(0x000000954e200000,0x000000954e300000)]
  0x0000021dcd4a22e0 JavaThread "Unconstrained build operations Thread 45" [_thread_blocked, id=10360, stack(0x000000954e300000,0x000000954e400000)]
  0x0000021dcd4a3150 JavaThread "Unconstrained build operations Thread 46" [_thread_blocked, id=24656, stack(0x000000954e400000,0x000000954e500000)]
  0x0000021dcd4a0130 JavaThread "Unconstrained build operations Thread 47" [_thread_blocked, id=20472, stack(0x000000954e500000,0x000000954e600000)]
  0x0000021dcd49cc40 JavaThread "Unconstrained build operations Thread 48" [_thread_blocked, id=19168, stack(0x000000954e600000,0x000000954e700000)]
  0x0000021dcd4a0fa0 JavaThread "Unconstrained build operations Thread 49" [_thread_blocked, id=21952, stack(0x000000954e700000,0x000000954e800000)]
  0x0000021dcd49edf0 JavaThread "Unconstrained build operations Thread 50" [_thread_blocked, id=8500, stack(0x000000954e800000,0x000000954e900000)]
  0x0000021dcd4a27b0 JavaThread "Unconstrained build operations Thread 51" [_thread_blocked, id=23472, stack(0x000000954e900000,0x000000954ea00000)]
  0x0000021dcd49b900 JavaThread "Unconstrained build operations Thread 52" [_thread_blocked, id=10336, stack(0x000000954ea00000,0x000000954eb00000)]
  0x0000021dcd6e5ef0 JavaThread "Unconstrained build operations Thread 53" [_thread_blocked, id=14408, stack(0x000000954eb00000,0x000000954ec00000)]
  0x0000021dcd6e7bd0 JavaThread "Unconstrained build operations Thread 54" [_thread_blocked, id=25196, stack(0x000000954ec00000,0x000000954ed00000)]
  0x0000021dcd6e2a00 JavaThread "Unconstrained build operations Thread 55" [_thread_blocked, id=24300, stack(0x000000954ed00000,0x000000954ee00000)]
  0x0000021dcd6e2ed0 JavaThread "Unconstrained build operations Thread 56" [_thread_blocked, id=19764, stack(0x000000954ee00000,0x000000954ef00000)]
  0x0000021dcd6e33a0 JavaThread "Unconstrained build operations Thread 57" [_thread_blocked, id=19812, stack(0x000000954ef00000,0x000000954f000000)]
  0x0000021dcd6e7230 JavaThread "Unconstrained build operations Thread 58" [_thread_blocked, id=3832, stack(0x000000954f000000,0x000000954f100000)]
  0x0000021dcd6e7700 JavaThread "Unconstrained build operations Thread 59" [_thread_blocked, id=4236, stack(0x000000954f100000,0x000000954f200000)]
  0x0000021dcd6e3870 JavaThread "Unconstrained build operations Thread 60" [_thread_blocked, id=26484, stack(0x000000954f200000,0x000000954f300000)]
  0x0000021dcd6e3d40 JavaThread "Unconstrained build operations Thread 61" [_thread_blocked, id=15252, stack(0x000000954f300000,0x000000954f400000)]
  0x0000021dcd6e4210 JavaThread "Unconstrained build operations Thread 62" [_thread_blocked, id=23868, stack(0x000000954f400000,0x000000954f500000)]
  0x0000021dcd6e63c0 JavaThread "Unconstrained build operations Thread 63" [_thread_blocked, id=16528, stack(0x000000954f500000,0x000000954f600000)]
  0x0000021dcd6e1b90 JavaThread "Unconstrained build operations Thread 64" [_thread_blocked, id=1148, stack(0x000000954f600000,0x000000954f700000)]
  0x0000021dcd6e46e0 JavaThread "Unconstrained build operations Thread 65" [_thread_blocked, id=10952, stack(0x000000954f700000,0x000000954f800000)]
  0x0000021dcd6e80a0 JavaThread "Unconstrained build operations Thread 66" [_thread_blocked, id=23056, stack(0x000000954f800000,0x000000954f900000)]
  0x0000021dcd6e5a20 JavaThread "Unconstrained build operations Thread 67" [_thread_blocked, id=25104, stack(0x000000954f900000,0x000000954fa00000)]
  0x0000021dcd6e4bb0 JavaThread "Unconstrained build operations Thread 68" [_thread_blocked, id=17812, stack(0x000000954fa00000,0x000000954fb00000)]
  0x0000021dcd6e5550 JavaThread "Unconstrained build operations Thread 69" [_thread_blocked, id=19772, stack(0x000000954fb00000,0x000000954fc00000)]
  0x0000021dcd6e0850 JavaThread "Unconstrained build operations Thread 70" [_thread_blocked, id=24048, stack(0x000000954fc00000,0x000000954fd00000)]
  0x0000021dcd6e6890 JavaThread "Unconstrained build operations Thread 71" [_thread_blocked, id=10416, stack(0x000000954fd00000,0x000000954fe00000)]
  0x0000021dcd6e5080 JavaThread "Unconstrained build operations Thread 72" [_thread_blocked, id=24224, stack(0x000000954fe00000,0x000000954ff00000)]
  0x0000021dcd6e0d20 JavaThread "Unconstrained build operations Thread 73" [_thread_blocked, id=17636, stack(0x000000954ff00000,0x0000009550000000)]
  0x0000021dcd6e11f0 JavaThread "Unconstrained build operations Thread 74" [_thread_blocked, id=23036, stack(0x0000009550000000,0x0000009550100000)]
  0x0000021dcd6e6d60 JavaThread "Unconstrained build operations Thread 75" [_thread_blocked, id=11760, stack(0x0000009550100000,0x0000009550200000)]
  0x0000021dcd6e16c0 JavaThread "Unconstrained build operations Thread 76" [_thread_blocked, id=19820, stack(0x0000009550200000,0x0000009550300000)]
  0x0000021dcd6e2060 JavaThread "Unconstrained build operations Thread 77" [_thread_blocked, id=1320, stack(0x0000009550300000,0x0000009550400000)]
  0x0000021dcd6e2530 JavaThread "Unconstrained build operations Thread 78" [_thread_blocked, id=3176, stack(0x0000009550400000,0x0000009550500000)]
  0x0000021dcca4d310 JavaThread "Unconstrained build operations Thread 79" [_thread_blocked, id=5732, stack(0x0000009550500000,0x0000009550600000)]
  0x0000021dcca524e0 JavaThread "Unconstrained build operations Thread 80" [_thread_blocked, id=25808, stack(0x0000009550600000,0x0000009550700000)]
  0x0000021dcca4f990 JavaThread "Memory manager" [_thread_blocked, id=22392, stack(0x0000009550700000,0x0000009550800000)]

Other Threads:
=>0x0000021dc7838b00 VMThread "VM Thread" [stack: 0x0000009548000000,0x0000009548100000] [id=21484]
  0x0000021dacfc0b70 WatcherThread [stack: 0x0000009548c00000,0x0000009548d00000] [id=17780]
  0x0000021dacfa8a20 GCTaskThread "GC Thread#0" [stack: 0x0000009547b00000,0x0000009547c00000] [id=22996]
  0x0000021dc8b96980 GCTaskThread "GC Thread#1" [stack: 0x0000009548f00000,0x0000009549000000] [id=26188]
  0x0000021dc83fead0 GCTaskThread "GC Thread#2" [stack: 0x0000009549000000,0x0000009549100000] [id=20012]
  0x0000021dc888d160 GCTaskThread "GC Thread#3" [stack: 0x0000009549100000,0x0000009549200000] [id=1688]
  0x0000021dc8220460 GCTaskThread "GC Thread#4" [stack: 0x0000009549200000,0x0000009549300000] [id=4612]
  0x0000021dc8220710 GCTaskThread "GC Thread#5" [stack: 0x0000009549300000,0x0000009549400000] [id=24148]
  0x0000021dc9c75b60 GCTaskThread "GC Thread#6" [stack: 0x0000009549e00000,0x0000009549f00000] [id=26316]
  0x0000021dca7fb020 GCTaskThread "GC Thread#7" [stack: 0x0000009549f00000,0x000000954a000000] [id=24916]
  0x0000021dacfb9960 ConcurrentGCThread "G1 Main Marker" [stack: 0x0000009547c00000,0x0000009547d00000] [id=24212]
  0x0000021dacfba370 ConcurrentGCThread "G1 Conc#0" [stack: 0x0000009547d00000,0x0000009547e00000] [id=24652]
  0x0000021dc9c74860 ConcurrentGCThread "G1 Conc#1" [stack: 0x000000954a000000,0x000000954a100000] [id=24012]
  0x0000021dad00e1b0 ConcurrentGCThread "G1 Refine#0" [stack: 0x0000009547e00000,0x0000009547f00000] [id=26480]
  0x0000021dad00ebd0 ConcurrentGCThread "G1 Service" [stack: 0x0000009547f00000,0x0000009548000000] [id=20236]

Threads with active compile tasks:
C2 CompilerThread0    14029 7621       4       java.net.URLClassLoader$1::run (5 bytes)

VM state: at safepoint (normal execution)

VM Mutex/Monitor currently owned by a thread:  ([mutex/lock_event])
[0x0000021dacf48520] Threads_lock - owner thread: 0x0000021dc7838b00
[0x0000021dacf480a0] Heap_lock - owner thread: 0x0000021dc8852e20

Heap address: 0x0000000080000000, size: 2048 MB, Compressed Oops mode: 32-bit

CDS archive(s) not mapped
Compressed class space mapped at: 0x0000000100000000-0x0000000140000000, reserved size: 1073741824
Narrow klass base: 0x0000000000000000, Narrow klass shift: 3, Narrow klass range: 0x140000000

GC Precious Log:
 CPUs: 8 total, 8 available
 Memory: 16194M
 Large Page Support: Disabled
 NUMA Support: Disabled
 Compressed Oops: Enabled (32-bit)
 Heap Region Size: 1M
 Heap Min Capacity: 8M
 Heap Initial Capacity: 254M
 Heap Max Capacity: 2G
 Pre-touch: Disabled
 Parallel Workers: 8
 Concurrent Workers: 2
 Concurrent Refinement Workers: 8
 Periodic GC: Disabled

Heap:
 garbage-first heap   total 260096K, used 98948K [0x0000000080000000, 0x0000000100000000)
  region size 1024K, 1 young (1024K), 1 survivors (1024K)
 Metaspace       used 88169K, committed 88832K, reserved 1130496K
  class space    used 12185K, committed 12480K, reserved 1048576K

Heap Regions: E=young(eden), S=young(survivor), O=old, HS=humongous(starts), HC=humongous(continues), CS=collection set, F=free, OA=open archive, CA=closed archive, TAMS=top-at-mark-start (previous, next)
|   0|0x0000000080000000, 0x0000000080100000, 0x0000000080100000|100%|HS|  |TAMS 0x0000000080100000, 0x0000000080100000| Complete 
|   1|0x0000000080100000, 0x0000000080200000, 0x0000000080200000|100%|HC|  |TAMS 0x0000000080200000, 0x0000000080200000| Complete 
|   2|0x0000000080200000, 0x0000000080300000, 0x0000000080300000|100%|HC|  |TAMS 0x0000000080300000, 0x0000000080300000| Complete 
|   3|0x0000000080300000, 0x0000000080400000, 0x0000000080400000|100%|HC|  |TAMS 0x0000000080400000, 0x0000000080400000| Complete 
|   4|0x0000000080400000, 0x0000000080500000, 0x0000000080500000|100%| O|  |TAMS 0x0000000080500000, 0x0000000080500000| Untracked 
|   5|0x0000000080500000, 0x0000000080600000, 0x0000000080600000|100%| O|  |TAMS 0x0000000080600000, 0x0000000080600000| Untracked 
|   6|0x0000000080600000, 0x0000000080700000, 0x0000000080700000|100%| O|  |TAMS 0x0000000080700000, 0x0000000080700000| Untracked 
|   7|0x0000000080700000, 0x0000000080800000, 0x0000000080800000|100%| O|  |TAMS 0x0000000080800000, 0x0000000080800000| Untracked 
|   8|0x0000000080800000, 0x0000000080900000, 0x0000000080900000|100%| O|  |TAMS 0x0000000080900000, 0x0000000080900000| Untracked 
|   9|0x0000000080900000, 0x0000000080a00000, 0x0000000080a00000|100%| O|  |TAMS 0x0000000080a00000, 0x0000000080a00000| Untracked 
|  10|0x0000000080a00000, 0x0000000080b00000, 0x0000000080b00000|100%| O|  |TAMS 0x0000000080b00000, 0x0000000080b00000| Untracked 
|  11|0x0000000080b00000, 0x0000000080c00000, 0x0000000080c00000|100%| O|  |TAMS 0x0000000080c00000, 0x0000000080c00000| Untracked 
|  12|0x0000000080c00000, 0x0000000080d00000, 0x0000000080d00000|100%| O|  |TAMS 0x0000000080d00000, 0x0000000080d00000| Untracked 
|  13|0x0000000080d00000, 0x0000000080e00000, 0x0000000080e00000|100%| O|  |TAMS 0x0000000080e00000, 0x0000000080e00000| Untracked 
|  14|0x0000000080e00000, 0x0000000080f00000, 0x0000000080f00000|100%| O|  |TAMS 0x0000000080f00000, 0x0000000080f00000| Untracked 
|  15|0x0000000080f00000, 0x0000000081000000, 0x0000000081000000|100%| O|  |TAMS 0x0000000081000000, 0x0000000081000000| Untracked 
|  16|0x0000000081000000, 0x0000000081100000, 0x0000000081100000|100%| O|  |TAMS 0x0000000081100000, 0x0000000081100000| Untracked 
|  17|0x0000000081100000, 0x0000000081200000, 0x0000000081200000|100%| O|  |TAMS 0x0000000081200000, 0x0000000081200000| Untracked 
|  18|0x0000000081200000, 0x0000000081300000, 0x0000000081300000|100%| O|  |TAMS 0x0000000081300000, 0x0000000081300000| Untracked 
|  19|0x0000000081300000, 0x0000000081400000, 0x0000000081400000|100%| O|  |TAMS 0x0000000081400000, 0x0000000081400000| Untracked 
|  20|0x0000000081400000, 0x0000000081500000, 0x0000000081500000|100%| O|  |TAMS 0x0000000081500000, 0x0000000081500000| Untracked 
|  21|0x0000000081500000, 0x0000000081600000, 0x0000000081600000|100%|HS|  |TAMS 0x0000000081600000, 0x0000000081600000| Complete 
|  22|0x0000000081600000, 0x0000000081700000, 0x0000000081700000|100%|HC|  |TAMS 0x0000000081700000, 0x0000000081700000| Complete 
|  23|0x0000000081700000, 0x0000000081800000, 0x0000000081800000|100%|HS|  |TAMS 0x0000000081800000, 0x0000000081800000| Complete 
|  24|0x0000000081800000, 0x0000000081900000, 0x0000000081900000|100%|HC|  |TAMS 0x0000000081900000, 0x0000000081900000| Complete 
|  25|0x0000000081900000, 0x0000000081a00000, 0x0000000081a00000|100%|HC|  |TAMS 0x0000000081a00000, 0x0000000081a00000| Complete 
|  26|0x0000000081a00000, 0x0000000081b00000, 0x0000000081b00000|100%|HS|  |TAMS 0x0000000081b00000, 0x0000000081b00000| Complete 
|  27|0x0000000081b00000, 0x0000000081c00000, 0x0000000081c00000|100%|HC|  |TAMS 0x0000000081c00000, 0x0000000081c00000| Complete 
|  28|0x0000000081c00000, 0x0000000081d00000, 0x0000000081d00000|100%|HC|  |TAMS 0x0000000081d00000, 0x0000000081d00000| Complete 
|  29|0x0000000081d00000, 0x0000000081e00000, 0x0000000081e00000|100%| O|  |TAMS 0x0000000081e00000, 0x0000000081e00000| Untracked 
|  30|0x0000000081e00000, 0x0000000081f00000, 0x0000000081f00000|100%| O|  |TAMS 0x0000000081f00000, 0x0000000081f00000| Untracked 
|  31|0x0000000081f00000, 0x0000000081f00000, 0x0000000082000000|  0%| F|  |TAMS 0x0000000081f00000, 0x0000000081f00000| Untracked 
|  32|0x0000000082000000, 0x0000000082100000, 0x0000000082100000|100%|HS|  |TAMS 0x0000000082100000, 0x0000000082100000| Complete 
|  33|0x0000000082100000, 0x0000000082200000, 0x0000000082200000|100%|HC|  |TAMS 0x0000000082200000, 0x0000000082200000| Complete 
|  34|0x0000000082200000, 0x0000000082300000, 0x0000000082300000|100%| O|  |TAMS 0x0000000082300000, 0x0000000082300000| Untracked 
|  35|0x0000000082300000, 0x0000000082400000, 0x0000000082400000|100%| O|  |TAMS 0x0000000082400000, 0x0000000082400000| Untracked 
|  36|0x0000000082400000, 0x0000000082500000, 0x0000000082500000|100%| O|  |TAMS 0x0000000082500000, 0x0000000082500000| Untracked 
|  37|0x0000000082500000, 0x0000000082600000, 0x0000000082600000|100%| O|  |TAMS 0x0000000082600000, 0x0000000082600000| Untracked 
|  38|0x0000000082600000, 0x0000000082700000, 0x0000000082700000|100%| O|  |TAMS 0x0000000082700000, 0x0000000082700000| Untracked 
|  39|0x0000000082700000, 0x0000000082800000, 0x0000000082800000|100%| O|  |TAMS 0x0000000082800000, 0x0000000082800000| Untracked 
|  40|0x0000000082800000, 0x0000000082900000, 0x0000000082900000|100%| O|  |TAMS 0x0000000082900000, 0x0000000082900000| Untracked 
|  41|0x0000000082900000, 0x0000000082a00000, 0x0000000082a00000|100%|HS|  |TAMS 0x0000000082a00000, 0x0000000082a00000| Complete 
|  42|0x0000000082a00000, 0x0000000082b00000, 0x0000000082b00000|100%|HC|  |TAMS 0x0000000082b00000, 0x0000000082b00000| Complete 
|  43|0x0000000082b00000, 0x0000000082c00000, 0x0000000082c00000|100%|HC|  |TAMS 0x0000000082c00000, 0x0000000082c00000| Complete 
|  44|0x0000000082c00000, 0x0000000082d00000, 0x0000000082d00000|100%|HS|  |TAMS 0x0000000082d00000, 0x0000000082d00000| Complete 
|  45|0x0000000082d00000, 0x0000000082e00000, 0x0000000082e00000|100%|HC|  |TAMS 0x0000000082e00000, 0x0000000082e00000| Complete 
|  46|0x0000000082e00000, 0x0000000082f00000, 0x0000000082f00000|100%|HC|  |TAMS 0x0000000082f00000, 0x0000000082f00000| Complete 
|  47|0x0000000082f00000, 0x0000000083000000, 0x0000000083000000|100%|HC|  |TAMS 0x0000000083000000, 0x0000000083000000| Complete 
|  48|0x0000000083000000, 0x0000000083100000, 0x0000000083100000|100%|HC|  |TAMS 0x0000000083100000, 0x0000000083100000| Complete 
|  49|0x0000000083100000, 0x0000000083200000, 0x0000000083200000|100%|HC|  |TAMS 0x0000000083200000, 0x0000000083200000| Complete 
|  50|0x0000000083200000, 0x0000000083300000, 0x0000000083300000|100%|HC|  |TAMS 0x0000000083300000, 0x0000000083300000| Complete 
|  51|0x0000000083300000, 0x0000000083400000, 0x0000000083400000|100%|HC|  |TAMS 0x0000000083400000, 0x0000000083400000| Complete 
|  52|0x0000000083400000, 0x0000000083500000, 0x0000000083500000|100%|HC|  |TAMS 0x0000000083500000, 0x0000000083500000| Complete 
|  53|0x0000000083500000, 0x0000000083600000, 0x0000000083600000|100%|HC|  |TAMS 0x0000000083600000, 0x0000000083600000| Complete 
|  54|0x0000000083600000, 0x0000000083700000, 0x0000000083700000|100%|HC|  |TAMS 0x0000000083700000, 0x0000000083700000| Complete 
|  55|0x0000000083700000, 0x0000000083800000, 0x0000000083800000|100%|HC|  |TAMS 0x0000000083800000, 0x0000000083800000| Complete 
|  56|0x0000000083800000, 0x0000000083900000, 0x0000000083900000|100%| O|  |TAMS 0x0000000083900000, 0x0000000083900000| Untracked 
|  57|0x0000000083900000, 0x0000000083a00000, 0x0000000083a00000|100%| O|  |TAMS 0x0000000083a00000, 0x0000000083a00000| Untracked 
|  58|0x0000000083a00000, 0x0000000083b00000, 0x0000000083b00000|100%|HS|  |TAMS 0x0000000083b00000, 0x0000000083b00000| Complete 
|  59|0x0000000083b00000, 0x0000000083c00000, 0x0000000083c00000|100%|HC|  |TAMS 0x0000000083c00000, 0x0000000083c00000| Complete 
|  60|0x0000000083c00000, 0x0000000083d00000, 0x0000000083d00000|100%|HC|  |TAMS 0x0000000083d00000, 0x0000000083d00000| Complete 
|  61|0x0000000083d00000, 0x0000000083e00000, 0x0000000083e00000|100%| O|  |TAMS 0x0000000083e00000, 0x0000000083e00000| Untracked 
|  62|0x0000000083e00000, 0x0000000083f00000, 0x0000000083f00000|100%| O|  |TAMS 0x0000000083f00000, 0x0000000083f00000| Untracked 
|  63|0x0000000083f00000, 0x0000000084000000, 0x0000000084000000|100%| O|  |TAMS 0x0000000084000000, 0x0000000084000000| Untracked 
|  64|0x0000000084000000, 0x0000000084100000, 0x0000000084100000|100%| O|  |TAMS 0x0000000084100000, 0x0000000084100000| Untracked 
|  65|0x0000000084100000, 0x0000000084200000, 0x0000000084200000|100%| O|  |TAMS 0x0000000084200000, 0x0000000084200000| Untracked 
|  66|0x0000000084200000, 0x0000000084300000, 0x0000000084300000|100%| O|  |TAMS 0x0000000084300000, 0x0000000084300000| Untracked 
|  67|0x0000000084300000, 0x0000000084400000, 0x0000000084400000|100%| O|  |TAMS 0x0000000084400000, 0x0000000084400000| Untracked 
|  68|0x0000000084400000, 0x0000000084500000, 0x0000000084500000|100%| O|  |TAMS 0x0000000084500000, 0x0000000084500000| Untracked 
|  69|0x0000000084500000, 0x0000000084600000, 0x0000000084600000|100%|HS|  |TAMS 0x0000000084600000, 0x0000000084600000| Complete 
|  70|0x0000000084600000, 0x0000000084700000, 0x0000000084700000|100%|HS|  |TAMS 0x0000000084700000, 0x0000000084700000| Complete 
|  71|0x0000000084700000, 0x0000000084800000, 0x0000000084800000|100%|HS|  |TAMS 0x0000000084800000, 0x0000000084800000| Complete 
|  72|0x0000000084800000, 0x0000000084900000, 0x0000000084900000|100%| O|  |TAMS 0x0000000084900000, 0x0000000084900000| Untracked 
|  73|0x0000000084900000, 0x0000000084a00000, 0x0000000084a00000|100%| O|  |TAMS 0x0000000084a00000, 0x0000000084a00000| Untracked 
|  74|0x0000000084a00000, 0x0000000084b00000, 0x0000000084b00000|100%| O|  |TAMS 0x0000000084b00000, 0x0000000084b00000| Untracked 
|  75|0x0000000084b00000, 0x0000000084c00000, 0x0000000084c00000|100%| O|  |TAMS 0x0000000084c00000, 0x0000000084c00000| Untracked 
|  76|0x0000000084c00000, 0x0000000084d00000, 0x0000000084d00000|100%| O|  |TAMS 0x0000000084d00000, 0x0000000084d00000| Untracked 
|  77|0x0000000084d00000, 0x0000000084e00000, 0x0000000084e00000|100%| O|  |TAMS 0x0000000084e00000, 0x0000000084e00000| Untracked 
|  78|0x0000000084e00000, 0x0000000084f00000, 0x0000000084f00000|100%| O|  |TAMS 0x0000000084f00000, 0x0000000084f00000| Untracked 
|  79|0x0000000084f00000, 0x0000000085000000, 0x0000000085000000|100%| O|  |TAMS 0x0000000085000000, 0x0000000085000000| Untracked 
|  80|0x0000000085000000, 0x0000000085100000, 0x0000000085100000|100%| O|  |TAMS 0x0000000085100000, 0x0000000085100000| Untracked 
|  81|0x0000000085100000, 0x0000000085200000, 0x0000000085200000|100%| O|  |TAMS 0x0000000085100000, 0x0000000085200000| Untracked 
|  82|0x0000000085200000, 0x0000000085300000, 0x0000000085300000|100%| O|  |TAMS 0x0000000085300000, 0x0000000085300000| Untracked 
|  83|0x0000000085300000, 0x0000000085400000, 0x0000000085400000|100%| O|  |TAMS 0x0000000085400000, 0x0000000085400000| Untracked 
|  84|0x0000000085400000, 0x0000000085500000, 0x0000000085500000|100%| O|  |TAMS 0x0000000085500000, 0x0000000085500000| Untracked 
|  85|0x0000000085500000, 0x0000000085600000, 0x0000000085600000|100%| O|  |TAMS 0x0000000085600000, 0x0000000085600000| Untracked 
|  86|0x0000000085600000, 0x0000000085700000, 0x0000000085700000|100%| O|  |TAMS 0x0000000085700000, 0x0000000085700000| Untracked 
|  87|0x0000000085700000, 0x0000000085800000, 0x0000000085800000|100%| O|  |TAMS 0x0000000085800000, 0x0000000085800000| Untracked 
|  88|0x0000000085800000, 0x0000000085900000, 0x0000000085900000|100%| O|  |TAMS 0x0000000085900000, 0x0000000085900000| Untracked 
|  89|0x0000000085900000, 0x0000000085a00000, 0x0000000085a00000|100%| O|  |TAMS 0x0000000085a00000, 0x0000000085a00000| Untracked 
|  90|0x0000000085a00000, 0x0000000085b00000, 0x0000000085b00000|100%| O|  |TAMS 0x0000000085b00000, 0x0000000085b00000| Untracked 
|  91|0x0000000085b00000, 0x0000000085c00000, 0x0000000085c00000|100%| O|  |TAMS 0x0000000085c00000, 0x0000000085c00000| Untracked 
|  92|0x0000000085c00000, 0x0000000085d00000, 0x0000000085d00000|100%| O|  |TAMS 0x0000000085c3be00, 0x0000000085d00000| Untracked 
|  93|0x0000000085d00000, 0x0000000085e00000, 0x0000000085e00000|100%|HS|  |TAMS 0x0000000085d00000, 0x0000000085e00000| Complete 
|  94|0x0000000085e00000, 0x0000000085f00000, 0x0000000085f00000|100%|HC|  |TAMS 0x0000000085e00000, 0x0000000085f00000| Complete 
|  95|0x0000000085f00000, 0x0000000086000000, 0x0000000086000000|100%|HC|  |TAMS 0x0000000085f00000, 0x0000000086000000| Complete 
|  96|0x0000000086000000, 0x0000000086100000, 0x0000000086100000|100%|HC|  |TAMS 0x0000000086000000, 0x0000000086100000| Complete 
|  97|0x0000000086100000, 0x0000000086126800, 0x0000000086200000| 15%| O|  |TAMS 0x0000000086100000, 0x0000000086126800| Untracked 
|  98|0x0000000086200000, 0x0000000086200000, 0x0000000086300000|  0%| F|  |TAMS 0x0000000086200000, 0x0000000086200000| Untracked 
|  99|0x0000000086300000, 0x0000000086300000, 0x0000000086400000|  0%| F|  |TAMS 0x0000000086300000, 0x0000000086300000| Untracked 
| 100|0x0000000086400000, 0x0000000086400000, 0x0000000086500000|  0%| F|  |TAMS 0x0000000086400000, 0x0000000086400000| Untracked 
| 101|0x0000000086500000, 0x0000000086500000, 0x0000000086600000|  0%| F|  |TAMS 0x0000000086500000, 0x0000000086500000| Untracked 
| 102|0x0000000086600000, 0x0000000086600000, 0x0000000086700000|  0%| F|  |TAMS 0x0000000086600000, 0x0000000086600000| Untracked 
| 103|0x0000000086700000, 0x0000000086700000, 0x0000000086800000|  0%| F|  |TAMS 0x0000000086700000, 0x0000000086700000| Untracked 
| 104|0x0000000086800000, 0x0000000086800000, 0x0000000086900000|  0%| F|  |TAMS 0x0000000086800000, 0x0000000086800000| Untracked 
| 105|0x0000000086900000, 0x0000000086900000, 0x0000000086a00000|  0%| F|  |TAMS 0x0000000086900000, 0x0000000086900000| Untracked 
| 106|0x0000000086a00000, 0x0000000086a00000, 0x0000000086b00000|  0%| F|  |TAMS 0x0000000086a00000, 0x0000000086a00000| Untracked 
| 107|0x0000000086b00000, 0x0000000086b00000, 0x0000000086c00000|  0%| F|  |TAMS 0x0000000086b00000, 0x0000000086b00000| Untracked 
| 108|0x0000000086c00000, 0x0000000086c00000, 0x0000000086d00000|  0%| F|  |TAMS 0x0000000086c00000, 0x0000000086c00000| Untracked 
| 109|0x0000000086d00000, 0x0000000086d00000, 0x0000000086e00000|  0%| F|  |TAMS 0x0000000086d00000, 0x0000000086d00000| Untracked 
| 110|0x0000000086e00000, 0x0000000086e00000, 0x0000000086f00000|  0%| F|  |TAMS 0x0000000086e00000, 0x0000000086e00000| Untracked 
| 111|0x0000000086f00000, 0x0000000086f00000, 0x0000000087000000|  0%| F|  |TAMS 0x0000000086f00000, 0x0000000086f00000| Untracked 
| 112|0x0000000087000000, 0x0000000087000000, 0x0000000087100000|  0%| F|  |TAMS 0x0000000087000000, 0x0000000087000000| Untracked 
| 113|0x0000000087100000, 0x0000000087100000, 0x0000000087200000|  0%| F|  |TAMS 0x0000000087100000, 0x0000000087100000| Untracked 
| 114|0x0000000087200000, 0x0000000087200000, 0x0000000087300000|  0%| F|  |TAMS 0x0000000087200000, 0x0000000087200000| Untracked 
| 115|0x0000000087300000, 0x0000000087300000, 0x0000000087400000|  0%| F|  |TAMS 0x0000000087300000, 0x0000000087300000| Untracked 
| 116|0x0000000087400000, 0x0000000087400000, 0x0000000087500000|  0%| F|  |TAMS 0x0000000087400000, 0x0000000087400000| Untracked 
| 117|0x0000000087500000, 0x0000000087500000, 0x0000000087600000|  0%| F|  |TAMS 0x0000000087500000, 0x0000000087500000| Untracked 
| 118|0x0000000087600000, 0x0000000087600000, 0x0000000087700000|  0%| F|  |TAMS 0x0000000087600000, 0x0000000087600000| Untracked 
| 119|0x0000000087700000, 0x0000000087700000, 0x0000000087800000|  0%| F|  |TAMS 0x0000000087700000, 0x0000000087700000| Untracked 
| 120|0x0000000087800000, 0x0000000087800000, 0x0000000087900000|  0%| F|  |TAMS 0x0000000087800000, 0x0000000087800000| Untracked 
| 121|0x0000000087900000, 0x0000000087900000, 0x0000000087a00000|  0%| F|  |TAMS 0x0000000087900000, 0x0000000087900000| Untracked 
| 122|0x0000000087a00000, 0x0000000087a00000, 0x0000000087b00000|  0%| F|  |TAMS 0x0000000087a00000, 0x0000000087a00000| Untracked 
| 123|0x0000000087b00000, 0x0000000087b00000, 0x0000000087c00000|  0%| F|  |TAMS 0x0000000087b00000, 0x0000000087b00000| Untracked 
| 124|0x0000000087c00000, 0x0000000087c00000, 0x0000000087d00000|  0%| F|  |TAMS 0x0000000087c00000, 0x0000000087c00000| Untracked 
| 125|0x0000000087d00000, 0x0000000087d00000, 0x0000000087e00000|  0%| F|  |TAMS 0x0000000087d00000, 0x0000000087d00000| Untracked 
| 126|0x0000000087e00000, 0x0000000087e00000, 0x0000000087f00000|  0%| F|  |TAMS 0x0000000087e00000, 0x0000000087e00000| Untracked 
| 127|0x0000000087f00000, 0x0000000087f00000, 0x0000000088000000|  0%| F|  |TAMS 0x0000000087f00000, 0x0000000087f00000| Untracked 
| 128|0x0000000088000000, 0x0000000088000000, 0x0000000088100000|  0%| F|  |TAMS 0x0000000088000000, 0x0000000088000000| Untracked 
| 129|0x0000000088100000, 0x0000000088100000, 0x0000000088200000|  0%| F|  |TAMS 0x0000000088100000, 0x0000000088100000| Untracked 
| 130|0x0000000088200000, 0x0000000088200000, 0x0000000088300000|  0%| F|  |TAMS 0x0000000088200000, 0x0000000088200000| Untracked 
| 131|0x0000000088300000, 0x0000000088300000, 0x0000000088400000|  0%| F|  |TAMS 0x0000000088300000, 0x0000000088300000| Untracked 
| 132|0x0000000088400000, 0x0000000088400000, 0x0000000088500000|  0%| F|  |TAMS 0x0000000088400000, 0x0000000088400000| Untracked 
| 133|0x0000000088500000, 0x0000000088500000, 0x0000000088600000|  0%| F|  |TAMS 0x0000000088500000, 0x0000000088500000| Untracked 
| 134|0x0000000088600000, 0x0000000088600000, 0x0000000088700000|  0%| F|  |TAMS 0x0000000088600000, 0x0000000088600000| Untracked 
| 135|0x0000000088700000, 0x0000000088700000, 0x0000000088800000|  0%| F|  |TAMS 0x0000000088700000, 0x0000000088700000| Untracked 
| 136|0x0000000088800000, 0x0000000088800000, 0x0000000088900000|  0%| F|  |TAMS 0x0000000088800000, 0x0000000088800000| Untracked 
| 137|0x0000000088900000, 0x0000000088900000, 0x0000000088a00000|  0%| F|  |TAMS 0x0000000088900000, 0x0000000088900000| Untracked 
| 138|0x0000000088a00000, 0x0000000088a00000, 0x0000000088b00000|  0%| F|  |TAMS 0x0000000088a00000, 0x0000000088a00000| Untracked 
| 139|0x0000000088b00000, 0x0000000088b00000, 0x0000000088c00000|  0%| F|  |TAMS 0x0000000088b00000, 0x0000000088b00000| Untracked 
| 140|0x0000000088c00000, 0x0000000088c00000, 0x0000000088d00000|  0%| F|  |TAMS 0x0000000088c00000, 0x0000000088c00000| Untracked 
| 141|0x0000000088d00000, 0x0000000088d00000, 0x0000000088e00000|  0%| F|  |TAMS 0x0000000088d00000, 0x0000000088d00000| Untracked 
| 142|0x0000000088e00000, 0x0000000088e00000, 0x0000000088f00000|  0%| F|  |TAMS 0x0000000088e00000, 0x0000000088e00000| Untracked 
| 143|0x0000000088f00000, 0x0000000088f00000, 0x0000000089000000|  0%| F|  |TAMS 0x0000000088f00000, 0x0000000088f00000| Untracked 
| 144|0x0000000089000000, 0x0000000089000000, 0x0000000089100000|  0%| F|  |TAMS 0x0000000089000000, 0x0000000089000000| Untracked 
| 145|0x0000000089100000, 0x0000000089100000, 0x0000000089200000|  0%| F|  |TAMS 0x0000000089100000, 0x0000000089100000| Untracked 
| 146|0x0000000089200000, 0x0000000089200000, 0x0000000089300000|  0%| F|  |TAMS 0x0000000089200000, 0x0000000089200000| Untracked 
| 147|0x0000000089300000, 0x0000000089300000, 0x0000000089400000|  0%| F|  |TAMS 0x0000000089300000, 0x0000000089300000| Untracked 
| 148|0x0000000089400000, 0x0000000089400000, 0x0000000089500000|  0%| F|  |TAMS 0x0000000089400000, 0x0000000089400000| Untracked 
| 149|0x0000000089500000, 0x0000000089500000, 0x0000000089600000|  0%| F|  |TAMS 0x0000000089500000, 0x0000000089500000| Untracked 
| 150|0x0000000089600000, 0x0000000089600000, 0x0000000089700000|  0%| F|  |TAMS 0x0000000089600000, 0x0000000089600000| Untracked 
| 151|0x0000000089700000, 0x0000000089700000, 0x0000000089800000|  0%| F|  |TAMS 0x0000000089700000, 0x0000000089700000| Untracked 
| 152|0x0000000089800000, 0x0000000089800000, 0x0000000089900000|  0%| F|  |TAMS 0x0000000089800000, 0x0000000089800000| Untracked 
| 153|0x0000000089900000, 0x0000000089900000, 0x0000000089a00000|  0%| F|  |TAMS 0x0000000089900000, 0x0000000089900000| Untracked 
| 154|0x0000000089a00000, 0x0000000089a00000, 0x0000000089b00000|  0%| F|  |TAMS 0x0000000089a00000, 0x0000000089a00000| Untracked 
| 155|0x0000000089b00000, 0x0000000089b00000, 0x0000000089c00000|  0%| F|  |TAMS 0x0000000089b00000, 0x0000000089b00000| Untracked 
| 156|0x0000000089c00000, 0x0000000089c00000, 0x0000000089d00000|  0%| F|  |TAMS 0x0000000089c00000, 0x0000000089c00000| Untracked 
| 157|0x0000000089d00000, 0x0000000089d00000, 0x0000000089e00000|  0%| F|  |TAMS 0x0000000089d00000, 0x0000000089d00000| Untracked 
| 158|0x0000000089e00000, 0x0000000089e00000, 0x0000000089f00000|  0%| F|  |TAMS 0x0000000089e00000, 0x0000000089e00000| Untracked 
| 159|0x0000000089f00000, 0x0000000089f00000, 0x000000008a000000|  0%| F|  |TAMS 0x0000000089f00000, 0x0000000089f00000| Untracked 
| 160|0x000000008a000000, 0x000000008a000000, 0x000000008a100000|  0%| F|  |TAMS 0x000000008a000000, 0x000000008a000000| Untracked 
| 161|0x000000008a100000, 0x000000008a100000, 0x000000008a200000|  0%| F|  |TAMS 0x000000008a100000, 0x000000008a100000| Untracked 
| 162|0x000000008a200000, 0x000000008a200000, 0x000000008a300000|  0%| F|  |TAMS 0x000000008a200000, 0x000000008a200000| Untracked 
| 163|0x000000008a300000, 0x000000008a300000, 0x000000008a400000|  0%| F|  |TAMS 0x000000008a300000, 0x000000008a300000| Untracked 
| 164|0x000000008a400000, 0x000000008a400000, 0x000000008a500000|  0%| F|  |TAMS 0x000000008a400000, 0x000000008a400000| Untracked 
| 165|0x000000008a500000, 0x000000008a500000, 0x000000008a600000|  0%| F|  |TAMS 0x000000008a500000, 0x000000008a500000| Untracked 
| 166|0x000000008a600000, 0x000000008a600000, 0x000000008a700000|  0%| F|  |TAMS 0x000000008a600000, 0x000000008a600000| Untracked 
| 167|0x000000008a700000, 0x000000008a700000, 0x000000008a800000|  0%| F|  |TAMS 0x000000008a700000, 0x000000008a700000| Untracked 
| 168|0x000000008a800000, 0x000000008a800000, 0x000000008a900000|  0%| F|  |TAMS 0x000000008a800000, 0x000000008a800000| Untracked 
| 169|0x000000008a900000, 0x000000008a900000, 0x000000008aa00000|  0%| F|  |TAMS 0x000000008a900000, 0x000000008a900000| Untracked 
| 170|0x000000008aa00000, 0x000000008aa00000, 0x000000008ab00000|  0%| F|  |TAMS 0x000000008aa00000, 0x000000008aa00000| Untracked 
| 171|0x000000008ab00000, 0x000000008ab00000, 0x000000008ac00000|  0%| F|  |TAMS 0x000000008ab00000, 0x000000008ab00000| Untracked 
| 172|0x000000008ac00000, 0x000000008ac00000, 0x000000008ad00000|  0%| F|  |TAMS 0x000000008ac00000, 0x000000008ac00000| Untracked 
| 173|0x000000008ad00000, 0x000000008ad00000, 0x000000008ae00000|  0%| F|  |TAMS 0x000000008ad00000, 0x000000008ad00000| Untracked 
| 174|0x000000008ae00000, 0x000000008ae00000, 0x000000008af00000|  0%| F|  |TAMS 0x000000008ae00000, 0x000000008ae00000| Untracked 
| 175|0x000000008af00000, 0x000000008af00000, 0x000000008b000000|  0%| F|  |TAMS 0x000000008af00000, 0x000000008af00000| Untracked 
| 176|0x000000008b000000, 0x000000008b000000, 0x000000008b100000|  0%| F|  |TAMS 0x000000008b000000, 0x000000008b000000| Untracked 
| 177|0x000000008b100000, 0x000000008b100000, 0x000000008b200000|  0%| F|  |TAMS 0x000000008b100000, 0x000000008b100000| Untracked 
| 178|0x000000008b200000, 0x000000008b200000, 0x000000008b300000|  0%| F|  |TAMS 0x000000008b200000, 0x000000008b200000| Untracked 
| 179|0x000000008b300000, 0x000000008b300000, 0x000000008b400000|  0%| F|  |TAMS 0x000000008b300000, 0x000000008b300000| Untracked 
| 180|0x000000008b400000, 0x000000008b400000, 0x000000008b500000|  0%| F|  |TAMS 0x000000008b400000, 0x000000008b400000| Untracked 
| 181|0x000000008b500000, 0x000000008b500000, 0x000000008b600000|  0%| F|  |TAMS 0x000000008b500000, 0x000000008b500000| Untracked 
| 182|0x000000008b600000, 0x000000008b600000, 0x000000008b700000|  0%| F|  |TAMS 0x000000008b600000, 0x000000008b600000| Untracked 
| 183|0x000000008b700000, 0x000000008b700000, 0x000000008b800000|  0%| F|  |TAMS 0x000000008b700000, 0x000000008b700000| Untracked 
| 184|0x000000008b800000, 0x000000008b800000, 0x000000008b900000|  0%| F|  |TAMS 0x000000008b800000, 0x000000008b800000| Untracked 
| 185|0x000000008b900000, 0x000000008b900000, 0x000000008ba00000|  0%| F|  |TAMS 0x000000008b900000, 0x000000008b900000| Untracked 
| 186|0x000000008ba00000, 0x000000008ba00000, 0x000000008bb00000|  0%| F|  |TAMS 0x000000008ba00000, 0x000000008ba00000| Untracked 
| 187|0x000000008bb00000, 0x000000008bb00000, 0x000000008bc00000|  0%| F|  |TAMS 0x000000008bb00000, 0x000000008bb00000| Untracked 
| 188|0x000000008bc00000, 0x000000008bc00000, 0x000000008bd00000|  0%| F|  |TAMS 0x000000008bc00000, 0x000000008bc00000| Untracked 
| 189|0x000000008bd00000, 0x000000008bd00000, 0x000000008be00000|  0%| F|  |TAMS 0x000000008bd00000, 0x000000008bd00000| Untracked 
| 190|0x000000008be00000, 0x000000008be00000, 0x000000008bf00000|  0%| F|  |TAMS 0x000000008be00000, 0x000000008be00000| Untracked 
| 191|0x000000008bf00000, 0x000000008bf00000, 0x000000008c000000|  0%| F|  |TAMS 0x000000008bf00000, 0x000000008bf00000| Untracked 
| 192|0x000000008c000000, 0x000000008c000000, 0x000000008c100000|  0%| F|  |TAMS 0x000000008c000000, 0x000000008c000000| Untracked 
| 193|0x000000008c100000, 0x000000008c100000, 0x000000008c200000|  0%| F|  |TAMS 0x000000008c100000, 0x000000008c100000| Untracked 
| 194|0x000000008c200000, 0x000000008c200000, 0x000000008c300000|  0%| F|  |TAMS 0x000000008c200000, 0x000000008c200000| Untracked 
| 195|0x000000008c300000, 0x000000008c300000, 0x000000008c400000|  0%| F|  |TAMS 0x000000008c300000, 0x000000008c300000| Untracked 
| 196|0x000000008c400000, 0x000000008c400000, 0x000000008c500000|  0%| F|  |TAMS 0x000000008c400000, 0x000000008c400000| Untracked 
| 197|0x000000008c500000, 0x000000008c500000, 0x000000008c600000|  0%| F|  |TAMS 0x000000008c500000, 0x000000008c500000| Untracked 
| 198|0x000000008c600000, 0x000000008c600000, 0x000000008c700000|  0%| F|  |TAMS 0x000000008c600000, 0x000000008c600000| Untracked 
| 199|0x000000008c700000, 0x000000008c700000, 0x000000008c800000|  0%| F|  |TAMS 0x000000008c700000, 0x000000008c700000| Untracked 
| 200|0x000000008c800000, 0x000000008c800000, 0x000000008c900000|  0%| F|  |TAMS 0x000000008c800000, 0x000000008c800000| Untracked 
| 201|0x000000008c900000, 0x000000008c900000, 0x000000008ca00000|  0%| F|  |TAMS 0x000000008c900000, 0x000000008c900000| Untracked 
| 202|0x000000008ca00000, 0x000000008ca00000, 0x000000008cb00000|  0%| F|  |TAMS 0x000000008ca00000, 0x000000008ca00000| Untracked 
| 203|0x000000008cb00000, 0x000000008cb00000, 0x000000008cc00000|  0%| F|  |TAMS 0x000000008cb00000, 0x000000008cb00000| Untracked 
| 204|0x000000008cc00000, 0x000000008cc00000, 0x000000008cd00000|  0%| F|  |TAMS 0x000000008cc00000, 0x000000008cc00000| Untracked 
| 205|0x000000008cd00000, 0x000000008cd00000, 0x000000008ce00000|  0%| F|  |TAMS 0x000000008cd00000, 0x000000008cd00000| Untracked 
| 206|0x000000008ce00000, 0x000000008ce00000, 0x000000008cf00000|  0%| F|  |TAMS 0x000000008ce00000, 0x000000008ce00000| Untracked 
| 207|0x000000008cf00000, 0x000000008cf00000, 0x000000008d000000|  0%| F|  |TAMS 0x000000008cf00000, 0x000000008cf00000| Untracked 
| 208|0x000000008d000000, 0x000000008d000000, 0x000000008d100000|  0%| F|  |TAMS 0x000000008d000000, 0x000000008d000000| Untracked 
| 209|0x000000008d100000, 0x000000008d17ab08, 0x000000008d200000| 47%| S|CS|TAMS 0x000000008d100000, 0x000000008d100000| Complete 
| 210|0x000000008d200000, 0x000000008d200000, 0x000000008d300000|  0%| F|  |TAMS 0x000000008d200000, 0x000000008d200000| Untracked 
| 211|0x000000008d300000, 0x000000008d300000, 0x000000008d400000|  0%| F|  |TAMS 0x000000008d300000, 0x000000008d300000| Untracked 
| 212|0x000000008d400000, 0x000000008d400000, 0x000000008d500000|  0%| F|  |TAMS 0x000000008d400000, 0x000000008d400000| Untracked 
| 213|0x000000008d500000, 0x000000008d500000, 0x000000008d600000|  0%| F|  |TAMS 0x000000008d500000, 0x000000008d500000| Untracked 
| 214|0x000000008d600000, 0x000000008d600000, 0x000000008d700000|  0%| F|  |TAMS 0x000000008d600000, 0x000000008d600000| Untracked 
| 215|0x000000008d700000, 0x000000008d700000, 0x000000008d800000|  0%| F|  |TAMS 0x000000008d700000, 0x000000008d700000| Untracked 
| 216|0x000000008d800000, 0x000000008d800000, 0x000000008d900000|  0%| F|  |TAMS 0x000000008d800000, 0x000000008d800000| Untracked 
| 217|0x000000008d900000, 0x000000008d900000, 0x000000008da00000|  0%| F|  |TAMS 0x000000008d900000, 0x000000008d900000| Untracked 
| 218|0x000000008da00000, 0x000000008da00000, 0x000000008db00000|  0%| F|  |TAMS 0x000000008da00000, 0x000000008da00000| Untracked 
| 219|0x000000008db00000, 0x000000008db00000, 0x000000008dc00000|  0%| F|  |TAMS 0x000000008db00000, 0x000000008db00000| Untracked 
| 220|0x000000008dc00000, 0x000000008dc00000, 0x000000008dd00000|  0%| F|  |TAMS 0x000000008dc00000, 0x000000008dc00000| Untracked 
| 221|0x000000008dd00000, 0x000000008dd00000, 0x000000008de00000|  0%| F|  |TAMS 0x000000008dd00000, 0x000000008dd00000| Untracked 
| 222|0x000000008de00000, 0x000000008de00000, 0x000000008df00000|  0%| F|  |TAMS 0x000000008de00000, 0x000000008de00000| Untracked 
| 223|0x000000008df00000, 0x000000008df00000, 0x000000008e000000|  0%| F|  |TAMS 0x000000008df00000, 0x000000008df00000| Untracked 
| 224|0x000000008e000000, 0x000000008e000000, 0x000000008e100000|  0%| F|  |TAMS 0x000000008e000000, 0x000000008e000000| Untracked 
| 225|0x000000008e100000, 0x000000008e100000, 0x000000008e200000|  0%| F|  |TAMS 0x000000008e100000, 0x000000008e100000| Untracked 
| 226|0x000000008e200000, 0x000000008e200000, 0x000000008e300000|  0%| F|  |TAMS 0x000000008e200000, 0x000000008e200000| Untracked 
| 227|0x000000008e300000, 0x000000008e300000, 0x000000008e400000|  0%| F|  |TAMS 0x000000008e300000, 0x000000008e300000| Untracked 
| 228|0x000000008e400000, 0x000000008e400000, 0x000000008e500000|  0%| F|  |TAMS 0x000000008e400000, 0x000000008e400000| Untracked 
| 229|0x000000008e500000, 0x000000008e500000, 0x000000008e600000|  0%| F|  |TAMS 0x000000008e500000, 0x000000008e500000| Untracked 
| 230|0x000000008e600000, 0x000000008e600000, 0x000000008e700000|  0%| F|  |TAMS 0x000000008e600000, 0x000000008e600000| Untracked 
| 231|0x000000008e700000, 0x000000008e700000, 0x000000008e800000|  0%| F|  |TAMS 0x000000008e700000, 0x000000008e700000| Untracked 
| 232|0x000000008e800000, 0x000000008e800000, 0x000000008e900000|  0%| F|  |TAMS 0x000000008e800000, 0x000000008e800000| Untracked 
| 233|0x000000008e900000, 0x000000008e900000, 0x000000008ea00000|  0%| F|  |TAMS 0x000000008e900000, 0x000000008e900000| Untracked 
| 234|0x000000008ea00000, 0x000000008ea00000, 0x000000008eb00000|  0%| F|  |TAMS 0x000000008ea00000, 0x000000008ea00000| Untracked 
| 235|0x000000008eb00000, 0x000000008eb00000, 0x000000008ec00000|  0%| F|  |TAMS 0x000000008eb00000, 0x000000008eb00000| Untracked 
| 236|0x000000008ec00000, 0x000000008ec00000, 0x000000008ed00000|  0%| F|  |TAMS 0x000000008ec00000, 0x000000008ec00000| Untracked 
| 237|0x000000008ed00000, 0x000000008ed00000, 0x000000008ee00000|  0%| F|  |TAMS 0x000000008ed00000, 0x000000008ed00000| Untracked 
| 238|0x000000008ee00000, 0x000000008ee00000, 0x000000008ef00000|  0%| F|  |TAMS 0x000000008ee00000, 0x000000008ee00000| Untracked 
| 239|0x000000008ef00000, 0x000000008ef00000, 0x000000008f000000|  0%| F|  |TAMS 0x000000008ef00000, 0x000000008ef00000| Untracked 
| 240|0x000000008f000000, 0x000000008f000000, 0x000000008f100000|  0%| F|  |TAMS 0x000000008f000000, 0x000000008f000000| Untracked 
| 241|0x000000008f100000, 0x000000008f100000, 0x000000008f200000|  0%| F|  |TAMS 0x000000008f100000, 0x000000008f100000| Untracked 
| 242|0x000000008f200000, 0x000000008f200000, 0x000000008f300000|  0%| F|  |TAMS 0x000000008f200000, 0x000000008f200000| Untracked 
| 243|0x000000008f300000, 0x000000008f300000, 0x000000008f400000|  0%| F|  |TAMS 0x000000008f300000, 0x000000008f300000| Untracked 
| 244|0x000000008f400000, 0x000000008f400000, 0x000000008f500000|  0%| F|  |TAMS 0x000000008f400000, 0x000000008f400000| Untracked 
| 245|0x000000008f500000, 0x000000008f500000, 0x000000008f600000|  0%| F|  |TAMS 0x000000008f500000, 0x000000008f500000| Untracked 
| 246|0x000000008f600000, 0x000000008f600000, 0x000000008f700000|  0%| F|  |TAMS 0x000000008f600000, 0x000000008f600000| Untracked 
| 247|0x000000008f700000, 0x000000008f700000, 0x000000008f800000|  0%| F|  |TAMS 0x000000008f700000, 0x000000008f700000| Untracked 
| 248|0x000000008f800000, 0x000000008f800000, 0x000000008f900000|  0%| F|  |TAMS 0x000000008f800000, 0x000000008f800000| Untracked 
| 249|0x000000008f900000, 0x000000008f900000, 0x000000008fa00000|  0%| F|  |TAMS 0x000000008f900000, 0x000000008f900000| Untracked 
| 250|0x000000008fa00000, 0x000000008fa00000, 0x000000008fb00000|  0%| F|  |TAMS 0x000000008fa00000, 0x000000008fa00000| Untracked 
| 251|0x000000008fb00000, 0x000000008fb00000, 0x000000008fc00000|  0%| F|  |TAMS 0x000000008fb00000, 0x000000008fb00000| Untracked 
| 252|0x000000008fc00000, 0x000000008fc00000, 0x000000008fd00000|  0%| F|  |TAMS 0x000000008fc00000, 0x000000008fc00000| Untracked 
| 253|0x000000008fd00000, 0x000000008fd00000, 0x000000008fe00000|  0%| F|  |TAMS 0x000000008fd00000, 0x000000008fd00000| Untracked 

Card table byte_map: [0x0000021dbfa30000,0x0000021dbfe30000] _byte_map_base: 0x0000021dbf630000

Marking Bits (Prev, Next): (CMBitMap*) 0x0000021dacfa9070, (CMBitMap*) 0x0000021dacfa9030
 Prev Bits: [0x0000021dc2230000, 0x0000021dc4230000)
 Next Bits: [0x0000021dc0230000, 0x0000021dc2230000)

Polling page: 0x0000021daad30000

Metaspace:

Usage:
  Non-class:     74.20 MB used.
      Class:     11.90 MB used.
       Both:     86.10 MB used.

Virtual space:
  Non-class space:       80.00 MB reserved,      74.56 MB ( 93%) committed,  10 nodes.
      Class space:        1.00 GB reserved,      12.19 MB (  1%) committed,  1 nodes.
             Both:        1.08 GB reserved,      86.75 MB (  8%) committed. 

Chunk freelists:
   Non-Class:  720.00 KB
       Class:  3.83 MB
        Both:  4.53 MB

MaxMetaspaceSize: unlimited
CompressedClassSpaceSize: 1.00 GB
Initial GC threshold: 21.00 MB
Current GC threshold: 131.25 MB
CDS: off
MetaspaceReclaimPolicy: balanced
 - commit_granule_bytes: 65536.
 - commit_granule_words: 8192.
 - virtual_space_node_default_size: 1048576.
 - enlarge_chunks_in_place: 1.
 - new_chunks_are_fully_committed: 0.
 - uncommit_free_chunks: 1.
 - use_allocation_guard: 0.
 - handle_deallocations: 1.


Internal statistics:

num_allocs_failed_limit: 3.
num_arena_births: 906.
num_arena_deaths: 0.
num_vsnodes_births: 11.
num_vsnodes_deaths: 0.
num_space_committed: 1388.
num_space_uncommitted: 0.
num_chunks_returned_to_freelist: 3.
num_chunks_taken_from_freelist: 3931.
num_chunk_merges: 3.
num_chunk_splits: 2736.
num_chunks_enlarged: 1977.
num_purges: 0.
num_inconsistent_stats: 0.

CodeHeap 'non-profiled nmethods': size=120000Kb used=4316Kb max_used=4316Kb free=115683Kb
 bounds [0x0000021db7ee0000, 0x0000021db8320000, 0x0000021dbf410000]
CodeHeap 'profiled nmethods': size=120000Kb used=13119Kb max_used=13119Kb free=106880Kb
 bounds [0x0000021db0410000, 0x0000021db10e0000, 0x0000021db7940000]
CodeHeap 'non-nmethods': size=5760Kb used=2394Kb max_used=2437Kb free=3365Kb
 bounds [0x0000021db7940000, 0x0000021db7bc0000, 0x0000021db7ee0000]
 total_blobs=7786 nmethods=6856 adapters=842
 compilation: enabled
              stopped_count=0, restarted_count=0
 full_count=0

Compilation events (20 events):
Event: 13.908 Thread 0x0000021dc7895d80 7646       1       org.jetbrains.kotlin.it.unimi.dsi.fastutil.ints.IntArrayList::size (5 bytes)
Event: 13.908 Thread 0x0000021dc7895d80 nmethod 7646 0x0000021db8316b10 code [0x0000021db8316ca0, 0x0000021db8316d78]
Event: 13.908 Thread 0x0000021dc7895d80 7647       3       org.jetbrains.kotlin.com.intellij.lang.impl.PsiBuilderImpl::whitespaceOrComment (28 bytes)
Event: 13.909 Thread 0x0000021dc7895d80 nmethod 7647 0x0000021db10d9e10 code [0x0000021db10d9fc0, 0x0000021db10da1f8]
Event: 13.950 Thread 0x0000021dc7895d80 7649       1       java.util.concurrent.locks.ReentrantReadWriteLock::writeLock (5 bytes)
Event: 13.950 Thread 0x0000021dc7895d80 nmethod 7649 0x0000021db8316e10 code [0x0000021db8316fa0, 0x0000021db8317078]
Event: 13.952 Thread 0x0000021dc7895d80 7650       3       org.jetbrains.kotlin.config.CompilerConfiguration::checkReadOnly (18 bytes)
Event: 13.952 Thread 0x0000021dc7895d80 nmethod 7650 0x0000021db10da310 code [0x0000021db10da4c0, 0x0000021db10da6e8]
Event: 13.952 Thread 0x0000021dc7895d80 7651       3       org.jetbrains.kotlin.config.CompilerConfiguration::add (68 bytes)
Event: 13.953 Thread 0x0000021dc7895d80 nmethod 7651 0x0000021db10da810 code [0x0000021db10daa40, 0x0000021db10db298]
Event: 13.953 Thread 0x0000021dc7895d80 7652       3       org.jetbrains.kotlin.cli.jvm.config.JvmContentRootsKt::addJvmClasspathRoot (28 bytes)
Event: 13.955 Thread 0x0000021dc7895d80 nmethod 7652 0x0000021db10db590 code [0x0000021db10db940, 0x0000021db10dce68]
Event: 13.958 Thread 0x0000021dc7895d80 7653       3       jdk.internal.loader.URLClassPath::findResource (38 bytes)
Event: 13.958 Thread 0x0000021dc7895d80 nmethod 7653 0x0000021db10dd610 code [0x0000021db10dd7e0, 0x0000021db10ddb18]
Event: 13.959 Thread 0x0000021dc7895d80 7654       3       java.security.AccessController::doPrivileged (17 bytes)
Event: 13.960 Thread 0x0000021dc7895d80 nmethod 7654 0x0000021db10ddc90 code [0x0000021db10dde80, 0x0000021db10de238]
Event: 13.969 Thread 0x0000021dc7895d80 7655   !   3       jdk.internal.loader.URLClassPath::check (125 bytes)
Event: 13.970 Thread 0x0000021dc7895d80 nmethod 7655 0x0000021db10de410 code [0x0000021db10de6c0, 0x0000021db10df648]
Event: 13.971 Thread 0x0000021dc7895d80 7656       3       java.lang.invoke.LambdaForm$Name::<init> (52 bytes)
Event: 13.971 Thread 0x0000021dc7895d80 nmethod 7656 0x0000021db10dfa90 code [0x0000021db10dfc40, 0x0000021db10dfe38]

GC Heap History (20 events):
Event: 9.744 GC heap after
{Heap after GC invocations=31 (full 0):
 garbage-first heap   total 152576K, used 83293K [0x0000000080000000, 0x0000000100000000)
  region size 1024K, 1 young (1024K), 1 survivors (1024K)
 Metaspace       used 61383K, committed 61952K, reserved 1105920K
  class space    used 8220K, committed 8448K, reserved 1048576K
}
Event: 10.555 GC heap before
{Heap before GC invocations=31 (full 0):
 garbage-first heap   total 152576K, used 110941K [0x0000000080000000, 0x0000000100000000)
  region size 1024K, 29 young (29696K), 1 survivors (1024K)
 Metaspace       used 66464K, committed 67200K, reserved 1114112K
  class space    used 8894K, committed 9216K, reserved 1048576K
}
Event: 10.559 GC heap after
{Heap after GC invocations=32 (full 0):
 garbage-first heap   total 152576K, used 85185K [0x0000000080000000, 0x0000000100000000)
  region size 1024K, 3 young (3072K), 3 survivors (3072K)
 Metaspace       used 66464K, committed 67200K, reserved 1114112K
  class space    used 8894K, committed 9216K, reserved 1048576K
}
Event: 10.670 GC heap before
{Heap before GC invocations=33 (full 0):
 garbage-first heap   total 165888K, used 97473K [0x0000000080000000, 0x0000000100000000)
  region size 1024K, 12 young (12288K), 3 survivors (3072K)
 Metaspace       used 66466K, committed 67200K, reserved 1114112K
  class space    used 8894K, committed 9216K, reserved 1048576K
}
Event: 10.675 GC heap after
{Heap after GC invocations=34 (full 0):
 garbage-first heap   total 165888K, used 91075K [0x0000000080000000, 0x0000000100000000)
  region size 1024K, 5 young (5120K), 5 survivors (5120K)
 Metaspace       used 66466K, committed 67200K, reserved 1114112K
  class space    used 8894K, committed 9216K, reserved 1048576K
}
Event: 11.479 GC heap before
{Heap before GC invocations=35 (full 0):
 garbage-first heap   total 165888K, used 125891K [0x0000000080000000, 0x0000000100000000)
  region size 1024K, 37 young (37888K), 5 survivors (5120K)
 Metaspace       used 69313K, committed 70016K, reserved 1114112K
  class space    used 9273K, committed 9600K, reserved 1048576K
}
Event: 11.484 GC heap after
{Heap after GC invocations=36 (full 0):
 garbage-first heap   total 165888K, used 90126K [0x0000000080000000, 0x0000000100000000)
  region size 1024K, 3 young (3072K), 3 survivors (3072K)
 Metaspace       used 69313K, committed 70016K, reserved 1114112K
  class space    used 9273K, committed 9600K, reserved 1048576K
}
Event: 12.150 GC heap before
{Heap before GC invocations=36 (full 0):
 garbage-first heap   total 165888K, used 124942K [0x0000000080000000, 0x0000000100000000)
  region size 1024K, 37 young (37888K), 3 survivors (3072K)
 Metaspace       used 73830K, committed 74496K, reserved 1114112K
  class space    used 9893K, committed 10176K, reserved 1048576K
}
Event: 12.154 GC heap after
{Heap after GC invocations=37 (full 0):
 garbage-first heap   total 165888K, used 91976K [0x0000000080000000, 0x0000000100000000)
  region size 1024K, 5 young (5120K), 5 survivors (5120K)
 Metaspace       used 73830K, committed 74496K, reserved 1114112K
  class space    used 9893K, committed 10176K, reserved 1048576K
}
Event: 12.853 GC heap before
{Heap before GC invocations=38 (full 0):
 garbage-first heap   total 165888K, used 126792K [0x0000000080000000, 0x0000000100000000)
  region size 1024K, 40 young (40960K), 5 survivors (5120K)
 Metaspace       used 77657K, committed 78336K, reserved 1122304K
  class space    used 10377K, committed 10688K, reserved 1048576K
}
Event: 12.862 GC heap after
{Heap after GC invocations=39 (full 0):
 garbage-first heap   total 165888K, used 93917K [0x0000000080000000, 0x0000000100000000)
  region size 1024K, 5 young (5120K), 5 survivors (5120K)
 Metaspace       used 77657K, committed 78336K, reserved 1122304K
  class space    used 10377K, committed 10688K, reserved 1048576K
}
Event: 12.929 GC heap before
{Heap before GC invocations=39 (full 0):
 garbage-first heap   total 165888K, used 96989K [0x0000000080000000, 0x0000000100000000)
  region size 1024K, 8 young (8192K), 5 survivors (5120K)
 Metaspace       used 78203K, committed 78912K, reserved 1122304K
  class space    used 10451K, committed 10752K, reserved 1048576K
}
Event: 12.938 GC heap after
{Heap after GC invocations=40 (full 0):
 garbage-first heap   total 165888K, used 94362K [0x0000000080000000, 0x0000000100000000)
  region size 1024K, 1 young (1024K), 1 survivors (1024K)
 Metaspace       used 78203K, committed 78912K, reserved 1122304K
  class space    used 10451K, committed 10752K, reserved 1048576K
}
Event: 13.134 GC heap before
{Heap before GC invocations=40 (full 0):
 garbage-first heap   total 165888K, used 103578K [0x0000000080000000, 0x0000000100000000)
  region size 1024K, 11 young (11264K), 1 survivors (1024K)
 Metaspace       used 79827K, committed 80512K, reserved 1122304K
  class space    used 10653K, committed 10944K, reserved 1048576K
}
Event: 13.136 GC heap after
{Heap after GC invocations=41 (full 0):
 garbage-first heap   total 165888K, used 93823K [0x0000000080000000, 0x0000000100000000)
  region size 1024K, 1 young (1024K), 1 survivors (1024K)
 Metaspace       used 79827K, committed 80512K, reserved 1122304K
  class space    used 10653K, committed 10944K, reserved 1048576K
}
Event: 13.781 GC heap before
{Heap before GC invocations=42 (full 0):
 garbage-first heap   total 178176K, used 135807K [0x0000000080000000, 0x0000000100000000)
  region size 1024K, 38 young (38912K), 1 survivors (1024K)
 Metaspace       used 86390K, committed 87104K, reserved 1130496K
  class space    used 11772K, committed 12096K, reserved 1048576K
}
Event: 13.784 GC heap after
{Heap after GC invocations=43 (full 0):
 garbage-first heap   total 178176K, used 98848K [0x0000000080000000, 0x0000000100000000)
  region size 1024K, 2 young (2048K), 2 survivors (2048K)
 Metaspace       used 86390K, committed 87104K, reserved 1130496K
  class space    used 11772K, committed 12096K, reserved 1048576K
}
Event: 13.930 GC heap before
{Heap before GC invocations=43 (full 0):
 garbage-first heap   total 178176K, used 104992K [0x0000000080000000, 0x0000000100000000)
  region size 1024K, 8 young (8192K), 2 survivors (2048K)
 Metaspace       used 87566K, committed 88256K, reserved 1130496K
  class space    used 12115K, committed 12416K, reserved 1048576K
}
Event: 13.935 GC heap after
{Heap after GC invocations=44 (full 0):
 garbage-first heap   total 178176K, used 98912K [0x0000000080000000, 0x0000000100000000)
  region size 1024K, 1 young (1024K), 1 survivors (1024K)
 Metaspace       used 87566K, committed 88256K, reserved 1130496K
  class space    used 12115K, committed 12416K, reserved 1048576K
}
Event: 13.996 GC heap before
{Heap before GC invocations=44 (full 0):
 garbage-first heap   total 178176K, used 100960K [0x0000000080000000, 0x0000000100000000)
  region size 1024K, 4 young (4096K), 1 survivors (1024K)
 Metaspace       used 88169K, committed 88832K, reserved 1130496K
  class space    used 12185K, committed 12480K, reserved 1048576K
}

Dll operation events (2 events):
Event: 0.009 Loaded shared library D:\android studio\jbr\bin\java.dll
Event: 0.761 Loaded shared library D:\android studio\jbr\bin\verify.dll

Deoptimization events (20 events):
Event: 13.495 Thread 0x0000021dc8852e20 DEOPT PACKING pc=0x0000021db7f82574 sp=0x0000009549af3630
Event: 13.495 Thread 0x0000021dc8852e20 DEOPT UNPACKING pc=0x0000021db79969a3 sp=0x0000009549af35b0 mode 2
Event: 13.537 Thread 0x0000021dc8852e20 Uncommon trap: trap_request=0xffffffde fr.pc=0x0000021db8067eec relative=0x00000000000002cc
Event: 13.537 Thread 0x0000021dc8852e20 Uncommon trap: reason=class_check action=maybe_recompile pc=0x0000021db8067eec method=java.util.Collections$SetFromMap.remove(Ljava/lang/Object;)Z @ 5 c2
Event: 13.537 Thread 0x0000021dc8852e20 DEOPT PACKING pc=0x0000021db8067eec sp=0x0000009549af4b20
Event: 13.537 Thread 0x0000021dc8852e20 DEOPT UNPACKING pc=0x0000021db79969a3 sp=0x0000009549af4b08 mode 2
Event: 13.604 Thread 0x0000021dc8852e20 Uncommon trap: trap_request=0xfffffff4 fr.pc=0x0000021db83160ec relative=0x000000000000016c
Event: 13.604 Thread 0x0000021dc8852e20 Uncommon trap: reason=null_check action=make_not_entrant pc=0x0000021db83160ec method=java.lang.reflect.Array.newInstance(Ljava/lang/Class;I)Ljava/lang/Object; @ 2 c2
Event: 13.604 Thread 0x0000021dc8852e20 DEOPT PACKING pc=0x0000021db83160ec sp=0x0000009549af37d0
Event: 13.604 Thread 0x0000021dc8852e20 DEOPT UNPACKING pc=0x0000021db79969a3 sp=0x0000009549af3768 mode 2
Event: 13.718 Thread 0x0000021dc884f930 DEOPT PACKING pc=0x0000021db0c37114 sp=0x0000009549dff150
Event: 13.718 Thread 0x0000021dc884f930 DEOPT UNPACKING pc=0x0000021db7997143 sp=0x0000009549dfe678 mode 0
Event: 13.737 Thread 0x0000021dc8852e20 Uncommon trap: trap_request=0xffffff45 fr.pc=0x0000021db7f88fc4 relative=0x0000000000000704
Event: 13.737 Thread 0x0000021dc8852e20 Uncommon trap: reason=unstable_if action=reinterpret pc=0x0000021db7f88fc4 method=java.lang.ThreadLocal$ThreadLocalMap.set(Ljava/lang/ThreadLocal;Ljava/lang/Object;)V @ 125 c2
Event: 13.737 Thread 0x0000021dc8852e20 DEOPT PACKING pc=0x0000021db7f88fc4 sp=0x0000009549af5080
Event: 13.737 Thread 0x0000021dc8852e20 DEOPT UNPACKING pc=0x0000021db79969a3 sp=0x0000009549af5030 mode 2
Event: 13.991 Thread 0x0000021dc8852e20 Uncommon trap: trap_request=0xffffff45 fr.pc=0x0000021db8031e48 relative=0x00000000000000c8
Event: 13.991 Thread 0x0000021dc8852e20 Uncommon trap: reason=unstable_if action=reinterpret pc=0x0000021db8031e48 method=java.lang.ref.SoftReference.get()Ljava/lang/Object; @ 6 c2
Event: 13.991 Thread 0x0000021dc8852e20 DEOPT PACKING pc=0x0000021db8031e48 sp=0x0000009549af5750
Event: 13.991 Thread 0x0000021dc8852e20 DEOPT UNPACKING pc=0x0000021db79969a3 sp=0x0000009549af5708 mode 2

Classes unloaded (0 events):
No events

Classes redefined (0 events):
No events

Internal exceptions (20 events):
Event: 10.150 Thread 0x0000021dc8852e20 Exception <a 'java/lang/IncompatibleClassChangeError'{0x0000000088561268}: Found class java.lang.Object, but interface was expected> (0x0000000088561268) 
thrown [s\src\hotspot\share\interpreter\linkResolver.cpp, line 838]
Event: 10.234 Thread 0x0000021dc8852e20 Implicit null exception at 0x0000021db812f560 to 0x0000021db812f70c
Event: 10.234 Thread 0x0000021dc8852e20 Implicit null exception at 0x0000021db81239d6 to 0x0000021db8124120
Event: 10.464 Thread 0x0000021dc8852e20 Implicit null exception at 0x0000021db80de98c to 0x0000021db80deac2
Event: 10.784 Thread 0x0000021dc8852e20 Exception <a 'sun/nio/fs/WindowsException'{0x000000008d11aba8}> (0x000000008d11aba8) 
thrown [s\src\hotspot\share\prims\jni.cpp, line 517]
Event: 11.577 Thread 0x0000021dc8852e20 Implicit null exception at 0x0000021db8275749 to 0x0000021db827581c
Event: 12.526 Thread 0x0000021dc8852e20 Exception <a 'java/lang/NoSuchMethodError'{0x00000000890f88b0}: 'void java.lang.invoke.DirectMethodHandle$Holder.invokeVirtual(java.lang.Object, java.lang.Object)'> (0x00000000890f88b0) 
thrown [s\src\hotspot\share\interpreter\linkResolver.cpp, line 771]
Event: 12.663 Thread 0x0000021dc8852e20 Exception <a 'java/lang/NoSuchMethodError'{0x0000000088943320}: 'int java.lang.invoke.DelegatingMethodHandle$Holder.reinvoke_L(java.lang.Object, java.lang.Object, java.lang.Object, long, int, int)'> (0x0000000088943320) 
thrown [s\src\hotspot\share\interpreter\linkResolver.cpp, line 771]
Event: 12.664 Thread 0x0000021dc8852e20 Exception <a 'java/lang/NoSuchMethodError'{0x0000000088953108}: 'int java.lang.invoke.DelegatingMethodHandle$Holder.reinvoke_L(java.lang.Object, java.lang.Object, java.lang.Object, long, long, long)'> (0x0000000088953108) 
thrown [s\src\hotspot\share\interpreter\linkResolver.cpp, line 771]
Event: 12.665 Thread 0x0000021dc8852e20 Exception <a 'java/lang/NoSuchMethodError'{0x00000000889631f8}: 'int java.lang.invoke.DelegatingMethodHandle$Holder.reinvoke_L(java.lang.Object, java.lang.Object, java.lang.Object, long, java.lang.Object, java.lang.Object)'> (0x00000000889631f8) 
thrown [s\src\hotspot\share\interpreter\linkResolver.cpp, line 771]
Event: 12.667 Thread 0x0000021dc8852e20 Exception <a 'java/lang/NoSuchMethodError'{0x0000000088973130}: 'void java.lang.invoke.DelegatingMethodHandle$Holder.reinvoke_L(java.lang.Object, java.lang.Object, java.lang.Object, long, java.lang.Object)'> (0x0000000088973130) 
thrown [s\src\hotspot\share\interpreter\linkResolver.cpp, line 771]
Event: 12.668 Thread 0x0000021dc8852e20 Exception <a 'java/lang/NoSuchMethodError'{0x000000008897ba60}: 'java.lang.Object java.lang.invoke.DirectMethodHandle$Holder.invokeSpecial(java.lang.Object, java.lang.Object, java.lang.Object, java.lang.Object, long)'> (0x000000008897ba60) 
thrown [s\src\hotspot\share\interpreter\linkResolver.cpp, line 771]
Event: 12.670 Thread 0x0000021dc8852e20 Exception <a 'java/lang/NoSuchMethodError'{0x00000000889a0a28}: 'long java.lang.invoke.Invokers$Holder.invoke_MT(java.lang.Object, java.lang.Object, java.lang.Object, java.lang.Object)'> (0x00000000889a0a28) 
thrown [s\src\hotspot\share\interpreter\linkResolver.cpp, line 771]
Event: 12.671 Thread 0x0000021dc8852e20 Exception <a 'java/lang/NoSuchMethodError'{0x00000000889a9b28}: 'int java.lang.invoke.Invokers$Holder.invoke_MT(java.lang.Object, java.lang.Object, java.lang.Object, java.lang.Object)'> (0x00000000889a9b28) 
thrown [s\src\hotspot\share\interpreter\linkResolver.cpp, line 771]
Event: 12.672 Thread 0x0000021dc8852e20 Exception <a 'java/lang/NoSuchMethodError'{0x00000000889baae0}: 'int java.lang.invoke.DelegatingMethodHandle$Holder.reinvoke_L(java.lang.Object, java.lang.Object, java.lang.Object, long, int)'> (0x00000000889baae0) 
thrown [s\src\hotspot\share\interpreter\linkResolver.cpp, line 771]
Event: 12.674 Thread 0x0000021dc8852e20 Exception <a 'java/lang/NoSuchMethodError'{0x00000000889cdfd8}: 'java.lang.Object java.lang.invoke.Invokers$Holder.invokeExact_MT(java.lang.Object, java.lang.Object, long, java.lang.Object)'> (0x00000000889cdfd8) 
thrown [s\src\hotspot\share\interpreter\linkResolver.cpp, line 771]
Event: 12.882 Thread 0x0000021dc8852e20 Exception <a 'java/lang/NoSuchMethodError'{0x000000008fde4418}: 'long java.lang.invoke.DirectMethodHandle$Holder.invokeStatic(java.lang.Object)'> (0x000000008fde4418) 
thrown [s\src\hotspot\share\interpreter\linkResolver.cpp, line 771]
Event: 12.882 Thread 0x0000021dc8852e20 Exception <a 'java/lang/NoSuchMethodError'{0x000000008fde9260}: 'long java.lang.invoke.DirectMethodHandle$Holder.invokeStaticInit(java.lang.Object)'> (0x000000008fde9260) 
thrown [s\src\hotspot\share\interpreter\linkResolver.cpp, line 771]
Event: 13.604 Thread 0x0000021dc8852e20 Implicit null exception at 0x0000021db8315f93 to 0x0000021db83160d8
Event: 13.971 Thread 0x0000021dc8852e20 Exception <a 'java/lang/NoSuchMethodError'{0x000000008d38e850}: 'java.lang.Object java.lang.invoke.Invokers$Holder.invoke_MT(java.lang.Object, java.lang.Object, java.lang.Object)'> (0x000000008d38e850) 
thrown [s\src\hotspot\share\interpreter\linkResolver.cpp, line 771]

VM Operations (20 events):
Event: 13.064 Executing VM operation: HandshakeAllThreads done
Event: 13.066 Executing VM operation: HandshakeAllThreads
Event: 13.066 Executing VM operation: HandshakeAllThreads done
Event: 13.134 Executing VM operation: G1TryInitiateConcMark
Event: 13.136 Executing VM operation: G1TryInitiateConcMark done
Event: 13.207 Executing VM operation: G1Concurrent
Event: 13.212 Executing VM operation: G1Concurrent done
Event: 13.235 Executing VM operation: HandshakeAllThreads
Event: 13.235 Executing VM operation: HandshakeAllThreads done
Event: 13.251 Executing VM operation: G1Concurrent
Event: 13.251 Executing VM operation: G1Concurrent done
Event: 13.711 Executing VM operation: HandshakeAllThreads
Event: 13.711 Executing VM operation: HandshakeAllThreads done
Event: 13.781 Executing VM operation: G1CollectForAllocation
Event: 13.784 Executing VM operation: G1CollectForAllocation done
Event: 13.930 Executing VM operation: G1CollectForAllocation
Event: 13.935 Executing VM operation: G1CollectForAllocation done
Event: 13.994 Executing VM operation: HandshakeAllThreads
Event: 13.994 Executing VM operation: HandshakeAllThreads done
Event: 13.996 Executing VM operation: G1TryInitiateConcMark

Events (20 events):
Event: 13.962 loading class java/io/IOError
Event: 13.962 loading class java/io/IOError done
Event: 13.970 loading class java/nio/channels/FileChannel$MapMode
Event: 13.970 loading class java/nio/channels/FileChannel$MapMode done
Event: 13.970 loading class jdk/internal/misc/ExtendedMapMode
Event: 13.970 loading class jdk/internal/misc/ExtendedMapMode done
Event: 13.971 loading class sun/nio/ch/FileChannelImpl$DefaultUnmapper
Event: 13.972 loading class sun/nio/ch/FileChannelImpl$Unmapper
Event: 13.972 loading class jdk/internal/access/foreign/UnmapperProxy
Event: 13.972 loading class jdk/internal/access/foreign/UnmapperProxy done
Event: 13.972 loading class sun/nio/ch/FileChannelImpl$Unmapper done
Event: 13.972 loading class sun/nio/ch/FileChannelImpl$DefaultUnmapper done
Event: 13.972 loading class sun/nio/ch/Util$4
Event: 13.972 loading class sun/nio/ch/Util$4 done
Event: 13.973 loading class java/io/UTFDataFormatException
Event: 13.973 loading class java/io/UTFDataFormatException done
Event: 13.993 loading class java/nio/file/attribute/DosFileAttributeView
Event: 13.993 loading class java/nio/file/attribute/DosFileAttributeView done
Event: 13.993 loading class sun/nio/fs/WindowsFileAttributeViews$Dos
Event: 13.993 loading class sun/nio/fs/WindowsFileAttributeViews$Dos done


Dynamic libraries:
0x00007ff6907b0000 - 0x00007ff6907ba000 	D:\android studio\jbr\bin\java.exe
0x00007ffde6750000 - 0x00007ffde6967000 	C:\WINDOWS\SYSTEM32\ntdll.dll
0x00007ffde5820000 - 0x00007ffde58e4000 	C:\WINDOWS\System32\KERNEL32.DLL
0x00007ffde3c90000 - 0x00007ffde4036000 	C:\WINDOWS\System32\KERNELBASE.dll
0x00007ffde3ad0000 - 0x00007ffde3be1000 	C:\WINDOWS\System32\ucrtbase.dll
0x00007ffdcb750000 - 0x00007ffdcb767000 	D:\android studio\jbr\bin\jli.dll
0x00007ffdcb380000 - 0x00007ffdcb39b000 	D:\android studio\jbr\bin\VCRUNTIME140.dll
0x00007ffde60a0000 - 0x00007ffde624d000 	C:\WINDOWS\System32\USER32.dll
0x00007ffde3c60000 - 0x00007ffde3c86000 	C:\WINDOWS\System32\win32u.dll
0x00007ffdc8fc0000 - 0x00007ffdc9253000 	C:\WINDOWS\WinSxS\amd64_microsoft.windows.common-controls_6595b64144ccf1df_6.0.22621.2361_none_2712ced57382f843\COMCTL32.dll
0x00007ffde6250000 - 0x00007ffde6279000 	C:\WINDOWS\System32\GDI32.dll
0x00007ffde65a0000 - 0x00007ffde6647000 	C:\WINDOWS\System32\msvcrt.dll
0x00007ffde4390000 - 0x00007ffde44a8000 	C:\WINDOWS\System32\gdi32full.dll
0x00007ffde40c0000 - 0x00007ffde415a000 	C:\WINDOWS\System32\msvcp_win.dll
0x00007ffde6280000 - 0x00007ffde62b1000 	C:\WINDOWS\System32\IMM32.DLL
0x00007ffdcb710000 - 0x00007ffdcb71c000 	D:\android studio\jbr\bin\vcruntime140_1.dll
0x00007ffdb1c20000 - 0x00007ffdb1cad000 	D:\android studio\jbr\bin\msvcp140.dll
0x00007ffd45d90000 - 0x00007ffd469fe000 	D:\android studio\jbr\bin\server\jvm.dll
0x00007ffde62c0000 - 0x00007ffde6370000 	C:\WINDOWS\System32\ADVAPI32.dll
0x00007ffde44b0000 - 0x00007ffde4556000 	C:\WINDOWS\System32\sechost.dll
0x00007ffde6480000 - 0x00007ffde6597000 	C:\WINDOWS\System32\RPCRT4.dll
0x00007ffddd120000 - 0x00007ffddd154000 	C:\WINDOWS\SYSTEM32\WINMM.dll
0x00007ffddd5b0000 - 0x00007ffddd5ba000 	C:\WINDOWS\SYSTEM32\VERSION.dll
0x00007ffdc8750000 - 0x00007ffdc8759000 	C:\WINDOWS\SYSTEM32\WSOCK32.dll
0x00007ffde4cd0000 - 0x00007ffde4d41000 	C:\WINDOWS\System32\WS2_32.dll
0x00007ffde2b10000 - 0x00007ffde2b28000 	C:\WINDOWS\SYSTEM32\kernel.appcore.dll
0x00007ffddec40000 - 0x00007ffddec4a000 	D:\android studio\jbr\bin\jimage.dll
0x00007ffde1420000 - 0x00007ffde164e000 	C:\WINDOWS\SYSTEM32\DBGHELP.DLL
0x00007ffde4640000 - 0x00007ffde49ca000 	C:\WINDOWS\System32\combase.dll
0x00007ffde4560000 - 0x00007ffde4637000 	C:\WINDOWS\System32\OLEAUT32.dll
0x00007ffdc7c60000 - 0x00007ffdc7c92000 	C:\WINDOWS\SYSTEM32\dbgcore.DLL
0x00007ffde4040000 - 0x00007ffde40ba000 	C:\WINDOWS\System32\bcryptPrimitives.dll
0x00007ffdcc780000 - 0x00007ffdcc7a5000 	D:\android studio\jbr\bin\java.dll
0x00007ffdcddd0000 - 0x00007ffdcdde8000 	D:\android studio\jbr\bin\zip.dll
0x00007ffde4d50000 - 0x00007ffde55a8000 	C:\WINDOWS\System32\SHELL32.dll
0x00007ffde1a30000 - 0x00007ffde2322000 	C:\WINDOWS\SYSTEM32\windows.storage.dll
0x00007ffde18f0000 - 0x00007ffde1a2e000 	C:\WINDOWS\SYSTEM32\wintypes.dll
0x00007ffde4a80000 - 0x00007ffde4b73000 	C:\WINDOWS\System32\SHCORE.dll
0x00007ffde5df0000 - 0x00007ffde5e4e000 	C:\WINDOWS\System32\shlwapi.dll
0x00007ffde3a00000 - 0x00007ffde3a26000 	C:\WINDOWS\SYSTEM32\profapi.dll
0x00007ffdcdd40000 - 0x00007ffdcdd59000 	D:\android studio\jbr\bin\net.dll
0x00007ffddcfe0000 - 0x00007ffddd117000 	C:\WINDOWS\SYSTEM32\WINHTTP.dll
0x00007ffde2f90000 - 0x00007ffde2ff9000 	C:\WINDOWS\system32\mswsock.dll
0x00007ffdcc710000 - 0x00007ffdcc726000 	D:\android studio\jbr\bin\nio.dll
0x00007ffdde930000 - 0x00007ffdde940000 	D:\android studio\jbr\bin\verify.dll
0x00007ffdcb720000 - 0x00007ffdcb747000 	C:\Users\hachem safae\.gradle\native\68d5fa5c4cc2d200863cafc0d521ce42e7d3e7ee720ec0a83991735586a16f82\windows-amd64\native-platform.dll
0x00007ffda8770000 - 0x00007ffda88b4000 	C:\Users\hachem safae\.gradle\native\e376f236ea51e6404a007f0833ffe2c6e607c4080706a723a18a27aeea778392\windows-amd64\native-platform-file-events.dll
0x00007ffddd8c0000 - 0x00007ffddd8c9000 	D:\android studio\jbr\bin\management.dll
0x00007ffdcdd80000 - 0x00007ffdcdd8b000 	D:\android studio\jbr\bin\management_ext.dll
0x00007ffde6650000 - 0x00007ffde6658000 	C:\WINDOWS\System32\PSAPI.DLL
0x00007ffde31e0000 - 0x00007ffde31fb000 	C:\WINDOWS\SYSTEM32\CRYPTSP.dll
0x00007ffde2a70000 - 0x00007ffde2aa5000 	C:\WINDOWS\system32\rsaenh.dll
0x00007ffde3080000 - 0x00007ffde30ac000 	C:\WINDOWS\SYSTEM32\USERENV.dll
0x00007ffde33a0000 - 0x00007ffde33c8000 	C:\WINDOWS\SYSTEM32\bcrypt.dll
0x00007ffde3200000 - 0x00007ffde320c000 	C:\WINDOWS\SYSTEM32\CRYPTBASE.dll
0x00007ffde25d0000 - 0x00007ffde25fd000 	C:\WINDOWS\SYSTEM32\IPHLPAPI.DLL
0x00007ffde57f0000 - 0x00007ffde57f9000 	C:\WINDOWS\System32\NSI.dll
0x00007ffddcef0000 - 0x00007ffddcf09000 	C:\WINDOWS\SYSTEM32\dhcpcsvc6.DLL
0x00007ffddced0000 - 0x00007ffddceef000 	C:\WINDOWS\SYSTEM32\dhcpcsvc.DLL
0x00007ffde2600000 - 0x00007ffde26f9000 	C:\WINDOWS\SYSTEM32\DNSAPI.dll
0x00007ffdde210000 - 0x00007ffdde218000 	C:\WINDOWS\system32\wshunix.dll

dbghelp: loaded successfully - version: 4.0.5 - missing functions: none
symbol engine: initialized successfully - sym options: 0x614 - pdb path: .;D:\android studio\jbr\bin;C:\WINDOWS\SYSTEM32;C:\WINDOWS\WinSxS\amd64_microsoft.windows.common-controls_6595b64144ccf1df_6.0.22621.2361_none_2712ced57382f843;D:\android studio\jbr\bin\server;C:\Users\hachem safae\.gradle\native\68d5fa5c4cc2d200863cafc0d521ce42e7d3e7ee720ec0a83991735586a16f82\windows-amd64;C:\Users\hachem safae\.gradle\native\e376f236ea51e6404a007f0833ffe2c6e607c4080706a723a18a27aeea778392\windows-amd64

VM Arguments:
jvm_args: --add-opens=java.base/java.util=ALL-UNNAMED --add-opens=java.base/java.lang=ALL-UNNAMED --add-opens=java.base/java.lang.invoke=ALL-UNNAMED --add-opens=java.prefs/java.util.prefs=ALL-UNNAMED --add-opens=java.base/java.nio.charset=ALL-UNNAMED --add-opens=java.base/java.net=ALL-UNNAMED --add-opens=java.base/java.util.concurrent.atomic=ALL-UNNAMED -Xmx2048m -Dfile.encoding=UTF-8 -Duser.country=FR -Duser.language=fr -Duser.variant 
java_command: org.gradle.launcher.daemon.bootstrap.GradleDaemon 8.0
java_class_path (initial): C:\Users\hachem safae\.gradle\wrapper\dists\gradle-8.0-bin\ca5e32bp14vu59qr306oxotwh\gradle-8.0\lib\gradle-launcher-8.0.jar
Launcher Type: SUN_STANDARD

[Global flags]
     intx CICompilerCount                          = 4                                         {product} {ergonomic}
     uint ConcGCThreads                            = 2                                         {product} {ergonomic}
     uint G1ConcRefinementThreads                  = 8                                         {product} {ergonomic}
   size_t G1HeapRegionSize                         = 1048576                                   {product} {ergonomic}
    uintx GCDrainStackTargetSize                   = 64                                        {product} {ergonomic}
   size_t InitialHeapSize                          = 266338304                                 {product} {ergonomic}
   size_t MarkStackSize                            = 4194304                                   {product} {ergonomic}
   size_t MaxHeapSize                              = 2147483648                                {product} {command line}
   size_t MaxNewSize                               = 1287651328                                {product} {ergonomic}
   size_t MinHeapDeltaBytes                        = 1048576                                   {product} {ergonomic}
   size_t MinHeapSize                              = 8388608                                   {product} {ergonomic}
    uintx NonNMethodCodeHeapSize                   = 5839372                                {pd product} {ergonomic}
    uintx NonProfiledCodeHeapSize                  = 122909434                              {pd product} {ergonomic}
    uintx ProfiledCodeHeapSize                     = 122909434                              {pd product} {ergonomic}
    uintx ReservedCodeCacheSize                    = 251658240                              {pd product} {ergonomic}
     bool SegmentedCodeCache                       = true                                      {product} {ergonomic}
   size_t SoftMaxHeapSize                          = 2147483648                             {manageable} {ergonomic}
     bool UseCompressedClassPointers               = true                           {product lp64_product} {ergonomic}
     bool UseCompressedOops                        = true                           {product lp64_product} {ergonomic}
     bool UseG1GC                                  = true                                      {product} {ergonomic}
     bool UseLargePagesIndividualAllocation        = false                                  {pd product} {ergonomic}

Logging:
Log output configuration:
 #0: stdout all=warning uptime,level,tags
 #1: stderr all=off uptime,level,tags

Environment Variables:
JAVA_HOME=C:\Program Files\Java\jdk-17
PATH=C:\Program Files (x86)\Common Files\Oracle\Java\javapath;C:\Program Files (x86)\VMware\VMware Workstation\bin\;D:\oraclexe\app\oracle\product\11.2.0\server\bin;C:\Program Files\Common Files\Oracle\Java\javapath;C:\WINDOWS\system32;C:\WINDOWS;C:\WINDOWS\System32\Wbem;C:\WINDOWS\System32\WindowsPowerShell\v1.0\;C:\WINDOWS\System32\OpenSSH\;c:\Program Files (x86)\Microsoft SQL Server\100\Tools\Binn\;c:\Program Files\Microsoft SQL Server\100\Tools\Binn\;c:\Program Files\Microsoft SQL Server\100\DTS\Binn\;D:\java_jdk 8\bin;C:\Program Files\Java\jdk-17\bin;C:\Program Files\Java\jdk-11\bin;C:\Program Files\Java\jdk-19\bin;C:\Program Files\Common Files\Oracle\Java\javapath;C:\ProgramData\ComposerSetup\bin;D:\XAAMP\php\php.exe;D:\xamp\php;C:\Program Files\wkhtmltopdf\bin;D:\node;C:\Program Files\Git\cmd;C:\Program Files\nodejs\;C:\Program Files\MongoDB\Server\6.0\bin;D:\XAAMP\php;C:\Program Files\Java\apache-maven-3.9.5\bin;C:\Users\hachem safae\AppData\Local\Programs\Python\Python310\Scripts\;C:\Users\hachem safae\AppData\Local\Programs\Python\Python310\;C:\Program Files\MySQL\MySQL Shell 8.0\bin\;C:\Users\hachem safae\AppData\Local\Microsoft\WindowsApps;C:\Users\hachem safae\AppData\Roaming\Dashlane\6.2007.0.32704\bin\Firefox_Extension\{442718d9-475e-452a-b3e1-fb1ee16b8e9f}\components;C:\Users\hachem safae\AppData\Roaming\Dashlane\6.2007.0.32704\ucrt;C:\Users\hachem safae\AppData\Roaming\Dashlane\6.2007.0.32704\bin\Qt;C:\Users\hachem safae\AppData\Roaming\Dashlane\6.2007.0.32704\bin\Ssl;C:\Program Files\JetBrains\IntelliJ IDEA Community Edition 2020.2.2\bin;C:\Users\hachem safae\AppData\Local\Microsoft\WindowsApps;C:\Users\hachem safae\AppData\Local\Programs\Microsoft VS Code\bin;C:\Program Files\IntelliJ IDEA Community Edition 2022.3.2\bin;;C:\Users\hachem safae\AppData\Local\ComposerSetup\bin;C:\Users\hachem safae\AppData\Roaming\Composer\vendor\bin;C:\Users\hachem safae\AppData\Roaming\npm;D:\android2\platform-tools;D:\XAAMP\php;C:\wamp64\bin\php\php5.6.40;C:\;C:\Prog
USERNAME=hachem safae
OS=Windows_NT
PROCESSOR_IDENTIFIER=Intel64 Family 6 Model 142 Stepping 12, GenuineIntel
TMP=C:\Users\HACHEM~1\AppData\Local\Temp
TEMP=C:\Users\HACHEM~1\AppData\Local\Temp


JNI global refs:
JNI global refs: 25, weak refs: 1

JNI global refs memory usage: 843, weak refs: 841


---------------  S Y S T E M  ---------------

OS:
 Windows 11 , 64 bit Build 22621 (10.0.22621.2428)
OS uptime: 1 days 13:13 hours

CPU: total 8 (initial active 8) (4 cores per cpu, 2 threads per core) family 6 model 142 stepping 12 microcode 0xf6, cx8, cmov, fxsr, ht, mmx, 3dnowpref, sse, sse2, sse3, ssse3, sse4.1, sse4.2, popcnt, lzcnt, tsc, tscinvbit, avx, avx2, aes, erms, clmul, bmi1, bmi2, adx, fma, vzeroupper, clflush, clflushopt

Memory: 4k page, system-wide physical 16194M (3231M free)
TotalPageFile size 18242M (AvailPageFile size 35M)
current process WorkingSet (physical memory assigned to process): 428M, peak: 428M
current process commit charge ("private bytes"): 545M, peak: 632M

vm_info: OpenJDK 64-Bit Server VM (17.0.6+0-b2043.56-10027231) for windows-amd64 JRE (17.0.6+0-b2043.56-10027231), built on Apr 28 2023 00:43:19 by "androidbuild" with MS VC++ 16.10 / 16.11 (VS2019)

END.
